"../../../WhiteLightning/Content/2DSideScroller/Textures/2DBackgroundTile.uasset" 0
"../../../WhiteLightning/Content/2DSideScroller/Materials/PrototypingSpriteMaterial.uasset" 1
"../../../WhiteLightning/Content/2DSideScroller/Sprites/PrototypingSprite.uasset" 2
"../../../Engine/Content/EditorBlueprintResources/StandardMacros.uasset" 3
"../../../WhiteLightning/Content/2DSideScroller/Textures/2DCharacter_IdleAnimAtlas.uasset" 4
"../../../WhiteLightning/Content/2DSideScroller/Sprites/IdleFrames/IdleCycle1.uasset" 5
"../../../WhiteLightning/Content/2DSideScroller/Sprites/IdleFrames/IdleCycle2.uasset" 6
"../../../WhiteLightning/Content/2DSideScroller/Sprites/IdleFrames/IdleCycle3.uasset" 7
"../../../WhiteLightning/Content/2DSideScroller/Sprites/IdleFrames/IdleCycle4.uasset" 8
"../../../WhiteLightning/Content/2DSideScroller/Sprites/IdleFrames/IdleCycle5.uasset" 9
"../../../WhiteLightning/Content/2DSideScroller/Sprites/IdleFrames/IdleCycle6.uasset" 10
"../../../WhiteLightning/Content/2DSideScroller/Sprites/IdleFrames/IdleCycle7.uasset" 11
"../../../WhiteLightning/Content/2DSideScroller/Sprites/IdleFrames/IdleCycle8.uasset" 12
"../../../WhiteLightning/Content/2DSideScroller/Sprites/IdleAnimation.uasset" 13
"../../../WhiteLightning/Content/2DSideScroller/Textures/2DCharacter_RunAnimAtlas.uasset" 14
"../../../WhiteLightning/Content/2DSideScroller/Sprites/RunFrames/RunCycle_1.uasset" 15
"../../../WhiteLightning/Content/2DSideScroller/Sprites/RunFrames/RunCycle_10.uasset" 16
"../../../WhiteLightning/Content/2DSideScroller/Sprites/RunFrames/RunCycle_11.uasset" 17
"../../../WhiteLightning/Content/2DSideScroller/Sprites/RunFrames/RunCycle_12.uasset" 18
"../../../WhiteLightning/Content/2DSideScroller/Sprites/RunFrames/RunCycle_13.uasset" 19
"../../../WhiteLightning/Content/2DSideScroller/Sprites/RunFrames/RunCycle_14.uasset" 20
"../../../WhiteLightning/Content/2DSideScroller/Sprites/RunFrames/RunCycle_15.uasset" 21
"../../../WhiteLightning/Content/2DSideScroller/Sprites/RunFrames/RunCycle_16.uasset" 22
"../../../WhiteLightning/Content/2DSideScroller/Sprites/RunFrames/RunCycle_2.uasset" 23
"../../../WhiteLightning/Content/2DSideScroller/Sprites/RunFrames/RunCycle_3.uasset" 24
"../../../WhiteLightning/Content/2DSideScroller/Sprites/RunFrames/RunCycle_4.uasset" 25
"../../../WhiteLightning/Content/2DSideScroller/Sprites/RunFrames/RunCycle_5.uasset" 26
"../../../WhiteLightning/Content/2DSideScroller/Sprites/RunFrames/RunCycle_6.uasset" 27
"../../../WhiteLightning/Content/2DSideScroller/Sprites/RunFrames/RunCycle_7.uasset" 28
"../../../WhiteLightning/Content/2DSideScroller/Sprites/RunFrames/RunCycle_8.uasset" 29
"../../../WhiteLightning/Content/2DSideScroller/Sprites/RunFrames/RunCycle_9.uasset" 30
"../../../WhiteLightning/Content/2DSideScroller/Sprites/RunningAnimation.uasset" 31
"../../../WhiteLightning/Content/2DSideScrollerBP/Blueprints/2DSideScrollerCharacter.uasset" 32
"../../../WhiteLightning/Content/2DSideScrollerBP/Blueprints/2DSideScrollerGameMode.uasset" 33
"../../../WhiteLightning/Content/Blueprints/HUD.uasset" 34
"../../../WhiteLightning/Content/WhiteLightning/Characters/Enum_Char_Animation.uasset" 35
"../../../WhiteLightning/Content/WhiteLightning/Characters/Stance.uasset" 36
"../../../WhiteLightning/Content/WhiteLightning/Sprites/MainEnemy.uasset" 37
"../../../WhiteLightning/Content/WhiteLightning/Sprites/MainEnemy_Sprite_0.uasset" 38
"../../../WhiteLightning/Content/WhiteLightning/Sprites/MainEnemy_Sprite_1.uasset" 39
"../../../WhiteLightning/Content/WhiteLightning/Sprites/MainEnemy_Sprite_2.uasset" 40
"../../../WhiteLightning/Content/WhiteLightning/Sprites/MainEnemy_Sprite_3.uasset" 41
"../../../WhiteLightning/Content/WhiteLightning/Sprites/MainEnemy1.uasset" 42
"../../../WhiteLightning/Content/WhiteLightning/Sprites/MainEnemyIdle.uasset" 43
"../../../WhiteLightning/Content/WhiteLightning/Sprites/MainEnemyIdle_Sprite_0.uasset" 44
"../../../WhiteLightning/Content/WhiteLightning/Sprites/MainEnemyIdle_Sprite_1.uasset" 45
"../../../WhiteLightning/Content/WhiteLightning/Sprites/MainEnemyIdle1.uasset" 46
"../../../WhiteLightning/Content/WhiteLightning/Characters/theEnemy.uasset" 47
"../../../WhiteLightning/Content/WhiteLightning/Sprites/bullet_2.uasset" 48
"../../../WhiteLightning/Content/WhiteLightning/Sprites/bullet_2_Sprite_0.uasset" 49
"../../../WhiteLightning/Content/WhiteLightning/Sprites/bullet_3.uasset" 50
"../../../WhiteLightning/Content/WhiteLightning/Levels/Bullet1.uasset" 51
"../../../WhiteLightning/Content/WhiteLightning/main_menu_assets/Gameplay.uasset" 52
"../../../WhiteLightning/Content/WhiteLightning/main_menu_assets/Gameplay_Font.uasset" 53
"../../../WhiteLightning/Content/WhiteLightning/GameMode/DeathHUD.uasset" 54
"../../../WhiteLightning/Content/WhiteLightning/GameMode/LevelCompleteHUD.uasset" 55
"../../../WhiteLightning/Content/WhiteLightning/Sprites/MainCharacterIdle.uasset" 56
"../../../WhiteLightning/Content/WhiteLightning/Sprites/MainCharacterIdle_Sprite_0.uasset" 57
"../../../WhiteLightning/Content/WhiteLightning/Sprites/MainCharacterIdle_Sprite_1.uasset" 58
"../../../WhiteLightning/Content/WhiteLightning/Sprites/MainCharacterIdle1.uasset" 59
"../../../WhiteLightning/Content/WhiteLightning/Sprites/MainCharacterRunSprite.uasset" 60
"../../../WhiteLightning/Content/WhiteLightning/Sprites/MainCharacterRunSprite_Sprite_0.uasset" 61
"../../../WhiteLightning/Content/WhiteLightning/Sprites/MainCharacterRunSprite_Sprite_1.uasset" 62
"../../../WhiteLightning/Content/WhiteLightning/Sprites/MainCharacterRunSprite_Sprite_2.uasset" 63
"../../../WhiteLightning/Content/WhiteLightning/Sprites/MainCharacterRunSprite_Sprite_3.uasset" 64
"../../../WhiteLightning/Content/WhiteLightning/Sprites/MainCharacterRun.uasset" 65
"../../../WhiteLightning/Content/WhiteLightning/Sprites/MainCharacterRunWithGun.uasset" 66
"../../../WhiteLightning/Content/WhiteLightning/Sprites/MainCharacterRunWithGun_Sprite_0.uasset" 67
"../../../WhiteLightning/Content/WhiteLightning/Sprites/MainCharacterRunWithGun_Sprite_1.uasset" 68
"../../../WhiteLightning/Content/WhiteLightning/Sprites/MainCharacterRunWithGun_Sprite_2.uasset" 69
"../../../WhiteLightning/Content/WhiteLightning/Sprites/MainCharacterRunWithGun_Sprite_3.uasset" 70
"../../../WhiteLightning/Content/WhiteLightning/Sprites/MainCharacterRunWithGun1.uasset" 71
"../../../WhiteLightning/Content/WhiteLightning/Sprites/MainCharacterRunWithGun2.uasset" 72
"../../../WhiteLightning/Content/WhiteLightning/Sprites/MainJump.uasset" 73
"../../../WhiteLightning/Content/WhiteLightning/Sprites/MainJump_Sprite_0.uasset" 74
"../../../WhiteLightning/Content/WhiteLightning/Sprites/MainJump1.uasset" 75
"../../../WhiteLightning/Content/WhiteLightning/Characters/MainCharacter.uasset" 76
"../../../WhiteLightning/Content/WhiteLightning/Levels/Bullet_Enemy.uasset" 77
"../../../WhiteLightning/Content/WhiteLightning/Sprites/MainEnemyShot.uasset" 78
"../../../WhiteLightning/Content/WhiteLightning/Sprites/MainEnemyShot_Sprite_2.uasset" 79
"../../../WhiteLightning/Content/WhiteLightning/Characters/BP_enemy.uasset" 80
"../../../WhiteLightning/Content/WhiteLightning/GameMode/mainmenu_ping_sound.uasset" 81
"../../../WhiteLightning/Content/WhiteLightning/GameMode/main_menu_mute.uasset" 82
"../../../WhiteLightning/Content/WhiteLightning/GameMode/background_music.uasset" 83
"../../../WhiteLightning/Content/WhiteLightning/main_menu_assets/347848__foolboymedia__new-york-jazz-loop.uasset" 84
"../../../WhiteLightning/Content/WhiteLightning/main_menu_assets/ping.uasset" 85
"../../../WhiteLightning/Content/WhiteLightning/main_menu_assets/whitelighting_navigation_background.uasset" 86
"../../../WhiteLightning/Content/WhiteLightning/GameMode/main_menu.uasset" 87
"../../../WhiteLightning/Content/WhiteLightning/GameMode/master_mute.uasset" 88
"../../../WhiteLightning/Content/WhiteLightning/GameMode/master_unmute.uasset" 89
"../../../WhiteLightning/Content/WhiteLightning/GameMode/mute.uasset" 90
"../../../WhiteLightning/Content/WhiteLightning/GameMode/settings.uasset" 91
"../../../WhiteLightning/Content/WhiteLightning/GameMode/how_to_play.uasset" 92
"../../../WhiteLightning/Content/WhiteLightning/GameMode/main_menu_game_mode.uasset" 93
"../../../WhiteLightning/Content/WhiteLightning/GameMode/main_menu_hud.uasset" 94
"../../../WhiteLightning/Content/WhiteLightning/GameMode/ping.uasset" 95
"../../../WhiteLightning/Content/WhiteLightning/Levels/First_Test.uasset" 96
"../../../WhiteLightning/Content/WhiteLightning/Levels/Health_Check1.uasset" 97
"../../../WhiteLightning/Content/WhiteLightning/Levels/Health_Check2.uasset" 98
"../../../WhiteLightning/Content/WhiteLightning/Levels/Health_Check3.uasset" 99
"../../../WhiteLightning/Content/WhiteLightning/Levels/US4_1.uasset" 100
"../../../WhiteLightning/Content/WhiteLightning/Levels/US4_1_.uasset" 101
"../../../WhiteLightning/Content/WhiteLightning/Levels/US4_2.uasset" 102
"../../../WhiteLightning/Content/WhiteLightning/Levels/US4_2b.uasset" 103
"../../../WhiteLightning/Content/WhiteLightning/Levels/US4_3.uasset" 104
"../../../WhiteLightning/Content/WhiteLightning/Levels/US4_4.uasset" 105
"../../../WhiteLightning/Content/WhiteLightning/main_menu_assets/main_menuCue.uasset" 106
"../../../WhiteLightning/Content/WhiteLightning/main_menu_assets/PT_Sans-Web-Bold.uasset" 107
"../../../WhiteLightning/Content/WhiteLightning/main_menu_assets/PT_Sans-Web-Regular.uasset" 108
"../../../WhiteLightning/Content/WhiteLightning/Sprites/bullet.uasset" 109
"../../../WhiteLightning/Content/WhiteLightning/Sprites/bullet2.uasset" 110
"../../../WhiteLightning/Content/WhiteLightning/Sprites/bullet2_Sprite_0.uasset" 111
"../../../WhiteLightning/Content/WhiteLightning/Sprites/bullet3.uasset" 112
"../../../WhiteLightning/Content/WhiteLightning/Sprites/CollisionBox.uasset" 113
"../../../WhiteLightning/Content/WhiteLightning/Sprites/HealthBar.uasset" 114
"../../../WhiteLightning/Content/WhiteLightning/Sprites/HealthBar_Sprite_0.uasset" 115
"../../../WhiteLightning/Content/WhiteLightning/Sprites/HealthBar_Sprite_1.uasset" 116
"../../../WhiteLightning/Content/WhiteLightning/Sprites/HealthBar_Sprite_10.uasset" 117
"../../../WhiteLightning/Content/WhiteLightning/Sprites/HealthBar_Sprite_2.uasset" 118
"../../../WhiteLightning/Content/WhiteLightning/Sprites/HealthBar_Sprite_3.uasset" 119
"../../../WhiteLightning/Content/WhiteLightning/Sprites/HealthBar_Sprite_4.uasset" 120
"../../../WhiteLightning/Content/WhiteLightning/Sprites/HealthBar_Sprite_5.uasset" 121
"../../../WhiteLightning/Content/WhiteLightning/Sprites/HealthBar_Sprite_6.uasset" 122
"../../../WhiteLightning/Content/WhiteLightning/Sprites/HealthBar_Sprite_7.uasset" 123
"../../../WhiteLightning/Content/WhiteLightning/Sprites/HealthBar_Sprite_8.uasset" 124
"../../../WhiteLightning/Content/WhiteLightning/Sprites/HealthBar_Sprite_9.uasset" 125
"../../../WhiteLightning/Content/WhiteLightning/Sprites/HealthBar1.uasset" 126
"../../../WhiteLightning/Content/WhiteLightning/Sprites/MainCharacterShot.uasset" 127
"../../../WhiteLightning/Content/WhiteLightning/Sprites/MainCharacterShot_Sprite_0.uasset" 128
"../../../WhiteLightning/Content/WhiteLightning/Sprites/MainCharacterShot_Sprite_1.uasset" 129
"../../../WhiteLightning/Content/WhiteLightning/Sprites/MainCharacterShot_Sprite_2.uasset" 130
"../../../WhiteLightning/Content/WhiteLightning/Sprites/MainCharacterShot_Sprite_3.uasset" 131
"../../../WhiteLightning/Content/WhiteLightning/Sprites/MainCharacterShot1.uasset" 132
"../../../WhiteLightning/Content/WhiteLightning/Sprites/MainCharacterStance1.uasset" 133
"../../../WhiteLightning/Content/WhiteLightning/Sprites/MainEnemyShot_Sprite_0.uasset" 134
"../../../WhiteLightning/Content/WhiteLightning/Sprites/MainEnemyShot_Sprite_1.uasset" 135
"../../../WhiteLightning/Content/WhiteLightning/Sprites/MainEnemyShot_Sprite_3.uasset" 136
"../../../WhiteLightning/Content/WhiteLightning/Sprites/MainEnemyShot1.uasset" 137
"../../../WhiteLightning/Content/WhiteLightning/Tests/FTEST_Tutorial.uasset" 138
"../../../WhiteLightning/Content/WhiteLightning/Tests/FTEST_UserStories.uasset" 139
"../../../WhiteLightning/Content/WhiteLightning/Tests/Test_Tutorial.uasset" 140
"../../../WhiteLightning/Content/WhiteLightning/Tests/Tutorial.uasset" 141
"../../../Engine/Content/Functions/Engine_MaterialFunctions01/Opacity/CameraDepthFade.uasset" 142
"../../../Engine/Content/EngineMaterials/T_Default_Material_Grid_M.uasset" 143
"../../../Engine/Content/EngineMaterials/T_Default_Material_Grid_N.uasset" 144
"../../../Engine/Content/EngineMaterials/DefaultMaterial.uasset" 145
"../../../Engine/Content/BasicShapes/Cone.uasset" 146
"../../../Engine/Content/EngineMaterials/WorldGridMaterial.uasset" 147
"../../../Engine/Content/BasicShapes/Cube.uasset" 148
"../../../Engine/Content/BasicShapes/Cylinder.uasset" 149
"../../../Engine/Content/BasicShapes/Plane.uasset" 150
"../../../Engine/Content/BasicShapes/Sphere.uasset" 151
"../../../Engine/Content/EditorLandscapeResources/DataLayer.uasset" 152
"../../../Engine/Content/EditorMaterials/GizmoMaterial.uasset" 153
"../../../Engine/Content/EditorMaterials/MAT_Groups_Toggle.uasset" 154
"../../../Engine/Content/EditorMaterials/MAT_Groups_Visibility.uasset" 155
"../../../Engine/Content/EditorMaterials/PreviewShadowIndicator.uasset" 156
"../../../Engine/Content/EditorMaterials/PreviewShadowIndicatorMaterial.uasset" 157
"../../../Engine/Content/EditorMaterials/MatineeGroups/MAT_ColorTrack.uasset" 158
"../../../Engine/Content/EditorMaterials/MatineeGroups/MAT_Groups_Anim.uasset" 159
"../../../Engine/Content/EditorMaterials/MatineeGroups/MAT_Groups_AudioMaster.uasset" 160
"../../../Engine/Content/EditorMaterials/MatineeGroups/MAT_Groups_Director.uasset" 161
"../../../Engine/Content/EditorMaterials/MatineeGroups/MAT_Groups_Event.uasset" 162
"../../../Engine/Content/EditorMaterials/MatineeGroups/MAT_Groups_Fade.uasset" 163
"../../../Engine/Content/EditorMaterials/MatineeGroups/MAT_Groups_Float.uasset" 164
"../../../Engine/Content/EditorMaterials/MatineeGroups/MAT_Groups_Move.uasset" 165
"../../../Engine/Content/EditorMaterials/MatineeGroups/MAT_Groups_Slomo.uasset" 166
"../../../Engine/Content/EditorMaterials/MatineeGroups/MAT_Groups_Sound.uasset" 167
"../../../Engine/Content/EditorMaterials/MatineeGroups/MAT_Groups_Vector.uasset" 168
"../../../Engine/Content/EditorMaterials/ParticleSystems/PSysThumbnail_NoImage.uasset" 169
"../../../Engine/Content/EditorMaterials/ParticleSystems/PSysThumbnail_OOD.uasset" 170
"../../../Engine/Content/EditorMaterials/Camera/CineMat.uasset" 171
"../../../Engine/Content/EditorMaterials/Camera/MI_CineMat_Rig.uasset" 172
"../../../Engine/Content/EditorMeshes/Camera/SM_CraneRig_Arm.uasset" 173
"../../../Engine/Content/EditorMeshes/Camera/SM_CraneRig_Base.uasset" 174
"../../../Engine/Content/EditorMeshes/Camera/SM_CraneRig_Body.uasset" 175
"../../../Engine/Content/EditorMeshes/Camera/SM_CraneRig_Mount.uasset" 176
"../../../Engine/Content/EditorMeshes/Camera/SM_RailRig_Mount.uasset" 177
"../../../Engine/Content/EditorMeshes/Camera/SM_RailRig_Track.uasset" 178
"../../../Engine/Content/EditorMeshes/ColorCalibrator/M_ChromeBall.uasset" 179
"../../../Engine/Content/EditorMeshes/ColorCalibrator/M_ClearCoat.uasset" 180
"../../../Engine/Content/EditorMeshes/ColorCalibrator/M_ClearCoatBlack.uasset" 181
"../../../Engine/Content/EditorMeshes/ColorCalibrator/Color_checker.uasset" 182
"../../../Engine/Content/EditorMeshes/ColorCalibrator/M_ColorGrid.uasset" 183
"../../../Engine/Content/EditorMeshes/ColorCalibrator/M_GreyBall.uasset" 184
"../../../Engine/Content/EditorMeshes/ColorCalibrator/SM_ColorCalibrator.uasset" 185
"../../../Engine/Content/EditorResources/BSPVertex.uasset" 186
"../../../Engine/Content/EditorResources/EmptyActor.uasset" 187
"../../../Engine/Content/EditorResources/S_Actor.uasset" 188
"../../../Engine/Content/EditorResources/S_Trigger.uasset" 189
"../../../Engine/Content/EditorResources/LightIcons/S_LightError.uasset" 190
"../../../Engine/Content/EditorResources/SequenceRecorder/Countdown.uasset" 191
"../../../Engine/Content/EditorResources/SequenceRecorder/RecordingIndicator.uasset" 192
"../../../Engine/Content/EditorSounds/Notifications/CompileFailed.uasset" 193
"../../../Engine/Content/EditorSounds/Notifications/CompileFailed_Cue.uasset" 194
"../../../Engine/Content/EditorSounds/Notifications/CompileSuccess.uasset" 195
"../../../Engine/Content/EditorSounds/Notifications/CompileStart_Cue.uasset" 196
"../../../Engine/Content/EditorSounds/Notifications/CompileSuccess_Cue.uasset" 197
"../../../Engine/Content/EngineDamageTypes/DmgTypeBP_Environmental.uasset" 198
"../../../Engine/Content/EngineDebugMaterials/HeatmapGradient.uasset" 199
"../../../Engine/Content/EngineDebugMaterials/BoneWeightMaterial.uasset" 200
"../../../Engine/Content/EngineDebugMaterials/ClothMaterial.uasset" 201
"../../../Engine/Content/EngineDebugMaterials/ClothMaterial_WF.uasset" 202
"../../../Engine/Content/EngineDebugMaterials/DebugEditorMaterial.uasset" 203
"../../../Engine/Content/EngineDebugMaterials/DebugMeshMaterial.uasset" 204
"../../../Engine/Content/EngineDebugMaterials/GeomMaterial.uasset" 205
"../../../Engine/Content/EngineFonts/Faces/RobotoBold.uasset" 206
"../../../Engine/Content/EngineFonts/Faces/RobotoBoldItalic.uasset" 207
"../../../Engine/Content/EngineFonts/Faces/RobotoItalic.uasset" 208
"../../../Engine/Content/EngineFonts/Faces/RobotoLight.uasset" 209
"../../../Engine/Content/EngineFonts/Faces/RobotoRegular.uasset" 210
"../../../Engine/Content/EngineFonts/Roboto.uasset" 211
"../../../Engine/Content/EngineFonts/Faces/RobotoTiny.uasset" 212
"../../../Engine/Content/EngineFonts/RobotoTiny.uasset" 213
"../../../Engine/Content/EngineMaterials/DefaultBloomKernel.uasset" 214
"../../../Engine/Content/EngineMaterials/DefaultBokeh.uasset" 215
"../../../Engine/Content/EngineMaterials/DefaultDiffuse.uasset" 216
"../../../Engine/Content/EngineMaterials/DefaultDeferredDecalMaterial.uasset" 217
"../../../Engine/Content/EngineMaterials/DefaultLightFunctionMaterial.uasset" 218
"../../../Engine/Content/EngineMaterials/DefaultPhysicalMaterial.uasset" 219
"../../../Engine/Content/Functions/Engine_MaterialFunctions02/Utility/BreakOutFloat2Components.uasset" 220
"../../../Engine/Content/EngineMaterials/DefaultPostProcessMaterial.uasset" 221
"../../../Engine/Content/EngineFonts/RobotoDistanceField.uasset" 222
"../../../Engine/Content/EngineMaterials/DefaultTextMaterialOpaque.uasset" 223
"../../../Engine/Content/EngineMaterials/DefaultWhiteGrid.uasset" 224
"../../../Engine/Content/EngineMaterials/EditorBrushMaterial.uasset" 225
"../../../Engine/Content/EngineMaterials/Good64x64TilingNoiseHighFreq.uasset" 226
"../../../Engine/Content/EngineMaterials/MiniFont.uasset" 227
"../../../Engine/Content/EngineMaterials/InvalidLightmapSettings.uasset" 228
"../../../Engine/Content/EngineMaterials/M_InvalidLightmapSettings.uasset" 229
"../../../Engine/Content/Functions/Engine_MaterialFunctions02/WorldPositionOffset/CameraOffset.uasset" 230
"../../../Engine/Content/EngineMaterials/PhAT_JointLimitMaterial.uasset" 231
"../../../Engine/Content/EngineMaterials/PreintegratedSkinBRDF.uasset" 232
"../../../Engine/Content/EngineMaterials/RemoveSurfaceMaterial.uasset" 233
"../../../Engine/Content/EngineMaterials/WeightMapPlaceholderTexture.uasset" 234
"../../../Engine/Content/EngineResources/WhiteSquareTexture.uasset" 235
"../../../Engine/Content/EngineMaterials/Widget3DPassThrough.uasset" 236
"../../../Engine/Content/EngineMaterials/Widget3DPassThrough_Masked.uasset" 237
"../../../Engine/Content/EngineMaterials/Widget3DPassThrough_Opaque.uasset" 238
"../../../Engine/Content/EngineMaterials/Widget3DPassThrough_Masked_OneSided.uasset" 239
"../../../Engine/Content/EngineMaterials/Widget3DPassThrough_Opaque_OneSided.uasset" 240
"../../../Engine/Content/EngineMaterials/Widget3DPassThrough_Translucent.uasset" 241
"../../../Engine/Content/EngineMaterials/Widget3DPassThrough_Translucent_OneSided.uasset" 242
"../../../Engine/Content/EngineMeshes/Cube.uasset" 243
"../../../Engine/Content/EngineMeshes/Cylinder.uasset" 244
"../../../Engine/Content/EngineMeshes/Sphere.uasset" 245
"../../../Engine/Content/EngineResources/Black.uasset" 246
"../../../Engine/Content/EngineResources/DefaultTexture.uasset" 247
"../../../Engine/Content/EngineResources/DefaultTextureCube.uasset" 248
"../../../Engine/Content/EngineResources/GradientTexture0.uasset" 249
"../../../Engine/Content/EngineSounds/Master.uasset" 250
"../../../Engine/Content/Functions/Engine_MaterialFunctions01/Shading/ConvertFromDiffSpec.uasset" 251
"../../../Engine/Content/Functions/Engine_MaterialFunctions01/Shading/PowerToRoughness.uasset" 252
"../../../Engine/Content/Maps/Templates/Thumbnails/Default.uasset" 253
"../../../Engine/Content/Maps/Templates/Thumbnails/VR-Basic.uasset" 254
"../../../Engine/Content/MobileResources/T_MobileControls_texture.uasset" 255
"../../../Engine/Content/MobileResources/T_MobileMenu2.uasset" 256
"../../../Engine/Content/MobileResources/HUD/AnalogHat.uasset" 257
"../../../Engine/Content/MobileResources/HUD/VirtualJoystick_Background.uasset" 258
"../../../Engine/Content/MobileResources/HUD/VirtualJoystick_Thumb.uasset" 259
"../../../Engine/Content/MobileResources/HUD/DefaultVirtualJoysticks.uasset" 260
"../../../Engine/Content/MobileResources/HUD/LeftVirtualJoystickOnly.uasset" 261
"../../../Engine/Content/MobileResources/HUD/MobileHUDButton1_off.uasset" 262
"../../../Engine/Content/MobileResources/HUD/MobileHUDButton1_on.uasset" 263
"../../../Engine/Content/MobileResources/HUD/MobileHUDButton2_off.uasset" 264
"../../../Engine/Content/MobileResources/HUD/MobileHUDButton2_on.uasset" 265
"../../../Engine/Content/MobileResources/HUD/MobileHUDButton3.uasset" 266
"../../../Engine/Content/MobileResources/HUD/MobileHUDButtonFire.uasset" 267
"../../../Engine/Content/MobileResources/HUD/MobileHUDDirectionPad.uasset" 268
"../../../Engine/Content/MobileResources/HUD/MobileHUDDirectionPad2.uasset" 269
"../../../Engine/Content/MobileResources/HUD/MobileHUDDirectionPad3.uasset" 270
"../../../Engine/Content/MobileResources/HUD/MobileHUDDirectionStick.uasset" 271
"../../../Engine/Content/MobileResources/HUD/T_Castle_ThumbstickInner.uasset" 272
"../../../Engine/Content/MobileResources/HUD/T_Castle_ThumbstickOutter.uasset" 273
"../../../Engine/Content/Tutorial/ContentIntroCurve.uasset" 274
"../../../Engine/Content/Tutorial/Basics/TutorialAssets/icon_tab_Levels_40x.uasset" 275
"../../../Engine/Content/Tutorial/BlueprintTutorials/TutorialAssets/BlueprintInterface_64x.uasset" 276
"../../../Engine/Content/Tutorial/BlueprintTutorials/TutorialAssets/BlueprintMacroLibrary_64x.uasset" 277
"../../../Engine/Content/Tutorial/BlueprintTutorials/TutorialAssets/Blueprint_64x.uasset" 278
"../../../Engine/Content/Tutorial/BlueprintTutorials/TutorialAssets/Tutorial_BP_Interface.uasset" 279
"../../../Engine/Content/Tutorial/Foliage/TutorialAssets/Foliage.uasset" 280
"../../../Engine/Content/Tutorial/Landscape/TutorialAssets/Landscape.uasset" 281
"../../../Engine/Content/Tutorial/Paper2D/TutorialAssets/Paper2DFlipbook_TutorialIcon.uasset" 282
"../../../Engine/Content/Tutorial/Paper2D/TutorialAssets/Paper2DSprite_TutorialIcon.uasset" 283
"../../../Engine/Content/Tutorial/SubEditors/TutorialAssets/icon_Editor_Preferences_General_40x.uasset" 284
"../../../Engine/Content/Tutorial/SubEditors/TutorialAssets/icon_ShowSkeletalMeshes_40x.uasset" 285
"../../../Engine/Content/Tutorial/SubEditors/TutorialAssets/TutorialMaterial.uasset" 286
"../../../Engine/Content/Tutorial/SubEditors/TutorialAssets/T_SmokeSubUV_8X8.uasset" 287
"../../../Engine/Content/Tutorial/SubEditors/TutorialAssets/T_soft_smoke.uasset" 288
"../../../Engine/Content/Tutorial/SubEditors/TutorialAssets/M_smoke_subUV_blackbody.uasset" 289
"../../../Engine/Content/Tutorial/SubEditors/TutorialAssets/TutorialParticleSystem.uasset" 290
"../../../Engine/Content/VREditor/Devices/Generic/GenericHMDMaterial.uasset" 291
"../../../Engine/Content/VREditor/Devices/Generic/GenericHMD.uasset" 292
"../../../Engine/Content/VREditor/FloatingText/LineMaterial.uasset" 293
"../../../Engine/Content/VREditor/FloatingText/JointSphere.uasset" 294
"../../../Engine/Content/VREditor/FloatingText/LineSegmentCylinder.uasset" 295
"../../../Engine/Content/VREditor/Fonts/VRText_RobotoLarge.uasset" 296
"../../../Engine/Content/VREditor/Fonts/VRTextMaterial.uasset" 297
"../../../Engine/Content/VREditor/Fonts/TranslucentVRTextMaterial.uasset" 298
"../../../Engine/Content/VREditor/LaserPointer/CursorPointer.uasset" 299
"../../../Engine/Content/VREditor/LaserPointer/VR_LaserPower_01.uasset" 300
"../../../Engine/Content/VREditor/TransformGizmo/TransformGizmoMaterial.uasset" 301
"../../../Engine/Content/VREditor/LaserPointer/HoverMaterial.uasset" 302
"../../../Engine/Content/VREditor/TransformGizmo/TranslucentTransformGizmoMaterial.uasset" 303
"../../../Engine/Content/VREditor/LaserPointer/TranslucentHoverMaterial.uasset" 304
"../../../Engine/Content/VREditor/LaserPointer/HoverMesh.uasset" 305
"../../../Engine/Content/VREditor/LaserPointer/LaserPointerMaterial.uasset" 306
"../../../Engine/Content/VREditor/LaserPointer/LaserPointerMaterialInst.uasset" 307
"../../../Engine/Content/VREditor/LaserPointer/TranslucentLaserPointerMaterialInst.uasset" 308
"../../../Engine/Content/VREditor/LaserPointer/LaserPointerMesh.uasset" 309
"../../../Engine/Content/VREditor/LaserPointer/LaserPointerMesh_End.uasset" 310
"../../../Engine/Content/VREditor/LaserPointer/LaserPointerMesh_Start.uasset" 311
"../../../Engine/Content/Functions/Engine_MaterialFunctions02/Utility/BreakOutFloat3Components.uasset" 312
"../../../Engine/Content/Functions/Engine_MaterialFunctions02/Math/Transform3x3Matrix.uasset" 313
"../../../Engine/Content/Functions/Engine_MaterialFunctions02/SplitComponents.uasset" 314
"../../../Engine/Content/Functions/Engine_MaterialFunctions02/Utility/MakeFloat3.uasset" 315
"../../../Engine/Content/VREditor/SnapGrid/SnapGridMaterial.uasset" 316
"../../../Engine/Content/VREditor/SnapGrid/SnapGridPlaneMesh.uasset" 317
"../../../Engine/Content/VREditor/Sounds/VR_teleport.uasset" 318
"../../../Engine/Content/VREditor/Sounds/UI/Click_on_Button_Cue.uasset" 319
"../../../Engine/Content/VREditor/Sounds/UI/Dockable_Window_Close.uasset" 320
"../../../Engine/Content/VREditor/Sounds/UI/Dockable_Window_Drop.uasset" 321
"../../../Engine/Content/VREditor/Sounds/UI/Dockable_Window_Open.uasset" 322
"../../../Engine/Content/VREditor/Sounds/UI/Dockable_Window_Pick_Up.uasset" 323
"../../../Engine/Content/VREditor/Sounds/UI/Drop_Item_From_ContentBrowser.uasset" 324
"../../../Engine/Content/VREditor/Sounds/UI/Floating_UI_Open-001.uasset" 325
"../../../Engine/Content/VREditor/Sounds/UI/Gizmo_Handle_Clicked.uasset" 326
"../../../Engine/Content/VREditor/Sounds/UI/Object_PickUp.uasset" 327
"../../../Engine/Content/VREditor/Sounds/UI/Object_Snaps_To_Another_Actor.uasset" 328
"../../../Engine/Content/VREditor/Sounds/UI/Object_Snaps_To_Grid.uasset" 329
"../../../Engine/Content/VREditor/Sounds/UI/Radial_Menu_FadeOut.uasset" 330
"../../../Engine/Content/VREditor/Sounds/UI/Scaling_Down.uasset" 331
"../../../Engine/Content/VREditor/Sounds/UI/Scaling_Up.uasset" 332
"../../../Engine/Content/VREditor/Sounds/UI/Selection_Changes.uasset" 333
"../../../Engine/Content/VREditor/Sounds/UI/Teleport_Mode_Entered.uasset" 334
"../../../Engine/Content/VREditor/Teleport/TeleportDirectionMaterial.uasset" 335
"../../../Engine/Content/VREditor/Teleport/TeleportDirectionMaterial_Inst.uasset" 336
"../../../Engine/Content/VREditor/Teleport/TeleportDirectionMesh.uasset" 337
"../../../Engine/Content/VREditor/TransformGizmo/BoundingBoxCorner.uasset" 338
"../../../Engine/Content/VREditor/TransformGizmo/BoundingBoxEdge.uasset" 339
"../../../Engine/Content/VREditor/TransformGizmo/PlaneTranslationHandle.uasset" 340
"../../../Engine/Content/VREditor/TransformGizmo/RotationHandleFull.uasset" 341
"../../../Engine/Content/VREditor/TransformGizmo/RotationHandleIndicator.uasset" 342
"../../../Engine/Content/VREditor/TransformGizmo/RotationHandleQuarter.uasset" 343
"../../../Engine/Content/VREditor/TransformGizmo/Main.uasset" 344
"../../../Engine/Content/VREditor/TransformGizmo/Xray.uasset" 345
"../../../Engine/Content/VREditor/TransformGizmo/SM_Dialog_Close.uasset" 346
"../../../Engine/Content/VREditor/TransformGizmo/SM_Dialog_Move.uasset" 347
"../../../Engine/Content/VREditor/TransformGizmo/SM_Sequencer_Key.uasset" 348
"../../../Engine/Content/VREditor/TransformGizmo/SM_Sequencer_Node.uasset" 349
"../../../Engine/Content/VREditor/TransformGizmo/StartRotationHandleIndicator.uasset" 350
"../../../Engine/Content/VREditor/TransformGizmo/TranslucentTransformGizmoMaterial_Inst.uasset" 351
"../../../Engine/Content/VREditor/TransformGizmo/TransformGizmoFreeRotation.uasset" 352
"../../../Engine/Content/VREditor/TransformGizmo/TransformGizmoMaterial_Inst.uasset" 353
"../../../Engine/Content/VREditor/TransformGizmo/TranslateArrowHandle.uasset" 354
"../../../Engine/Content/VREditor/TransformGizmo/UniformScaleHandle.uasset" 355
"../../../Engine/Content/VREditor/UI/KeyDiskMaterial.uasset" 356
"../../../Engine/Content/VREditor/UI/DiscMaterial.uasset" 357
"../../../Engine/Content/VREditor/UI/SM_Radial_Disk.uasset" 358
"../../../Engine/Content/Functions/Engine_MaterialFunctions01/Gradient/RadialGradient.uasset" 359
"../../../Engine/Content/VREditor/WorldMovementGrid/SimpleGrid.uasset" 360
"../../../Engine/Content/VREditor/WorldMovementGrid/GridMaterial.uasset" 361
"../../../Engine/Content/Functions/Engine_MaterialFunctions01/Density/ExponentialDensity.uasset" 362
"../../../Engine/Content/VREditor/WorldMovementGrid/GridPostProcess.uasset" 363
"../../../Engine/Content/EditorLandscapeResources/FlattenHeightMat.uasset" 364
"../../../Engine/Content/VREditor/WorldMovementGrid/PlaneMesh.uasset" 365
"../../../Engine/Plugins/2D/Paper2D/Content/PlaceholderTextures/DummySpriteTexture.uasset" 366
"../../../Engine/Plugins/2D/Paper2D/Content/DummySprite.uasset" 367
"../../../Engine/Plugins/2D/Paper2D/Content/DefaultPaperTerrainMaterial.uasset" 368
"../../../Engine/Plugins/2D/Paper2D/Content/DefaultSpriteMaterial.uasset" 369
"../../../Engine/Plugins/2D/Paper2D/Content/MaskedUnlitSpriteMaterial.uasset" 370
"../../../Engine/Plugins/Media/MediaCompositing/Content/DefaultMediaPlaneMaterial.uasset" 371
"../../../Engine/Content/Functions/Engine_MaterialFunctions02/Utility/MakeFloat4.uasset" 372
"../../../Engine/Plugins/Runtime/AppleARKit/Content/ARKitCameraMaterial.uasset" 373
"../../../Engine/Plugins/Runtime/Oculus/OculusVR/Content/Textures/GearVRController_AO.uasset" 374
"../../../Engine/Plugins/Runtime/Oculus/OculusVR/Content/Textures/GearVRController_Color.uasset" 375
"../../../Engine/Plugins/Runtime/Oculus/OculusVR/Content/Textures/GearVRController_Normal.uasset" 376
"../../../Engine/Plugins/Runtime/Oculus/OculusVR/Content/Materials/GearVRControllerMaterial.uasset" 377
"../../../Engine/Plugins/Runtime/Oculus/OculusVR/Content/Meshes/GearVrController.uasset" 378
"../../../WhiteLightning/Content/WhiteLightning/GameMode/main_menu_controller.uasset" 379
"../../../WhiteLightning/Content/WhiteLightning/GameMode/Tutorial.uasset" 380
"../../../Engine/Content/MapTemplates/Bokeh_5Sides.uasset" 381
"../../../Engine/Content/MapTemplates/T_ScreenDirt02_w.uasset" 382
"../../../Engine/Plugins/2D/Paper2D/Content/OpaqueUnlitSpriteMaterial.uasset" 383
"../../../WhiteLightning/Content/2DSideScroller/Textures/2DBackground.uasset" 384
"../../../WhiteLightning/Content/2DSideScroller/Sprites/Background_Sprite.uasset" 385
"../../../WhiteLightning/Content/2DSideScroller/Textures/2DBackgroundBlockAtlas.uasset" 386
"../../../WhiteLightning/Content/2DSideScroller/Sprites/Ledge.uasset" 387
"../../../WhiteLightning/Content/2DSideScrollerBP/Maps/2DSideScrollerExampleMap.umap" 388
"../../../WhiteLightning/Content/WhiteLightning/Tests/UserStory1.uasset" 389
"../../../WhiteLightning/Content/WhiteLightning/Tests/UserStory2.uasset" 390
"../../../WhiteLightning/Content/WhiteLightning/Tests/UserStory3.uasset" 391
"../../../WhiteLightning/Content/WhiteLightning/Levels/main_menu_lvl.umap" 392
"../../../Engine/Content/EngineSky/C_Sky_Cloud_Color.uasset" 393
"../../../Engine/Content/EngineSky/C_Sky_Horizon_Color.uasset" 394
"../../../Engine/Content/EngineSky/C_Sky_Zenith_Color.uasset" 395
"../../../Engine/Content/EngineSky/T_Sky_Blue.uasset" 396
"../../../Engine/Content/EngineSky/T_Sky_Clouds_M.uasset" 397
"../../../Engine/Content/EngineSky/T_Sky_Stars.uasset" 398
"../../../Engine/Content/EngineSky/M_Sky_Panning_Clouds2.uasset" 399
"../../../Engine/Content/EngineSky/SM_SkySphere.uasset" 400
"../../../Engine/Content/EngineSky/BP_Sky_Sphere.uasset" 401
"../../../WhiteLightning/Content/WhiteLightning/Sprites/health.uasset" 402
"../../../WhiteLightning/Content/WhiteLightning/Sprites/health_Sprite.uasset" 403
"../../../WhiteLightning/Content/WhiteLightning/Levels/Health_Pickup.uasset" 404
"../../../WhiteLightning/Content/WhiteLightning/Sprites/New_Piskel__2_.uasset" 405
"../../../WhiteLightning/Content/WhiteLightning/Sprites/New_Piskel__2__Sprite.uasset" 406
"../../../WhiteLightning/Content/WhiteLightning/Levels/Platform.uasset" 407
"../../../WhiteLightning/Content/WhiteLightning/Sprites/New_Piskel.uasset" 408
"../../../WhiteLightning/Content/WhiteLightning/Sprites/New_Piskel_Sprite_0.uasset" 409
"../../../WhiteLightning/Content/WhiteLightning/Sprites/New_Piskel_Sprite_1.uasset" 410
"../../../WhiteLightning/Content/WhiteLightning/Levels/Tutorial.umap" 411
"../../../Engine/Content/Maps/Entry.umap" 412
