Log file open, 04/18/18 17:25:54
LogWindows: Failed to load 'aqProf.dll' (GetLastError=126)
LogWindows: File 'aqProf.dll' does not exist
LogWindows: Failed to load 'VSPerf140.dll' (GetLastError=126)
LogWindows: File 'VSPerf140.dll' does not exist
LogWindows: Failed to load 'VtuneApi.dll' (GetLastError=126)
LogWindows: File 'VtuneApi.dll' does not exist
LogWindows: Failed to load 'VtuneApi32e.dll' (GetLastError=126)
LogWindows: File 'VtuneApi32e.dll' does not exist
LogInit: Display: Running engine for game: WhiteLightning
LogPlatformFile: Not using cached read wrapper
LogInit: Display: RandInit(1951010720) SRandInit(1951010720).
LogInit: Read version file with build ID '3709383'
LogInit: Overriding engine version to CL 3832480, compatible CL 3709383
LogInit: Registered custom module enumerator with build ID '3709383'
LogTaskGraph: Started task graph with 5 named threads and 11 total threads with 3 sets of task threads.
LogStats: Stats thread started at 2.675222
LogD3D11RHI: Aftermath initialized
LogModuleManager: Display: Found up-to-date module file ../../../Engine/Plugins/2D/Paper2D/Binaries/Win64/UE4Editor-Paper2D.dll (API version 3709383).
LogModuleManager: Display: Found up-to-date module file ../../../Engine/Plugins/2D/Paper2D/Binaries/Win64/UE4Editor-Paper2DEditor.dll (API version 3709383).
LogModuleManager: Display: Found up-to-date module file ../../../Engine/Plugins/2D/Paper2D/Binaries/Win64/UE4Editor-PaperSpriteSheetImporter.dll (API version 3709383).
LogModuleManager: Display: Found up-to-date module file ../../../Engine/Plugins/2D/Paper2D/Binaries/Win64/UE4Editor-PaperTiledImporter.dll (API version 3709383).
LogModuleManager: Display: Found up-to-date module file ../../../Engine/Plugins/2D/Paper2D/Binaries/Win64/UE4Editor-SmartSnapping.dll (API version 3709383).
LogModuleManager: Display: Found up-to-date module file ../../../Engine/Plugins/Blendables/LightPropagationVolume/Binaries/Win64/UE4Editor-LightPropagationVolumeRuntime.dll (API version 3709383).
LogModuleManager: Display: Found up-to-date module file ../../../Engine/Plugins/Blendables/LightPropagationVolume/Binaries/Win64/UE4Editor-LightPropagationVolumeEditor.dll (API version 3709383).
LogModuleManager: Display: Found up-to-date module file ../../../Engine/Plugins/Developer/GitSourceControl/Binaries/Win64/UE4Editor-GitSourceControl.dll (API version 3709383).
LogModuleManager: Display: Found up-to-date module file ../../../Engine/Plugins/Developer/PerforceSourceControl/Binaries/Win64/UE4Editor-PerforceSourceControl.dll (API version 3709383).
LogModuleManager: Display: Found up-to-date module file ../../../Engine/Plugins/Developer/SubversionSourceControl/Binaries/Win64/UE4Editor-SubversionSourceControl.dll (API version 3709383).
LogModuleManager: Display: Found up-to-date module file ../../../Engine/Plugins/Developer/UObjectPlugin/Binaries/Win64/UE4Editor-UObjectPlugin.dll (API version 3709383).
LogModuleManager: Display: Found up-to-date module file ../../../Engine/Plugins/Developer/VisualStudioCodeSourceCodeAccess/Binaries/Win64/UE4Editor-VisualStudioCodeSourceCodeAccess.dll (API version 3709383).
LogModuleManager: Display: Found up-to-date module file ../../../Engine/Plugins/Developer/VisualStudioSourceCodeAccess/Binaries/Win64/UE4Editor-VisualStudioSourceCodeAccess.dll (API version 3709383).
LogModuleManager: Display: Found up-to-date module file ../../../Engine/Plugins/Editor/AssetManagerEditor/Binaries/Win64/UE4Editor-AssetManagerEditor.dll (API version 3709383).
LogModuleManager: Display: Found up-to-date module file ../../../Engine/Plugins/Editor/AudioCapture/Binaries/Win64/UE4Editor-AudioCapture.dll (API version 3709383).
LogModuleManager: Display: Found up-to-date module file ../../../Engine/Plugins/Editor/FacialAnimation/Binaries/Win64/UE4Editor-FacialAnimation.dll (API version 3709383).
LogModuleManager: Display: Found up-to-date module file ../../../Engine/Plugins/Editor/FacialAnimation/Binaries/Win64/UE4Editor-FacialAnimationEditor.dll (API version 3709383).
LogModuleManager: Display: Found up-to-date module file ../../../Engine/Plugins/Editor/GameplayTagsEditor/Binaries/Win64/UE4Editor-GameplayTagsEditor.dll (API version 3709383).
LogModuleManager: Display: Found up-to-date module file ../../../Engine/Plugins/Editor/MobileLauncherProfileWizard/Binaries/Win64/UE4Editor-MobileLauncherProfileWizard.dll (API version 3709383).
LogModuleManager: Display: Found up-to-date module file ../../../Engine/Plugins/Editor/PluginBrowser/Binaries/Win64/UE4Editor-PluginBrowser.dll (API version 3709383).
LogModuleManager: Display: Found up-to-date module file ../../../Engine/Plugins/Editor/SpeedTreeImporter/Binaries/Win64/UE4Editor-SpeedTreeImporter.dll (API version 3709383).
LogModuleManager: Display: Found up-to-date module file ../../../Engine/Plugins/Experimental/AlembicImporter/Binaries/Win64/UE4Editor-AlembicImporter.dll (API version 3709383).
LogModuleManager: Display: Found up-to-date module file ../../../Engine/Plugins/Experimental/AlembicImporter/Binaries/Win64/UE4Editor-AlembicLibrary.dll (API version 3709383).
LogModuleManager: Display: Found up-to-date module file ../../../Engine/Plugins/Experimental/CharacterAI/Binaries/Win64/UE4Editor-CharacterAI.dll (API version 3709383).
LogModuleManager: Display: Found up-to-date module file ../../../Engine/Plugins/Experimental/HTML5Networking/Binaries/Win64/UE4Editor-HTML5Networking.dll (API version 3709383).
LogModuleManager: Display: Found up-to-date module file ../../../Engine/Plugins/Media/AndroidMedia/Binaries/Win64/UE4Editor-AndroidMediaEditor.dll (API version 3709383).
LogModuleManager: Display: Found up-to-date module file ../../../Engine/Plugins/Media/AndroidMedia/Binaries/Win64/UE4Editor-AndroidMediaFactory.dll (API version 3709383).
LogModuleManager: Display: Found up-to-date module file ../../../Engine/Plugins/Media/AvfMedia/Binaries/Win64/UE4Editor-AvfMediaEditor.dll (API version 3709383).
LogModuleManager: Display: Found up-to-date module file ../../../Engine/Plugins/Media/AvfMedia/Binaries/Win64/UE4Editor-AvfMediaFactory.dll (API version 3709383).
LogModuleManager: Display: Found up-to-date module file ../../../Engine/Plugins/Media/AvfMedia/Binaries/Win64/UE4Editor-AvfMediaFactory.dll (API version 3709383).
LogModuleManager: Display: Found up-to-date module file ../../../Engine/Plugins/Media/ImgMedia/Binaries/Win64/UE4Editor-ImgMedia.dll (API version 3709383).
LogModuleManager: Display: Found up-to-date module file ../../../Engine/Plugins/Media/ImgMedia/Binaries/Win64/UE4Editor-ImgMediaEditor.dll (API version 3709383).
LogModuleManager: Display: Found up-to-date module file ../../../Engine/Plugins/Media/ImgMedia/Binaries/Win64/UE4Editor-ImgMediaFactory.dll (API version 3709383).
LogModuleManager: Display: Found up-to-date module file ../../../Engine/Plugins/Media/ImgMedia/Binaries/Win64/UE4Editor-ImgMediaFactory.dll (API version 3709383).
LogModuleManager: Display: Found up-to-date module file ../../../Engine/Plugins/Media/ImgMedia/Binaries/Win64/UE4Editor-OpenExrWrapper.dll (API version 3709383).
LogModuleManager: Display: Found up-to-date module file ../../../Engine/Plugins/Media/MediaCompositing/Binaries/Win64/UE4Editor-MediaCompositing.dll (API version 3709383).
LogModuleManager: Display: Found up-to-date module file ../../../Engine/Plugins/Media/MediaCompositing/Binaries/Win64/UE4Editor-MediaCompositingEditor.dll (API version 3709383).
LogModuleManager: Display: Found up-to-date module file ../../../Engine/Plugins/Media/MediaPlayerEditor/Binaries/Win64/UE4Editor-MediaPlayerEditor.dll (API version 3709383).
LogModuleManager: Display: Found up-to-date module file ../../../Engine/Plugins/Media/WmfMedia/Binaries/Win64/UE4Editor-WmfMedia.dll (API version 3709383).
LogModuleManager: Display: Found up-to-date module file ../../../Engine/Plugins/Media/WmfMedia/Binaries/Win64/UE4Editor-WmfMediaEditor.dll (API version 3709383).
LogModuleManager: Display: Found up-to-date module file ../../../Engine/Plugins/Media/WmfMedia/Binaries/Win64/UE4Editor-WmfMediaFactory.dll (API version 3709383).
LogModuleManager: Display: Found up-to-date module file ../../../Engine/Plugins/Media/WmfMedia/Binaries/Win64/UE4Editor-WmfMediaFactory.dll (API version 3709383).
LogModuleManager: Display: Found up-to-date module file ../../../Engine/Plugins/Messaging/TcpMessaging/Binaries/Win64/UE4Editor-TcpMessaging.dll (API version 3709383).
LogModuleManager: Display: Found up-to-date module file ../../../Engine/Plugins/Messaging/UdpMessaging/Binaries/Win64/UE4Editor-UdpMessaging.dll (API version 3709383).
LogModuleManager: Display: Found up-to-date module file ../../../Engine/Plugins/MovieScene/ActorSequence/Binaries/Win64/UE4Editor-ActorSequence.dll (API version 3709383).
LogModuleManager: Display: Found up-to-date module file ../../../Engine/Plugins/MovieScene/LevelSequenceEditor/Binaries/Win64/UE4Editor-LevelSequenceEditor.dll (API version 3709383).
LogModuleManager: Display: Found up-to-date module file ../../../Engine/Plugins/MovieScene/MatineeToLevelSequence/Binaries/Win64/UE4Editor-MatineeToLevelSequence.dll (API version 3709383).
LogModuleManager: Display: Found up-to-date module file ../../../Engine/Plugins/Online/OnlineSubsystem/Binaries/Win64/UE4Editor-OnlineSubsystem.dll (API version 3709383).
LogModuleManager: Display: Found up-to-date module file ../../../Engine/Plugins/Runtime/AndroidPermission/Binaries/Win64/UE4Editor-AndroidPermission.dll (API version 3709383).
LogModuleManager: Display: Found up-to-date module file ../../../Engine/Plugins/Online/OnlineSubsystemNull/Binaries/Win64/UE4Editor-OnlineSubsystemNull.dll (API version 3709383).
LogModuleManager: Display: Found up-to-date module file ../../../Engine/Plugins/Online/OnlineSubsystemUtils/Binaries/Win64/UE4Editor-OnlineSubsystemUtils.dll (API version 3709383).
LogModuleManager: Display: Found up-to-date module file ../../../Engine/Plugins/Online/OnlineSubsystemUtils/Binaries/Win64/UE4Editor-OnlineBlueprintSupport.dll (API version 3709383).
LogModuleManager: Display: Found up-to-date module file ../../../Engine/Plugins/Runtime/AndroidDeviceProfileSelector/Binaries/Win64/UE4Editor-AndroidDeviceProfileSelector.dll (API version 3709383).
LogModuleManager: Display: Found up-to-date module file ../../../Engine/Plugins/Runtime/AppleARKit/Binaries/Win64/UE4Editor-AppleARKit.dll (API version 3709383).
LogModuleManager: Display: Found up-to-date module file ../../../Engine/Plugins/Runtime/ArchVisCharacter/Binaries/Win64/UE4Editor-ArchVisCharacter.dll (API version 3709383).
LogModuleManager: Display: Found up-to-date module file ../../../Engine/Plugins/Runtime/CableComponent/Binaries/Win64/UE4Editor-CableComponent.dll (API version 3709383).
LogModuleManager: Display: Found up-to-date module file ../../../Engine/Plugins/Runtime/CustomMeshComponent/Binaries/Win64/UE4Editor-CustomMeshComponent.dll (API version 3709383).
LogModuleManager: Display: Found up-to-date module file ../../../Engine/Plugins/Runtime/ExampleDeviceProfileSelector/Binaries/Win64/UE4Editor-ExampleDeviceProfileSelector.dll (API version 3709383).
LogModuleManager: Display: Found up-to-date module file ../../../Engine/Plugins/Runtime/ImmediatePhysics/Binaries/Win64/UE4Editor-ImmediatePhysics.dll (API version 3709383).
LogModuleManager: Display: Found up-to-date module file ../../../Engine/Plugins/Runtime/ImmediatePhysics/Binaries/Win64/UE4Editor-ImmediatePhysicsEditor.dll (API version 3709383).
LogModuleManager: Display: Found up-to-date module file ../../../Engine/Plugins/Runtime/LocationServicesBPLibrary/Binaries/Win64/UE4Editor-LocationServicesBPLibrary.dll (API version 3709383).
LogModuleManager: Display: Found up-to-date module file ../../../Engine/Plugins/Runtime/MobilePatchingUtils/Binaries/Win64/UE4Editor-MobilePatchingUtils.dll (API version 3709383).
LogModuleManager: Display: Found up-to-date module file ../../../Engine/Plugins/Runtime/Oculus/OculusVR/Binaries/Win64/UE4Editor-OculusHMD.dll (API version 3709383).
LogModuleManager: Display: Found up-to-date module file ../../../Engine/Plugins/Runtime/Oculus/OculusVR/Binaries/Win64/UE4Editor-OculusInput.dll (API version 3709383).
LogModuleManager: Display: Found up-to-date module file ../../../Engine/Plugins/Runtime/Oculus/OculusVR/Binaries/Win64/UE4Editor-OculusEditor.dll (API version 3709383).
LogModuleManager: Display: Found up-to-date module file ../../../Engine/Plugins/Runtime/PhysXVehicles/Binaries/Win64/UE4Editor-PhysXVehicles.dll (API version 3709383).
LogModuleManager: Display: Found up-to-date module file ../../../Engine/Plugins/Runtime/PhysXVehicles/Binaries/Win64/UE4Editor-PhysXVehiclesEditor.dll (API version 3709383).
LogModuleManager: Display: Found up-to-date module file ../../../Engine/Plugins/Runtime/ProceduralMeshComponent/Binaries/Win64/UE4Editor-ProceduralMeshComponent.dll (API version 3709383).
LogModuleManager: Display: Found up-to-date module file ../../../Engine/Plugins/Runtime/ProceduralMeshComponent/Binaries/Win64/UE4Editor-ProceduralMeshComponentEditor.dll (API version 3709383).
LogModuleManager: Display: Found up-to-date module file ../../../Engine/Plugins/Runtime/RuntimePhysXCooking/Binaries/Win64/UE4Editor-RuntimePhysXCooking.dll (API version 3709383).
LogModuleManager: Display: Found up-to-date module file ../../../Engine/Plugins/Runtime/Steam/SteamVR/Binaries/Win64/UE4Editor-SteamVR.dll (API version 3709383).
LogModuleManager: Display: Found up-to-date module file ../../../Engine/Plugins/Runtime/Steam/SteamVR/Binaries/Win64/UE4Editor-SteamVRController.dll (API version 3709383).
LogModuleManager: Display: Found up-to-date module file ../../../Engine/Plugins/Runtime/WindowsMoviePlayer/Binaries/Win64/UE4Editor-WindowsMoviePlayer.dll (API version 3709383).
LogPluginManager: Mounting plugin Paper2D
LogPluginManager: Mounting plugin LightPropagationVolume
LogPluginManager: Mounting plugin CodeLiteSourceCodeAccess
LogPluginManager: Mounting plugin GitSourceControl
LogPluginManager: Mounting plugin KDevelopSourceCodeAccess
LogPluginManager: Mounting plugin NullSourceCodeAccess
LogPluginManager: Mounting plugin PerforceSourceControl
LogPluginManager: Mounting plugin SubversionSourceControl
LogPluginManager: Mounting plugin UObjectPlugin
LogPluginManager: Mounting plugin VisualStudioCodeSourceCodeAccess
LogPluginManager: Mounting plugin VisualStudioSourceCodeAccess
LogPluginManager: Mounting plugin XCodeSourceCodeAccess
LogPluginManager: Mounting plugin AssetManagerEditor
LogPluginManager: Mounting plugin AudioCapture
LogPluginManager: Mounting plugin FacialAnimation
LogPluginManager: Mounting plugin GameplayTagsEditor
LogPluginManager: Mounting plugin MobileLauncherProfileWizard
LogPluginManager: Mounting plugin PluginBrowser
LogPluginManager: Mounting plugin SpeedTreeImporter
LogPluginManager: Mounting plugin AlembicImporter
LogPluginManager: Mounting plugin CharacterAI
LogPluginManager: Mounting plugin HTML5Networking
LogPluginManager: Mounting plugin AndroidMedia
LogPluginManager: Mounting plugin AvfMedia
LogPluginManager: Mounting plugin ImgMedia
LogPluginManager: Mounting plugin MediaCompositing
LogPluginManager: Mounting plugin MediaPlayerEditor
LogPluginManager: Mounting plugin WmfMedia
LogPluginManager: Mounting plugin TcpMessaging
LogPluginManager: Mounting plugin UdpMessaging
LogPluginManager: Mounting plugin ActorSequence
LogPluginManager: Mounting plugin LevelSequenceEditor
LogPluginManager: Mounting plugin MatineeToLevelSequence
LogPluginManager: Mounting plugin OnlineSubsystemGooglePlay
LogPluginManager: Mounting plugin OnlineSubsystemIOS
LogPluginManager: Mounting plugin OnlineSubsystem
LogPluginManager: Mounting plugin OnlineSubsystemNull
LogPluginManager: Mounting plugin OnlineSubsystemUtils
LogPluginManager: Mounting plugin AndroidDeviceProfileSelector
LogPluginManager: Mounting plugin AndroidMoviePlayer
LogPluginManager: Mounting plugin AndroidPermission
LogPluginManager: Mounting plugin AppleARKit
LogPluginManager: Mounting plugin AppleMoviePlayer
LogPluginManager: Mounting plugin ArchVisCharacter
LogPluginManager: Mounting plugin CableComponent
LogPluginManager: Mounting plugin CustomMeshComponent
LogPluginManager: Mounting plugin ExampleDeviceProfileSelector
LogPluginManager: Mounting plugin GoogleCloudMessaging
LogPluginManager: Mounting plugin ImmediatePhysics
LogPluginManager: Mounting plugin IOSDeviceProfileSelector
LogPluginManager: Mounting plugin LinuxDeviceProfileSelector
LogPluginManager: Mounting plugin LocationServicesBPLibrary
LogPluginManager: Mounting plugin MobilePatchingUtils
LogPluginManager: Mounting plugin OculusVR
LogPluginManager: Plugin shader directory ../../../Engine/Plugins/Runtime/Oculus/OculusVR/Shaders found
LogPluginManager: Mapping shader source directory ../../../Engine/Plugins/Runtime/Oculus/OculusVR/Shaders to virtual directory /Plugin/OculusVR
LogPluginManager: Mounting plugin PhysXVehicles
LogPluginManager: Mounting plugin ProceduralMeshComponent
LogPluginManager: Mounting plugin RuntimePhysXCooking
LogPluginManager: Mounting plugin SteamVR
LogPluginManager: Mounting plugin WindowsMoviePlayer
LogInit: Using libcurl 7.47.1
LogInit:  - built for x86_64-pc-win32
LogInit:  - supports SSL with OpenSSL/1.0.2g
LogInit:  - supports HTTP deflate (compression) using libz 1.2.8
LogInit:  - other features:
LogInit:      CURL_VERSION_SSL
LogInit:      CURL_VERSION_LIBZ
LogInit:      CURL_VERSION_IPV6
LogInit:      CURL_VERSION_ASYNCHDNS
LogInit:      CURL_VERSION_LARGEFILE
LogInit:      CURL_VERSION_IDN
LogInit:  CurlRequestOptions (configurable via config and command line):
LogInit:  - bVerifyPeer = false  - Libcurl will NOT verify peer certificate
LogInit:  - bUseHttpProxy = false  - Libcurl will NOT use HTTP proxy
LogInit:  - bDontReuseConnections = false  - Libcurl will reuse connections
LogInit:  - CertBundlePath = nullptr  - Libcurl will use whatever was configured at build time.
LogInit: Build: ++UE4+Release-4.18-CL-3832480
LogInit: Engine Version: 4.18.3-3832480+++UE4+Release-4.18
LogInit: Compatible Engine Version: 4.18.0-3709383+++UE4+Release-4.18
LogInit: Net CL: 3709383
LogDevObjectVersion: Number of dev versions registered: 16
LogDevObjectVersion:   Dev-Blueprints (B0D832E4-1F89-4F0D-ACCF-7EB736FD4AA2): 10
LogDevObjectVersion:   Dev-Build (E1C64328-A22C-4D53-A36C-8E866417BD8C): 0
LogDevObjectVersion:   Dev-Core (375EC13C-06E4-48FB-B500-84F0262A717E): 2
LogDevObjectVersion:   Dev-Editor (E4B068ED-F494-42E9-A231-DA0B2E46BB41): 20
LogDevObjectVersion:   Dev-Framework (CFFC743F-43B0-4480-9391-14DF171D2073): 30
LogDevObjectVersion:   Dev-Mobile (B02B49B5-BB20-44E9-A304-32B752E40360): 0
LogDevObjectVersion:   Dev-Networking (A4E4105C-59A1-49B5-A7C5-40C4547EDFEE): 0
LogDevObjectVersion:   Dev-Online (39C831C9-5AE6-47DC-9A44-9C173E1C8E7C): 0
LogDevObjectVersion:   Dev-Physics (78F01B33-EBEA-4F98-B9B4-84EACCB95AA2): 0
LogDevObjectVersion:   Dev-Platform (6631380F-2D4D-43E0-8009-CF276956A95A): 0
LogDevObjectVersion:   Dev-Rendering (12F88B9F-8875-4AFC-A67C-D90C383ABD29): 20
LogDevObjectVersion:   Dev-Sequencer (7B5AE74C-D270-4C10-A958-57980B212A5A): 4
LogDevObjectVersion:   Dev-VR (D7296918-1DD6-4BDD-9DE2-64A83CC13884): 0
LogDevObjectVersion:   Dev-LoadTimes (C2A15278-BFE7-4AFE-6C17-90FF531DF755): 1
LogDevObjectVersion:   Private-Geometry (6EACA3D4-40EC-4CC1-B786-8BED09428FC5): 1
LogDevObjectVersion:   Dev-AnimPhys (29E575DD-E0A3-4627-9D10-D276232CDCEA): 12
LogInit: Compiled (64-bit): Jan 12 2018 02:04:55
LogInit: Compiled with Visual C++: 19.00.24215.01
LogInit: Build Configuration: Development
LogInit: Branch Name: ++UE4+Release-4.18
LogInit: Command line:  
LogInit: Base directory: E:/Unreal/UE_4.18/Engine/Binaries/Win64/
LogInit: Installed Engine Build: 1
LogInit: Presizing for max 8388607 objects, including 0 objects not considered by GC, pre-allocating 0 bytes for permanent pool.
LogInit: Object subsystem initialized
[2018.04.19-00.25.58:877][  0]LogInit: Selected Device Profile: [Windows]
[2018.04.19-00.25.58:877][  0]LogInit: Applying CVar settings loaded from the selected device profile: [Windows]
[2018.04.19-00.25.59:011][  0]LogInit: Computer: CARTERSPC
[2018.04.19-00.25.59:012][  0]LogInit: User: carter
[2018.04.19-00.25.59:012][  0]LogInit: CPU Page size=4096, Cores=3
[2018.04.19-00.25.59:012][  0]LogInit: High frequency timer resolution =3.433659 MHz
[2018.04.19-00.25.59:013][  0]LogMemory: Memory total: Physical=16.0GB (16GB approx)
[2018.04.19-00.25.59:013][  0]LogMemory: Platform Memory Stats for Windows
[2018.04.19-00.25.59:013][  0]LogMemory: Process Physical Memory: 269.14 MB used, 269.14 MB peak
[2018.04.19-00.25.59:013][  0]LogMemory: Process Virtual Memory: 269.31 MB used, 269.31 MB peak
[2018.04.19-00.25.59:013][  0]LogMemory: Physical Memory: 2991.21 MB used,  13359.45 MB free, 16350.66 MB total
[2018.04.19-00.25.59:013][  0]LogMemory: Virtual Memory: 621.22 MB used,  13359.45 MB free, 134217728.00 MB total
[2018.04.19-00.25.59:893][  0]LogInit: Using OS detected language (en-US).
[2018.04.19-00.25.59:893][  0]LogInit: Using OS detected locale (en-US).
[2018.04.19-00.26.00:092][  0]LogTextLocalizationManager: No specific localization for 'en-US' exists, so the 'en' localization will be used.
[2018.04.19-00.26.00:847][  0]LogInit: Setting process to per monitor DPI aware
[2018.04.19-00.26.04:268][  0]LogD3D11RHI: D3D11 adapters:
[2018.04.19-00.26.04:309][  0]LogD3D11RHI:    0. 'NVIDIA GeForce GTX 960' (Feature Level 11_0)
[2018.04.19-00.26.04:309][  0]LogD3D11RHI:       1937/0/8175 MB DedicatedVideo/DedicatedSystem/SharedSystem, Outputs:2, VendorId:0x10de
[2018.04.19-00.26.04:310][  0]LogD3D11RHI:    1. 'Microsoft Basic Render Driver' (Feature Level 11_0)
[2018.04.19-00.26.04:311][  0]LogD3D11RHI:       0/0/256 MB DedicatedVideo/DedicatedSystem/SharedSystem, Outputs:0, VendorId:0x1414
[2018.04.19-00.26.04:311][  0]LogD3D11RHI: Chosen D3D11 Adapter: 0
[2018.04.19-00.26.04:315][  0]LogD3D11RHI: Creating new Direct3DDevice
[2018.04.19-00.26.04:316][  0]LogD3D11RHI:     GPU DeviceId: 0x1401 (for the marketing name, search the web for "GPU Device Id")
[2018.04.19-00.26.04:316][  0]LogWindows: EnumDisplayDevices:
[2018.04.19-00.26.04:316][  0]LogWindows:    0. 'NVIDIA GeForce GTX 960' (P:1 D:1)
[2018.04.19-00.26.04:316][  0]LogWindows:    1. 'NVIDIA GeForce GTX 960' (P:0 D:1)
[2018.04.19-00.26.04:316][  0]LogWindows:    2. 'NVIDIA GeForce GTX 960' (P:0 D:0)
[2018.04.19-00.26.04:316][  0]LogWindows:    3. 'NVIDIA GeForce GTX 960' (P:0 D:0)
[2018.04.19-00.26.04:316][  0]LogWindows: DebugString: FoundDriverCount:4 
[2018.04.19-00.26.04:316][  0]LogD3D11RHI:     Adapter Name: NVIDIA GeForce GTX 960
[2018.04.19-00.26.04:317][  0]LogD3D11RHI:   Driver Version: 388.13 (internal:23.21.13.8813, unified:388.13)
[2018.04.19-00.26.04:317][  0]LogD3D11RHI:      Driver Date: 10-27-2017
[2018.04.19-00.26.04:317][  0]LogRHI: Texture pool is 1356 MB (70% of 1937 MB)
[2018.04.19-00.26.04:341][  0]LogD3D11RHI: Async texture creation enabled
[2018.04.19-00.26.04:618][  0]LogD3D11RHI: GPU Timing Frequency: 1000.000000 (Debug: 2 2)
[2018.04.19-00.26.04:747][  0]LogShaderCompilers: Guid format shader working directory is -19 characters bigger than the processId version (C:/Users/carter/Documents/GitHub/WhiteLightningGame/WhiteLightning/Intermediate/Shaders/WorkingDirectory/5328/).
[2018.04.19-00.26.04:747][  0]LogShaderCompilers: Cleaned the shader compiler working directory 'C:/Users/carter/AppData/Local/Temp/UnrealShaderWorkingDir/6C997F3D40FB7B00BFDDC39E18CD9E32/'.
[2018.04.19-00.26.04:749][  0]LogShaderCompilers: Display: Using Local Shader Compiler.
[2018.04.19-00.26.09:229][  0]LogTemp: Display: Loaded TP AllDesktopTargetPlatform
[2018.04.19-00.26.09:296][  0]LogTemp: Display: Loaded TP MacClientTargetPlatform
[2018.04.19-00.26.09:361][  0]LogTemp: Display: Loaded TP MacNoEditorTargetPlatform
[2018.04.19-00.26.09:428][  0]LogTemp: Display: Loaded TP MacServerTargetPlatform
[2018.04.19-00.26.09:516][  0]LogTemp: Display: Loaded TP MacTargetPlatform
[2018.04.19-00.26.09:579][  0]LogTemp: Display: Loaded TP WindowsClientTargetPlatform
[2018.04.19-00.26.09:641][  0]LogTemp: Display: Loaded TP WindowsNoEditorTargetPlatform
[2018.04.19-00.26.09:703][  0]LogTemp: Display: Loaded TP WindowsServerTargetPlatform
[2018.04.19-00.26.09:754][  0]LogTemp: Display: Loaded TP WindowsTargetPlatform
[2018.04.19-00.26.09:815][  0]LogTemp: Display: Loaded TP Android_ASTCTargetPlatform
[2018.04.19-00.26.09:884][  0]LogTemp: Display: Loaded TP Android_ATCTargetPlatform
[2018.04.19-00.26.09:957][  0]LogTemp: Display: Loaded TP Android_DXTTargetPlatform
[2018.04.19-00.26.10:020][  0]LogTemp: Display: Loaded TP Android_ETC1TargetPlatform
[2018.04.19-00.26.10:081][  0]LogTemp: Display: Loaded TP Android_ETC2TargetPlatform
[2018.04.19-00.26.10:205][  0]LogTemp: Display: Loaded TP Android_MultiTargetPlatform
[2018.04.19-00.26.10:205][  0]LogTemp: Display: Loaded TP Android_PVRTCTargetPlatform
[2018.04.19-00.26.10:295][  0]LogTemp: Display: Loaded TP AndroidTargetPlatform
[2018.04.19-00.26.10:337][  0]LogTemp: Display: Loaded TP HTML5TargetPlatform
[2018.04.19-00.26.10:511][  0]LogTemp: Display: Loaded TP IOSTargetPlatform
[2018.04.19-00.26.10:565][  0]LogTemp: Display: Loaded TP TVOSTargetPlatform
[2018.04.19-00.26.10:626][  0]LogTemp: Display: Loaded TP LinuxClientTargetPlatform
[2018.04.19-00.26.10:687][  0]LogTemp: Display: Loaded TP LinuxNoEditorTargetPlatform
[2018.04.19-00.26.10:744][  0]LogTemp: Display: Loaded TP LinuxServerTargetPlatform
[2018.04.19-00.26.10:808][  0]LogTemp: Display: Loaded TP LinuxTargetPlatform
[2018.04.19-00.26.10:808][  0]LogTargetPlatformManager: Display: Building Assets For Windows
[2018.04.19-00.26.12:163][  0]LogDerivedDataCache: Display: Max Cache Size: 512 MB
[2018.04.19-00.26.12:549][  0]LogDerivedDataCache: Loaded boot cache 0.39s 78MB C:/Users/carter/AppData/Local/UnrealEngine/4.18/DerivedDataCache/Boot.ddc.
[2018.04.19-00.26.12:549][  0]LogDerivedDataCache: Display: Loaded Boot cache: C:/Users/carter/AppData/Local/UnrealEngine/4.18/DerivedDataCache/Boot.ddc
[2018.04.19-00.26.12:549][  0]LogDerivedDataCache: FDerivedDataBackendGraph:  Pak pak cache file C:/Users/carter/Documents/GitHub/WhiteLightningGame/WhiteLightning/DerivedDataCache/DDC.ddp not found, will not use a pak cache.
[2018.04.19-00.26.12:550][  0]LogDerivedDataCache: Unable to find inner node Pak for hierarchical cache Hierarchy.
[2018.04.19-00.26.12:550][  0]LogDerivedDataCache: FDerivedDataBackendGraph:  CompressedPak pak cache file C:/Users/carter/Documents/GitHub/WhiteLightningGame/WhiteLightning/DerivedDataCache/Compressed.ddp not found, will not use a pak cache.
[2018.04.19-00.26.12:550][  0]LogDerivedDataCache: Unable to find inner node CompressedPak for hierarchical cache Hierarchy.
[2018.04.19-00.26.12:618][  0]LogDerivedDataCache: Display: Pak cache opened for reading ../../../Engine/DerivedDataCache/Compressed.ddp.
[2018.04.19-00.26.12:631][  0]LogDerivedDataCache: Using Local data cache path C:/Users/carter/AppData/Local/UnrealEngine/Common/DerivedDataCache: Writable
[2018.04.19-00.26.12:679][  0]LogMaterial: Verifying Global Shaders for PCD3D_SM5
[2018.04.19-00.26.12:736][  0]LogSlate: Using Freetype 2.6.0
[2018.04.19-00.26.12:857][  0]LogSlate: SlateFontCache - WITH_FREETYPE: 1, WITH_HARFBUZZ: 1
[2018.04.19-00.26.12:866][  0]LogSlate: SlateFontCache - WITH_FREETYPE: 1, WITH_HARFBUZZ: 1
[2018.04.19-00.26.20:133][  0]LogInit: Selected Device Profile: [Windows]
[2018.04.19-00.26.21:626][  0]LogSimplygon: Simplygon DLL not present - disabling.
[2018.04.19-00.26.21:692][  0]LogMeshReduction: Using SimplygonSwarm for distributed automatic mesh merging
[2018.04.19-00.26.21:704][  0]LogMeshReduction: Using QuadricMeshReduction for automatic static mesh reduction
[2018.04.19-00.26.21:721][  0]LogMeshReduction: No automatic skeletal mesh reduction module available
[2018.04.19-00.26.21:721][  0]LogMeshReduction: No automatic mesh merging module available
[2018.04.19-00.26.21:721][  0]LogMeshMerging: No automatic mesh merging module available
[2018.04.19-00.26.22:099][  0]LogNetVersion: WhiteLightning , NetCL: 3709383, EngineNetVer: 2, GameNetVer: 0 (Checksum: 2852152215)
[2018.04.19-00.26.23:553][  0]LogAssetRegistry: FAssetRegistry took 0.0566 seconds to start up
[2018.04.19-00.26.28:137][  0]LogPackageLocalizationCache: Processed 7 localized package path(s) for 2 prioritized culture(s) in 0.120011 seconds
[2018.04.19-00.26.28:152][  0]LogUObjectArray: 35870 objects as part of root set at end of initial load.
[2018.04.19-00.26.28:152][  0]LogUObjectAllocator: 7363696 out of 0 bytes used by permanent object pool.
[2018.04.19-00.26.28:152][  0]LogUObjectArray: CloseDisregardForGC: 0/0 objects in disregard for GC pool
[2018.04.19-00.26.28:236][  0]LogInit: WinSock: version 1.1 (2.2), MaxSocks=32767, MaxUdp=65467
[2018.04.19-00.26.42:111][  0]LogTcpMessaging: Initializing TcpMessaging bridge
[2018.04.19-00.26.42:182][  0]LogUdpMessaging: Initializing bridge on interface 0.0.0.0:0 to multicast group 230.0.0.1:6666.
[2018.04.19-00.26.43:689][  0]LogMaterial: Uniform references updated for custom material expression Custom.
[2018.04.19-00.26.44:685][  0]SourceControl: Source control is disabled
[2018.04.19-00.26.46:543][  0]LogAndroidPermission: UAndroidPermissionCallbackProxy::GetInstance
[2018.04.19-00.26.46:828][  0]LogOcInput: OculusInput pre-init called
[2018.04.19-00.26.47:501][  0]LogEngine: Initializing Engine...
[2018.04.19-00.26.47:548][  0]LogHMD: Failed to initialize OpenVR with code 110
[2018.04.19-00.26.48:447][  0]LogStats: UGameplayTagsManager::ConstructGameplayTagTree: Construct from data asset -  0.000 s
[2018.04.19-00.26.48:447][  0]LogStats: UGameplayTagsManager::ConstructGameplayTagTree: GameplayTagTreeChangedEvent.Broadcast -  0.000 s
[2018.04.19-00.26.48:813][  0]LogAIModule: Creating AISystem for world Untitled
[2018.04.19-00.26.48:943][  0]LogInit: XAudio2 using 'BenQ GL2460-4 (NVIDIA High Definition Audio)' : 2 channels at 48 kHz using 16 bits per sample (channel mask 0x3)
[2018.04.19-00.26.49:008][  0]LogInit: FAudioDevice initialized.
[2018.04.19-00.26.49:157][  0]LogDerivedDataCache: Saved boot cache 0.15s 78MB C:/Users/carter/AppData/Local/UnrealEngine/4.18/DerivedDataCache/Boot.ddc.
[2018.04.19-00.26.49:197][  0]LogInit: Texture streaming: Enabled
[2018.04.19-00.26.49:343][  0]LogEngineSessionManager: EngineSessionManager initialized
[2018.04.19-00.26.49:737][  0]LogInit: Transaction tracking system initialized
[2018.04.19-00.26.50:297][  0]BlueprintLog: New page: Editor Load
[2018.04.19-00.26.52:023][  0]LocalizationService: Localization service is disabled
[2018.04.19-00.26.53:389][  0]LogConsoleResponse: Display: 
[2018.04.19-00.26.54:928][  0]LogFileCache: Scanning file cache for directory 'C:/Users/carter/Documents/GitHub/WhiteLightningGame/WhiteLightning/Content/' took 0.02s
[2018.04.19-00.26.54:929][  0]LogCook: Display: Max memory allowance for cook 16384mb min free memory 0mb
[2018.04.19-00.26.54:929][  0]LogCook: Display: Mobile HDR setting 1
[2018.04.19-00.26.54:934][  0]LogGameplayTags: Display: UGameplayTagsManager::DoneAddingNativeTags. DelegateIsBound: 0
[2018.04.19-00.26.57:335][  0]Cmd: MAP LOAD FILE="C:/Users/carter/Documents/GitHub/WhiteLightningGame/WhiteLightning/Content/WhiteLightning/Levels/main_menu_lvl.umap" TEMPLATE=0 SHOWPROGRESS=1 FEATURELEVEL=3
[2018.04.19-00.26.57:335][  0]LogEditorServer: Warning: Can't find file 'C:/Users/carter/Documents/GitHub/WhiteLightningGame/WhiteLightning/Content/WhiteLightning/Levels/main_menu_lvl.umap'
[2018.04.19-00.26.57:339][  0]Cmd: MAP CHECKDEP NOCLEARLOG
[2018.04.19-00.26.57:396][  0]MapCheck: Map check complete: 0 Error(s), 0 Warning(s), took 56.825ms to complete.
[2018.04.19-00.26.57:396][  0]LogFileHelpers: Loading map 'main_menu_lvl' took 0.073
[2018.04.19-00.26.58:343][  0]LogCollectionManager: Loaded 0 collections in 0.001643 seconds
[2018.04.19-00.26.58:528][  0]LogFileCache: Scanning file cache for directory 'C:/Users/carter/Documents/GitHub/WhiteLightningGame/WhiteLightning/Saved/Collections/' took 0.01s
[2018.04.19-00.26.58:528][  0]LogFileCache: Scanning file cache for directory 'C:/Users/carter/Documents/GitHub/WhiteLightningGame/WhiteLightning/Content/Developers/carter/Collections/' took 0.01s
[2018.04.19-00.26.58:528][  0]LogFileCache: Scanning file cache for directory 'C:/Users/carter/Documents/GitHub/WhiteLightningGame/WhiteLightning/Content/Collections/' took 0.01s
[2018.04.19-00.26.58:528][  0]LogCollectionManager: Rebuilt the GUID cache for 0 collections in 0.000000 seconds
[2018.04.19-00.26.58:545][  0]LogContentBrowser: Native class hierarchy populated in 0.0141 seconds. Added 2363 classes and 519 folders.
[2018.04.19-00.26.58:655][  0]LogContentBrowser: Native class hierarchy updated for 'WidgetCarousel' in 0.0003 seconds. Added 0 classes and 0 folders.
[2018.04.19-00.26.59:624][  0]LogContentBrowser: Native class hierarchy updated for 'AddContentDialog' in 0.0003 seconds. Added 0 classes and 0 folders.
[2018.04.19-00.26.59:704][  0]LogContentBrowser: Native class hierarchy updated for 'SceneOutliner' in 0.0004 seconds. Added 1 classes and 2 folders.
[2018.04.19-00.27.00:396][  0]LogContentBrowser: Native class hierarchy updated for 'HierarchicalLODOutliner' in 0.0003 seconds. Added 1 classes and 2 folders.
[2018.04.19-00.27.00:396][  0]LogLoad: (Engine Initialization) Total time: 76.29 seconds
[2018.04.19-00.27.00:396][  0]LogLoad: (Engine Initialization) Total Blueprint compile time: 0.00 seconds
[2018.04.19-00.27.00:397][  0]LogExternalProfiler: No external profilers were discovered.  External profiling features will not be available.
[2018.04.19-00.27.00:564][  0]SourceControl: On branch master
[2018.04.19-00.27.00:564][  0]SourceControl: Your branch is behind 'origin/master' by 13 commits, and can be fast-forwarded.
[2018.04.19-00.27.00:564][  0]SourceControl:   (use "git pull" to update your local branch)
[2018.04.19-00.27.00:564][  0]SourceControl: Changes to be committed:
[2018.04.19-00.27.00:564][  0]SourceControl:   (use "git reset HEAD <file>..." to unstage)
[2018.04.19-00.27.00:564][  0]SourceControl: 	new file:   WhiteLightning/Content/WhiteLightning/Characters/EnemyCharacter.uasset
[2018.04.19-00.27.00:565][  0]SourceControl: 	new file:   WhiteLightning/Content/WhiteLightning/Sprites/MainEnemyShot_flipped.uasset
[2018.04.19-00.27.00:565][  0]SourceControl: 	new file:   WhiteLightning/Content/WhiteLightning/Sprites/MainEnemyShot_flipped_Sprite_0.uasset
[2018.04.19-00.27.00:565][  0]SourceControl: 	new file:   WhiteLightning/Content/WhiteLightning/Sprites/MainEnemyShot_flipped_Sprite_1.uasset
[2018.04.19-00.27.00:565][  0]SourceControl: 	new file:   WhiteLightning/Content/WhiteLightning/Sprites/MainEnemyShot_flipped_Sprite_2.uasset
[2018.04.19-00.27.00:565][  0]SourceControl: 	new file:   WhiteLightning/Content/WhiteLightning/Sprites/MainEnemyShot_flipped_Sprite_3.uasset
[2018.04.19-00.27.00:565][  0]SourceControl: 	new file:   WhiteLightning/Content/WhiteLightning/Sprites/MainEnemy_flipped.uasset
[2018.04.19-00.27.00:565][  0]SourceControl: 	new file:   WhiteLightning/Content/WhiteLightning/Sprites/MainEnemy_flipped_Sprite_0.uasset
[2018.04.19-00.27.00:565][  0]SourceControl: 	new file:   WhiteLightning/Content/WhiteLightning/Sprites/MainEnemy_flipped_Sprite_1.uasset
[2018.04.19-00.27.00:565][  0]SourceControl: 	new file:   WhiteLightning/Content/WhiteLightning/Sprites/MainEnemy_flipped_Sprite_2.uasset
[2018.04.19-00.27.00:565][  0]SourceControl: 	new file:   WhiteLightning/Content/WhiteLightning/Sprites/MainEnemy_flipped_Sprite_3.uasset
[2018.04.19-00.27.00:565][  0]SourceControl: Changes not staged for commit:
[2018.04.19-00.27.00:565][  0]SourceControl:   (use "git add/rm <file>..." to update what will be committed)
[2018.04.19-00.27.00:565][  0]SourceControl:   (use "git checkout -- <file>..." to discard changes in working directory)
[2018.04.19-00.27.00:565][  0]SourceControl: 	modified:   WhiteLightning/Content/WhiteLightning/Characters/BP_enemy.uasset
[2018.04.19-00.27.00:565][  0]SourceControl: 	modified:   WhiteLightning/Content/WhiteLightning/Levels/Tutorial.umap
[2018.04.19-00.27.00:565][  0]SourceControl: 	modified:   WhiteLightning/Intermediate/AssetRegistryCache/c90e3f55.bin
[2018.04.19-00.27.00:565][  0]SourceControl: 	modified:   WhiteLightning/Intermediate/CachedAssetRegistry.bin
[2018.04.19-00.27.00:565][  0]SourceControl: 	modified:   WhiteLightning/Saved/AutoScreenshot.png
[2018.04.19-00.27.00:565][  0]SourceControl: 	modified:   WhiteLightning/Saved/Autosaves/Game/WhiteLightning/Characters/BP_enemy_Auto1.uasset
[2018.04.19-00.27.00:565][  0]SourceControl: 	modified:   WhiteLightning/Saved/Autosaves/Game/WhiteLightning/Characters/BP_enemy_Auto2.uasset
[2018.04.19-00.27.00:565][  0]SourceControl: 	modified:   WhiteLightning/Saved/Autosaves/Game/WhiteLightning/Levels/Tutorial_Auto1.umap
[2018.04.19-00.27.00:565][  0]SourceControl: 	modified:   WhiteLightning/Saved/Autosaves/Game/WhiteLightning/Levels/Tutorial_Auto2.umap
[2018.04.19-00.27.00:565][  0]SourceControl: 	modified:   WhiteLightning/Saved/Autosaves/Game/WhiteLightning/Levels/Tutorial_Auto3.umap
[2018.04.19-00.27.00:565][  0]SourceControl: 	modified:   WhiteLightning/Saved/Autosaves/PackageRestoreData.json
[2018.04.19-00.27.00:565][  0]SourceControl: 	deleted:    WhiteLightning/Saved/Config/CrashReportClient/UE4CC-Windows-61311B4342481187A8FE01848AAF9346/CrashReportClient.ini
[2018.04.19-00.27.00:565][  0]SourceControl: 	deleted:    WhiteLightning/Saved/Config/CrashReportClient/UE4CC-Windows-6F707A79499EE2C65D99ED84AFAB8D7D/CrashReportClient.ini
[2018.04.19-00.27.00:565][  0]SourceControl: 	deleted:    WhiteLightning/Saved/Config/CrashReportClient/UE4CC-Windows-BC1E0B7B43AD476CBFAB1DB2141E708F/CrashReportClient.ini
[2018.04.19-00.27.00:565][  0]SourceControl: 	deleted:    WhiteLightning/Saved/Config/CrashReportClient/UE4CC-Windows-BD3379444ABC85F7E8C912A7C82D6614/CrashReportClient.ini
[2018.04.19-00.27.00:565][  0]SourceControl: 	deleted:    WhiteLightning/Saved/Config/CrashReportClient/UE4CC-Windows-F0C847E742DB45019243B1A96655AF1C/CrashReportClient.ini
[2018.04.19-00.27.00:565][  0]SourceControl: 	modified:   WhiteLightning/Saved/Config/Windows/Editor.ini
[2018.04.19-00.27.00:565][  0]SourceControl: 	modified:   WhiteLightning/Saved/Config/Windows/EditorPerProjectUserSettings.ini
[2018.04.19-00.27.00:565][  0]SourceControl: 	deleted:    WhiteLightning/Saved/Logs/WhiteLightning-backup-2018.04.03-20.18.54.log
[2018.04.19-00.27.00:565][  0]SourceControl: 	deleted:    WhiteLightning/Saved/Logs/WhiteLightning-backup-2018.04.04-12.42.16.log
[2018.04.19-00.27.00:565][  0]SourceControl: 	deleted:    WhiteLightning/Saved/Logs/WhiteLightning-backup-2018.04.04-17.34.43.log
[2018.04.19-00.27.00:565][  0]SourceControl: 	deleted:    WhiteLightning/Saved/Logs/WhiteLightning-backup-2018.04.05-16.00.37.log
[2018.04.19-00.27.00:565][  0]SourceControl: 	deleted:    WhiteLightning/Saved/Logs/WhiteLightning-backup-2018.04.05-19.03.49.log
[2018.04.19-00.27.00:565][  0]SourceControl: 	modified:   WhiteLightning/Saved/Logs/WhiteLightning.log
[2018.04.19-00.27.00:565][  0]SourceControl: 	modified:   WhiteLightning/Sprites/Thumbs.db
[2018.04.19-00.27.00:565][  0]SourceControl: Untracked files:
[2018.04.19-00.27.00:565][  0]SourceControl:   (use "git add <file>..." to include in what will be committed)
[2018.04.19-00.27.00:565][  0]SourceControl: 	WhiteLightning/Saved/Autosaves/Game/WhiteLightning/Characters/BP_enemy_Auto3.uasset
[2018.04.19-00.27.00:565][  0]SourceControl: 	WhiteLightning/Saved/Autosaves/Game/WhiteLightning/Characters/BP_enemy_Auto4.uasset
[2018.04.19-00.27.00:565][  0]SourceControl: 	WhiteLightning/Saved/Autosaves/Game/WhiteLightning/Characters/BP_enemy_Auto5.uasset
[2018.04.19-00.27.00:566][  0]SourceControl: 	WhiteLightning/Saved/Autosaves/Game/WhiteLightning/Characters/BP_enemy_Auto6.uasset
[2018.04.19-00.27.00:566][  0]SourceControl: 	WhiteLightning/Saved/Autosaves/Game/WhiteLightning/Levels/Tutorial_Auto4.umap
[2018.04.19-00.27.00:566][  0]SourceControl: 	WhiteLightning/Saved/Autosaves/Game/WhiteLightning/Levels/Tutorial_Auto5.umap
[2018.04.19-00.27.00:566][  0]SourceControl: 	WhiteLightning/Saved/Autosaves/Game/WhiteLightning/Levels/Tutorial_Auto6.umap
[2018.04.19-00.27.00:566][  0]SourceControl: 	WhiteLightning/Saved/Backup/BP_enemy_2018-04-17-17-36-32.uasset
[2018.04.19-00.27.00:566][  0]SourceControl: 	WhiteLightning/Saved/Backup/BP_enemy_2018-04-17-17-46-06.uasset
[2018.04.19-00.27.00:566][  0]SourceControl: 	WhiteLightning/Saved/Backup/BP_enemy_2018-04-17-17-58-01.uasset
[2018.04.19-00.27.00:566][  0]SourceControl: 	WhiteLightning/Saved/Backup/BP_enemy_2018-04-17-18-08-19.uasset
[2018.04.19-00.27.00:566][  0]SourceControl: 	WhiteLightning/Saved/Backup/BP_enemy_2018-04-17-18-21-27.uasset
[2018.04.19-00.27.00:566][  0]SourceControl: 	WhiteLightning/Saved/Backup/BP_enemy_2018-04-17-18-29-56.uasset
[2018.04.19-00.27.00:566][  0]SourceControl: 	WhiteLightning/Saved/Backup/BP_enemy_2018-04-17-18-36-45.uasset
[2018.04.19-00.27.00:566][  0]SourceControl: 	WhiteLightning/Saved/Backup/BP_enemy_2018-04-17-18-47-11.uasset
[2018.04.19-00.27.00:566][  0]SourceControl: 	WhiteLightning/Saved/Backup/Tutorial_2018-04-17-17-36-30.umap
[2018.04.19-00.27.00:566][  0]SourceControl: 	WhiteLightning/Saved/Backup/Tutorial_2018-04-17-17-46-54.umap
[2018.04.19-00.27.00:566][  0]SourceControl: 	WhiteLightning/Saved/Backup/Tutorial_2018-04-17-17-57-59.umap
[2018.04.19-00.27.00:566][  0]SourceControl: 	WhiteLightning/Saved/Backup/Tutorial_2018-04-17-18-08-17.umap
[2018.04.19-00.27.00:566][  0]SourceControl: 	WhiteLightning/Saved/Backup/Tutorial_2018-04-17-18-21-26.umap
[2018.04.19-00.27.00:566][  0]SourceControl: 	WhiteLightning/Saved/Backup/Tutorial_2018-04-17-18-32-48.umap
[2018.04.19-00.27.00:566][  0]SourceControl: 	WhiteLightning/Saved/Backup/Tutorial_2018-04-17-18-38-03.umap
[2018.04.19-00.27.00:566][  0]SourceControl: 	WhiteLightning/Saved/Backup/Tutorial_2018-04-17-18-47-15.umap
[2018.04.19-00.27.00:566][  0]SourceControl: 	WhiteLightning/Saved/Config/CrashReportClient/UE4CC-Windows-56F5E50A4488AF929E2F84B30CD12526/
[2018.04.19-00.27.00:566][  0]SourceControl: 	WhiteLightning/Saved/Config/CrashReportClient/UE4CC-Windows-913ACC694222C936989710A47F378833/
[2018.04.19-00.27.00:566][  0]SourceControl: 	WhiteLightning/Saved/Crashes/UE4CC-Windows-56F5E50A4488AF929E2F84B30CD12526_0000/
[2018.04.19-00.27.00:566][  0]SourceControl: 	WhiteLightning/Saved/Logs/WhiteLightning-backup-2018.04.17-17.03.25.log
[2018.04.19-00.27.00:566][  0]SourceControl: 	WhiteLightning/Saved/Logs/WhiteLightning-backup-2018.04.18-17.25.53.log
[2018.04.19-00.27.00:566][  0]SourceControl: 	WhiteLightning/Sprites/MainEnemy flipped.png
[2018.04.19-00.27.00:566][  0]SourceControl: 	WhiteLightning/Sprites/MainEnemyShot flipped.png
[2018.04.19-00.27.00:575][  0]LogContentStreaming: Texture pool size now 1000 MB
[2018.04.19-00.27.00:649][  0]LogSlate: Took 0.025465 seconds to synchronously load lazily loaded font '../../../Engine/Content/Slate/Fonts/Roboto-Regular.ttf' (155K)
[2018.04.19-00.27.00:675][  0]LogSlate: Took 0.022900 seconds to synchronously load lazily loaded font '../../../Engine/Content/Slate/Fonts/Roboto-Bold.ttf' (160K)
[2018.04.19-00.27.00:720][  0]LogSlate: Took 0.027489 seconds to synchronously load lazily loaded font '../../../Engine/Content/Editor/Slate/Fonts/FontAwesome.ttf' (139K)
[2018.04.19-00.27.01:286][  1]LogRenderer: Reallocating scene render targets to support 496x364 Format 10 NumSamples 1 (Frame:1).
[2018.04.19-00.27.01:286][  1]LogFileCache: Retrieving MD5 hashes for directory 'C:/Users/carter/Documents/GitHub/WhiteLightningGame/WhiteLightning/Content/' took 0.83s
[2018.04.19-00.27.01:666][  2]LogAssetRegistry: Asset discovery search completed in 38.1366 seconds
[2018.04.19-00.27.01:668][  2]LogCollectionManager: Rebuilt the object cache for 0 collections in 0.000000 seconds (found 0 objects)
[2018.04.19-00.27.01:668][  2]LogCollectionManager: Fixed up redirectors for 0 collections in 0.000048 seconds (updated 0 objects)
[2018.04.19-00.27.01:745][  3]LogSlate: Took 0.014577 seconds to synchronously load lazily loaded font '../../../Engine/Content/Slate/Fonts/Roboto-Light.ttf' (159K)
[2018.04.19-00.27.04:987][259]LogSlate: Took 0.000250 seconds to synchronously load lazily loaded font '../../../Engine/Content/Slate/Fonts/Roboto-Light.ttf' (159K)
[2018.04.19-00.27.05:774][259]LogContentBrowser: Native class hierarchy updated for 'BlueprintGraph' in 0.0009 seconds. Added 116 classes and 0 folders.
[2018.04.19-00.27.08:191][259]LogStats: FPlatformStackWalk::StackWalkAndDump -  0.338 s
[2018.04.19-00.27.08:191][259]LogOutputDevice: Error: === Handled ensure: ===
[2018.04.19-00.27.08:191][259]LogOutputDevice: Error: 
[2018.04.19-00.27.08:192][259]LogOutputDevice: Error: Ensure condition failed: Cast<APawn>(NewUpdatedComponent->GetOwner()) [File:D:\Build\++UE4+Release-4.18+Compile\Sync\Engine\Source\Runtime\Engine\Private\Components\PawnMovementComponent.cpp] [Line: 16]
[2018.04.19-00.27.08:192][259]LogOutputDevice: Error: FloatingPawnMovement must update a component owned by a Pawn
[2018.04.19-00.27.08:192][259]LogOutputDevice: Error: Stack: 
[2018.04.19-00.27.08:192][259]LogOutputDevice: Error: [Callstack] 0x00000000FA362786 UE4Editor-Core.dll!UnknownFunction []
[2018.04.19-00.27.08:192][259]LogOutputDevice: Error: [Callstack] 0x00000000FA10123A UE4Editor-Core.dll!UnknownFunction []
[2018.04.19-00.27.08:192][259]LogOutputDevice: Error: [Callstack] 0x00000000FA11B906 UE4Editor-Core.dll!UnknownFunction []
[2018.04.19-00.27.08:192][259]LogOutputDevice: Error: [Callstack] 0x00000000F7B394B0 UE4Editor-Engine.dll!UnknownFunction []
[2018.04.19-00.27.08:192][259]LogOutputDevice: Error: [Callstack] 0x00000000F7B20D52 UE4Editor-Engine.dll!UnknownFunction []
[2018.04.19-00.27.08:192][259]LogOutputDevice: Error: [Callstack] 0x00000000F7671A30 UE4Editor-Engine.dll!UnknownFunction []
[2018.04.19-00.27.08:192][259]LogOutputDevice: Error: [Callstack] 0x00000000F76797D1 UE4Editor-Engine.dll!UnknownFunction []
[2018.04.19-00.27.08:192][259]LogOutputDevice: Error: [Callstack] 0x00000000F765A0B3 UE4Editor-Engine.dll!UnknownFunction []
[2018.04.19-00.27.08:192][259]LogOutputDevice: Error: [Callstack] 0x00000000F767DC8E UE4Editor-Engine.dll!UnknownFunction []
[2018.04.19-00.27.08:192][259]LogOutputDevice: Error: [Callstack] 0x00000000F7F26787 UE4Editor-Engine.dll!UnknownFunction []
[2018.04.19-00.27.08:192][259]LogOutputDevice: Error: [Callstack] 0x00000000F7F26B67 UE4Editor-Engine.dll!UnknownFunction []
[2018.04.19-00.27.08:192][259]LogOutputDevice: Error: [Callstack] 0x00000000F3B5D725 UE4Editor-Kismet.dll!UnknownFunction []
[2018.04.19-00.27.08:192][259]LogOutputDevice: Error: [Callstack] 0x00000000F3B57453 UE4Editor-Kismet.dll!UnknownFunction []
[2018.04.19-00.27.08:192][259]LogOutputDevice: Error: [Callstack] 0x00000000F5767AF5 UE4Editor-UnrealEd.dll!UnknownFunction []
[2018.04.19-00.27.08:192][259]LogOutputDevice: Error: [Callstack] 0x00000000F57658C6 UE4Editor-UnrealEd.dll!UnknownFunction []
[2018.04.19-00.27.08:193][259]LogOutputDevice: Error: [Callstack] 0x00000000F6014AC6 UE4Editor-UnrealEd.dll!UnknownFunction []
[2018.04.19-00.27.08:193][259]LogOutputDevice: Error: [Callstack] 0x00000000AB8E5A26 UE4Editor.exe!UnknownFunction []
[2018.04.19-00.27.08:193][259]LogOutputDevice: Error: [Callstack] 0x00000000AB8F5430 UE4Editor.exe!UnknownFunction []
[2018.04.19-00.27.08:193][259]LogOutputDevice: Error: [Callstack] 0x00000000AB8F54AA UE4Editor.exe!UnknownFunction []
[2018.04.19-00.27.08:193][259]LogOutputDevice: Error: [Callstack] 0x00000000AB902379 UE4Editor.exe!UnknownFunction []
[2018.04.19-00.27.08:193][259]LogOutputDevice: Error: [Callstack] 0x00000000AB903D57 UE4Editor.exe!UnknownFunction []
[2018.04.19-00.27.08:193][259]LogOutputDevice: Error: [Callstack] 0x00000000275013D2 KERNEL32.DLL!UnknownFunction []
[2018.04.19-00.27.08:193][259]LogOutputDevice: Error: [Callstack] 0x00000000278C54F4 ntdll.dll!UnknownFunction []
[2018.04.19-00.27.08:193][259]LogOutputDevice: Error: 
[2018.04.19-00.27.08:197][259]LogStats:                SubmitErrorReport -  0.000 s
[2018.04.19-00.27.08:593][259]LogStats:                    SendNewReport -  0.396 s
[2018.04.19-00.27.08:593][259]LogStats:             FDebug::EnsureFailed -  0.739 s
[2018.04.19-00.27.08:625][259]LogSlate: Took 0.017282 seconds to synchronously load lazily loaded font '../../../Engine/Content/Editor/Slate/Fonts/Roboto-BoldCondensed.ttf' (158K)
[2018.04.19-00.27.09:157][260]LogSlate: Took 0.008212 seconds to synchronously load lazily loaded font '../../../Engine/Content/Editor/Slate/Fonts/Roboto-Italic.ttf' (157K)
[2018.04.19-00.29.44:516][289]LogRenderer: Reallocating scene render targets to support 1136x580 Format 10 NumSamples 1 (Frame:148).
[2018.04.19-00.29.44:516][289]LogSlate: Took 0.000346 seconds to synchronously load lazily loaded font '../../../Engine/Content/Slate/Fonts/Roboto-Light.ttf' (159K)
[2018.04.19-00.29.51:123][783]LogAIModule: Creating AISystem for world Tutorial
[2018.04.19-00.29.51:378][783]Cmd: MAP LOAD FILE="C:/Users/carter/Documents/GitHub/WhiteLightningGame/WhiteLightning/Content/WhiteLightning/Levels/Tutorial.umap" TEMPLATE=0 SHOWPROGRESS=1 FEATURELEVEL=3
[2018.04.19-00.29.51:378][783]LightingResults: New page: Lighting Build
[2018.04.19-00.29.51:434][783]LogContentBrowser: Native class hierarchy updated for 'StatsViewer' in 0.0004 seconds. Added 5 classes and 0 folders.
[2018.04.19-00.29.51:437][783]LoadErrors: New page: Loading map: Tutorial.umap
[2018.04.19-00.29.51:451][783]MapCheck: New page: Map Check
[2018.04.19-00.29.51:451][783]LightingResults: New page: Lighting Build
[2018.04.19-00.29.51:821][783]LogEditorServer: Finished looking for orphan Actors (0.000 secs)
[2018.04.19-00.29.51:922][783]Cmd: MAP CHECKDEP NOCLEARLOG
[2018.04.19-00.29.51:990][783]MapCheck: Map check complete: 0 Error(s), 0 Warning(s), took 68.098ms to complete.
[2018.04.19-00.29.51:990][783]LogFileHelpers: Loading map 'Tutorial' took 0.626
[2018.04.19-00.29.51:992][783]LogSlate: Took 0.000243 seconds to synchronously load lazily loaded font '../../../Engine/Content/Slate/Fonts/Roboto-Regular.ttf' (155K)
[2018.04.19-00.31.15:096][215]LogEditorViewport: Clicking on Actor (LMB): NavMeshBoundsVolume (NavMeshBoundsVolume)
[2018.04.19-00.31.15:256][215]LogEditorViewport: Clicking on Actor (double click): NavMeshBoundsVolume (NavMeshBoundsVolume)
[2018.04.19-00.31.16:067][239]LogEditorViewport: Clicking on Actor (LMB): NavMeshBoundsVolume (NavMeshBoundsVolume)
[2018.04.19-00.31.16:176][239]LogEditorViewport: Clicking on Actor (double click): NavMeshBoundsVolume (NavMeshBoundsVolume)
[2018.04.19-00.31.36:048][459]LogEditorViewport: Clicking on Actor (LMB): BP_Sky_Sphere_C (Sky Sphere144)
[2018.04.19-00.31.38:127][545]LogEditorViewport: Clicking on Actor (LMB): NavMeshBoundsVolume (NavMeshBoundsVolume)
[2018.04.19-00.31.44:526][822]Cmd: TRANSACTION UNDO
[2018.04.19-00.31.44:526][822]LogEditorTransaction: Undo Create Actors
[2018.04.19-00.32.11:552][993]LogEditorActor: Deleted Actor: NavMeshBoundsVolume
[2018.04.19-00.32.11:580][993]LogEditorActor: Deleted 1 Actors (0.066 secs)
[2018.04.19-00.32.43:109][744]Cmd: ACTOR SELECT ALL
[2018.04.19-00.33.09:479][696]LogEditorViewport: Clicking on Actor (LMB): NavMeshBoundsVolume (NavMeshBoundsVolume)
[2018.04.19-00.33.25:793][471]LogEditorViewport: Clicking Background
[2018.04.19-00.33.32:949][ 28]LogEditorViewport: Clicking on Actor (LMB): NavMeshBoundsVolume (NavMeshBoundsVolume)
[2018.04.19-00.33.36:371][330]LogEditorViewport: Clicking on Actor (LMB): NavMeshBoundsVolume (NavMeshBoundsVolume)
[2018.04.19-00.34.18:230][207]LogEditorViewport: Clicking Background
[2018.04.19-00.34.20:888][319]LogSavePackage: Save=1228.71ms
[2018.04.19-00.34.20:888][319]LogSavePackage: Moving 'C:/Users/carter/Documents/GitHub/WhiteLightningGame/WhiteLightning/Saved/Tutorial729180034A4B7E3AE43A3085B4760058.tmp' to 'C:/Users/carter/Documents/GitHub/WhiteLightningGame/WhiteLightning/Content/WhiteLightning/Levels/Tutorial.umap'
[2018.04.19-00.34.20:911][319]LogSavePackage: Display: Finished SavePackage C:/Users/carter/Documents/GitHub/WhiteLightningGame/WhiteLightning/Content/WhiteLightning/Levels/Tutorial.umap
[2018.04.19-00.34.21:886][396]LogEditorViewport: Clicking on Actor (LMB): NavMeshBoundsVolume (NavMeshBoundsVolume)
[2018.04.19-00.34.47:046][ 21]LogInit: XAudio2 using 'Speakers (Realtek High Definition Audio)' : 2 channels at 48 kHz using 32 bits per sample (channel mask 0x3)
[2018.04.19-00.35.27:682][143]LogEditorViewport: Clicking Background
[2018.04.19-00.35.29:222][273]LogEditorViewport: Clicking on Actor (LMB): NavMeshBoundsVolume (NavMeshBoundsVolume)
[2018.04.19-00.35.30:555][391]LogEditorViewport: Clicking Background
[2018.04.19-00.35.31:720][498]LogEditorViewport: Clicking Background
[2018.04.19-00.35.32:603][576]LogEditorViewport: Clicking on Actor (LMB): NavMeshBoundsVolume (NavMeshBoundsVolume)
[2018.04.19-00.35.33:943][696]LogEditorViewport: Clicking on Actor (context menu): NavMeshBoundsVolume (NavMeshBoundsVolume)
[2018.04.19-00.35.48:221][954]LogEditorViewport: Clicking Background
[2018.04.19-00.35.57:214][804]LogEditorViewport: Clicking on Actor (LMB): NavMeshBoundsVolume (NavMeshBoundsVolume)
[2018.04.19-00.35.58:057][876]Cmd: DELETE
[2018.04.19-00.35.58:057][876]Cmd: ACTOR DELETE
[2018.04.19-00.35.58:076][876]LogEditorActor: Deleted Actor: NavMeshBoundsVolume
[2018.04.19-00.35.58:114][876]LogEditorActor: Deleted 1 Actors (0.057 secs)
[2018.04.19-00.36.00:960][  2]LogSavePackage: Save=1227.88ms
[2018.04.19-00.36.00:960][  2]LogSavePackage: Moving 'C:/Users/carter/Documents/GitHub/WhiteLightningGame/WhiteLightning/Saved/TutorialA01E4B8A4C93D130DFD1DFA81A21281F.tmp' to 'C:/Users/carter/Documents/GitHub/WhiteLightningGame/WhiteLightning/Content/WhiteLightning/Levels/Tutorial.umap'
[2018.04.19-00.36.00:965][  2]LogSavePackage: Display: Finished SavePackage C:/Users/carter/Documents/GitHub/WhiteLightningGame/WhiteLightning/Content/WhiteLightning/Levels/Tutorial.umap
[2018.04.19-00.36.03:533][205]LogActorComponent: UnregisterComponent: (/Engine/Transient.EditorFloorComp) Not registered. Aborting.
[2018.04.19-00.36.03:600][205]LogWindowsTextInputMethodSystem: Display: IME system now deactivated.
[2018.04.19-00.36.03:822][206]Cmd: QUIT_EDITOR
[2018.04.19-00.36.03:978][206]LogExit: Preparing to exit.
[2018.04.19-00.36.04:517][206]LogExit: Editor shut down
[2018.04.19-00.36.04:528][206]LogExit: Transaction tracking system shut down
[2018.04.19-00.36.04:709][206]LogDirectoryWatcher: A directory notification for '../../../Engine/Content/' was aborted.
[2018.04.19-00.36.04:709][206]LogDirectoryWatcher: A directory notification for 'C:/Users/carter/Documents/GitHub/WhiteLightningGame/WhiteLightning/Content/' was aborted.
[2018.04.19-00.36.04:710][206]LogDirectoryWatcher: A directory notification for '../../../Engine/Plugins/2D/Paper2D/Content/' was aborted.
[2018.04.19-00.36.04:710][206]LogDirectoryWatcher: A directory notification for '../../../Engine/Plugins/Media/MediaCompositing/Content/' was aborted.
[2018.04.19-00.36.04:710][206]LogDirectoryWatcher: A directory notification for '../../../Engine/Plugins/Runtime/AppleARKit/Content/' was aborted.
[2018.04.19-00.36.04:710][206]LogDirectoryWatcher: A directory notification for '../../../Engine/Plugins/Runtime/Oculus/OculusVR/Content/' was aborted.
[2018.04.19-00.36.04:710][206]LogDirectoryWatcher: A directory notification for '../../../Engine/Plugins/Runtime/Steam/SteamVR/Content/' was aborted.
[2018.04.19-00.36.05:049][206]LogExit: Object subsystem successfully closed.
[2018.04.19-00.36.05:108][206]LogD3D11RHI: Shutdown
[2018.04.19-00.36.05:109][206]LogD3D11RHI: CleanupD3DDevice
[2018.04.19-00.36.05:117][206]LogD3D11RHI: ~FD3D11DynamicRHI
[2018.04.19-00.36.05:306][206]LogModuleManager: Shutting down and abandoning module StatsViewer (550)
[2018.04.19-00.36.05:306][206]LogModuleManager: Shutting down and abandoning module BlueprintGraph (548)
[2018.04.19-00.36.05:306][206]LogModuleManager: Shutting down and abandoning module HierarchicalLODOutliner (546)
[2018.04.19-00.36.05:306][206]LogModuleManager: Shutting down and abandoning module SceneOutliner (544)
[2018.04.19-00.36.05:306][206]LogModuleManager: Shutting down and abandoning module AddContentDialog (542)
[2018.04.19-00.36.05:320][206]LogDirectoryWatcher: A directory notification for 'E:/Unreal/UE_4.18/FeaturePacks/' was aborted.
[2018.04.19-00.36.05:322][206]LogModuleManager: Shutting down and abandoning module WidgetCarousel (541)
[2018.04.19-00.36.05:323][206]LogModuleManager: Shutting down and abandoning module EditorWidgets (538)
[2018.04.19-00.36.05:323][206]LogModuleManager: Shutting down and abandoning module CollectionManager (536)
[2018.04.19-00.36.05:323][206]LogDirectoryWatcher: A directory notification for 'C:/Users/carter/Documents/GitHub/WhiteLightningGame/WhiteLightning/Content/Collections/' was aborted.
[2018.04.19-00.36.05:323][206]LogDirectoryWatcher: A directory notification for 'C:/Users/carter/Documents/GitHub/WhiteLightningGame/WhiteLightning/Content/Developers/carter/Collections/' was aborted.
[2018.04.19-00.36.05:323][206]LogDirectoryWatcher: A directory notification for 'C:/Users/carter/Documents/GitHub/WhiteLightningGame/WhiteLightning/Saved/Collections/' was aborted.
[2018.04.19-00.36.05:324][206]LogModuleManager: Shutting down and abandoning module FoliageEdit (534)
[2018.04.19-00.36.05:324][206]LogModuleManager: Shutting down and abandoning module LandscapeEditor (532)
[2018.04.19-00.36.05:333][206]LogModuleManager: Shutting down and abandoning module MeshPaintMode (530)
[2018.04.19-00.36.05:333][206]LogModuleManager: Shutting down and abandoning module SceneDepthPickerMode (528)
[2018.04.19-00.36.05:333][206]LogModuleManager: Shutting down and abandoning module ActorPickerMode (526)
[2018.04.19-00.36.05:333][206]LogModuleManager: Shutting down and abandoning module GeometryMode (524)
[2018.04.19-00.36.05:333][206]LogModuleManager: Shutting down and abandoning module TextureAlignMode (522)
[2018.04.19-00.36.05:334][206]LogModuleManager: Shutting down and abandoning module BspMode (520)
[2018.04.19-00.36.05:334][206]LogModuleManager: Shutting down and abandoning module PIEPreviewDeviceProfileSelector (518)
[2018.04.19-00.36.05:334][206]LogModuleManager: Shutting down and abandoning module HardwareSurvey (516)
[2018.04.19-00.36.05:334][206]LogModuleManager: Shutting down and abandoning module SequenceRecorderSections (514)
[2018.04.19-00.36.05:334][206]LogModuleManager: Shutting down and abandoning module AutomationWorker (512)
[2018.04.19-00.36.05:334][206]LogModuleManager: Shutting down and abandoning module MatineeToLevelSequence (510)
[2018.04.19-00.36.05:334][206]LogModuleManager: Shutting down and abandoning module LevelSequenceEditor (508)
[2018.04.19-00.36.05:344][206]LogModuleManager: Shutting down and abandoning module PlacementMode (507)
[2018.04.19-00.36.05:344][206]LogModuleManager: Shutting down and abandoning module WmfMediaFactory (504)
[2018.04.19-00.36.05:344][206]LogModuleManager: Shutting down and abandoning module WmfMediaEditor (502)
[2018.04.19-00.36.05:344][206]LogModuleManager: Shutting down and abandoning module OpenExrWrapper (500)
[2018.04.19-00.36.05:344][206]LogModuleManager: Shutting down and abandoning module ImgMediaFactory (498)
[2018.04.19-00.36.05:344][206]LogModuleManager: Shutting down and abandoning module ImgMediaEditor (496)
[2018.04.19-00.36.05:344][206]LogModuleManager: Shutting down and abandoning module AvfMediaFactory (494)
[2018.04.19-00.36.05:345][206]LogModuleManager: Shutting down and abandoning module AvfMediaEditor (492)
[2018.04.19-00.36.05:345][206]LogModuleManager: Shutting down and abandoning module AndroidMediaFactory (490)
[2018.04.19-00.36.05:345][206]LogModuleManager: Shutting down and abandoning module AndroidMediaEditor (488)
[2018.04.19-00.36.05:345][206]LogModuleManager: Shutting down and abandoning module CharacterAI (486)
[2018.04.19-00.36.05:345][206]LogModuleManager: Shutting down and abandoning module AudioCapture (484)
[2018.04.19-00.36.05:345][206]LogModuleManager: Shutting down and abandoning module SequenceRecorder (483)
[2018.04.19-00.36.05:345][206]LogModuleManager: Shutting down and abandoning module SmartSnapping (480)
[2018.04.19-00.36.05:345][206]LogModuleManager: Shutting down and abandoning module SessionServices (478)
[2018.04.19-00.36.05:345][206]LogModuleManager: Shutting down and abandoning module ViewportSnapping (476)
[2018.04.19-00.36.05:345][206]LogModuleManager: Shutting down and abandoning module ViewportInteraction (474)
[2018.04.19-00.36.05:345][206]LogModuleManager: Shutting down and abandoning module ClothPainter (472)
[2018.04.19-00.36.05:346][206]LogModuleManager: Shutting down and abandoning module SkeletalMeshEditor (471)
[2018.04.19-00.36.05:348][206]LogModuleManager: Shutting down and abandoning module LogVisualizer (468)
[2018.04.19-00.36.05:348][206]LogModuleManager: Shutting down and abandoning module IntroTutorials (466)
[2018.04.19-00.36.05:348][206]LogModuleManager: Shutting down and abandoning module GameProjectGeneration (465)
[2018.04.19-00.36.05:356][206]LogModuleManager: Shutting down and abandoning module IOSPlatformEditor (462)
[2018.04.19-00.36.05:356][206]LogModuleManager: Shutting down and abandoning module HTML5PlatformEditor (460)
[2018.04.19-00.36.05:356][206]LogModuleManager: Shutting down and abandoning module AndroidPlatformEditor (458)
[2018.04.19-00.36.05:356][206]LogModuleManager: Shutting down and abandoning module AndroidDeviceDetection (457)
[2018.04.19-00.36.05:817][206]LogModuleManager: Shutting down and abandoning module WindowsPlatformEditor (454)
[2018.04.19-00.36.05:817][206]LogModuleManager: Shutting down and abandoning module IOSRuntimeSettings (452)
[2018.04.19-00.36.05:817][206]LogModuleManager: Shutting down and abandoning module AndroidRuntimeSettings (450)
[2018.04.19-00.36.05:817][206]LogModuleManager: Shutting down and abandoning module InputBindingEditor (448)
[2018.04.19-00.36.05:817][206]LogModuleManager: Shutting down and abandoning module MergeActors (446)
[2018.04.19-00.36.05:821][206]LogModuleManager: Shutting down and abandoning module SizeMap (444)
[2018.04.19-00.36.05:821][206]LogModuleManager: Shutting down and abandoning module TreeMap (442)
[2018.04.19-00.36.05:821][206]LogModuleManager: Shutting down and abandoning module ReferenceViewer (440)
[2018.04.19-00.36.05:821][206]LogModuleManager: Shutting down and abandoning module LocalizationDashboard (438)
[2018.04.19-00.36.05:828][206]LogModuleManager: Shutting down and abandoning module LocalizationService (437)
[2018.04.19-00.36.05:828][206]LogModuleManager: Shutting down and abandoning module HardwareTargeting (434)
[2018.04.19-00.36.05:828][206]LogModuleManager: Shutting down and abandoning module DeviceProfileEditor (432)
[2018.04.19-00.36.05:828][206]LogModuleManager: Shutting down and abandoning module UndoHistory (430)
[2018.04.19-00.36.05:828][206]LogModuleManager: Shutting down and abandoning module XmlParser (428)
[2018.04.19-00.36.05:828][206]LogModuleManager: Shutting down and abandoning module Blutility (426)
[2018.04.19-00.36.05:828][206]LogModuleManager: Shutting down and abandoning module ProjectSettingsViewer (424)
[2018.04.19-00.36.05:828][206]LogModuleManager: Shutting down and abandoning module ProjectTargetPlatformEditor (423)
[2018.04.19-00.36.05:829][206]LogModuleManager: Shutting down and abandoning module EditorSettingsViewer (420)
[2018.04.19-00.36.05:829][206]LogModuleManager: Shutting down and abandoning module SettingsEditor (418)
[2018.04.19-00.36.05:841][206]LogModuleManager: Shutting down and abandoning module ProjectLauncher (416)
[2018.04.19-00.36.05:845][206]LogModuleManager: Shutting down and abandoning module SessionFrontend (414)
[2018.04.19-00.36.05:846][206]LogModuleManager: Shutting down and abandoning module ProfilerClient (412)
[2018.04.19-00.36.05:856][206]LogModuleManager: Shutting down and abandoning module DeviceManager (410)
[2018.04.19-00.36.05:856][206]LogModuleManager: Shutting down and abandoning module TargetDeviceServices (409)
[2018.04.19-00.36.05:900][206]LogModuleManager: Shutting down and abandoning module AutomationController (406)
[2018.04.19-00.36.05:907][206]LogModuleManager: Shutting down and abandoning module AutomationWindow (404)
[2018.04.19-00.36.05:925][206]LogModuleManager: Shutting down and abandoning module Layers (402)
[2018.04.19-00.36.05:944][206]LogModuleManager: Shutting down and abandoning module ComponentVisualizers (400)
[2018.04.19-00.36.05:945][206]LogModuleManager: Shutting down and abandoning module DetailCustomizations (398)
[2018.04.19-00.36.05:945][206]LogModuleManager: Shutting down and abandoning module PackagesDialog (396)
[2018.04.19-00.36.05:945][206]LogModuleManager: Shutting down and abandoning module Persona (394)
[2018.04.19-00.36.05:973][206]LogModuleManager: Shutting down and abandoning module AdvancedPreviewScene (393)
[2018.04.19-00.36.05:973][206]LogModuleManager: Shutting down and abandoning module AnimGraph (391)
[2018.04.19-00.36.05:973][206]LogModuleManager: Shutting down and abandoning module Kismet (388)
[2018.04.19-00.36.05:995][206]LogModuleManager: Shutting down and abandoning module ClassViewer (386)
[2018.04.19-00.36.05:995][206]LogModuleManager: Shutting down and abandoning module Toolbox (384)
[2018.04.19-00.36.05:995][206]LogModuleManager: Shutting down and abandoning module ModuleUI (382)
[2018.04.19-00.36.06:002][206]LogModuleManager: Shutting down and abandoning module MovieSceneTools (380)
[2018.04.19-00.36.06:011][206]LogModuleManager: Shutting down and abandoning module OutputLog (378)
[2018.04.19-00.36.06:011][206]LogModuleManager: Shutting down and abandoning module GammaUI (376)
[2018.04.19-00.36.06:032][206]LogModuleManager: Shutting down and abandoning module Documentation (374)
[2018.04.19-00.36.06:032][206]LogModuleManager: Shutting down and abandoning module MovieSceneTracks (372)
[2018.04.19-00.36.06:032][206]LogModuleManager: Shutting down and abandoning module MovieScene (370)
[2018.04.19-00.36.06:032][206]LogModuleManager: Shutting down and abandoning module StreamingPauseRendering (368)
[2018.04.19-00.36.06:032][206]LogModuleManager: Shutting down and abandoning module LauncherPlatform (366)
[2018.04.19-00.36.06:032][206]LogModuleManager: Shutting down and abandoning module AnalyticsET (364)
[2018.04.19-00.36.06:032][206]LogModuleManager: Shutting down and abandoning module PortalServices (362)
[2018.04.19-00.36.06:032][206]LogModuleManager: Shutting down and abandoning module PortalRpc (360)
[2018.04.19-00.36.06:032][206]LogModuleManager: Shutting down and abandoning module MessagingRpc (358)
[2018.04.19-00.36.06:032][206]LogModuleManager: Shutting down and abandoning module AIModule (356)
[2018.04.19-00.36.06:032][206]LogModuleManager: Shutting down and abandoning module GameplayDebugger (355)
[2018.04.19-00.36.06:033][206]LogModuleManager: Shutting down and abandoning module AITestSuite (353)
[2018.04.19-00.36.06:033][206]LogModuleManager: Shutting down and abandoning module DesktopPlatform (350)
[2018.04.19-00.36.06:033][206]LogModuleManager: Shutting down and abandoning module ProfilerService (348)
[2018.04.19-00.36.06:052][206]LogModuleManager: Shutting down and abandoning module TaskGraph (346)
[2018.04.19-00.36.06:052][206]LogModuleManager: Shutting down and abandoning module SteamVRController (344)
[2018.04.19-00.36.06:052][206]LogModuleManager: Shutting down and abandoning module ProceduralMeshComponentEditor (342)
[2018.04.19-00.36.06:052][206]LogModuleManager: Shutting down and abandoning module ProceduralMeshComponent (340)
[2018.04.19-00.36.06:052][206]LogModuleManager: Shutting down and abandoning module OculusInput (338)
[2018.04.19-00.36.06:052][206]LogModuleManager: Shutting down and abandoning module MobilePatchingUtils (336)
[2018.04.19-00.36.06:052][206]LogModuleManager: Shutting down and abandoning module CustomMeshComponent (334)
[2018.04.19-00.36.06:053][206]LogModuleManager: Shutting down and abandoning module CableComponent (332)
[2018.04.19-00.36.06:053][206]LogModuleManager: Shutting down and abandoning module ArchVisCharacter (330)
[2018.04.19-00.36.06:053][206]LogModuleManager: Shutting down and abandoning module AndroidPermission (328)
[2018.04.19-00.36.06:053][206]LogModuleManager: Shutting down and abandoning module ActorSequence (324)
[2018.04.19-00.36.06:053][206]LogModuleManager: Shutting down and abandoning module MediaPlayerEditor (322)
[2018.04.19-00.36.06:053][206]LogModuleManager: Shutting down and abandoning module MediaCompositingEditor (320)
[2018.04.19-00.36.06:053][206]LogModuleManager: Shutting down and abandoning module MediaCompositing (318)
[2018.04.19-00.36.06:053][206]LogModuleManager: Shutting down and abandoning module HTML5Networking (316)
[2018.04.19-00.36.06:053][206]LogModuleManager: Shutting down and abandoning module AlembicImporter (314)
[2018.04.19-00.36.06:053][206]LogModuleManager: Shutting down and abandoning module AlembicLibrary (313)
[2018.04.19-00.36.06:054][206]LogModuleManager: Shutting down and abandoning module GeometryCache (312)
[2018.04.19-00.36.06:054][206]LogModuleManager: Shutting down and abandoning module GeometryCacheEd (311)
[2018.04.19-00.36.06:054][206]LogModuleManager: Shutting down and abandoning module SpeedTreeImporter (306)
[2018.04.19-00.36.06:054][206]LogModuleManager: Shutting down and abandoning module PluginBrowser (304)
[2018.04.19-00.36.06:054][206]LogModuleManager: Shutting down and abandoning module MobileLauncherProfileWizard (302)
[2018.04.19-00.36.06:054][206]LogModuleManager: Shutting down and abandoning module VisualStudioSourceCodeAccess (300)
[2018.04.19-00.36.06:054][206]LogModuleManager: Shutting down and abandoning module VisualStudioCodeSourceCodeAccess (298)
[2018.04.19-00.36.06:054][206]LogModuleManager: Shutting down and abandoning module UObjectPlugin (296)
[2018.04.19-00.36.06:054][206]LogModuleManager: Shutting down and abandoning module SubversionSourceControl (294)
[2018.04.19-00.36.06:055][206]LogModuleManager: Shutting down and abandoning module PerforceSourceControl (292)
[2018.04.19-00.36.06:055][206]LogModuleManager: Shutting down and abandoning module GitSourceControl (290)
[2018.04.19-00.36.06:055][206]LogModuleManager: Shutting down and abandoning module SourceControl (289)
[2018.04.19-00.36.06:055][206]LogModuleManager: Shutting down and abandoning module LightPropagationVolumeEditor (286)
[2018.04.19-00.36.06:055][206]LogModuleManager: Shutting down and abandoning module PaperTiledImporter (284)
[2018.04.19-00.36.06:056][206]LogModuleManager: Shutting down and abandoning module PaperSpriteSheetImporter (282)
[2018.04.19-00.36.06:056][206]LogModuleManager: Shutting down and abandoning module Paper2DEditor (280)
[2018.04.19-00.36.06:056][206]LogModuleManager: Shutting down and abandoning module MeshPaint (279)
[2018.04.19-00.36.06:056][206]LogModuleManager: Shutting down and abandoning module LevelEditor (277)
[2018.04.19-00.36.06:059][206]LogModuleManager: Shutting down and abandoning module PixelInspectorModule (276)
[2018.04.19-00.36.06:059][206]LogModuleManager: Shutting down and abandoning module MainFrame (274)
[2018.04.19-00.36.06:059][206]LogModuleManager: Shutting down and abandoning module HotReload (273)
[2018.04.19-00.36.06:060][206]LogModuleManager: Shutting down and abandoning module RuntimePhysXCooking (268)
[2018.04.19-00.36.06:060][206]LogModuleManager: Shutting down and abandoning module PhysXVehiclesEditor (266)
[2018.04.19-00.36.06:060][206]LogModuleManager: Shutting down and abandoning module PhysXVehicles (264)
[2018.04.19-00.36.06:060][206]LogModuleManager: Shutting down and abandoning module OculusEditor (262)
[2018.04.19-00.36.06:060][206]LogModuleManager: Shutting down and abandoning module LocationServicesBPLibrary (260)
[2018.04.19-00.36.06:060][206]LogModuleManager: Shutting down and abandoning module ImmediatePhysicsEditor (258)
[2018.04.19-00.36.06:060][206]LogModuleManager: Shutting down and abandoning module ImmediatePhysics (256)
[2018.04.19-00.36.06:060][206]LogModuleManager: Shutting down and abandoning module UdpMessaging (254)
[2018.04.19-00.36.06:161][206]LogModuleManager: Shutting down and abandoning module TcpMessaging (252)
[2018.04.19-00.36.06:261][206]LogModuleManager: Shutting down and abandoning module GameplayTagsEditor (250)
[2018.04.19-00.36.06:261][206]LogModuleManager: Shutting down and abandoning module FacialAnimationEditor (248)
[2018.04.19-00.36.06:261][206]LogModuleManager: Shutting down and abandoning module FacialAnimation (246)
[2018.04.19-00.36.06:261][206]LogModuleManager: Shutting down and abandoning module AssetManagerEditor (244)
[2018.04.19-00.36.06:261][206]LogModuleManager: Shutting down and abandoning module GraphEditor (243)
[2018.04.19-00.36.06:261][206]LogModuleManager: Shutting down and abandoning module ContentBrowser (241)
[2018.04.19-00.36.06:263][206]LogModuleManager: Shutting down and abandoning module LightPropagationVolumeRuntime (238)
[2018.04.19-00.36.06:263][206]LogModuleManager: Shutting down and abandoning module Paper2D (236)
[2018.04.19-00.36.06:263][206]LogModuleManager: Shutting down and abandoning module WindowsMoviePlayer (234)
[2018.04.19-00.36.06:263][206]LogModuleManager: Shutting down and abandoning module WmfMedia (232)
[2018.04.19-00.36.06:263][206]LogModuleManager: Shutting down and abandoning module ImgMedia (230)
[2018.04.19-00.36.06:263][206]LogModuleManager: Shutting down and abandoning module PacketHandler (228)
[2018.04.19-00.36.06:263][206]LogModuleManager: Shutting down and abandoning module ClothingSystemEditor (226)
[2018.04.19-00.36.06:263][206]LogModuleManager: Shutting down and abandoning module ClothingSystemRuntime (224)
[2018.04.19-00.36.06:273][206]LogModuleManager: Shutting down and abandoning module MediaAssets (222)
[2018.04.19-00.36.06:273][206]LogModuleManager: Shutting down and abandoning module Media (221)
[2018.04.19-00.36.06:279][206]LogModuleManager: Shutting down and abandoning module Overlay (218)
[2018.04.19-00.36.06:279][206]LogModuleManager: Shutting down and abandoning module OverlayEditor (217)
[2018.04.19-00.36.06:279][206]LogModuleManager: Shutting down and abandoning module VREditor (214)
[2018.04.19-00.36.06:291][206]LogModuleManager: Shutting down and abandoning module StringTableEditor (212)
[2018.04.19-00.36.06:292][206]LogModuleManager: Shutting down and abandoning module GameplayTasksEditor (210)
[2018.04.19-00.36.06:292][206]LogModuleManager: Shutting down and abandoning module BehaviorTreeEditor (208)
[2018.04.19-00.36.06:296][206]LogModuleManager: Shutting down and abandoning module FunctionalTesting (206)
[2018.04.19-00.36.06:296][206]LogModuleManager: Shutting down and abandoning module CollisionAnalyzer (204)
[2018.04.19-00.36.06:296][206]LogModuleManager: Shutting down and abandoning module WorkspaceMenuStructure (203)
[2018.04.19-00.36.06:296][206]LogModuleManager: Shutting down and abandoning module UMG (200)
[2018.04.19-00.36.06:302][206]LogModuleManager: Shutting down and abandoning module UMGEditor (199)
[2018.04.19-00.36.06:309][206]LogModuleManager: Shutting down and abandoning module Sequencer (198)
[2018.04.19-00.36.06:321][206]LogModuleManager: Shutting down and abandoning module MessageLog (195)
[2018.04.19-00.36.06:322][206]LogModuleManager: Shutting down and abandoning module SlateReflector (190)
[2018.04.19-00.36.06:335][206]LogModuleManager: Shutting down and abandoning module Slate (188)
[2018.04.19-00.36.06:335][206]LogModuleManager: Shutting down and abandoning module EditorStyle (186)
[2018.04.19-00.36.06:341][206]LogModuleManager: Shutting down and abandoning module MRMesh (184)
[2018.04.19-00.36.06:341][206]LogModuleManager: Shutting down and abandoning module SourceCodeAccess (182)
[2018.04.19-00.36.06:341][206]LogModuleManager: Shutting down and abandoning module HeadMountedDisplay (180)
[2018.04.19-00.36.06:341][206]LogModuleManager: Shutting down and abandoning module XAudio2 (178)
[2018.04.19-00.36.06:341][206]LogModuleManager: Shutting down and abandoning module Networking (176)
[2018.04.19-00.36.06:341][206]LogModuleManager: Shutting down and abandoning module Core (172)
[2018.04.19-00.36.06:341][206]LogModuleManager: Shutting down and abandoning module LevelSequence (168)
[2018.04.19-00.36.06:341][206]LogModuleManager: Shutting down and abandoning module DirectoryWatcher (166)
[2018.04.19-00.36.06:343][206]LogModuleManager: Shutting down and abandoning module KismetCompiler (164)
[2018.04.19-00.36.06:343][206]LogModuleManager: Shutting down and abandoning module MeshUtilities (162)
[2018.04.19-00.36.06:355][206]LogModuleManager: Shutting down and abandoning module MeshMergeUtilities (161)
[2018.04.19-00.36.06:355][206]LogModuleManager: Shutting down and abandoning module MeshReductionInterface (160)
[2018.04.19-00.36.06:355][206]LogModuleManager: Shutting down and abandoning module SimplygonSwarm (159)
[2018.04.19-00.36.06:362][206]LogModuleManager: Shutting down and abandoning module SimplygonMeshReduction (157)
[2018.04.19-00.36.06:362][206]LogModuleManager: Shutting down and abandoning module QuadricMeshReduction (155)
[2018.04.19-00.36.06:362][206]LogModuleManager: Shutting down and abandoning module MaterialBaking (151)
[2018.04.19-00.36.06:362][206]LogModuleManager: Shutting down and abandoning module DerivedDataCache (148)
[2018.04.19-00.36.06:442][206]LogDerivedDataCache: Shutdown
[2018.04.19-00.36.06:442][206]LogModuleManager: Shutting down and abandoning module TargetPlatform (146)
[2018.04.19-00.36.06:442][206]LogModuleManager: Shutting down and abandoning module VulkanShaderFormat (145)
[2018.04.19-00.36.06:442][206]LogModuleManager: Shutting down and abandoning module ShaderFormatVectorVM (143)
[2018.04.19-00.36.06:449][206]LogModuleManager: Shutting down and abandoning module ShaderFormatOpenGL (141)
[2018.04.19-00.36.06:459][206]LogModuleManager: Shutting down and abandoning module ShaderFormatD3D (139)
[2018.04.19-00.36.06:459][206]LogModuleManager: Shutting down and abandoning module MetalShaderFormat (137)
[2018.04.19-00.36.06:459][206]LogModuleManager: Shutting down and abandoning module TextureFormatUncompressed (135)
[2018.04.19-00.36.06:460][206]LogModuleManager: Shutting down and abandoning module TextureFormatPVR (133)
[2018.04.19-00.36.06:460][206]LogModuleManager: Shutting down and abandoning module TextureFormatDXT (131)
[2018.04.19-00.36.06:460][206]LogModuleManager: Shutting down and abandoning module TextureFormatIntelISPCTexComp (129)
[2018.04.19-00.36.06:460][206]LogModuleManager: Shutting down and abandoning module TextureFormatASTC (127)
[2018.04.19-00.36.06:460][206]LogModuleManager: Shutting down and abandoning module ImageWrapper (126)
[2018.04.19-00.36.06:460][206]LogModuleManager: Shutting down and abandoning module TextureFormatAndroid (123)
[2018.04.19-00.36.06:460][206]LogModuleManager: Shutting down and abandoning module AudioFormatOpus (121)
[2018.04.19-00.36.06:460][206]LogModuleManager: Shutting down and abandoning module AudioFormatOgg (119)
[2018.04.19-00.36.06:460][206]LogModuleManager: Shutting down and abandoning module AudioFormatADPCM (117)
[2018.04.19-00.36.06:460][206]LogModuleManager: Shutting down and abandoning module LinuxTargetPlatform (115)
[2018.04.19-00.36.06:460][206]LogModuleManager: Shutting down and abandoning module LinuxServerTargetPlatform (113)
[2018.04.19-00.36.06:460][206]LogModuleManager: Shutting down and abandoning module LinuxNoEditorTargetPlatform (111)
[2018.04.19-00.36.06:461][206]LogModuleManager: Shutting down and abandoning module LinuxClientTargetPlatform (109)
[2018.04.19-00.36.06:461][206]LogModuleManager: Shutting down and abandoning module TVOSTargetPlatform (107)
[2018.04.19-00.36.06:461][206]LogModuleManager: Shutting down and abandoning module Messaging (105)
[2018.04.19-00.36.06:461][206]LogModuleManager: Shutting down and abandoning module IOSTargetPlatform (103)
[2018.04.19-00.36.06:461][206]LogModuleManager: Shutting down and abandoning module HTML5TargetPlatform (101)
[2018.04.19-00.36.06:461][206]LogModuleManager: Shutting down and abandoning module AndroidTargetPlatform (99)
[2018.04.19-00.36.06:461][206]LogModuleManager: Shutting down and abandoning module Android_PVRTCTargetPlatform (97)
[2018.04.19-00.36.06:461][206]LogModuleManager: Shutting down and abandoning module Android_MultiTargetPlatform (95)
[2018.04.19-00.36.06:461][206]LogModuleManager: Shutting down and abandoning module Android_ETC2TargetPlatform (93)
[2018.04.19-00.36.06:461][206]LogModuleManager: Shutting down and abandoning module Android_ETC1TargetPlatform (91)
[2018.04.19-00.36.06:461][206]LogModuleManager: Shutting down and abandoning module Android_DXTTargetPlatform (89)
[2018.04.19-00.36.06:461][206]LogModuleManager: Shutting down and abandoning module Android_ATCTargetPlatform (87)
[2018.04.19-00.36.06:461][206]LogModuleManager: Shutting down and abandoning module Android_ASTCTargetPlatform (85)
[2018.04.19-00.36.06:461][206]LogModuleManager: Shutting down and abandoning module WindowsTargetPlatform (83)
[2018.04.19-00.36.06:461][206]LogModuleManager: Shutting down and abandoning module WindowsServerTargetPlatform (81)
[2018.04.19-00.36.06:461][206]LogModuleManager: Shutting down and abandoning module WindowsNoEditorTargetPlatform (79)
[2018.04.19-00.36.06:462][206]LogModuleManager: Shutting down and abandoning module WindowsClientTargetPlatform (77)
[2018.04.19-00.36.06:462][206]LogModuleManager: Shutting down and abandoning module MacTargetPlatform (75)
[2018.04.19-00.36.06:462][206]LogModuleManager: Shutting down and abandoning module MacServerTargetPlatform (73)
[2018.04.19-00.36.06:462][206]LogModuleManager: Shutting down and abandoning module MacNoEditorTargetPlatform (71)
[2018.04.19-00.36.06:462][206]LogModuleManager: Shutting down and abandoning module MacClientTargetPlatform (69)
[2018.04.19-00.36.06:462][206]LogModuleManager: Shutting down and abandoning module AllDesktopTargetPlatform (67)
[2018.04.19-00.36.06:462][206]LogModuleManager: Shutting down and abandoning module InputCore (64)
[2018.04.19-00.36.06:462][206]LogModuleManager: Shutting down and abandoning module Settings (62)
[2018.04.19-00.36.06:462][206]LogModuleManager: Shutting down and abandoning module PhysXCooking (60)
[2018.04.19-00.36.06:462][206]LogModuleManager: Shutting down and abandoning module SteamVR (58)
[2018.04.19-00.36.06:462][206]LogModuleManager: Shutting down and abandoning module OculusHMD (56)
[2018.04.19-00.36.06:462][206]LogModuleManager: Shutting down and abandoning module ExampleDeviceProfileSelector (54)
[2018.04.19-00.36.06:462][206]LogModuleManager: Shutting down and abandoning module AppleARKit (52)
[2018.04.19-00.36.06:462][206]LogModuleManager: Shutting down and abandoning module AugmentedReality (51)
[2018.04.19-00.36.06:462][206]LogModuleManager: Shutting down and abandoning module OnlineBlueprintSupport (48)
[2018.04.19-00.36.06:463][206]LogModuleManager: Shutting down and abandoning module OnlineSubsystem (44)
[2018.04.19-00.36.06:463][206]LogModuleManager: Shutting down and abandoning module XMPP (43)
[2018.04.19-00.36.06:463][206]LogModuleManager: Shutting down and abandoning module HTTP (41)
[2018.04.19-00.36.06:463][206]LogHttp: Display: Http module shutting down, but needs to wait on 1 outstanding Http requests:
[2018.04.19-00.36.06:463][206]LogHttp: Display: 	verb=[POST] url=[https://datarouter.ol.epicgames.com/datarouter/api/v1/public/data?SessionID=%7B91453C8A-4131-6C4A-8105-A58324BF4EFA%7D&AppID=UEEditor.Rocket.Release&AppVersion=4.18.3-3832480%2B%2B%2BUE4%2BRelease-4.18&UserID=8973c7674d4448a673e7e1a5c722928a%7Ce4a22fa9761e4e33b42f8fe9323071ca%7C25bcb520-dd1b-4673-a88d-f3c543646095&AppEnvironment=datacollector-binary&UploadType=eteventstream] status=Processing
[2018.04.19-00.36.06:485][206]LogModuleManager: Shutting down and abandoning module SSL (40)
[2018.04.19-00.36.06:488][206]LogModuleManager: Shutting down and abandoning module AnimationModifiers (36)
[2018.04.19-00.36.06:489][206]LogModuleManager: Shutting down and abandoning module PropertyEditor (35)
[2018.04.19-00.36.06:489][206]LogModuleManager: Shutting down and abandoning module AudioEditor (32)
[2018.04.19-00.36.06:499][206]LogModuleManager: Shutting down and abandoning module TextureCompressor (30)
[2018.04.19-00.36.06:500][206]LogModuleManager: Shutting down and abandoning module ShaderCore (28)
[2018.04.19-00.36.06:500][206]LogModuleManager: Shutting down and abandoning module Landscape (26)
[2018.04.19-00.36.06:500][206]LogModuleManager: Shutting down and abandoning module SlateRHIRenderer (24)
[2018.04.19-00.36.06:513][206]LogModuleManager: Shutting down and abandoning module OpenGLDrv (22)
[2018.04.19-00.36.06:522][206]LogModuleManager: Shutting down and abandoning module D3D11RHI (20)
[2018.04.19-00.36.06:522][206]LogModuleManager: Shutting down and abandoning module AnimGraphRuntime (18)
[2018.04.19-00.36.06:522][206]LogModuleManager: Shutting down and abandoning module Renderer (16)
[2018.04.19-00.36.06:522][206]LogModuleManager: Shutting down and abandoning module Engine (14)
[2018.04.19-00.36.06:522][206]LogModuleManager: Shutting down and abandoning module CoreUObject (12)
[2018.04.19-00.36.06:522][206]LogModuleManager: Shutting down and abandoning module NetworkFile (10)
[2018.04.19-00.36.06:522][206]LogModuleManager: Shutting down and abandoning module CookedIterativeFile (8)
[2018.04.19-00.36.06:522][206]LogModuleManager: Shutting down and abandoning module StreamingFile (6)
[2018.04.19-00.36.06:522][206]LogModuleManager: Shutting down and abandoning module SandboxFile (4)
[2018.04.19-00.36.06:523][206]LogModuleManager: Shutting down and abandoning module PakFile (2)
[2018.04.19-00.36.06:529][206]LogExit: Exiting.
[2018.04.19-00.36.06:578][206]Log file closed, 04/18/18 17:36:06
