Log file open, 02/16/18 11:17:46
LogWindows: Failed to load 'aqProf.dll' (GetLastError=126)
LogWindows: File 'aqProf.dll' does not exist
LogWindows: Failed to load 'VSPerf140.dll' (GetLastError=126)
LogWindows: File 'VSPerf140.dll' does not exist
LogWindows: Failed to load 'VtuneApi.dll' (GetLastError=126)
LogWindows: File 'VtuneApi.dll' does not exist
LogWindows: Failed to load 'VtuneApi32e.dll' (GetLastError=126)
LogWindows: File 'VtuneApi32e.dll' does not exist
LogInit: Display: Running engine for game: WhiteLightning
LogPlatformFile: Not using cached read wrapper
LogInit: Display: RandInit(-1797245565) SRandInit(-1797245565).
LogInit: Read version file with build ID '3709383'
LogInit: Overriding engine version to CL 3832480, compatible CL 3709383
LogInit: Registered custom module enumerator with build ID '3709383'
LogTaskGraph: Started task graph with 5 named threads and 14 total threads with 3 sets of task threads.
LogStats: Stats thread started at 0.180845
LogD3D11RHI: Aftermath initialized
LogModuleManager: Display: Found up-to-date module file ../../../Engine/Plugins/2D/Paper2D/Binaries/Win64/UE4Editor-Paper2D.dll (API version 3709383).
LogModuleManager: Display: Found up-to-date module file ../../../Engine/Plugins/2D/Paper2D/Binaries/Win64/UE4Editor-Paper2DEditor.dll (API version 3709383).
LogModuleManager: Display: Found up-to-date module file ../../../Engine/Plugins/2D/Paper2D/Binaries/Win64/UE4Editor-PaperSpriteSheetImporter.dll (API version 3709383).
LogModuleManager: Display: Found up-to-date module file ../../../Engine/Plugins/2D/Paper2D/Binaries/Win64/UE4Editor-PaperTiledImporter.dll (API version 3709383).
LogModuleManager: Display: Found up-to-date module file ../../../Engine/Plugins/2D/Paper2D/Binaries/Win64/UE4Editor-SmartSnapping.dll (API version 3709383).
LogModuleManager: Display: Found up-to-date module file ../../../Engine/Plugins/Blendables/LightPropagationVolume/Binaries/Win64/UE4Editor-LightPropagationVolumeRuntime.dll (API version 3709383).
LogModuleManager: Display: Found up-to-date module file ../../../Engine/Plugins/Blendables/LightPropagationVolume/Binaries/Win64/UE4Editor-LightPropagationVolumeEditor.dll (API version 3709383).
LogModuleManager: Display: Found up-to-date module file ../../../Engine/Plugins/Developer/GitSourceControl/Binaries/Win64/UE4Editor-GitSourceControl.dll (API version 3709383).
LogModuleManager: Display: Found up-to-date module file ../../../Engine/Plugins/Developer/PerforceSourceControl/Binaries/Win64/UE4Editor-PerforceSourceControl.dll (API version 3709383).
LogModuleManager: Display: Found up-to-date module file ../../../Engine/Plugins/Developer/SubversionSourceControl/Binaries/Win64/UE4Editor-SubversionSourceControl.dll (API version 3709383).
LogModuleManager: Display: Found up-to-date module file ../../../Engine/Plugins/Developer/UObjectPlugin/Binaries/Win64/UE4Editor-UObjectPlugin.dll (API version 3709383).
LogModuleManager: Display: Found up-to-date module file ../../../Engine/Plugins/Developer/VisualStudioCodeSourceCodeAccess/Binaries/Win64/UE4Editor-VisualStudioCodeSourceCodeAccess.dll (API version 3709383).
LogModuleManager: Display: Found up-to-date module file ../../../Engine/Plugins/Developer/VisualStudioSourceCodeAccess/Binaries/Win64/UE4Editor-VisualStudioSourceCodeAccess.dll (API version 3709383).
LogModuleManager: Display: Found up-to-date module file ../../../Engine/Plugins/Editor/AssetManagerEditor/Binaries/Win64/UE4Editor-AssetManagerEditor.dll (API version 3709383).
LogModuleManager: Display: Found up-to-date module file ../../../Engine/Plugins/Editor/AudioCapture/Binaries/Win64/UE4Editor-AudioCapture.dll (API version 3709383).
LogModuleManager: Display: Found up-to-date module file ../../../Engine/Plugins/Editor/FacialAnimation/Binaries/Win64/UE4Editor-FacialAnimation.dll (API version 3709383).
LogModuleManager: Display: Found up-to-date module file ../../../Engine/Plugins/Editor/FacialAnimation/Binaries/Win64/UE4Editor-FacialAnimationEditor.dll (API version 3709383).
LogModuleManager: Display: Found up-to-date module file ../../../Engine/Plugins/Editor/GameplayTagsEditor/Binaries/Win64/UE4Editor-GameplayTagsEditor.dll (API version 3709383).
LogModuleManager: Display: Found up-to-date module file ../../../Engine/Plugins/Editor/MobileLauncherProfileWizard/Binaries/Win64/UE4Editor-MobileLauncherProfileWizard.dll (API version 3709383).
LogModuleManager: Display: Found up-to-date module file ../../../Engine/Plugins/Editor/PluginBrowser/Binaries/Win64/UE4Editor-PluginBrowser.dll (API version 3709383).
LogModuleManager: Display: Found up-to-date module file ../../../Engine/Plugins/Editor/SpeedTreeImporter/Binaries/Win64/UE4Editor-SpeedTreeImporter.dll (API version 3709383).
LogModuleManager: Display: Found up-to-date module file ../../../Engine/Plugins/Experimental/AlembicImporter/Binaries/Win64/UE4Editor-AlembicImporter.dll (API version 3709383).
LogModuleManager: Display: Found up-to-date module file ../../../Engine/Plugins/Experimental/AlembicImporter/Binaries/Win64/UE4Editor-AlembicLibrary.dll (API version 3709383).
LogModuleManager: Display: Found up-to-date module file ../../../Engine/Plugins/Experimental/CharacterAI/Binaries/Win64/UE4Editor-CharacterAI.dll (API version 3709383).
LogModuleManager: Display: Found up-to-date module file ../../../Engine/Plugins/Experimental/HTML5Networking/Binaries/Win64/UE4Editor-HTML5Networking.dll (API version 3709383).
LogModuleManager: Display: Found up-to-date module file ../../../Engine/Plugins/Media/AndroidMedia/Binaries/Win64/UE4Editor-AndroidMediaEditor.dll (API version 3709383).
LogModuleManager: Display: Found up-to-date module file ../../../Engine/Plugins/Media/AndroidMedia/Binaries/Win64/UE4Editor-AndroidMediaFactory.dll (API version 3709383).
LogModuleManager: Display: Found up-to-date module file ../../../Engine/Plugins/Media/AvfMedia/Binaries/Win64/UE4Editor-AvfMediaEditor.dll (API version 3709383).
LogModuleManager: Display: Found up-to-date module file ../../../Engine/Plugins/Media/AvfMedia/Binaries/Win64/UE4Editor-AvfMediaFactory.dll (API version 3709383).
LogModuleManager: Display: Found up-to-date module file ../../../Engine/Plugins/Media/AvfMedia/Binaries/Win64/UE4Editor-AvfMediaFactory.dll (API version 3709383).
LogModuleManager: Display: Found up-to-date module file ../../../Engine/Plugins/Media/ImgMedia/Binaries/Win64/UE4Editor-ImgMedia.dll (API version 3709383).
LogModuleManager: Display: Found up-to-date module file ../../../Engine/Plugins/Media/ImgMedia/Binaries/Win64/UE4Editor-ImgMediaEditor.dll (API version 3709383).
LogModuleManager: Display: Found up-to-date module file ../../../Engine/Plugins/Media/ImgMedia/Binaries/Win64/UE4Editor-ImgMediaFactory.dll (API version 3709383).
LogModuleManager: Display: Found up-to-date module file ../../../Engine/Plugins/Media/ImgMedia/Binaries/Win64/UE4Editor-ImgMediaFactory.dll (API version 3709383).
LogModuleManager: Display: Found up-to-date module file ../../../Engine/Plugins/Media/ImgMedia/Binaries/Win64/UE4Editor-OpenExrWrapper.dll (API version 3709383).
LogModuleManager: Display: Found up-to-date module file ../../../Engine/Plugins/Media/MediaCompositing/Binaries/Win64/UE4Editor-MediaCompositing.dll (API version 3709383).
LogModuleManager: Display: Found up-to-date module file ../../../Engine/Plugins/Media/MediaCompositing/Binaries/Win64/UE4Editor-MediaCompositingEditor.dll (API version 3709383).
LogModuleManager: Display: Found up-to-date module file ../../../Engine/Plugins/Media/MediaPlayerEditor/Binaries/Win64/UE4Editor-MediaPlayerEditor.dll (API version 3709383).
LogModuleManager: Display: Found up-to-date module file ../../../Engine/Plugins/Media/WmfMedia/Binaries/Win64/UE4Editor-WmfMedia.dll (API version 3709383).
LogModuleManager: Display: Found up-to-date module file ../../../Engine/Plugins/Media/WmfMedia/Binaries/Win64/UE4Editor-WmfMediaEditor.dll (API version 3709383).
LogModuleManager: Display: Found up-to-date module file ../../../Engine/Plugins/Media/WmfMedia/Binaries/Win64/UE4Editor-WmfMediaFactory.dll (API version 3709383).
LogModuleManager: Display: Found up-to-date module file ../../../Engine/Plugins/Media/WmfMedia/Binaries/Win64/UE4Editor-WmfMediaFactory.dll (API version 3709383).
LogModuleManager: Display: Found up-to-date module file ../../../Engine/Plugins/Messaging/TcpMessaging/Binaries/Win64/UE4Editor-TcpMessaging.dll (API version 3709383).
LogModuleManager: Display: Found up-to-date module file ../../../Engine/Plugins/Messaging/UdpMessaging/Binaries/Win64/UE4Editor-UdpMessaging.dll (API version 3709383).
LogModuleManager: Display: Found up-to-date module file ../../../Engine/Plugins/MovieScene/ActorSequence/Binaries/Win64/UE4Editor-ActorSequence.dll (API version 3709383).
LogModuleManager: Display: Found up-to-date module file ../../../Engine/Plugins/MovieScene/LevelSequenceEditor/Binaries/Win64/UE4Editor-LevelSequenceEditor.dll (API version 3709383).
LogModuleManager: Display: Found up-to-date module file ../../../Engine/Plugins/MovieScene/MatineeToLevelSequence/Binaries/Win64/UE4Editor-MatineeToLevelSequence.dll (API version 3709383).
LogModuleManager: Display: Found up-to-date module file ../../../Engine/Plugins/Online/OnlineSubsystem/Binaries/Win64/UE4Editor-OnlineSubsystem.dll (API version 3709383).
LogModuleManager: Display: Found up-to-date module file ../../../Engine/Plugins/Runtime/AndroidPermission/Binaries/Win64/UE4Editor-AndroidPermission.dll (API version 3709383).
LogModuleManager: Display: Found up-to-date module file ../../../Engine/Plugins/Online/OnlineSubsystemNull/Binaries/Win64/UE4Editor-OnlineSubsystemNull.dll (API version 3709383).
LogModuleManager: Display: Found up-to-date module file ../../../Engine/Plugins/Online/OnlineSubsystemUtils/Binaries/Win64/UE4Editor-OnlineSubsystemUtils.dll (API version 3709383).
LogModuleManager: Display: Found up-to-date module file ../../../Engine/Plugins/Online/OnlineSubsystemUtils/Binaries/Win64/UE4Editor-OnlineBlueprintSupport.dll (API version 3709383).
LogModuleManager: Display: Found up-to-date module file ../../../Engine/Plugins/Runtime/AndroidDeviceProfileSelector/Binaries/Win64/UE4Editor-AndroidDeviceProfileSelector.dll (API version 3709383).
LogModuleManager: Display: Found up-to-date module file ../../../Engine/Plugins/Runtime/AppleARKit/Binaries/Win64/UE4Editor-AppleARKit.dll (API version 3709383).
LogModuleManager: Display: Found up-to-date module file ../../../Engine/Plugins/Runtime/ArchVisCharacter/Binaries/Win64/UE4Editor-ArchVisCharacter.dll (API version 3709383).
LogModuleManager: Display: Found up-to-date module file ../../../Engine/Plugins/Runtime/CableComponent/Binaries/Win64/UE4Editor-CableComponent.dll (API version 3709383).
LogModuleManager: Display: Found up-to-date module file ../../../Engine/Plugins/Runtime/CustomMeshComponent/Binaries/Win64/UE4Editor-CustomMeshComponent.dll (API version 3709383).
LogModuleManager: Display: Found up-to-date module file ../../../Engine/Plugins/Runtime/ExampleDeviceProfileSelector/Binaries/Win64/UE4Editor-ExampleDeviceProfileSelector.dll (API version 3709383).
LogModuleManager: Display: Found up-to-date module file ../../../Engine/Plugins/Runtime/ImmediatePhysics/Binaries/Win64/UE4Editor-ImmediatePhysics.dll (API version 3709383).
LogModuleManager: Display: Found up-to-date module file ../../../Engine/Plugins/Runtime/ImmediatePhysics/Binaries/Win64/UE4Editor-ImmediatePhysicsEditor.dll (API version 3709383).
LogModuleManager: Display: Found up-to-date module file ../../../Engine/Plugins/Runtime/LocationServicesBPLibrary/Binaries/Win64/UE4Editor-LocationServicesBPLibrary.dll (API version 3709383).
LogModuleManager: Display: Found up-to-date module file ../../../Engine/Plugins/Runtime/MobilePatchingUtils/Binaries/Win64/UE4Editor-MobilePatchingUtils.dll (API version 3709383).
LogModuleManager: Display: Found up-to-date module file ../../../Engine/Plugins/Runtime/Oculus/OculusVR/Binaries/Win64/UE4Editor-OculusHMD.dll (API version 3709383).
LogModuleManager: Display: Found up-to-date module file ../../../Engine/Plugins/Runtime/Oculus/OculusVR/Binaries/Win64/UE4Editor-OculusInput.dll (API version 3709383).
LogModuleManager: Display: Found up-to-date module file ../../../Engine/Plugins/Runtime/Oculus/OculusVR/Binaries/Win64/UE4Editor-OculusEditor.dll (API version 3709383).
LogModuleManager: Display: Found up-to-date module file ../../../Engine/Plugins/Runtime/PhysXVehicles/Binaries/Win64/UE4Editor-PhysXVehicles.dll (API version 3709383).
LogModuleManager: Display: Found up-to-date module file ../../../Engine/Plugins/Runtime/PhysXVehicles/Binaries/Win64/UE4Editor-PhysXVehiclesEditor.dll (API version 3709383).
LogModuleManager: Display: Found up-to-date module file ../../../Engine/Plugins/Runtime/ProceduralMeshComponent/Binaries/Win64/UE4Editor-ProceduralMeshComponent.dll (API version 3709383).
LogModuleManager: Display: Found up-to-date module file ../../../Engine/Plugins/Runtime/ProceduralMeshComponent/Binaries/Win64/UE4Editor-ProceduralMeshComponentEditor.dll (API version 3709383).
LogModuleManager: Display: Found up-to-date module file ../../../Engine/Plugins/Runtime/RuntimePhysXCooking/Binaries/Win64/UE4Editor-RuntimePhysXCooking.dll (API version 3709383).
LogModuleManager: Display: Found up-to-date module file ../../../Engine/Plugins/Runtime/Steam/SteamVR/Binaries/Win64/UE4Editor-SteamVR.dll (API version 3709383).
LogModuleManager: Display: Found up-to-date module file ../../../Engine/Plugins/Runtime/Steam/SteamVR/Binaries/Win64/UE4Editor-SteamVRController.dll (API version 3709383).
LogModuleManager: Display: Found up-to-date module file ../../../Engine/Plugins/Runtime/WindowsMoviePlayer/Binaries/Win64/UE4Editor-WindowsMoviePlayer.dll (API version 3709383).
LogPluginManager: Mounting plugin Paper2D
LogPluginManager: Mounting plugin LightPropagationVolume
LogPluginManager: Mounting plugin CodeLiteSourceCodeAccess
LogPluginManager: Mounting plugin GitSourceControl
LogPluginManager: Mounting plugin KDevelopSourceCodeAccess
LogPluginManager: Mounting plugin NullSourceCodeAccess
LogPluginManager: Mounting plugin PerforceSourceControl
LogPluginManager: Mounting plugin SubversionSourceControl
LogPluginManager: Mounting plugin UObjectPlugin
LogPluginManager: Mounting plugin VisualStudioCodeSourceCodeAccess
LogPluginManager: Mounting plugin VisualStudioSourceCodeAccess
LogPluginManager: Mounting plugin XCodeSourceCodeAccess
LogPluginManager: Mounting plugin AssetManagerEditor
LogPluginManager: Mounting plugin AudioCapture
LogPluginManager: Mounting plugin FacialAnimation
LogPluginManager: Mounting plugin GameplayTagsEditor
LogPluginManager: Mounting plugin MobileLauncherProfileWizard
LogPluginManager: Mounting plugin PluginBrowser
LogPluginManager: Mounting plugin SpeedTreeImporter
LogPluginManager: Mounting plugin AlembicImporter
LogPluginManager: Mounting plugin CharacterAI
LogPluginManager: Mounting plugin HTML5Networking
LogPluginManager: Mounting plugin AndroidMedia
LogPluginManager: Mounting plugin AvfMedia
LogPluginManager: Mounting plugin ImgMedia
LogPluginManager: Mounting plugin MediaCompositing
LogPluginManager: Mounting plugin MediaPlayerEditor
LogPluginManager: Mounting plugin WmfMedia
LogPluginManager: Mounting plugin TcpMessaging
LogPluginManager: Mounting plugin UdpMessaging
LogPluginManager: Mounting plugin ActorSequence
LogPluginManager: Mounting plugin LevelSequenceEditor
LogPluginManager: Mounting plugin MatineeToLevelSequence
LogPluginManager: Mounting plugin OnlineSubsystemGooglePlay
LogPluginManager: Mounting plugin OnlineSubsystemIOS
LogPluginManager: Mounting plugin OnlineSubsystem
LogPluginManager: Mounting plugin OnlineSubsystemNull
LogPluginManager: Mounting plugin OnlineSubsystemUtils
LogPluginManager: Mounting plugin AndroidDeviceProfileSelector
LogPluginManager: Mounting plugin AndroidMoviePlayer
LogPluginManager: Mounting plugin AndroidPermission
LogPluginManager: Mounting plugin AppleARKit
LogPluginManager: Mounting plugin AppleMoviePlayer
LogPluginManager: Mounting plugin ArchVisCharacter
LogPluginManager: Mounting plugin CableComponent
LogPluginManager: Mounting plugin CustomMeshComponent
LogPluginManager: Mounting plugin ExampleDeviceProfileSelector
LogPluginManager: Mounting plugin GoogleCloudMessaging
LogPluginManager: Mounting plugin ImmediatePhysics
LogPluginManager: Mounting plugin IOSDeviceProfileSelector
LogPluginManager: Mounting plugin LinuxDeviceProfileSelector
LogPluginManager: Mounting plugin LocationServicesBPLibrary
LogPluginManager: Mounting plugin MobilePatchingUtils
LogPluginManager: Mounting plugin OculusVR
LogPluginManager: Plugin shader directory ../../../Engine/Plugins/Runtime/Oculus/OculusVR/Shaders found
LogPluginManager: Mapping shader source directory ../../../Engine/Plugins/Runtime/Oculus/OculusVR/Shaders to virtual directory /Plugin/OculusVR
LogPluginManager: Mounting plugin PhysXVehicles
LogPluginManager: Mounting plugin ProceduralMeshComponent
LogPluginManager: Mounting plugin RuntimePhysXCooking
LogPluginManager: Mounting plugin SteamVR
LogPluginManager: Mounting plugin WindowsMoviePlayer
LogInit: Using libcurl 7.47.1
LogInit:  - built for x86_64-pc-win32
LogInit:  - supports SSL with OpenSSL/1.0.2g
LogInit:  - supports HTTP deflate (compression) using libz 1.2.8
LogInit:  - other features:
LogInit:      CURL_VERSION_SSL
LogInit:      CURL_VERSION_LIBZ
LogInit:      CURL_VERSION_IPV6
LogInit:      CURL_VERSION_ASYNCHDNS
LogInit:      CURL_VERSION_LARGEFILE
LogInit:      CURL_VERSION_IDN
LogInit:  CurlRequestOptions (configurable via config and command line):
LogInit:  - bVerifyPeer = false  - Libcurl will NOT verify peer certificate
LogInit:  - bUseHttpProxy = false  - Libcurl will NOT use HTTP proxy
LogInit:  - bDontReuseConnections = false  - Libcurl will reuse connections
LogInit:  - CertBundlePath = nullptr  - Libcurl will use whatever was configured at build time.
LogInit: Build: ++UE4+Release-4.18-CL-3832480
LogInit: Engine Version: 4.18.3-3832480+++UE4+Release-4.18
LogInit: Compatible Engine Version: 4.18.0-3709383+++UE4+Release-4.18
LogInit: Net CL: 3709383
LogDevObjectVersion: Number of dev versions registered: 16
LogDevObjectVersion:   Dev-Blueprints (B0D832E4-1F89-4F0D-ACCF-7EB736FD4AA2): 10
LogDevObjectVersion:   Dev-Build (E1C64328-A22C-4D53-A36C-8E866417BD8C): 0
LogDevObjectVersion:   Dev-Core (375EC13C-06E4-48FB-B500-84F0262A717E): 2
LogDevObjectVersion:   Dev-Editor (E4B068ED-F494-42E9-A231-DA0B2E46BB41): 20
LogDevObjectVersion:   Dev-Framework (CFFC743F-43B0-4480-9391-14DF171D2073): 30
LogDevObjectVersion:   Dev-Mobile (B02B49B5-BB20-44E9-A304-32B752E40360): 0
LogDevObjectVersion:   Dev-Networking (A4E4105C-59A1-49B5-A7C5-40C4547EDFEE): 0
LogDevObjectVersion:   Dev-Online (39C831C9-5AE6-47DC-9A44-9C173E1C8E7C): 0
LogDevObjectVersion:   Dev-Physics (78F01B33-EBEA-4F98-B9B4-84EACCB95AA2): 0
LogDevObjectVersion:   Dev-Platform (6631380F-2D4D-43E0-8009-CF276956A95A): 0
LogDevObjectVersion:   Dev-Rendering (12F88B9F-8875-4AFC-A67C-D90C383ABD29): 20
LogDevObjectVersion:   Dev-Sequencer (7B5AE74C-D270-4C10-A958-57980B212A5A): 4
LogDevObjectVersion:   Dev-VR (D7296918-1DD6-4BDD-9DE2-64A83CC13884): 0
LogDevObjectVersion:   Dev-LoadTimes (C2A15278-BFE7-4AFE-6C17-90FF531DF755): 1
LogDevObjectVersion:   Private-Geometry (6EACA3D4-40EC-4CC1-B786-8BED09428FC5): 1
LogDevObjectVersion:   Dev-AnimPhys (29E575DD-E0A3-4627-9D10-D276232CDCEA): 12
LogInit: Compiled (64-bit): Jan 12 2018 02:04:55
LogInit: Compiled with Visual C++: 19.00.24215.01
LogInit: Build Configuration: Development
LogInit: Branch Name: ++UE4+Release-4.18
LogInit: Command line: -EpicPortal 
LogInit: Base directory: C:/Program Files/Epic Games/UE_4.18/Engine/Binaries/Win64/
LogInit: Installed Engine Build: 1
LogInit: Presizing for max 8388607 objects, including 0 objects not considered by GC, pre-allocating 0 bytes for permanent pool.
LogInit: Object subsystem initialized
[2018.02.16-16.17.47:306][  0]LogInit: Selected Device Profile: [Windows]
[2018.02.16-16.17.47:306][  0]LogInit: Applying CVar settings loaded from the selected device profile: [Windows]
[2018.02.16-16.17.47:318][  0]LogInit: Computer: CELIA
[2018.02.16-16.17.47:318][  0]LogInit: User: mhers
[2018.02.16-16.17.47:318][  0]LogInit: CPU Page size=4096, Cores=4
[2018.02.16-16.17.47:318][  0]LogInit: High frequency timer resolution =2.531254 MHz
[2018.02.16-16.17.47:318][  0]LogMemory: Memory total: Physical=15.8GB (16GB approx)
[2018.02.16-16.17.47:318][  0]LogMemory: Platform Memory Stats for Windows
[2018.02.16-16.17.47:318][  0]LogMemory: Process Physical Memory: 275.96 MB used, 275.96 MB peak
[2018.02.16-16.17.47:319][  0]LogMemory: Process Virtual Memory: 272.02 MB used, 272.02 MB peak
[2018.02.16-16.17.47:319][  0]LogMemory: Physical Memory: 7907.50 MB used,  8313.28 MB free, 16220.78 MB total
[2018.02.16-16.17.47:319][  0]LogMemory: Virtual Memory: 684.83 MB used,  8313.28 MB free, 134217728.00 MB total
[2018.02.16-16.17.47:495][  0]LogInit: Using OS detected language (en-US).
[2018.02.16-16.17.47:495][  0]LogInit: Using OS detected locale (en-US).
[2018.02.16-16.17.47:498][  0]LogTextLocalizationManager: No specific localization for 'en-US' exists, so the 'en' localization will be used.
[2018.02.16-16.17.47:987][  0]LogInit: Setting process to per monitor DPI aware
[2018.02.16-16.17.48:246][  0]LogD3D11RHI: D3D11 adapters:
[2018.02.16-16.17.48:290][  0]LogD3D11RHI:    0. 'NVIDIA GeForce GTX 950M' (Feature Level 11_0)
[2018.02.16-16.17.48:290][  0]LogD3D11RHI:       4065/0/8110 MB DedicatedVideo/DedicatedSystem/SharedSystem, Outputs:1, VendorId:0x10de
[2018.02.16-16.17.48:297][  0]LogD3D11RHI:    1. 'Intel(R) HD Graphics 530' (Feature Level 11_0)
[2018.02.16-16.17.48:297][  0]LogD3D11RHI:       128/0/8110 MB DedicatedVideo/DedicatedSystem/SharedSystem, Outputs:0, VendorId:0x8086
[2018.02.16-16.17.48:299][  0]LogD3D11RHI:    2. 'Microsoft Basic Render Driver' (Feature Level 11_0)
[2018.02.16-16.17.48:299][  0]LogD3D11RHI:       0/0/8110 MB DedicatedVideo/DedicatedSystem/SharedSystem, Outputs:0, VendorId:0x1414
[2018.02.16-16.17.48:299][  0]LogD3D11RHI: Chosen D3D11 Adapter: 0
[2018.02.16-16.17.48:306][  0]LogD3D11RHI: Creating new Direct3DDevice
[2018.02.16-16.17.48:306][  0]LogD3D11RHI:     GPU DeviceId: 0x139a (for the marketing name, search the web for "GPU Device Id")
[2018.02.16-16.17.48:306][  0]LogWindows: EnumDisplayDevices:
[2018.02.16-16.17.48:306][  0]LogWindows:    0. 'Intel(R) HD Graphics 530' (P:1 D:1)
[2018.02.16-16.17.48:306][  0]LogWindows:    1. 'Intel(R) HD Graphics 530' (P:0 D:0)
[2018.02.16-16.17.48:306][  0]LogWindows:    2. 'Intel(R) HD Graphics 530' (P:0 D:0)
[2018.02.16-16.17.48:306][  0]LogWindows: DebugString: GetVideoDriverDetailsInvalid PrimaryIsNotTheChoosenAdapter GetVideoDriverDetailsInvalid PrimaryIsNotTheChoosenAdapter GetVideoDriverDetailsInvalid PrimaryIsNotTheChoosenAdapter FoundDriverCount:0 
[2018.02.16-16.17.48:306][  0]LogD3D11RHI:     Adapter Name: NVIDIA GeForce GTX 950M
[2018.02.16-16.17.48:306][  0]LogD3D11RHI:   Driver Version: Unknown (internal:Unknown, unified:Unknown)
[2018.02.16-16.17.48:306][  0]LogD3D11RHI:      Driver Date: Unknown
[2018.02.16-16.17.48:307][  0]LogRHI: Texture pool is 2846 MB (70% of 4065 MB)
[2018.02.16-16.17.48:335][  0]LogD3D11RHI: Async texture creation enabled
[2018.02.16-16.17.48:347][  0]LogD3D11RHI: GPU Timing Frequency: 1000.000000 (Debug: 2 1)
[2018.02.16-16.17.48:348][  0]LogShaderCompilers: Guid format shader working directory is -35 characters bigger than the processId version (../../../../../../Users/mhers/Documents/GitHub/WhiteLightningGame/WhiteLightning/Intermediate/Shaders/WorkingDirectory/17068/).
[2018.02.16-16.17.48:348][  0]LogShaderCompilers: Cleaned the shader compiler working directory 'C:/Users/mhers/AppData/Local/Temp/UnrealShaderWorkingDir/4E8AABB44ECD897848F5219E08ED4ED4/'.
[2018.02.16-16.17.48:348][  0]LogShaderCompilers: Display: Using Local Shader Compiler.
[2018.02.16-16.17.49:244][  0]LogTemp: Display: Loaded TP AllDesktopTargetPlatform
[2018.02.16-16.17.49:295][  0]LogTemp: Display: Loaded TP MacClientTargetPlatform
[2018.02.16-16.17.49:347][  0]LogTemp: Display: Loaded TP MacNoEditorTargetPlatform
[2018.02.16-16.17.49:397][  0]LogTemp: Display: Loaded TP MacServerTargetPlatform
[2018.02.16-16.17.49:448][  0]LogTemp: Display: Loaded TP MacTargetPlatform
[2018.02.16-16.17.49:499][  0]LogTemp: Display: Loaded TP WindowsClientTargetPlatform
[2018.02.16-16.17.49:550][  0]LogTemp: Display: Loaded TP WindowsNoEditorTargetPlatform
[2018.02.16-16.17.49:599][  0]LogTemp: Display: Loaded TP WindowsServerTargetPlatform
[2018.02.16-16.17.49:641][  0]LogTemp: Display: Loaded TP WindowsTargetPlatform
[2018.02.16-16.17.49:689][  0]LogTemp: Display: Loaded TP Android_ASTCTargetPlatform
[2018.02.16-16.17.49:738][  0]LogTemp: Display: Loaded TP Android_ATCTargetPlatform
[2018.02.16-16.17.49:786][  0]LogTemp: Display: Loaded TP Android_DXTTargetPlatform
[2018.02.16-16.17.49:835][  0]LogTemp: Display: Loaded TP Android_ETC1TargetPlatform
[2018.02.16-16.17.49:883][  0]LogTemp: Display: Loaded TP Android_ETC2TargetPlatform
[2018.02.16-16.17.49:981][  0]LogTemp: Display: Loaded TP Android_MultiTargetPlatform
[2018.02.16-16.17.49:981][  0]LogTemp: Display: Loaded TP Android_PVRTCTargetPlatform
[2018.02.16-16.17.50:031][  0]LogTemp: Display: Loaded TP AndroidTargetPlatform
[2018.02.16-16.17.50:068][  0]LogTemp: Display: Loaded TP HTML5TargetPlatform
[2018.02.16-16.17.50:157][  0]LogTemp: Display: Loaded TP IOSTargetPlatform
[2018.02.16-16.17.50:183][  0]LogTemp: Display: Loaded TP TVOSTargetPlatform
[2018.02.16-16.17.50:231][  0]LogTemp: Display: Loaded TP LinuxClientTargetPlatform
[2018.02.16-16.17.50:282][  0]LogTemp: Display: Loaded TP LinuxNoEditorTargetPlatform
[2018.02.16-16.17.50:334][  0]LogTemp: Display: Loaded TP LinuxServerTargetPlatform
[2018.02.16-16.17.50:383][  0]LogTemp: Display: Loaded TP LinuxTargetPlatform
[2018.02.16-16.17.50:383][  0]LogTargetPlatformManager: Display: Building Assets For Windows
[2018.02.16-16.17.50:814][  0]LogDerivedDataCache: Display: Max Cache Size: 512 MB
[2018.02.16-16.17.50:885][  0]LogDerivedDataCache: Loaded boot cache 0.07s 78MB C:/Users/mhers/AppData/Local/UnrealEngine/4.18/DerivedDataCache/Boot.ddc.
[2018.02.16-16.17.50:885][  0]LogDerivedDataCache: Display: Loaded Boot cache: C:/Users/mhers/AppData/Local/UnrealEngine/4.18/DerivedDataCache/Boot.ddc
[2018.02.16-16.17.50:885][  0]LogDerivedDataCache: FDerivedDataBackendGraph:  Pak pak cache file ../../../../../../Users/mhers/Documents/GitHub/WhiteLightningGame/WhiteLightning/DerivedDataCache/DDC.ddp not found, will not use a pak cache.
[2018.02.16-16.17.50:885][  0]LogDerivedDataCache: Unable to find inner node Pak for hierarchical cache Hierarchy.
[2018.02.16-16.17.50:885][  0]LogDerivedDataCache: FDerivedDataBackendGraph:  CompressedPak pak cache file ../../../../../../Users/mhers/Documents/GitHub/WhiteLightningGame/WhiteLightning/DerivedDataCache/Compressed.ddp not found, will not use a pak cache.
[2018.02.16-16.17.50:885][  0]LogDerivedDataCache: Unable to find inner node CompressedPak for hierarchical cache Hierarchy.
[2018.02.16-16.17.50:901][  0]LogDerivedDataCache: Display: Pak cache opened for reading ../../../Engine/DerivedDataCache/Compressed.ddp.
[2018.02.16-16.17.50:914][  0]LogDerivedDataCache: Using Local data cache path C:/Users/mhers/AppData/Local/UnrealEngine/Common/DerivedDataCache: Writable
[2018.02.16-16.17.50:924][  0]LogMaterial: Verifying Global Shaders for PCD3D_SM5
[2018.02.16-16.17.50:924][  0]LogSlate: Using Freetype 2.6.0
[2018.02.16-16.17.50:925][  0]LogSlate: SlateFontCache - WITH_FREETYPE: 1, WITH_HARFBUZZ: 1
[2018.02.16-16.17.50:925][  0]LogSlate: SlateFontCache - WITH_FREETYPE: 1, WITH_HARFBUZZ: 1
[2018.02.16-16.17.51:285][  0]LogInit: Selected Device Profile: [Windows]
[2018.02.16-16.17.51:610][  0]LogSimplygon: Simplygon DLL not present - disabling.
[2018.02.16-16.17.51:647][  0]LogMeshReduction: Using SimplygonSwarm for distributed automatic mesh merging
[2018.02.16-16.17.51:648][  0]LogMeshReduction: Using QuadricMeshReduction for automatic static mesh reduction
[2018.02.16-16.17.51:648][  0]LogMeshReduction: No automatic skeletal mesh reduction module available
[2018.02.16-16.17.51:648][  0]LogMeshReduction: No automatic mesh merging module available
[2018.02.16-16.17.51:648][  0]LogMeshMerging: No automatic mesh merging module available
[2018.02.16-16.17.51:678][  0]LogNetVersion: WhiteLightning , NetCL: 3709383, EngineNetVer: 2, GameNetVer: 0 (Checksum: 2852152215)
[2018.02.16-16.17.51:863][  0]LogAssetRegistry: FAssetRegistry took 0.0272 seconds to start up
[2018.02.16-16.17.52:410][  0]LogPackageLocalizationCache: Processed 7 localized package path(s) for 2 prioritized culture(s) in 0.083197 seconds
[2018.02.16-16.17.52:415][  0]LogUObjectArray: 35870 objects as part of root set at end of initial load.
[2018.02.16-16.17.52:415][  0]LogUObjectAllocator: 7363704 out of 0 bytes used by permanent object pool.
[2018.02.16-16.17.52:415][  0]LogUObjectArray: CloseDisregardForGC: 0/0 objects in disregard for GC pool
[2018.02.16-16.17.52:471][  0]LogInit: WinSock: version 1.1 (2.2), MaxSocks=32767, MaxUdp=65467
[2018.02.16-16.17.55:457][  0]LogTcpMessaging: Initializing TcpMessaging bridge
[2018.02.16-16.17.55:502][  0]LogUdpMessaging: Initializing bridge on interface 0.0.0.0:0 to multicast group 230.0.0.1:6666.
[2018.02.16-16.17.56:163][  0]LogMaterial: Uniform references updated for custom material expression Custom.
[2018.02.16-16.17.56:591][  0]SourceControl: Source control is disabled
[2018.02.16-16.17.58:159][  0]LogAndroidPermission: UAndroidPermissionCallbackProxy::GetInstance
[2018.02.16-16.17.58:435][  0]LogOcInput: OculusInput pre-init called
[2018.02.16-16.17.58:731][  0]LogEngine: Initializing Engine...
[2018.02.16-16.17.58:733][  0]LogHMD: Failed to initialize OpenVR with code 110
[2018.02.16-16.17.58:962][  0]LogStats: UGameplayTagsManager::ConstructGameplayTagTree: Construct from data asset -  0.000 s
[2018.02.16-16.17.58:962][  0]LogStats: UGameplayTagsManager::ConstructGameplayTagTree: GameplayTagTreeChangedEvent.Broadcast -  0.000 s
[2018.02.16-16.17.59:098][  0]LogAIModule: Creating AISystem for world Untitled
[2018.02.16-16.17.59:108][  0]LogInit: XAudio2 using 'Speaker/HP (Realtek High Definition Audio)' : 2 channels at 48 kHz using 32 bits per sample (channel mask 0x3)
[2018.02.16-16.17.59:124][  0]LogInit: FAudioDevice initialized.
[2018.02.16-16.17.59:213][  0]LogDerivedDataCache: Saved boot cache 0.09s 78MB C:/Users/mhers/AppData/Local/UnrealEngine/4.18/DerivedDataCache/Boot.ddc.
[2018.02.16-16.17.59:227][  0]LogInit: Texture streaming: Enabled
[2018.02.16-16.17.59:329][  0]LogEngineSessionManager: EngineSessionManager initialized
[2018.02.16-16.17.59:468][  0]LogInit: Transaction tracking system initialized
[2018.02.16-16.17.59:779][  0]BlueprintLog: New page: Editor Load
[2018.02.16-16.18.00:675][  0]LocalizationService: Localization service is disabled
[2018.02.16-16.18.01:408][  0]LogConsoleResponse: Display: 
[2018.02.16-16.18.01:613][  0]LogCook: Display: Max memory allowance for cook 16384mb min free memory 0mb
[2018.02.16-16.18.01:614][  0]LogCook: Display: Mobile HDR setting 1
[2018.02.16-16.18.01:614][  0]LogGameplayTags: Display: UGameplayTagsManager::DoneAddingNativeTags. DelegateIsBound: 0
[2018.02.16-16.18.01:619][  0]LogFileCache: Scanning file cache for directory 'C:/Users/mhers/Documents/GitHub/WhiteLightningGame/WhiteLightning/Content/' took 0.01s
[2018.02.16-16.18.02:780][  0]Cmd: MAP LOAD FILE="../../../../../../Users/mhers/Documents/GitHub/WhiteLightningGame/WhiteLightning/Content/WhiteLightning/Levels/Tutorial.umap" TEMPLATE=0 SHOWPROGRESS=1 FEATURELEVEL=3
[2018.02.16-16.18.02:780][  0]LightingResults: New page: Lighting Build
[2018.02.16-16.18.02:824][  0]MapCheck: New page: Map Check
[2018.02.16-16.18.02:824][  0]LightingResults: New page: Lighting Build
[2018.02.16-16.18.03:205][  0]LogTexture: Display: Building textures: MainCharacterIdle (BGRA8, 32X64)
[2018.02.16-16.18.03:205][  0]LogTexture: Display: Building textures: MainJump (BGRA8, 32X32)
[2018.02.16-16.18.03:205][  0]LogTexture: Display: Building textures: MainCharacterRunWithGun (BGRA8, 64X64)
[2018.02.16-16.18.03:213][  0]LogAIModule: Creating AISystem for world Tutorial
[2018.02.16-16.18.03:276][  0]LogEditorServer: Finished looking for orphan Actors (0.000 secs)
[2018.02.16-16.18.03:289][  0]Cmd: MAP CHECKDEP NOCLEARLOG
[2018.02.16-16.18.03:340][  0]MapCheck: Map check complete: 0 Error(s), 0 Warning(s), took 50.272ms to complete.
[2018.02.16-16.18.03:340][  0]LogFileHelpers: Loading map 'Tutorial' took 0.560
[2018.02.16-16.18.03:423][  0]LogWindowsTextInputMethodSystem: Display: IME system now deactivated.
[2018.02.16-16.18.03:423][  0]LogWindowsTextInputMethodSystem: Display: IME system now deactivated.
[2018.02.16-16.18.03:591][  0]LogCollectionManager: Loaded 0 collections in 0.002253 seconds
[2018.02.16-16.18.03:753][  0]LogFileCache: Scanning file cache for directory 'C:/Users/mhers/Documents/GitHub/WhiteLightningGame/WhiteLightning/Saved/Collections/' took 0.01s
[2018.02.16-16.18.03:753][  0]LogFileCache: Scanning file cache for directory 'C:/Users/mhers/Documents/GitHub/WhiteLightningGame/WhiteLightning/Content/Developers/mhers/Collections/' took 0.01s
[2018.02.16-16.18.03:753][  0]LogFileCache: Scanning file cache for directory 'C:/Users/mhers/Documents/GitHub/WhiteLightningGame/WhiteLightning/Content/Collections/' took 0.01s
[2018.02.16-16.18.03:753][  0]LogCollectionManager: Rebuilt the GUID cache for 0 collections in 0.000000 seconds
[2018.02.16-16.18.03:764][  0]LogContentBrowser: Native class hierarchy populated in 0.0106 seconds. Added 2363 classes and 519 folders.
[2018.02.16-16.18.03:927][  0]LogContentBrowser: Native class hierarchy updated for 'WidgetCarousel' in 0.0003 seconds. Added 0 classes and 0 folders.
[2018.02.16-16.18.03:978][  0]LogContentBrowser: Native class hierarchy updated for 'AddContentDialog' in 0.0002 seconds. Added 0 classes and 0 folders.
[2018.02.16-16.18.04:022][  0]LogContentBrowser: Native class hierarchy updated for 'SceneOutliner' in 0.0002 seconds. Added 1 classes and 2 folders.
[2018.02.16-16.18.04:087][  0]LogSlate: Took 0.000320 seconds to synchronously load lazily loaded font '../../../Engine/Content/Slate/Fonts/Roboto-Regular.ttf' (155K)
[2018.02.16-16.18.04:091][  0]LogSlate: Took 0.000248 seconds to synchronously load lazily loaded font '../../../Engine/Content/Slate/Fonts/Roboto-Bold.ttf' (160K)
[2018.02.16-16.18.04:103][  0]LogSlate: Took 0.000673 seconds to synchronously load lazily loaded font '../../../Engine/Content/Editor/Slate/Fonts/FontAwesome.ttf' (139K)
[2018.02.16-16.18.04:215][  0]LogRenderer: Reallocating scene render targets to support 1208x580 Format 10 NumSamples 1 (Frame:1).
[2018.02.16-16.18.04:456][  0]LogContentBrowser: Native class hierarchy updated for 'HierarchicalLODOutliner' in 0.0002 seconds. Added 1 classes and 2 folders.
[2018.02.16-16.18.04:456][  0]LogLoad: (Engine Initialization) Total time: 19.44 seconds
[2018.02.16-16.18.04:456][  0]LogLoad: (Engine Initialization) Total Blueprint compile time: 0.00 seconds
[2018.02.16-16.18.04:456][  0]LogExternalProfiler: No external profilers were discovered.  External profiling features will not be available.
[2018.02.16-16.18.04:494][  0]SourceControl: On branch master
[2018.02.16-16.18.04:494][  0]SourceControl: Your branch is up to date with 'origin/master'.
[2018.02.16-16.18.04:494][  0]SourceControl: Changes not staged for commit:
[2018.02.16-16.18.04:494][  0]SourceControl:   (use "git add <file>..." to update what will be committed)
[2018.02.16-16.18.04:494][  0]SourceControl:   (use "git checkout -- <file>..." to discard changes in working directory)
[2018.02.16-16.18.04:494][  0]SourceControl: 	modified:   WhiteLightning/Intermediate/CachedAssetRegistry.bin
[2018.02.16-16.18.04:494][  0]SourceControl: 	modified:   WhiteLightning/Saved/Config/Windows/Editor.ini
[2018.02.16-16.18.04:494][  0]SourceControl: 	modified:   WhiteLightning/Saved/Config/Windows/EditorPerProjectUserSettings.ini
[2018.02.16-16.18.04:494][  0]SourceControl: 	modified:   WhiteLightning/Saved/Config/Windows/Engine.ini
[2018.02.16-16.18.04:494][  0]SourceControl: 	modified:   WhiteLightning/Saved/Logs/WhiteLightning.log
[2018.02.16-16.18.04:494][  0]SourceControl: Untracked files:
[2018.02.16-16.18.04:494][  0]SourceControl:   (use "git add <file>..." to include in what will be committed)
[2018.02.16-16.18.04:494][  0]SourceControl: 	WhiteLightning/Saved/Config/CrashReportClient/UE4CC-Windows-A32015A04DB6396DB4FE3EBF8C12FDC5/
[2018.02.16-16.18.04:494][  0]SourceControl: 	WhiteLightning/Saved/Logs/WhiteLightning-backup-2018.02.16-11.17.45.log
[2018.02.16-16.18.04:494][  0]SourceControl: no changes added to commit (use "git add" and/or "git commit -a")
[2018.02.16-16.18.04:494][  0]LogContentStreaming: Texture pool size now 1000 MB
[2018.02.16-16.18.04:535][  0]LogSlate: Took 0.000145 seconds to synchronously load lazily loaded font '../../../Engine/Content/Slate/Fonts/Roboto-Light.ttf' (159K)
[2018.02.16-16.18.04:550][  1]LogAssetRegistry: Asset discovery search completed in 12.7094 seconds
[2018.02.16-16.18.04:552][  1]LogCollectionManager: Rebuilt the object cache for 0 collections in 0.000000 seconds (found 0 objects)
[2018.02.16-16.18.04:552][  1]LogCollectionManager: Fixed up redirectors for 0 collections in 0.000068 seconds (updated 0 objects)
[2018.02.16-16.18.05:524][ 50]LogSlate: Took 0.000210 seconds to synchronously load lazily loaded font '../../../Engine/Content/Slate/Fonts/Roboto-Light.ttf' (159K)
[2018.02.16-16.18.17:593][771]LogTemp: Repeating last play command: New Editor Window (PIE)
[2018.02.16-16.18.17:808][771]LogPlayLevel: PlayLevel: No blueprints needed recompiling
[2018.02.16-16.18.17:812][771]PIE: New page: PIE session: Tutorial (Feb 16, 2018, 6:18:17 AM)
[2018.02.16-16.18.17:812][771]LogPlayLevel: Creating play world package: /Game/WhiteLightning/Levels/UEDPIE_0_Tutorial
[2018.02.16-16.18.17:849][771]LogPlayLevel: PIE: StaticDuplicateObject took: (0.037183s)
[2018.02.16-16.18.17:850][771]LogAIModule: Creating AISystem for world Tutorial
[2018.02.16-16.18.17:851][771]LogPlayLevel: PIE: World Init took: (0.001574s)
[2018.02.16-16.18.17:851][771]LogPlayLevel: PIE: Created PIE world by copying editor world from /Game/WhiteLightning/Levels/Tutorial.Tutorial to /Game/WhiteLightning/Levels/UEDPIE_0_Tutorial.Tutorial (0.039728s)
[2018.02.16-16.18.17:867][771]LogInit: XAudio2 using 'Speaker/HP (Realtek High Definition Audio)' : 2 channels at 48 kHz using 32 bits per sample (channel mask 0x3)
[2018.02.16-16.18.17:878][771]LogInit: FAudioDevice initialized.
[2018.02.16-16.18.17:938][771]LogLoad: Game class is 'Tutorial_C'
[2018.02.16-16.18.17:963][771]LogWorld: Bringing World /Game/WhiteLightning/Levels/UEDPIE_0_Tutorial.Tutorial up for play (max tick rate 60) at 2018.02.16-11.18.17
[2018.02.16-16.18.17:967][771]LogWorld: Bringing up level for play took: 0.015228
[2018.02.16-16.18.18:032][771]LogContentBrowser: Native class hierarchy updated for 'MovieSceneCapture' in 0.0003 seconds. Added 11 classes and 0 folders.
[2018.02.16-16.18.18:049][771]PIE: Play in editor start time for /Game/WhiteLightning/Levels/UEDPIE_0_Tutorial 1.014
[2018.02.16-16.18.18:156][771]LogRenderer: Reallocating scene render targets to support 1292x756 Format 10 NumSamples 1 (Frame:1).
[2018.02.16-16.18.37:525][862]LogSlate: Took 0.000124 seconds to synchronously load lazily loaded font '../../../Engine/Content/Slate/Fonts/Roboto-Light.ttf' (159K)
[2018.02.16-16.18.37:881][862]LogContentBrowser: Native class hierarchy updated for 'BlueprintGraph' in 0.0005 seconds. Added 116 classes and 0 folders.
[2018.02.16-16.18.38:499][862]LogSlate: Took 0.000120 seconds to synchronously load lazily loaded font '../../../Engine/Content/Slate/Fonts/Roboto-Regular.ttf' (155K)
[2018.02.16-16.18.38:580][862]LogSlate: Took 0.000254 seconds to synchronously load lazily loaded font '../../../Engine/Content/Editor/Slate/Fonts/Roboto-BoldCondensed.ttf' (158K)
[2018.02.16-16.18.38:795][863]LogSlate: Took 0.004928 seconds to synchronously load lazily loaded font '../../../Engine/Content/Editor/Slate/Fonts/Roboto-Italic.ttf' (157K)
[2018.02.16-16.20.31:167][982]BlueprintLog: New page: Compile MainCharacter
[2018.02.16-16.20.32:184][  5]LogSavePackage: Save=123.41ms
[2018.02.16-16.20.32:184][  5]LogSavePackage: Moving '../../../../../../Users/mhers/Documents/GitHub/WhiteLightningGame/WhiteLightning/Saved/MainCharacterD20483CE4138986BE6646AA9FD7A6F9B.tmp' to '../../../../../../Users/mhers/Documents/GitHub/WhiteLightningGame/WhiteLightning/Content/WhiteLightning/Characters/MainCharacter.uasset'
[2018.02.16-16.20.32:187][  5]LogSavePackage: Display: Finished SavePackage ../../../../../../Users/mhers/Documents/GitHub/WhiteLightningGame/WhiteLightning/Content/WhiteLightning/Characters/MainCharacter.uasset
[2018.02.16-16.20.35:032][163]LogTemp: Repeating last play command: New Editor Window (PIE)
[2018.02.16-16.20.35:068][163]LogPlayLevel: PlayLevel: No blueprints needed recompiling
[2018.02.16-16.20.35:068][163]PIE: New page: PIE session: Tutorial (Feb 16, 2018, 6:20:35 AM)
[2018.02.16-16.20.35:068][163]LogPlayLevel: Creating play world package: /Game/WhiteLightning/Levels/UEDPIE_0_Tutorial
[2018.02.16-16.20.35:105][163]LogPlayLevel: PIE: StaticDuplicateObject took: (0.036833s)
[2018.02.16-16.20.35:107][163]LogAIModule: Creating AISystem for world Tutorial
[2018.02.16-16.20.35:107][163]LogPlayLevel: PIE: World Init took: (0.001538s)
[2018.02.16-16.20.35:108][163]LogPlayLevel: PIE: Created PIE world by copying editor world from /Game/WhiteLightning/Levels/Tutorial.Tutorial to /Game/WhiteLightning/Levels/UEDPIE_0_Tutorial.Tutorial (0.038997s)
[2018.02.16-16.20.35:128][163]LogInit: XAudio2 using 'Speaker/HP (Realtek High Definition Audio)' : 2 channels at 48 kHz using 32 bits per sample (channel mask 0x3)
[2018.02.16-16.20.35:139][163]LogInit: FAudioDevice initialized.
[2018.02.16-16.20.35:190][163]LogLoad: Game class is 'Tutorial_C'
[2018.02.16-16.20.35:201][163]LogWorld: Bringing World /Game/WhiteLightning/Levels/UEDPIE_0_Tutorial.Tutorial up for play (max tick rate 60) at 2018.02.16-11.20.35
[2018.02.16-16.20.35:202][163]LogWorld: Bringing up level for play took: 0.011420
[2018.02.16-16.20.35:212][163]PIE: Play in editor start time for /Game/WhiteLightning/Levels/UEDPIE_0_Tutorial 0.177
[2018.02.16-16.20.47:996][797]LogSavePackage: Save=877.57ms
[2018.02.16-16.20.47:996][797]LogSavePackage: Moving '../../../../../../Users/mhers/Documents/GitHub/WhiteLightningGame/WhiteLightning/Saved/Tutorial99F141E846B7A578F52D4FAAD9BE70C3.tmp' to '../../../../../../Users/mhers/Documents/GitHub/WhiteLightningGame/WhiteLightning/Content/WhiteLightning/Levels/Tutorial.umap'
[2018.02.16-16.20.47:999][797]LogSavePackage: Display: Finished SavePackage ../../../../../../Users/mhers/Documents/GitHub/WhiteLightningGame/WhiteLightning/Content/WhiteLightning/Levels/Tutorial.umap
