Log file open, 02/15/18 14:12:00
LogWindows: Failed to load 'aqProf.dll' (GetLastError=126)
LogWindows: File 'aqProf.dll' does not exist
LogWindows: Failed to load 'VtuneApi.dll' (GetLastError=126)
LogWindows: File 'VtuneApi.dll' does not exist
LogWindows: Failed to load 'VtuneApi32e.dll' (GetLastError=126)
LogWindows: File 'VtuneApi32e.dll' does not exist
LogInit: Display: Running engine for game: WhiteLightning
LogPlatformFile: Not using cached read wrapper
LogInit: Display: RandInit(358504951) SRandInit(358504951).
LogInit: Read version file with build ID '3709383'
LogInit: Overriding engine version to CL 3832480, compatible CL 3709383
LogInit: Registered custom module enumerator with build ID '3709383'
LogTaskGraph: Started task graph with 5 named threads and 8 total threads with 3 sets of task threads.
LogStats: Stats thread started at 0.455642
LogD3D11RHI: Aftermath initialized
LogModuleManager: Display: Found up-to-date module file ../../../Engine/Plugins/2D/Paper2D/Binaries/Win64/UE4Editor-Paper2D.dll (API version 3709383).
LogModuleManager: Display: Found up-to-date module file ../../../Engine/Plugins/2D/Paper2D/Binaries/Win64/UE4Editor-Paper2DEditor.dll (API version 3709383).
LogModuleManager: Display: Found up-to-date module file ../../../Engine/Plugins/2D/Paper2D/Binaries/Win64/UE4Editor-PaperSpriteSheetImporter.dll (API version 3709383).
LogModuleManager: Display: Found up-to-date module file ../../../Engine/Plugins/2D/Paper2D/Binaries/Win64/UE4Editor-PaperTiledImporter.dll (API version 3709383).
LogModuleManager: Display: Found up-to-date module file ../../../Engine/Plugins/2D/Paper2D/Binaries/Win64/UE4Editor-SmartSnapping.dll (API version 3709383).
LogModuleManager: Display: Found up-to-date module file ../../../Engine/Plugins/Blendables/LightPropagationVolume/Binaries/Win64/UE4Editor-LightPropagationVolumeRuntime.dll (API version 3709383).
LogModuleManager: Display: Found up-to-date module file ../../../Engine/Plugins/Blendables/LightPropagationVolume/Binaries/Win64/UE4Editor-LightPropagationVolumeEditor.dll (API version 3709383).
LogModuleManager: Display: Found up-to-date module file ../../../Engine/Plugins/Developer/GitSourceControl/Binaries/Win64/UE4Editor-GitSourceControl.dll (API version 3709383).
LogModuleManager: Display: Found up-to-date module file ../../../Engine/Plugins/Developer/PerforceSourceControl/Binaries/Win64/UE4Editor-PerforceSourceControl.dll (API version 3709383).
LogModuleManager: Display: Found up-to-date module file ../../../Engine/Plugins/Developer/SubversionSourceControl/Binaries/Win64/UE4Editor-SubversionSourceControl.dll (API version 3709383).
LogModuleManager: Display: Found up-to-date module file ../../../Engine/Plugins/Developer/UObjectPlugin/Binaries/Win64/UE4Editor-UObjectPlugin.dll (API version 3709383).
LogModuleManager: Display: Found up-to-date module file ../../../Engine/Plugins/Developer/VisualStudioCodeSourceCodeAccess/Binaries/Win64/UE4Editor-VisualStudioCodeSourceCodeAccess.dll (API version 3709383).
LogModuleManager: Display: Found up-to-date module file ../../../Engine/Plugins/Developer/VisualStudioSourceCodeAccess/Binaries/Win64/UE4Editor-VisualStudioSourceCodeAccess.dll (API version 3709383).
LogModuleManager: Display: Found up-to-date module file ../../../Engine/Plugins/Editor/AssetManagerEditor/Binaries/Win64/UE4Editor-AssetManagerEditor.dll (API version 3709383).
LogModuleManager: Display: Found up-to-date module file ../../../Engine/Plugins/Editor/AudioCapture/Binaries/Win64/UE4Editor-AudioCapture.dll (API version 3709383).
LogModuleManager: Display: Found up-to-date module file ../../../Engine/Plugins/Editor/FacialAnimation/Binaries/Win64/UE4Editor-FacialAnimation.dll (API version 3709383).
LogModuleManager: Display: Found up-to-date module file ../../../Engine/Plugins/Editor/FacialAnimation/Binaries/Win64/UE4Editor-FacialAnimationEditor.dll (API version 3709383).
LogModuleManager: Display: Found up-to-date module file ../../../Engine/Plugins/Editor/GameplayTagsEditor/Binaries/Win64/UE4Editor-GameplayTagsEditor.dll (API version 3709383).
LogModuleManager: Display: Found up-to-date module file ../../../Engine/Plugins/Editor/MobileLauncherProfileWizard/Binaries/Win64/UE4Editor-MobileLauncherProfileWizard.dll (API version 3709383).
LogModuleManager: Display: Found up-to-date module file ../../../Engine/Plugins/Editor/PluginBrowser/Binaries/Win64/UE4Editor-PluginBrowser.dll (API version 3709383).
LogModuleManager: Display: Found up-to-date module file ../../../Engine/Plugins/Editor/SpeedTreeImporter/Binaries/Win64/UE4Editor-SpeedTreeImporter.dll (API version 3709383).
LogModuleManager: Display: Found up-to-date module file ../../../Engine/Plugins/Experimental/AlembicImporter/Binaries/Win64/UE4Editor-AlembicImporter.dll (API version 3709383).
LogModuleManager: Display: Found up-to-date module file ../../../Engine/Plugins/Experimental/AlembicImporter/Binaries/Win64/UE4Editor-AlembicLibrary.dll (API version 3709383).
LogModuleManager: Display: Found up-to-date module file ../../../Engine/Plugins/Experimental/CharacterAI/Binaries/Win64/UE4Editor-CharacterAI.dll (API version 3709383).
LogModuleManager: Display: Found up-to-date module file ../../../Engine/Plugins/Experimental/HTML5Networking/Binaries/Win64/UE4Editor-HTML5Networking.dll (API version 3709383).
LogModuleManager: Display: Found up-to-date module file ../../../Engine/Plugins/Media/AndroidMedia/Binaries/Win64/UE4Editor-AndroidMediaEditor.dll (API version 3709383).
LogModuleManager: Display: Found up-to-date module file ../../../Engine/Plugins/Media/AndroidMedia/Binaries/Win64/UE4Editor-AndroidMediaFactory.dll (API version 3709383).
LogModuleManager: Display: Found up-to-date module file ../../../Engine/Plugins/Media/AvfMedia/Binaries/Win64/UE4Editor-AvfMediaEditor.dll (API version 3709383).
LogModuleManager: Display: Found up-to-date module file ../../../Engine/Plugins/Media/AvfMedia/Binaries/Win64/UE4Editor-AvfMediaFactory.dll (API version 3709383).
LogModuleManager: Display: Found up-to-date module file ../../../Engine/Plugins/Media/AvfMedia/Binaries/Win64/UE4Editor-AvfMediaFactory.dll (API version 3709383).
LogModuleManager: Display: Found up-to-date module file ../../../Engine/Plugins/Media/ImgMedia/Binaries/Win64/UE4Editor-ImgMedia.dll (API version 3709383).
LogModuleManager: Display: Found up-to-date module file ../../../Engine/Plugins/Media/ImgMedia/Binaries/Win64/UE4Editor-ImgMediaEditor.dll (API version 3709383).
LogModuleManager: Display: Found up-to-date module file ../../../Engine/Plugins/Media/ImgMedia/Binaries/Win64/UE4Editor-ImgMediaFactory.dll (API version 3709383).
LogModuleManager: Display: Found up-to-date module file ../../../Engine/Plugins/Media/ImgMedia/Binaries/Win64/UE4Editor-ImgMediaFactory.dll (API version 3709383).
LogModuleManager: Display: Found up-to-date module file ../../../Engine/Plugins/Media/ImgMedia/Binaries/Win64/UE4Editor-OpenExrWrapper.dll (API version 3709383).
LogModuleManager: Display: Found up-to-date module file ../../../Engine/Plugins/Media/MediaCompositing/Binaries/Win64/UE4Editor-MediaCompositing.dll (API version 3709383).
LogModuleManager: Display: Found up-to-date module file ../../../Engine/Plugins/Media/MediaCompositing/Binaries/Win64/UE4Editor-MediaCompositingEditor.dll (API version 3709383).
LogModuleManager: Display: Found up-to-date module file ../../../Engine/Plugins/Media/MediaPlayerEditor/Binaries/Win64/UE4Editor-MediaPlayerEditor.dll (API version 3709383).
LogModuleManager: Display: Found up-to-date module file ../../../Engine/Plugins/Media/WmfMedia/Binaries/Win64/UE4Editor-WmfMedia.dll (API version 3709383).
LogModuleManager: Display: Found up-to-date module file ../../../Engine/Plugins/Media/WmfMedia/Binaries/Win64/UE4Editor-WmfMediaEditor.dll (API version 3709383).
LogModuleManager: Display: Found up-to-date module file ../../../Engine/Plugins/Media/WmfMedia/Binaries/Win64/UE4Editor-WmfMediaFactory.dll (API version 3709383).
LogModuleManager: Display: Found up-to-date module file ../../../Engine/Plugins/Media/WmfMedia/Binaries/Win64/UE4Editor-WmfMediaFactory.dll (API version 3709383).
LogModuleManager: Display: Found up-to-date module file ../../../Engine/Plugins/Messaging/TcpMessaging/Binaries/Win64/UE4Editor-TcpMessaging.dll (API version 3709383).
LogModuleManager: Display: Found up-to-date module file ../../../Engine/Plugins/Messaging/UdpMessaging/Binaries/Win64/UE4Editor-UdpMessaging.dll (API version 3709383).
LogModuleManager: Display: Found up-to-date module file ../../../Engine/Plugins/MovieScene/ActorSequence/Binaries/Win64/UE4Editor-ActorSequence.dll (API version 3709383).
LogModuleManager: Display: Found up-to-date module file ../../../Engine/Plugins/MovieScene/LevelSequenceEditor/Binaries/Win64/UE4Editor-LevelSequenceEditor.dll (API version 3709383).
LogModuleManager: Display: Found up-to-date module file ../../../Engine/Plugins/MovieScene/MatineeToLevelSequence/Binaries/Win64/UE4Editor-MatineeToLevelSequence.dll (API version 3709383).
LogModuleManager: Display: Found up-to-date module file ../../../Engine/Plugins/Online/OnlineSubsystem/Binaries/Win64/UE4Editor-OnlineSubsystem.dll (API version 3709383).
LogModuleManager: Display: Found up-to-date module file ../../../Engine/Plugins/Runtime/AndroidPermission/Binaries/Win64/UE4Editor-AndroidPermission.dll (API version 3709383).
LogModuleManager: Display: Found up-to-date module file ../../../Engine/Plugins/Online/OnlineSubsystemNull/Binaries/Win64/UE4Editor-OnlineSubsystemNull.dll (API version 3709383).
LogModuleManager: Display: Found up-to-date module file ../../../Engine/Plugins/Online/OnlineSubsystemUtils/Binaries/Win64/UE4Editor-OnlineSubsystemUtils.dll (API version 3709383).
LogModuleManager: Display: Found up-to-date module file ../../../Engine/Plugins/Online/OnlineSubsystemUtils/Binaries/Win64/UE4Editor-OnlineBlueprintSupport.dll (API version 3709383).
LogModuleManager: Display: Found up-to-date module file ../../../Engine/Plugins/Runtime/AndroidDeviceProfileSelector/Binaries/Win64/UE4Editor-AndroidDeviceProfileSelector.dll (API version 3709383).
LogModuleManager: Display: Found up-to-date module file ../../../Engine/Plugins/Runtime/AppleARKit/Binaries/Win64/UE4Editor-AppleARKit.dll (API version 3709383).
LogModuleManager: Display: Found up-to-date module file ../../../Engine/Plugins/Runtime/ArchVisCharacter/Binaries/Win64/UE4Editor-ArchVisCharacter.dll (API version 3709383).
LogModuleManager: Display: Found up-to-date module file ../../../Engine/Plugins/Runtime/CableComponent/Binaries/Win64/UE4Editor-CableComponent.dll (API version 3709383).
LogModuleManager: Display: Found up-to-date module file ../../../Engine/Plugins/Runtime/CustomMeshComponent/Binaries/Win64/UE4Editor-CustomMeshComponent.dll (API version 3709383).
LogModuleManager: Display: Found up-to-date module file ../../../Engine/Plugins/Runtime/ExampleDeviceProfileSelector/Binaries/Win64/UE4Editor-ExampleDeviceProfileSelector.dll (API version 3709383).
LogModuleManager: Display: Found up-to-date module file ../../../Engine/Plugins/Runtime/ImmediatePhysics/Binaries/Win64/UE4Editor-ImmediatePhysics.dll (API version 3709383).
LogModuleManager: Display: Found up-to-date module file ../../../Engine/Plugins/Runtime/ImmediatePhysics/Binaries/Win64/UE4Editor-ImmediatePhysicsEditor.dll (API version 3709383).
LogModuleManager: Display: Found up-to-date module file ../../../Engine/Plugins/Runtime/LocationServicesBPLibrary/Binaries/Win64/UE4Editor-LocationServicesBPLibrary.dll (API version 3709383).
LogModuleManager: Display: Found up-to-date module file ../../../Engine/Plugins/Runtime/MobilePatchingUtils/Binaries/Win64/UE4Editor-MobilePatchingUtils.dll (API version 3709383).
LogModuleManager: Display: Found up-to-date module file ../../../Engine/Plugins/Runtime/Oculus/OculusVR/Binaries/Win64/UE4Editor-OculusHMD.dll (API version 3709383).
LogModuleManager: Display: Found up-to-date module file ../../../Engine/Plugins/Runtime/Oculus/OculusVR/Binaries/Win64/UE4Editor-OculusInput.dll (API version 3709383).
LogModuleManager: Display: Found up-to-date module file ../../../Engine/Plugins/Runtime/Oculus/OculusVR/Binaries/Win64/UE4Editor-OculusEditor.dll (API version 3709383).
LogModuleManager: Display: Found up-to-date module file ../../../Engine/Plugins/Runtime/PhysXVehicles/Binaries/Win64/UE4Editor-PhysXVehicles.dll (API version 3709383).
LogModuleManager: Display: Found up-to-date module file ../../../Engine/Plugins/Runtime/PhysXVehicles/Binaries/Win64/UE4Editor-PhysXVehiclesEditor.dll (API version 3709383).
LogModuleManager: Display: Found up-to-date module file ../../../Engine/Plugins/Runtime/ProceduralMeshComponent/Binaries/Win64/UE4Editor-ProceduralMeshComponent.dll (API version 3709383).
LogModuleManager: Display: Found up-to-date module file ../../../Engine/Plugins/Runtime/ProceduralMeshComponent/Binaries/Win64/UE4Editor-ProceduralMeshComponentEditor.dll (API version 3709383).
LogModuleManager: Display: Found up-to-date module file ../../../Engine/Plugins/Runtime/RuntimePhysXCooking/Binaries/Win64/UE4Editor-RuntimePhysXCooking.dll (API version 3709383).
LogModuleManager: Display: Found up-to-date module file ../../../Engine/Plugins/Runtime/Steam/SteamVR/Binaries/Win64/UE4Editor-SteamVR.dll (API version 3709383).
LogModuleManager: Display: Found up-to-date module file ../../../Engine/Plugins/Runtime/Steam/SteamVR/Binaries/Win64/UE4Editor-SteamVRController.dll (API version 3709383).
LogModuleManager: Display: Found up-to-date module file ../../../Engine/Plugins/Runtime/WindowsMoviePlayer/Binaries/Win64/UE4Editor-WindowsMoviePlayer.dll (API version 3709383).
LogPluginManager: Mounting plugin Paper2D
LogPluginManager: Mounting plugin LightPropagationVolume
LogPluginManager: Mounting plugin CodeLiteSourceCodeAccess
LogPluginManager: Mounting plugin GitSourceControl
LogPluginManager: Mounting plugin KDevelopSourceCodeAccess
LogPluginManager: Mounting plugin NullSourceCodeAccess
LogPluginManager: Mounting plugin PerforceSourceControl
LogPluginManager: Mounting plugin SubversionSourceControl
LogPluginManager: Mounting plugin UObjectPlugin
LogPluginManager: Mounting plugin VisualStudioCodeSourceCodeAccess
LogPluginManager: Mounting plugin VisualStudioSourceCodeAccess
LogPluginManager: Mounting plugin XCodeSourceCodeAccess
LogPluginManager: Mounting plugin AssetManagerEditor
LogPluginManager: Mounting plugin AudioCapture
LogPluginManager: Mounting plugin FacialAnimation
LogPluginManager: Mounting plugin GameplayTagsEditor
LogPluginManager: Mounting plugin MobileLauncherProfileWizard
LogPluginManager: Mounting plugin PluginBrowser
LogPluginManager: Mounting plugin SpeedTreeImporter
LogPluginManager: Mounting plugin AlembicImporter
LogPluginManager: Mounting plugin CharacterAI
LogPluginManager: Mounting plugin HTML5Networking
LogPluginManager: Mounting plugin AndroidMedia
LogPluginManager: Mounting plugin AvfMedia
LogPluginManager: Mounting plugin ImgMedia
LogPluginManager: Mounting plugin MediaCompositing
LogPluginManager: Mounting plugin MediaPlayerEditor
LogPluginManager: Mounting plugin WmfMedia
LogPluginManager: Mounting plugin TcpMessaging
LogPluginManager: Mounting plugin UdpMessaging
LogPluginManager: Mounting plugin ActorSequence
LogPluginManager: Mounting plugin LevelSequenceEditor
LogPluginManager: Mounting plugin MatineeToLevelSequence
LogPluginManager: Mounting plugin OnlineSubsystemGooglePlay
LogPluginManager: Mounting plugin OnlineSubsystemIOS
LogPluginManager: Mounting plugin OnlineSubsystem
LogPluginManager: Mounting plugin OnlineSubsystemNull
LogPluginManager: Mounting plugin OnlineSubsystemUtils
LogPluginManager: Mounting plugin AndroidDeviceProfileSelector
LogPluginManager: Mounting plugin AndroidMoviePlayer
LogPluginManager: Mounting plugin AndroidPermission
LogPluginManager: Mounting plugin AppleARKit
LogPluginManager: Mounting plugin AppleMoviePlayer
LogPluginManager: Mounting plugin ArchVisCharacter
LogPluginManager: Mounting plugin CableComponent
LogPluginManager: Mounting plugin CustomMeshComponent
LogPluginManager: Mounting plugin ExampleDeviceProfileSelector
LogPluginManager: Mounting plugin GoogleCloudMessaging
LogPluginManager: Mounting plugin ImmediatePhysics
LogPluginManager: Mounting plugin IOSDeviceProfileSelector
LogPluginManager: Mounting plugin LinuxDeviceProfileSelector
LogPluginManager: Mounting plugin LocationServicesBPLibrary
LogPluginManager: Mounting plugin MobilePatchingUtils
LogPluginManager: Mounting plugin OculusVR
LogPluginManager: Plugin shader directory ../../../Engine/Plugins/Runtime/Oculus/OculusVR/Shaders found
LogPluginManager: Mapping shader source directory ../../../Engine/Plugins/Runtime/Oculus/OculusVR/Shaders to virtual directory /Plugin/OculusVR
LogPluginManager: Mounting plugin PhysXVehicles
LogPluginManager: Mounting plugin ProceduralMeshComponent
LogPluginManager: Mounting plugin RuntimePhysXCooking
LogPluginManager: Mounting plugin SteamVR
LogPluginManager: Mounting plugin WindowsMoviePlayer
LogInit: Using libcurl 7.47.1
LogInit:  - built for x86_64-pc-win32
LogInit:  - supports SSL with OpenSSL/1.0.2g
LogInit:  - supports HTTP deflate (compression) using libz 1.2.8
LogInit:  - other features:
LogInit:      CURL_VERSION_SSL
LogInit:      CURL_VERSION_LIBZ
LogInit:      CURL_VERSION_IPV6
LogInit:      CURL_VERSION_ASYNCHDNS
LogInit:      CURL_VERSION_LARGEFILE
LogInit:      CURL_VERSION_IDN
LogInit:  CurlRequestOptions (configurable via config and command line):
LogInit:  - bVerifyPeer = false  - Libcurl will NOT verify peer certificate
LogInit:  - bUseHttpProxy = false  - Libcurl will NOT use HTTP proxy
LogInit:  - bDontReuseConnections = false  - Libcurl will reuse connections
LogInit:  - CertBundlePath = nullptr  - Libcurl will use whatever was configured at build time.
LogInit: Build: ++UE4+Release-4.18-CL-3832480
LogInit: Engine Version: 4.18.3-3832480+++UE4+Release-4.18
LogInit: Compatible Engine Version: 4.18.0-3709383+++UE4+Release-4.18
LogInit: Net CL: 3709383
LogDevObjectVersion: Number of dev versions registered: 16
LogDevObjectVersion:   Dev-Blueprints (B0D832E4-1F89-4F0D-ACCF-7EB736FD4AA2): 10
LogDevObjectVersion:   Dev-Build (E1C64328-A22C-4D53-A36C-8E866417BD8C): 0
LogDevObjectVersion:   Dev-Core (375EC13C-06E4-48FB-B500-84F0262A717E): 2
LogDevObjectVersion:   Dev-Editor (E4B068ED-F494-42E9-A231-DA0B2E46BB41): 20
LogDevObjectVersion:   Dev-Framework (CFFC743F-43B0-4480-9391-14DF171D2073): 30
LogDevObjectVersion:   Dev-Mobile (B02B49B5-BB20-44E9-A304-32B752E40360): 0
LogDevObjectVersion:   Dev-Networking (A4E4105C-59A1-49B5-A7C5-40C4547EDFEE): 0
LogDevObjectVersion:   Dev-Online (39C831C9-5AE6-47DC-9A44-9C173E1C8E7C): 0
LogDevObjectVersion:   Dev-Physics (78F01B33-EBEA-4F98-B9B4-84EACCB95AA2): 0
LogDevObjectVersion:   Dev-Platform (6631380F-2D4D-43E0-8009-CF276956A95A): 0
LogDevObjectVersion:   Dev-Rendering (12F88B9F-8875-4AFC-A67C-D90C383ABD29): 20
LogDevObjectVersion:   Dev-Sequencer (7B5AE74C-D270-4C10-A958-57980B212A5A): 4
LogDevObjectVersion:   Dev-VR (D7296918-1DD6-4BDD-9DE2-64A83CC13884): 0
LogDevObjectVersion:   Dev-LoadTimes (C2A15278-BFE7-4AFE-6C17-90FF531DF755): 1
LogDevObjectVersion:   Private-Geometry (6EACA3D4-40EC-4CC1-B786-8BED09428FC5): 1
LogDevObjectVersion:   Dev-AnimPhys (29E575DD-E0A3-4627-9D10-D276232CDCEA): 12
LogInit: Compiled (64-bit): Jan 12 2018 02:04:55
LogInit: Compiled with Visual C++: 19.00.24215.01
LogInit: Build Configuration: Development
LogInit: Branch Name: ++UE4+Release-4.18
LogInit: Command line:  
LogInit: Base directory: C:/Program Files/Epic Games/UE_4.18/Engine/Binaries/Win64/
LogInit: Installed Engine Build: 1
LogInit: Presizing for max 8388607 objects, including 0 objects not considered by GC, pre-allocating 0 bytes for permanent pool.
LogInit: Object subsystem initialized
[2018.02.15-19.12.03:215][  0]LogInit: Selected Device Profile: [Windows]
[2018.02.15-19.12.03:215][  0]LogInit: Applying CVar settings loaded from the selected device profile: [Windows]
[2018.02.15-19.12.03:268][  0]LogInit: Computer: DESKTOP-E87OOJI
[2018.02.15-19.12.03:268][  0]LogInit: User: chris
[2018.02.15-19.12.03:268][  0]LogInit: CPU Page size=4096, Cores=2
[2018.02.15-19.12.03:268][  0]LogInit: High frequency timer resolution =2.343753 MHz
[2018.02.15-19.12.03:269][  0]LogMemory: Memory total: Physical=7.9GB (8GB approx)
[2018.02.15-19.12.03:269][  0]LogMemory: Platform Memory Stats for Windows
[2018.02.15-19.12.03:269][  0]LogMemory: Process Physical Memory: 271.28 MB used, 271.28 MB peak
[2018.02.15-19.12.03:269][  0]LogMemory: Process Virtual Memory: 269.32 MB used, 269.32 MB peak
[2018.02.15-19.12.03:269][  0]LogMemory: Physical Memory: 3181.79 MB used,  4869.66 MB free, 8051.46 MB total
[2018.02.15-19.12.03:269][  0]LogMemory: Virtual Memory: 678.39 MB used,  4869.66 MB free, 134217728.00 MB total
[2018.02.15-19.12.03:820][  0]LogInit: Using OS detected language (en-US).
[2018.02.15-19.12.03:820][  0]LogInit: Using OS detected locale (en-US).
[2018.02.15-19.12.03:919][  0]LogTextLocalizationManager: No specific localization for 'en-US' exists, so the 'en' localization will be used.
[2018.02.15-19.12.04:689][  0]LogInit: Setting process to per monitor DPI aware
[2018.02.15-19.12.08:579][  0]LogD3D11RHI: D3D11 adapters:
[2018.02.15-19.12.08:591][  0]LogD3D11RHI:    0. 'Intel(R) HD Graphics 520' (Feature Level 11_0)
[2018.02.15-19.12.08:591][  0]LogD3D11RHI:       128/0/4025 MB DedicatedVideo/DedicatedSystem/SharedSystem, Outputs:1, VendorId:0x8086
[2018.02.15-19.12.08:594][  0]LogD3D11RHI:    1. 'Microsoft Basic Render Driver' (Feature Level 11_0)
[2018.02.15-19.12.08:594][  0]LogD3D11RHI:       0/0/4025 MB DedicatedVideo/DedicatedSystem/SharedSystem, Outputs:0, VendorId:0x1414
[2018.02.15-19.12.08:594][  0]LogD3D11RHI: Chosen D3D11 Adapter: 0
[2018.02.15-19.12.08:602][  0]LogD3D11RHI: Creating new Direct3DDevice
[2018.02.15-19.12.08:602][  0]LogD3D11RHI:     GPU DeviceId: 0x1916 (for the marketing name, search the web for "GPU Device Id")
[2018.02.15-19.12.08:603][  0]LogWindows: EnumDisplayDevices:
[2018.02.15-19.12.08:603][  0]LogWindows:    0. 'Intel(R) HD Graphics 520' (P:1 D:1)
[2018.02.15-19.12.08:603][  0]LogWindows:    1. 'Intel(R) HD Graphics 520' (P:0 D:0)
[2018.02.15-19.12.08:603][  0]LogWindows:    2. 'Intel(R) HD Graphics 520' (P:0 D:0)
[2018.02.15-19.12.08:603][  0]LogWindows: DebugString: GetVideoDriverDetailsInvalid PrimaryIsNotTheChoosenAdapter GetVideoDriverDetailsInvalid PrimaryIsNotTheChoosenAdapter GetVideoDriverDetailsInvalid PrimaryIsNotTheChoosenAdapter FoundDriverCount:0 
[2018.02.15-19.12.08:603][  0]LogD3D11RHI:     Adapter Name: Intel(R) HD Graphics 520
[2018.02.15-19.12.08:603][  0]LogD3D11RHI:   Driver Version: Unknown (internal:Unknown, unified:Unknown)
[2018.02.15-19.12.08:603][  0]LogD3D11RHI:      Driver Date: Unknown
[2018.02.15-19.12.08:603][  0]LogRHI: Texture pool is 1498 MB (70% of 2140 MB)
[2018.02.15-19.12.08:611][  0]LogD3D11RHI: Async texture creation enabled
[2018.02.15-19.12.08:645][  0]LogD3D11RHI: GPU Timing Frequency: 12.000000 (Debug: 2 0)
[2018.02.15-19.12.08:654][  0]LogShaderCompilers: Guid format shader working directory is -44 characters bigger than the processId version (../../../../../../Users/chris/OneDrive/Documents/GitHub/WhiteLightningGame/WhiteLightning/Intermediate/Shaders/WorkingDirectory/12692/).
[2018.02.15-19.12.08:654][  0]LogShaderCompilers: Cleaned the shader compiler working directory 'C:/Users/chris/AppData/Local/Temp/UnrealShaderWorkingDir/D0ABEEF14C3587ECD43C5887EFABC7FA/'.
[2018.02.15-19.12.08:655][  0]LogShaderCompilers: Display: Using Local Shader Compiler.
[2018.02.15-19.12.12:719][  0]LogTemp: Display: Loaded TP AllDesktopTargetPlatform
[2018.02.15-19.12.12:821][  0]LogTemp: Display: Loaded TP MacClientTargetPlatform
[2018.02.15-19.12.12:924][  0]LogTemp: Display: Loaded TP MacNoEditorTargetPlatform
[2018.02.15-19.12.13:017][  0]LogTemp: Display: Loaded TP MacServerTargetPlatform
[2018.02.15-19.12.13:123][  0]LogTemp: Display: Loaded TP MacTargetPlatform
[2018.02.15-19.12.13:225][  0]LogTemp: Display: Loaded TP WindowsClientTargetPlatform
[2018.02.15-19.12.13:326][  0]LogTemp: Display: Loaded TP WindowsNoEditorTargetPlatform
[2018.02.15-19.12.13:424][  0]LogTemp: Display: Loaded TP WindowsServerTargetPlatform
[2018.02.15-19.12.13:497][  0]LogTemp: Display: Loaded TP WindowsTargetPlatform
[2018.02.15-19.12.13:597][  0]LogTemp: Display: Loaded TP Android_ASTCTargetPlatform
[2018.02.15-19.12.13:695][  0]LogTemp: Display: Loaded TP Android_ATCTargetPlatform
[2018.02.15-19.12.13:791][  0]LogTemp: Display: Loaded TP Android_DXTTargetPlatform
[2018.02.15-19.12.13:889][  0]LogTemp: Display: Loaded TP Android_ETC1TargetPlatform
[2018.02.15-19.12.13:990][  0]LogTemp: Display: Loaded TP Android_ETC2TargetPlatform
[2018.02.15-19.12.14:191][  0]LogTemp: Display: Loaded TP Android_MultiTargetPlatform
[2018.02.15-19.12.14:191][  0]LogTemp: Display: Loaded TP Android_PVRTCTargetPlatform
[2018.02.15-19.12.14:289][  0]LogTemp: Display: Loaded TP AndroidTargetPlatform
[2018.02.15-19.12.14:360][  0]LogTemp: Display: Loaded TP HTML5TargetPlatform
[2018.02.15-19.12.14:509][  0]LogTemp: Display: Loaded TP IOSTargetPlatform
[2018.02.15-19.12.14:558][  0]LogTemp: Display: Loaded TP TVOSTargetPlatform
[2018.02.15-19.12.14:647][  0]LogTemp: Display: Loaded TP LinuxClientTargetPlatform
[2018.02.15-19.12.14:731][  0]LogTemp: Display: Loaded TP LinuxNoEditorTargetPlatform
[2018.02.15-19.12.14:814][  0]LogTemp: Display: Loaded TP LinuxServerTargetPlatform
[2018.02.15-19.12.14:913][  0]LogTemp: Display: Loaded TP LinuxTargetPlatform
[2018.02.15-19.12.14:913][  0]LogTargetPlatformManager: Display: Building Assets For Windows
[2018.02.15-19.12.15:919][  0]LogDerivedDataCache: Display: Max Cache Size: 512 MB
[2018.02.15-19.12.16:556][  0]LogDerivedDataCache: Loaded boot cache 0.64s 78MB C:/Users/chris/AppData/Local/UnrealEngine/4.18/DerivedDataCache/Boot.ddc.
[2018.02.15-19.12.16:556][  0]LogDerivedDataCache: Display: Loaded Boot cache: C:/Users/chris/AppData/Local/UnrealEngine/4.18/DerivedDataCache/Boot.ddc
[2018.02.15-19.12.16:557][  0]LogDerivedDataCache: FDerivedDataBackendGraph:  Pak pak cache file ../../../../../../Users/chris/OneDrive/Documents/GitHub/WhiteLightningGame/WhiteLightning/DerivedDataCache/DDC.ddp not found, will not use a pak cache.
[2018.02.15-19.12.16:557][  0]LogDerivedDataCache: Unable to find inner node Pak for hierarchical cache Hierarchy.
[2018.02.15-19.12.16:557][  0]LogDerivedDataCache: FDerivedDataBackendGraph:  CompressedPak pak cache file ../../../../../../Users/chris/OneDrive/Documents/GitHub/WhiteLightningGame/WhiteLightning/DerivedDataCache/Compressed.ddp not found, will not use a pak cache.
[2018.02.15-19.12.16:557][  0]LogDerivedDataCache: Unable to find inner node CompressedPak for hierarchical cache Hierarchy.
[2018.02.15-19.12.16:599][  0]LogDerivedDataCache: Display: Pak cache opened for reading ../../../Engine/DerivedDataCache/Compressed.ddp.
[2018.02.15-19.12.16:613][  0]LogDerivedDataCache: Using Local data cache path C:/Users/chris/AppData/Local/UnrealEngine/Common/DerivedDataCache: Writable
[2018.02.15-19.12.16:636][  0]LogMaterial: Verifying Global Shaders for PCD3D_SM5
[2018.02.15-19.12.16:643][  0]LogSlate: Using Freetype 2.6.0
[2018.02.15-19.12.16:669][  0]LogSlate: SlateFontCache - WITH_FREETYPE: 1, WITH_HARFBUZZ: 1
[2018.02.15-19.12.16:670][  0]LogSlate: SlateFontCache - WITH_FREETYPE: 1, WITH_HARFBUZZ: 1
[2018.02.15-19.12.18:033][  0]LogInit: Selected Device Profile: [Windows]
[2018.02.15-19.12.18:869][  0]LogSimplygon: Simplygon DLL not present - disabling.
[2018.02.15-19.12.18:951][  0]LogMeshReduction: Using SimplygonSwarm for distributed automatic mesh merging
[2018.02.15-19.12.18:952][  0]LogMeshReduction: Using QuadricMeshReduction for automatic static mesh reduction
[2018.02.15-19.12.18:952][  0]LogMeshReduction: No automatic skeletal mesh reduction module available
[2018.02.15-19.12.18:952][  0]LogMeshReduction: No automatic mesh merging module available
[2018.02.15-19.12.18:952][  0]LogMeshMerging: No automatic mesh merging module available
[2018.02.15-19.12.19:055][  0]LogNetVersion: WhiteLightning , NetCL: 3709383, EngineNetVer: 2, GameNetVer: 0 (Checksum: 2852152215)
[2018.02.15-19.12.19:670][  0]LogAssetRegistry: FAssetRegistry took 0.0346 seconds to start up
[2018.02.15-19.12.21:372][  0]LogPackageLocalizationCache: Processed 7 localized package path(s) for 2 prioritized culture(s) in 0.127779 seconds
[2018.02.15-19.12.21:381][  0]LogUObjectArray: 35870 objects as part of root set at end of initial load.
[2018.02.15-19.12.21:381][  0]LogUObjectAllocator: 7363704 out of 0 bytes used by permanent object pool.
[2018.02.15-19.12.21:381][  0]LogUObjectArray: CloseDisregardForGC: 0/0 objects in disregard for GC pool
[2018.02.15-19.12.21:486][  0]LogInit: WinSock: version 1.1 (2.2), MaxSocks=32767, MaxUdp=65467
[2018.02.15-19.12.29:762][  0]LogTcpMessaging: Initializing TcpMessaging bridge
[2018.02.15-19.12.29:824][  0]LogUdpMessaging: Initializing bridge on interface 0.0.0.0:0 to multicast group 230.0.0.1:6666.
[2018.02.15-19.12.30:984][  0]LogMaterial: Uniform references updated for custom material expression Custom.
[2018.02.15-19.12.31:661][  0]SourceControl: Source control is disabled
[2018.02.15-19.12.34:075][  0]LogAndroidPermission: UAndroidPermissionCallbackProxy::GetInstance
[2018.02.15-19.12.34:432][  0]LogOcInput: OculusInput pre-init called
[2018.02.15-19.12.34:845][  0]LogEngine: Initializing Engine...
[2018.02.15-19.12.34:851][  0]LogHMD: Failed to initialize OpenVR with code 110
[2018.02.15-19.12.35:124][  0]LogStats: UGameplayTagsManager::ConstructGameplayTagTree: Construct from data asset -  0.000 s
[2018.02.15-19.12.35:124][  0]LogStats: UGameplayTagsManager::ConstructGameplayTagTree: GameplayTagTreeChangedEvent.Broadcast -  0.000 s
[2018.02.15-19.12.35:319][  0]LogAIModule: Creating AISystem for world Untitled
[2018.02.15-19.12.35:345][  0]LogInit: XAudio2 using 'Headphones (Jaybird X2 Stereo)' : 2 channels at 44.1 kHz using 16 bits per sample (channel mask 0x3)
[2018.02.15-19.12.35:799][  0]LogInit: FAudioDevice initialized.
[2018.02.15-19.12.35:895][  0]LogDerivedDataCache: Saved boot cache 0.09s 78MB C:/Users/chris/AppData/Local/UnrealEngine/4.18/DerivedDataCache/Boot.ddc.
[2018.02.15-19.12.35:906][  0]LogInit: Texture streaming: Enabled
[2018.02.15-19.12.36:046][  0]LogEngineSessionManager: EngineSessionManager initialized
[2018.02.15-19.12.36:302][  0]LogInit: Transaction tracking system initialized
[2018.02.15-19.12.36:817][  0]BlueprintLog: New page: Editor Load
[2018.02.15-19.12.38:307][  0]LocalizationService: Localization service is disabled
[2018.02.15-19.12.39:488][  0]LogConsoleResponse: Display: 
[2018.02.15-19.12.40:047][  0]LogFileCache: Scanning file cache for directory 'C:/Users/chris/OneDrive/Documents/GitHub/WhiteLightningGame/WhiteLightning/Content/' took 0.02s
[2018.02.15-19.12.40:047][  0]LogCook: Display: Max memory allowance for cook 16384mb min free memory 0mb
[2018.02.15-19.12.40:047][  0]LogCook: Display: Mobile HDR setting 1
[2018.02.15-19.12.40:048][  0]LogGameplayTags: Display: UGameplayTagsManager::DoneAddingNativeTags. DelegateIsBound: 0
[2018.02.15-19.12.42:056][  0]Cmd: MAP LOAD FILE="../../../../../../Users/chris/OneDrive/Documents/GitHub/WhiteLightningGame/WhiteLightning/Content/WhiteLightning/Levels/Tutorial.umap" TEMPLATE=0 SHOWPROGRESS=1 FEATURELEVEL=3
[2018.02.15-19.12.42:057][  0]LightingResults: New page: Lighting Build
[2018.02.15-19.12.42:129][  0]MapCheck: New page: Map Check
[2018.02.15-19.12.42:129][  0]LightingResults: New page: Lighting Build
[2018.02.15-19.12.42:798][  0]LogAIModule: Creating AISystem for world Tutorial
[2018.02.15-19.12.42:944][  0]LogEditorServer: Finished looking for orphan Actors (0.000 secs)
[2018.02.15-19.12.42:976][  0]Cmd: MAP CHECKDEP NOCLEARLOG
[2018.02.15-19.12.43:056][  0]MapCheck: Map check complete: 0 Error(s), 0 Warning(s), took 80.164ms to complete.
[2018.02.15-19.12.43:056][  0]LogFileHelpers: Loading map 'Tutorial' took 1.002
[2018.02.15-19.12.43:453][  0]LogCollectionManager: Loaded 0 collections in 0.002698 seconds
[2018.02.15-19.12.43:592][  0]LogFileCache: Scanning file cache for directory 'C:/Users/chris/OneDrive/Documents/GitHub/WhiteLightningGame/WhiteLightning/Saved/Collections/' took 0.01s
[2018.02.15-19.12.43:592][  0]LogFileCache: Scanning file cache for directory 'C:/Users/chris/OneDrive/Documents/GitHub/WhiteLightningGame/WhiteLightning/Content/Developers/chris/Collections/' took 0.01s
[2018.02.15-19.12.43:592][  0]LogFileCache: Scanning file cache for directory 'C:/Users/chris/OneDrive/Documents/GitHub/WhiteLightningGame/WhiteLightning/Content/Collections/' took 0.01s
[2018.02.15-19.12.43:592][  0]LogCollectionManager: Rebuilt the GUID cache for 0 collections in 0.000000 seconds
[2018.02.15-19.12.43:607][  0]LogContentBrowser: Native class hierarchy populated in 0.0132 seconds. Added 2363 classes and 519 folders.
[2018.02.15-19.12.43:709][  0]LogContentBrowser: Native class hierarchy updated for 'WidgetCarousel' in 0.0004 seconds. Added 0 classes and 0 folders.
[2018.02.15-19.12.44:184][  0]LogContentBrowser: Native class hierarchy updated for 'AddContentDialog' in 0.0004 seconds. Added 0 classes and 0 folders.
[2018.02.15-19.12.44:335][  0]LogSlate: Took 0.007063 seconds to synchronously load lazily loaded font '../../../Engine/Content/Slate/Fonts/Roboto-Regular.ttf' (155K)
[2018.02.15-19.12.44:343][  0]LogSlate: Took 0.005437 seconds to synchronously load lazily loaded font '../../../Engine/Content/Slate/Fonts/Roboto-Bold.ttf' (160K)
[2018.02.15-19.12.44:358][  0]LogSlate: Took 0.006099 seconds to synchronously load lazily loaded font '../../../Engine/Content/Editor/Slate/Fonts/FontAwesome.ttf' (139K)
[2018.02.15-19.12.44:543][  0]LogRenderer: Reallocating scene render targets to support 804x348 Format 10 NumSamples 1 (Frame:1).
[2018.02.15-19.12.45:155][  0]LogContentBrowser: Native class hierarchy updated for 'HierarchicalLODOutliner' in 0.0004 seconds. Added 1 classes and 2 folders.
[2018.02.15-19.12.45:155][  0]LogLoad: (Engine Initialization) Total time: 48.48 seconds
[2018.02.15-19.12.45:155][  0]LogLoad: (Engine Initialization) Total Blueprint compile time: 0.00 seconds
[2018.02.15-19.12.45:155][  0]LogExternalProfiler: Found external profiler: VSPerf
[2018.02.15-19.12.45:155][  0]LogExternalProfiler: Using external profiler: VSPerf
[2018.02.15-19.12.45:532][  0]SourceControl: On branch master
[2018.02.15-19.12.45:532][  0]SourceControl: Your branch is up to date with 'origin/master'.
[2018.02.15-19.12.45:532][  0]SourceControl: Changes not staged for commit:
[2018.02.15-19.12.45:532][  0]SourceControl:   (use "git add <file>..." to update what will be committed)
[2018.02.15-19.12.45:532][  0]SourceControl:   (use "git checkout -- <file>..." to discard changes in working directory)
[2018.02.15-19.12.45:532][  0]SourceControl: 	modified:   WhiteLightning/Intermediate/CachedAssetRegistry.bin
[2018.02.15-19.12.45:532][  0]SourceControl: 	modified:   WhiteLightning/Saved/Config/Windows/Editor.ini
[2018.02.15-19.12.45:532][  0]SourceControl: 	modified:   WhiteLightning/Saved/Logs/WhiteLightning.log
[2018.02.15-19.12.45:532][  0]SourceControl: Untracked files:
[2018.02.15-19.12.45:532][  0]SourceControl:   (use "git add <file>..." to include in what will be committed)
[2018.02.15-19.12.45:532][  0]SourceControl: 	WhiteLightning/Saved/Config/CrashReportClient/UE4CC-Windows-7D7CC2B34E223C87FA7EACBDE1155D00/
[2018.02.15-19.12.45:532][  0]SourceControl: 	WhiteLightning/Saved/Logs/WhiteLightning-backup-2018.02.15-14.12.00.log
[2018.02.15-19.12.45:532][  0]SourceControl: no changes added to commit (use "git add" and/or "git commit -a")
[2018.02.15-19.12.45:533][  0]LogContentStreaming: Texture pool size now 1000 MB
[2018.02.15-19.12.45:571][  0]LogSlate: Took 0.005813 seconds to synchronously load lazily loaded font '../../../Engine/Content/Slate/Fonts/Roboto-Light.ttf' (159K)
[2018.02.15-19.12.45:828][  1]LogFileCache: Retrieving MD5 hashes for directory 'C:/Users/chris/OneDrive/Documents/GitHub/WhiteLightningGame/WhiteLightning/Content/' took 0.32s
[2018.02.15-19.12.45:839][  1]LogAssetRegistry: Asset discovery search completed in 26.1931 seconds
[2018.02.15-19.12.45:842][  1]LogCollectionManager: Rebuilt the object cache for 0 collections in 0.000001 seconds (found 0 objects)
[2018.02.15-19.12.45:842][  1]LogCollectionManager: Fixed up redirectors for 0 collections in 0.000104 seconds (updated 0 objects)
[2018.02.15-19.12.46:542][  3]LogSlate: Took 0.000257 seconds to synchronously load lazily loaded font '../../../Engine/Content/Slate/Fonts/Roboto-Light.ttf' (159K)
[2018.02.15-19.12.49:298][ 15]LogSlate: Took 0.000282 seconds to synchronously load lazily loaded font '../../../Engine/Content/Slate/Fonts/Roboto-Light.ttf' (159K)
[2018.02.15-19.12.49:756][ 15]LogContentBrowser: Native class hierarchy updated for 'BlueprintGraph' in 0.0009 seconds. Added 116 classes and 0 folders.
[2018.02.15-19.12.50:802][ 15]LogSlate: Took 0.006493 seconds to synchronously load lazily loaded font '../../../Engine/Content/Editor/Slate/Fonts/Roboto-BoldCondensed.ttf' (158K)
[2018.02.15-19.12.51:100][ 16]LogSlate: Took 0.008020 seconds to synchronously load lazily loaded font '../../../Engine/Content/Editor/Slate/Fonts/Roboto-Italic.ttf' (157K)
[2018.02.15-19.13.16:975][238]LogTemp: Repeating last play command: Selected Viewport
[2018.02.15-19.13.17:055][238]LogPlayLevel: PlayLevel: No blueprints needed recompiling
[2018.02.15-19.13.17:058][238]PIE: New page: PIE session: Tutorial (Feb 15, 2018, 9:13:17 AM)
[2018.02.15-19.13.17:058][238]LogPlayLevel: Creating play world package: /Game/WhiteLightning/Levels/UEDPIE_0_Tutorial
[2018.02.15-19.13.17:108][238]LogPlayLevel: PIE: StaticDuplicateObject took: (0.049936s)
[2018.02.15-19.13.17:108][238]LogAIModule: Creating AISystem for world Tutorial
[2018.02.15-19.13.17:109][238]LogPlayLevel: PIE: World Init took: (0.000832s)
[2018.02.15-19.13.17:109][238]LogPlayLevel: PIE: Created PIE world by copying editor world from /Game/WhiteLightning/Levels/Tutorial.Tutorial to /Game/WhiteLightning/Levels/UEDPIE_0_Tutorial.Tutorial (0.051311s)
[2018.02.15-19.13.17:145][238]LogInit: XAudio2 using 'Headphones (Jaybird X2 Stereo)' : 2 channels at 44.1 kHz using 16 bits per sample (channel mask 0x3)
[2018.02.15-19.13.17:155][238]LogInit: FAudioDevice initialized.
[2018.02.15-19.13.17:197][238]LogLoad: Game class is 'Tutorial_C'
[2018.02.15-19.13.17:215][238]LogWorld: Bringing World /Game/WhiteLightning/Levels/UEDPIE_0_Tutorial.Tutorial up for play (max tick rate 0) at 2018.02.15-14.13.17
[2018.02.15-19.13.17:216][238]LogWorld: Bringing up level for play took: 0.016366
[2018.02.15-19.13.17:276][238]LogContentBrowser: Native class hierarchy updated for 'MovieSceneCapture' in 0.0003 seconds. Added 11 classes and 0 folders.
[2018.02.15-19.13.17:279][238]PIE: Play in editor start time for /Game/WhiteLightning/Levels/UEDPIE_0_Tutorial 1.182
[2018.02.15-19.14.27:882][778]LogRenderer: Reallocating scene render targets to support 804x432 Format 10 NumSamples 1 (Frame:1).
[2018.02.15-19.14.44:998][233]BlueprintLog: New page: Compile MainCharacter
[2018.02.15-19.15.00:031][617]LogTemp: Repeating last play command: Selected Viewport
[2018.02.15-19.15.00:076][617]LogPlayLevel: PlayLevel: No blueprints needed recompiling
[2018.02.15-19.15.00:076][617]PIE: New page: PIE session: Tutorial (Feb 15, 2018, 9:15:00 AM)
[2018.02.15-19.15.00:076][617]LogPlayLevel: Creating play world package: /Game/WhiteLightning/Levels/UEDPIE_0_Tutorial
[2018.02.15-19.15.00:129][617]LogPlayLevel: PIE: StaticDuplicateObject took: (0.053427s)
[2018.02.15-19.15.00:130][617]LogAIModule: Creating AISystem for world Tutorial
[2018.02.15-19.15.00:130][617]LogPlayLevel: PIE: World Init took: (0.001059s)
[2018.02.15-19.15.00:131][617]LogPlayLevel: PIE: Created PIE world by copying editor world from /Game/WhiteLightning/Levels/Tutorial.Tutorial to /Game/WhiteLightning/Levels/UEDPIE_0_Tutorial.Tutorial (0.055048s)
[2018.02.15-19.15.00:171][617]LogInit: XAudio2 using 'Headphones (Jaybird X2 Stereo)' : 2 channels at 44.1 kHz using 16 bits per sample (channel mask 0x3)
[2018.02.15-19.15.00:179][617]LogInit: FAudioDevice initialized.
[2018.02.15-19.15.00:217][617]LogLoad: Game class is 'Tutorial_C'
[2018.02.15-19.15.00:235][617]LogWorld: Bringing World /Game/WhiteLightning/Levels/UEDPIE_0_Tutorial.Tutorial up for play (max tick rate 0) at 2018.02.15-14.15.00
[2018.02.15-19.15.00:237][617]LogWorld: Bringing up level for play took: 0.018807
[2018.02.15-19.15.00:240][617]PIE: Play in editor start time for /Game/WhiteLightning/Levels/UEDPIE_0_Tutorial 0.142
[2018.02.15-19.15.43:897][181]LogRenderer: Reallocating scene render targets to support 1524x660 Format 10 NumSamples 1 (Frame:1).
[2018.02.15-19.16.15:467][ 98]LogSavePackage: Save=12.33ms
[2018.02.15-19.16.15:467][ 98]LogSavePackage: Moving '../../../../../../Users/chris/OneDrive/Documents/GitHub/WhiteLightningGame/WhiteLightning/Saved/MainCharacterRunBDB3E48F4928ECA05972DBB36253FE23.tmp' to '../../../../../../Users/chris/OneDrive/Documents/GitHub/WhiteLightningGame/WhiteLightning/Content/WhiteLightning/Sprites/MainCharacterRun.uasset'
[2018.02.15-19.16.15:475][ 98]LogSavePackage: Display: Finished SavePackage ../../../../../../Users/chris/OneDrive/Documents/GitHub/WhiteLightningGame/WhiteLightning/Content/WhiteLightning/Sprites/MainCharacterRun.uasset
[2018.02.15-19.16.18:015][195]LogTemp: Repeating last play command: Selected Viewport
[2018.02.15-19.16.18:051][195]LogPlayLevel: PlayLevel: No blueprints needed recompiling
[2018.02.15-19.16.18:052][195]PIE: New page: PIE session: Tutorial (Feb 15, 2018, 9:16:18 AM)
[2018.02.15-19.16.18:052][195]LogPlayLevel: Creating play world package: /Game/WhiteLightning/Levels/UEDPIE_0_Tutorial
[2018.02.15-19.16.18:101][195]LogPlayLevel: PIE: StaticDuplicateObject took: (0.049372s)
[2018.02.15-19.16.18:102][195]LogAIModule: Creating AISystem for world Tutorial
[2018.02.15-19.16.18:102][195]LogPlayLevel: PIE: World Init took: (0.001006s)
[2018.02.15-19.16.18:102][195]LogPlayLevel: PIE: Created PIE world by copying editor world from /Game/WhiteLightning/Levels/Tutorial.Tutorial to /Game/WhiteLightning/Levels/UEDPIE_0_Tutorial.Tutorial (0.050877s)
[2018.02.15-19.16.18:131][195]LogInit: XAudio2 using 'Headphones (Jaybird X2 Stereo)' : 2 channels at 44.1 kHz using 16 bits per sample (channel mask 0x3)
[2018.02.15-19.16.18:138][195]LogInit: FAudioDevice initialized.
[2018.02.15-19.16.18:174][195]LogLoad: Game class is 'Tutorial_C'
[2018.02.15-19.16.18:187][195]LogWorld: Bringing World /Game/WhiteLightning/Levels/UEDPIE_0_Tutorial.Tutorial up for play (max tick rate 0) at 2018.02.15-14.16.18
[2018.02.15-19.16.18:188][195]LogWorld: Bringing up level for play took: 0.013631
[2018.02.15-19.16.18:191][195]PIE: Play in editor start time for /Game/WhiteLightning/Levels/UEDPIE_0_Tutorial 0.093
[2018.02.15-19.17.19:697][370]LogSavePackage: Save=1003.08ms
[2018.02.15-19.17.19:697][370]LogSavePackage: Moving '../../../../../../Users/chris/OneDrive/Documents/GitHub/WhiteLightningGame/WhiteLightning/Saved/Tutorial1CA11A3E49C1610893CAF082594A5EAA.tmp' to '../../../../../../Users/chris/OneDrive/Documents/GitHub/WhiteLightningGame/WhiteLightning/Content/WhiteLightning/Levels/Tutorial.umap'
[2018.02.15-19.17.19:700][370]LogSavePackage: Display: Finished SavePackage ../../../../../../Users/chris/OneDrive/Documents/GitHub/WhiteLightningGame/WhiteLightning/Content/WhiteLightning/Levels/Tutorial.umap
[2018.02.15-19.17.26:192][582]SourceControl: fatal: C:/Program Files/Epic Games/UE_4.18/Engine/Content/: 'C:/Program Files/Epic Games/UE_4.18/Engine/Content/' is outside repository
[2018.02.15-19.17.37:619][582]LogSourceControl: FGitCheckInWorker: commit successful
[2018.02.15-19.17.37:816][582]SourceControl: [master 8d6f326] Better run
[2018.02.15-19.17.37:816][582]SourceControl:  2 files changed, 0 insertions(+), 0 deletions(-)
[2018.02.15-19.17.37:816][582]SourceControl:  rewrite WhiteLightning/Content/WhiteLightning/Sprites/MainCharacterRun.uasset (88%)
[2018.02.15-19.17.37:821][582]SourceControl: Commited [master 8d6f326] Better run.
