Log file open, 03/21/18 13:44:46
LogWindows: Failed to load 'aqProf.dll' (GetLastError=126)
LogWindows: File 'aqProf.dll' does not exist
LogWindows: Failed to load 'VtuneApi.dll' (GetLastError=126)
LogWindows: File 'VtuneApi.dll' does not exist
LogWindows: Failed to load 'VtuneApi32e.dll' (GetLastError=126)
LogWindows: File 'VtuneApi32e.dll' does not exist
LogInit: Display: Running engine for game: WhiteLightning
LogPlatformFile: Not using cached read wrapper
LogInit: Display: RandInit(2131884881) SRandInit(2131884881).
LogInit: Read version file with build ID '3709383'
LogInit: Overriding engine version to CL 3832480, compatible CL 3709383
LogInit: Registered custom module enumerator with build ID '3709383'
LogTaskGraph: Started task graph with 5 named threads and 8 total threads with 3 sets of task threads.
LogStats: Stats thread started at 0.920996
LogD3D11RHI: Aftermath initialized
LogModuleManager: Display: Found up-to-date module file ../../../Engine/Plugins/2D/Paper2D/Binaries/Win64/UE4Editor-Paper2D.dll (API version 3709383).
LogModuleManager: Display: Found up-to-date module file ../../../Engine/Plugins/2D/Paper2D/Binaries/Win64/UE4Editor-Paper2DEditor.dll (API version 3709383).
LogModuleManager: Display: Found up-to-date module file ../../../Engine/Plugins/2D/Paper2D/Binaries/Win64/UE4Editor-PaperSpriteSheetImporter.dll (API version 3709383).
LogModuleManager: Display: Found up-to-date module file ../../../Engine/Plugins/2D/Paper2D/Binaries/Win64/UE4Editor-PaperTiledImporter.dll (API version 3709383).
LogModuleManager: Display: Found up-to-date module file ../../../Engine/Plugins/2D/Paper2D/Binaries/Win64/UE4Editor-SmartSnapping.dll (API version 3709383).
LogModuleManager: Display: Found up-to-date module file ../../../Engine/Plugins/Blendables/LightPropagationVolume/Binaries/Win64/UE4Editor-LightPropagationVolumeRuntime.dll (API version 3709383).
LogModuleManager: Display: Found up-to-date module file ../../../Engine/Plugins/Blendables/LightPropagationVolume/Binaries/Win64/UE4Editor-LightPropagationVolumeEditor.dll (API version 3709383).
LogModuleManager: Display: Found up-to-date module file ../../../Engine/Plugins/Developer/GitSourceControl/Binaries/Win64/UE4Editor-GitSourceControl.dll (API version 3709383).
LogModuleManager: Display: Found up-to-date module file ../../../Engine/Plugins/Developer/PerforceSourceControl/Binaries/Win64/UE4Editor-PerforceSourceControl.dll (API version 3709383).
LogModuleManager: Display: Found up-to-date module file ../../../Engine/Plugins/Developer/SubversionSourceControl/Binaries/Win64/UE4Editor-SubversionSourceControl.dll (API version 3709383).
LogModuleManager: Display: Found up-to-date module file ../../../Engine/Plugins/Developer/UObjectPlugin/Binaries/Win64/UE4Editor-UObjectPlugin.dll (API version 3709383).
LogModuleManager: Display: Found up-to-date module file ../../../Engine/Plugins/Developer/VisualStudioCodeSourceCodeAccess/Binaries/Win64/UE4Editor-VisualStudioCodeSourceCodeAccess.dll (API version 3709383).
LogModuleManager: Display: Found up-to-date module file ../../../Engine/Plugins/Developer/VisualStudioSourceCodeAccess/Binaries/Win64/UE4Editor-VisualStudioSourceCodeAccess.dll (API version 3709383).
LogModuleManager: Display: Found up-to-date module file ../../../Engine/Plugins/Editor/AssetManagerEditor/Binaries/Win64/UE4Editor-AssetManagerEditor.dll (API version 3709383).
LogModuleManager: Display: Found up-to-date module file ../../../Engine/Plugins/Editor/AudioCapture/Binaries/Win64/UE4Editor-AudioCapture.dll (API version 3709383).
LogModuleManager: Display: Found up-to-date module file ../../../Engine/Plugins/Editor/FacialAnimation/Binaries/Win64/UE4Editor-FacialAnimation.dll (API version 3709383).
LogModuleManager: Display: Found up-to-date module file ../../../Engine/Plugins/Editor/FacialAnimation/Binaries/Win64/UE4Editor-FacialAnimationEditor.dll (API version 3709383).
LogModuleManager: Display: Found up-to-date module file ../../../Engine/Plugins/Editor/GameplayTagsEditor/Binaries/Win64/UE4Editor-GameplayTagsEditor.dll (API version 3709383).
LogModuleManager: Display: Found up-to-date module file ../../../Engine/Plugins/Editor/MobileLauncherProfileWizard/Binaries/Win64/UE4Editor-MobileLauncherProfileWizard.dll (API version 3709383).
LogModuleManager: Display: Found up-to-date module file ../../../Engine/Plugins/Editor/PluginBrowser/Binaries/Win64/UE4Editor-PluginBrowser.dll (API version 3709383).
LogModuleManager: Display: Found up-to-date module file ../../../Engine/Plugins/Editor/SpeedTreeImporter/Binaries/Win64/UE4Editor-SpeedTreeImporter.dll (API version 3709383).
LogModuleManager: Display: Found up-to-date module file ../../../Engine/Plugins/Experimental/AlembicImporter/Binaries/Win64/UE4Editor-AlembicImporter.dll (API version 3709383).
LogModuleManager: Display: Found up-to-date module file ../../../Engine/Plugins/Experimental/AlembicImporter/Binaries/Win64/UE4Editor-AlembicLibrary.dll (API version 3709383).
LogModuleManager: Display: Found up-to-date module file ../../../Engine/Plugins/Experimental/CharacterAI/Binaries/Win64/UE4Editor-CharacterAI.dll (API version 3709383).
LogModuleManager: Display: Found up-to-date module file ../../../Engine/Plugins/Experimental/HTML5Networking/Binaries/Win64/UE4Editor-HTML5Networking.dll (API version 3709383).
LogModuleManager: Display: Found up-to-date module file ../../../Engine/Plugins/Media/AndroidMedia/Binaries/Win64/UE4Editor-AndroidMediaEditor.dll (API version 3709383).
LogModuleManager: Display: Found up-to-date module file ../../../Engine/Plugins/Media/AndroidMedia/Binaries/Win64/UE4Editor-AndroidMediaFactory.dll (API version 3709383).
LogModuleManager: Display: Found up-to-date module file ../../../Engine/Plugins/Media/AvfMedia/Binaries/Win64/UE4Editor-AvfMediaEditor.dll (API version 3709383).
LogModuleManager: Display: Found up-to-date module file ../../../Engine/Plugins/Media/AvfMedia/Binaries/Win64/UE4Editor-AvfMediaFactory.dll (API version 3709383).
LogModuleManager: Display: Found up-to-date module file ../../../Engine/Plugins/Media/AvfMedia/Binaries/Win64/UE4Editor-AvfMediaFactory.dll (API version 3709383).
LogModuleManager: Display: Found up-to-date module file ../../../Engine/Plugins/Media/ImgMedia/Binaries/Win64/UE4Editor-ImgMedia.dll (API version 3709383).
LogModuleManager: Display: Found up-to-date module file ../../../Engine/Plugins/Media/ImgMedia/Binaries/Win64/UE4Editor-ImgMediaEditor.dll (API version 3709383).
LogModuleManager: Display: Found up-to-date module file ../../../Engine/Plugins/Media/ImgMedia/Binaries/Win64/UE4Editor-ImgMediaFactory.dll (API version 3709383).
LogModuleManager: Display: Found up-to-date module file ../../../Engine/Plugins/Media/ImgMedia/Binaries/Win64/UE4Editor-ImgMediaFactory.dll (API version 3709383).
LogModuleManager: Display: Found up-to-date module file ../../../Engine/Plugins/Media/ImgMedia/Binaries/Win64/UE4Editor-OpenExrWrapper.dll (API version 3709383).
LogModuleManager: Display: Found up-to-date module file ../../../Engine/Plugins/Media/MediaCompositing/Binaries/Win64/UE4Editor-MediaCompositing.dll (API version 3709383).
LogModuleManager: Display: Found up-to-date module file ../../../Engine/Plugins/Media/MediaCompositing/Binaries/Win64/UE4Editor-MediaCompositingEditor.dll (API version 3709383).
LogModuleManager: Display: Found up-to-date module file ../../../Engine/Plugins/Media/MediaPlayerEditor/Binaries/Win64/UE4Editor-MediaPlayerEditor.dll (API version 3709383).
LogModuleManager: Display: Found up-to-date module file ../../../Engine/Plugins/Media/WmfMedia/Binaries/Win64/UE4Editor-WmfMedia.dll (API version 3709383).
LogModuleManager: Display: Found up-to-date module file ../../../Engine/Plugins/Media/WmfMedia/Binaries/Win64/UE4Editor-WmfMediaEditor.dll (API version 3709383).
LogModuleManager: Display: Found up-to-date module file ../../../Engine/Plugins/Media/WmfMedia/Binaries/Win64/UE4Editor-WmfMediaFactory.dll (API version 3709383).
LogModuleManager: Display: Found up-to-date module file ../../../Engine/Plugins/Media/WmfMedia/Binaries/Win64/UE4Editor-WmfMediaFactory.dll (API version 3709383).
LogModuleManager: Display: Found up-to-date module file ../../../Engine/Plugins/Messaging/TcpMessaging/Binaries/Win64/UE4Editor-TcpMessaging.dll (API version 3709383).
LogModuleManager: Display: Found up-to-date module file ../../../Engine/Plugins/Messaging/UdpMessaging/Binaries/Win64/UE4Editor-UdpMessaging.dll (API version 3709383).
LogModuleManager: Display: Found up-to-date module file ../../../Engine/Plugins/MovieScene/ActorSequence/Binaries/Win64/UE4Editor-ActorSequence.dll (API version 3709383).
LogModuleManager: Display: Found up-to-date module file ../../../Engine/Plugins/MovieScene/LevelSequenceEditor/Binaries/Win64/UE4Editor-LevelSequenceEditor.dll (API version 3709383).
LogModuleManager: Display: Found up-to-date module file ../../../Engine/Plugins/MovieScene/MatineeToLevelSequence/Binaries/Win64/UE4Editor-MatineeToLevelSequence.dll (API version 3709383).
LogModuleManager: Display: Found up-to-date module file ../../../Engine/Plugins/Online/OnlineSubsystem/Binaries/Win64/UE4Editor-OnlineSubsystem.dll (API version 3709383).
LogModuleManager: Display: Found up-to-date module file ../../../Engine/Plugins/Runtime/AndroidPermission/Binaries/Win64/UE4Editor-AndroidPermission.dll (API version 3709383).
LogModuleManager: Display: Found up-to-date module file ../../../Engine/Plugins/Online/OnlineSubsystemNull/Binaries/Win64/UE4Editor-OnlineSubsystemNull.dll (API version 3709383).
LogModuleManager: Display: Found up-to-date module file ../../../Engine/Plugins/Online/OnlineSubsystemUtils/Binaries/Win64/UE4Editor-OnlineSubsystemUtils.dll (API version 3709383).
LogModuleManager: Display: Found up-to-date module file ../../../Engine/Plugins/Online/OnlineSubsystemUtils/Binaries/Win64/UE4Editor-OnlineBlueprintSupport.dll (API version 3709383).
LogModuleManager: Display: Found up-to-date module file ../../../Engine/Plugins/Runtime/AndroidDeviceProfileSelector/Binaries/Win64/UE4Editor-AndroidDeviceProfileSelector.dll (API version 3709383).
LogModuleManager: Display: Found up-to-date module file ../../../Engine/Plugins/Runtime/AppleARKit/Binaries/Win64/UE4Editor-AppleARKit.dll (API version 3709383).
LogModuleManager: Display: Found up-to-date module file ../../../Engine/Plugins/Runtime/ArchVisCharacter/Binaries/Win64/UE4Editor-ArchVisCharacter.dll (API version 3709383).
LogModuleManager: Display: Found up-to-date module file ../../../Engine/Plugins/Runtime/CableComponent/Binaries/Win64/UE4Editor-CableComponent.dll (API version 3709383).
LogModuleManager: Display: Found up-to-date module file ../../../Engine/Plugins/Runtime/CustomMeshComponent/Binaries/Win64/UE4Editor-CustomMeshComponent.dll (API version 3709383).
LogModuleManager: Display: Found up-to-date module file ../../../Engine/Plugins/Runtime/ExampleDeviceProfileSelector/Binaries/Win64/UE4Editor-ExampleDeviceProfileSelector.dll (API version 3709383).
LogModuleManager: Display: Found up-to-date module file ../../../Engine/Plugins/Runtime/ImmediatePhysics/Binaries/Win64/UE4Editor-ImmediatePhysics.dll (API version 3709383).
LogModuleManager: Display: Found up-to-date module file ../../../Engine/Plugins/Runtime/ImmediatePhysics/Binaries/Win64/UE4Editor-ImmediatePhysicsEditor.dll (API version 3709383).
LogModuleManager: Display: Found up-to-date module file ../../../Engine/Plugins/Runtime/LocationServicesBPLibrary/Binaries/Win64/UE4Editor-LocationServicesBPLibrary.dll (API version 3709383).
LogModuleManager: Display: Found up-to-date module file ../../../Engine/Plugins/Runtime/MobilePatchingUtils/Binaries/Win64/UE4Editor-MobilePatchingUtils.dll (API version 3709383).
LogModuleManager: Display: Found up-to-date module file ../../../Engine/Plugins/Runtime/Oculus/OculusVR/Binaries/Win64/UE4Editor-OculusHMD.dll (API version 3709383).
LogModuleManager: Display: Found up-to-date module file ../../../Engine/Plugins/Runtime/Oculus/OculusVR/Binaries/Win64/UE4Editor-OculusInput.dll (API version 3709383).
LogModuleManager: Display: Found up-to-date module file ../../../Engine/Plugins/Runtime/Oculus/OculusVR/Binaries/Win64/UE4Editor-OculusEditor.dll (API version 3709383).
LogModuleManager: Display: Found up-to-date module file ../../../Engine/Plugins/Runtime/PhysXVehicles/Binaries/Win64/UE4Editor-PhysXVehicles.dll (API version 3709383).
LogModuleManager: Display: Found up-to-date module file ../../../Engine/Plugins/Runtime/PhysXVehicles/Binaries/Win64/UE4Editor-PhysXVehiclesEditor.dll (API version 3709383).
LogModuleManager: Display: Found up-to-date module file ../../../Engine/Plugins/Runtime/ProceduralMeshComponent/Binaries/Win64/UE4Editor-ProceduralMeshComponent.dll (API version 3709383).
LogModuleManager: Display: Found up-to-date module file ../../../Engine/Plugins/Runtime/ProceduralMeshComponent/Binaries/Win64/UE4Editor-ProceduralMeshComponentEditor.dll (API version 3709383).
LogModuleManager: Display: Found up-to-date module file ../../../Engine/Plugins/Runtime/RuntimePhysXCooking/Binaries/Win64/UE4Editor-RuntimePhysXCooking.dll (API version 3709383).
LogModuleManager: Display: Found up-to-date module file ../../../Engine/Plugins/Runtime/Steam/SteamVR/Binaries/Win64/UE4Editor-SteamVR.dll (API version 3709383).
LogModuleManager: Display: Found up-to-date module file ../../../Engine/Plugins/Runtime/Steam/SteamVR/Binaries/Win64/UE4Editor-SteamVRController.dll (API version 3709383).
LogModuleManager: Display: Found up-to-date module file ../../../Engine/Plugins/Runtime/WindowsMoviePlayer/Binaries/Win64/UE4Editor-WindowsMoviePlayer.dll (API version 3709383).
LogPluginManager: Mounting plugin Paper2D
LogPluginManager: Mounting plugin LightPropagationVolume
LogPluginManager: Mounting plugin CodeLiteSourceCodeAccess
LogPluginManager: Mounting plugin GitSourceControl
LogPluginManager: Mounting plugin KDevelopSourceCodeAccess
LogPluginManager: Mounting plugin NullSourceCodeAccess
LogPluginManager: Mounting plugin PerforceSourceControl
LogPluginManager: Mounting plugin SubversionSourceControl
LogPluginManager: Mounting plugin UObjectPlugin
LogPluginManager: Mounting plugin VisualStudioCodeSourceCodeAccess
LogPluginManager: Mounting plugin VisualStudioSourceCodeAccess
LogPluginManager: Mounting plugin XCodeSourceCodeAccess
LogPluginManager: Mounting plugin AssetManagerEditor
LogPluginManager: Mounting plugin AudioCapture
LogPluginManager: Mounting plugin FacialAnimation
LogPluginManager: Mounting plugin GameplayTagsEditor
LogPluginManager: Mounting plugin MobileLauncherProfileWizard
LogPluginManager: Mounting plugin PluginBrowser
LogPluginManager: Mounting plugin SpeedTreeImporter
LogPluginManager: Mounting plugin AlembicImporter
LogPluginManager: Mounting plugin CharacterAI
LogPluginManager: Mounting plugin HTML5Networking
LogPluginManager: Mounting plugin AndroidMedia
LogPluginManager: Mounting plugin AvfMedia
LogPluginManager: Mounting plugin ImgMedia
LogPluginManager: Mounting plugin MediaCompositing
LogPluginManager: Mounting plugin MediaPlayerEditor
LogPluginManager: Mounting plugin WmfMedia
LogPluginManager: Mounting plugin TcpMessaging
LogPluginManager: Mounting plugin UdpMessaging
LogPluginManager: Mounting plugin ActorSequence
LogPluginManager: Mounting plugin LevelSequenceEditor
LogPluginManager: Mounting plugin MatineeToLevelSequence
LogPluginManager: Mounting plugin OnlineSubsystemGooglePlay
LogPluginManager: Mounting plugin OnlineSubsystemIOS
LogPluginManager: Mounting plugin OnlineSubsystem
LogPluginManager: Mounting plugin OnlineSubsystemNull
LogPluginManager: Mounting plugin OnlineSubsystemUtils
LogPluginManager: Mounting plugin AndroidDeviceProfileSelector
LogPluginManager: Mounting plugin AndroidMoviePlayer
LogPluginManager: Mounting plugin AndroidPermission
LogPluginManager: Mounting plugin AppleARKit
LogPluginManager: Mounting plugin AppleMoviePlayer
LogPluginManager: Mounting plugin ArchVisCharacter
LogPluginManager: Mounting plugin CableComponent
LogPluginManager: Mounting plugin CustomMeshComponent
LogPluginManager: Mounting plugin ExampleDeviceProfileSelector
LogPluginManager: Mounting plugin GoogleCloudMessaging
LogPluginManager: Mounting plugin ImmediatePhysics
LogPluginManager: Mounting plugin IOSDeviceProfileSelector
LogPluginManager: Mounting plugin LinuxDeviceProfileSelector
LogPluginManager: Mounting plugin LocationServicesBPLibrary
LogPluginManager: Mounting plugin MobilePatchingUtils
LogPluginManager: Mounting plugin OculusVR
LogPluginManager: Plugin shader directory ../../../Engine/Plugins/Runtime/Oculus/OculusVR/Shaders found
LogPluginManager: Mapping shader source directory ../../../Engine/Plugins/Runtime/Oculus/OculusVR/Shaders to virtual directory /Plugin/OculusVR
LogPluginManager: Mounting plugin PhysXVehicles
LogPluginManager: Mounting plugin ProceduralMeshComponent
LogPluginManager: Mounting plugin RuntimePhysXCooking
LogPluginManager: Mounting plugin SteamVR
LogPluginManager: Mounting plugin WindowsMoviePlayer
LogInit: Using libcurl 7.47.1
LogInit:  - built for x86_64-pc-win32
LogInit:  - supports SSL with OpenSSL/1.0.2g
LogInit:  - supports HTTP deflate (compression) using libz 1.2.8
LogInit:  - other features:
LogInit:      CURL_VERSION_SSL
LogInit:      CURL_VERSION_LIBZ
LogInit:      CURL_VERSION_IPV6
LogInit:      CURL_VERSION_ASYNCHDNS
LogInit:      CURL_VERSION_LARGEFILE
LogInit:      CURL_VERSION_IDN
LogInit:  CurlRequestOptions (configurable via config and command line):
LogInit:  - bVerifyPeer = false  - Libcurl will NOT verify peer certificate
LogInit:  - bUseHttpProxy = false  - Libcurl will NOT use HTTP proxy
LogInit:  - bDontReuseConnections = false  - Libcurl will reuse connections
LogInit:  - CertBundlePath = nullptr  - Libcurl will use whatever was configured at build time.
LogInit: Build: ++UE4+Release-4.18-CL-3832480
LogInit: Engine Version: 4.18.3-3832480+++UE4+Release-4.18
LogInit: Compatible Engine Version: 4.18.0-3709383+++UE4+Release-4.18
LogInit: Net CL: 3709383
LogDevObjectVersion: Number of dev versions registered: 16
LogDevObjectVersion:   Dev-Blueprints (B0D832E4-1F89-4F0D-ACCF-7EB736FD4AA2): 10
LogDevObjectVersion:   Dev-Build (E1C64328-A22C-4D53-A36C-8E866417BD8C): 0
LogDevObjectVersion:   Dev-Core (375EC13C-06E4-48FB-B500-84F0262A717E): 2
LogDevObjectVersion:   Dev-Editor (E4B068ED-F494-42E9-A231-DA0B2E46BB41): 20
LogDevObjectVersion:   Dev-Framework (CFFC743F-43B0-4480-9391-14DF171D2073): 30
LogDevObjectVersion:   Dev-Mobile (B02B49B5-BB20-44E9-A304-32B752E40360): 0
LogDevObjectVersion:   Dev-Networking (A4E4105C-59A1-49B5-A7C5-40C4547EDFEE): 0
LogDevObjectVersion:   Dev-Online (39C831C9-5AE6-47DC-9A44-9C173E1C8E7C): 0
LogDevObjectVersion:   Dev-Physics (78F01B33-EBEA-4F98-B9B4-84EACCB95AA2): 0
LogDevObjectVersion:   Dev-Platform (6631380F-2D4D-43E0-8009-CF276956A95A): 0
LogDevObjectVersion:   Dev-Rendering (12F88B9F-8875-4AFC-A67C-D90C383ABD29): 20
LogDevObjectVersion:   Dev-Sequencer (7B5AE74C-D270-4C10-A958-57980B212A5A): 4
LogDevObjectVersion:   Dev-VR (D7296918-1DD6-4BDD-9DE2-64A83CC13884): 0
LogDevObjectVersion:   Dev-LoadTimes (C2A15278-BFE7-4AFE-6C17-90FF531DF755): 1
LogDevObjectVersion:   Private-Geometry (6EACA3D4-40EC-4CC1-B786-8BED09428FC5): 1
LogDevObjectVersion:   Dev-AnimPhys (29E575DD-E0A3-4627-9D10-D276232CDCEA): 12
LogInit: Compiled (64-bit): Jan 12 2018 02:04:55
LogInit: Compiled with Visual C++: 19.00.24215.01
LogInit: Build Configuration: Development
LogInit: Branch Name: ++UE4+Release-4.18
LogInit: Command line:  
LogInit: Base directory: C:/Program Files/Epic Games/UE_4.18/Engine/Binaries/Win64/
LogInit: Installed Engine Build: 1
LogInit: Presizing for max 8388607 objects, including 0 objects not considered by GC, pre-allocating 0 bytes for permanent pool.
LogInit: Object subsystem initialized
[2018.03.21-17.44.49:591][  0]LogInit: Selected Device Profile: [Windows]
[2018.03.21-17.44.49:591][  0]LogInit: Applying CVar settings loaded from the selected device profile: [Windows]
[2018.03.21-17.44.49:626][  0]LogInit: Computer: DESKTOP-E87OOJI
[2018.03.21-17.44.49:626][  0]LogInit: User: chris
[2018.03.21-17.44.49:626][  0]LogInit: CPU Page size=4096, Cores=2
[2018.03.21-17.44.49:626][  0]LogInit: High frequency timer resolution =2.343752 MHz
[2018.03.21-17.44.49:627][  0]LogMemory: Memory total: Physical=7.9GB (8GB approx)
[2018.03.21-17.44.49:627][  0]LogMemory: Platform Memory Stats for Windows
[2018.03.21-17.44.49:627][  0]LogMemory: Process Physical Memory: 272.90 MB used, 272.90 MB peak
[2018.03.21-17.44.49:627][  0]LogMemory: Process Virtual Memory: 269.14 MB used, 269.14 MB peak
[2018.03.21-17.44.49:627][  0]LogMemory: Physical Memory: 4190.57 MB used,  3860.89 MB free, 8051.46 MB total
[2018.03.21-17.44.49:627][  0]LogMemory: Virtual Memory: 678.40 MB used,  3860.89 MB free, 134217728.00 MB total
[2018.03.21-17.44.50:155][  0]LogInit: Using OS detected language (en-US).
[2018.03.21-17.44.50:155][  0]LogInit: Using OS detected locale (en-US).
[2018.03.21-17.44.50:232][  0]LogTextLocalizationManager: No specific localization for 'en-US' exists, so the 'en' localization will be used.
[2018.03.21-17.44.50:949][  0]LogInit: Setting process to per monitor DPI aware
[2018.03.21-17.44.53:933][  0]LogD3D11RHI: D3D11 adapters:
[2018.03.21-17.44.53:953][  0]LogD3D11RHI:    0. 'Intel(R) HD Graphics 520' (Feature Level 11_0)
[2018.03.21-17.44.53:954][  0]LogD3D11RHI:       128/0/4025 MB DedicatedVideo/DedicatedSystem/SharedSystem, Outputs:1, VendorId:0x8086
[2018.03.21-17.44.53:968][  0]LogD3D11RHI:    1. 'Microsoft Basic Render Driver' (Feature Level 11_0)
[2018.03.21-17.44.53:968][  0]LogD3D11RHI:       0/0/4025 MB DedicatedVideo/DedicatedSystem/SharedSystem, Outputs:0, VendorId:0x1414
[2018.03.21-17.44.53:968][  0]LogD3D11RHI: Chosen D3D11 Adapter: 0
[2018.03.21-17.44.53:977][  0]LogD3D11RHI: Creating new Direct3DDevice
[2018.03.21-17.44.53:977][  0]LogD3D11RHI:     GPU DeviceId: 0x1916 (for the marketing name, search the web for "GPU Device Id")
[2018.03.21-17.44.53:978][  0]LogWindows: EnumDisplayDevices:
[2018.03.21-17.44.53:978][  0]LogWindows:    0. 'Intel(R) HD Graphics 520' (P:1 D:1)
[2018.03.21-17.44.53:979][  0]LogWindows:    1. 'Intel(R) HD Graphics 520' (P:0 D:0)
[2018.03.21-17.44.53:979][  0]LogWindows:    2. 'Intel(R) HD Graphics 520' (P:0 D:0)
[2018.03.21-17.44.53:979][  0]LogWindows: DebugString: GetVideoDriverDetailsInvalid PrimaryIsNotTheChoosenAdapter GetVideoDriverDetailsInvalid PrimaryIsNotTheChoosenAdapter GetVideoDriverDetailsInvalid PrimaryIsNotTheChoosenAdapter FoundDriverCount:0 
[2018.03.21-17.44.53:979][  0]LogD3D11RHI:     Adapter Name: Intel(R) HD Graphics 520
[2018.03.21-17.44.53:979][  0]LogD3D11RHI:   Driver Version: Unknown (internal:Unknown, unified:Unknown)
[2018.03.21-17.44.53:979][  0]LogD3D11RHI:      Driver Date: Unknown
[2018.03.21-17.44.53:979][  0]LogRHI: Texture pool is 1498 MB (70% of 2140 MB)
[2018.03.21-17.44.53:990][  0]LogD3D11RHI: Async texture creation enabled
[2018.03.21-17.44.54:029][  0]LogD3D11RHI: GPU Timing Frequency: 12.000000 (Debug: 2 0)
[2018.03.21-17.44.54:039][  0]LogShaderCompilers: Guid format shader working directory is -44 characters bigger than the processId version (../../../../../../Users/chris/OneDrive/Documents/GitHub/WhiteLightningGame/WhiteLightning/Intermediate/Shaders/WorkingDirectory/10584/).
[2018.03.21-17.44.54:039][  0]LogShaderCompilers: Cleaned the shader compiler working directory 'C:/Users/chris/AppData/Local/Temp/UnrealShaderWorkingDir/B78DAFBE4330B104227E40A42FE0990B/'.
[2018.03.21-17.44.54:040][  0]LogShaderCompilers: Display: Using Local Shader Compiler.
[2018.03.21-17.44.57:228][  0]LogTemp: Display: Loaded TP AllDesktopTargetPlatform
[2018.03.21-17.44.57:348][  0]LogTemp: Display: Loaded TP MacClientTargetPlatform
[2018.03.21-17.44.57:468][  0]LogTemp: Display: Loaded TP MacNoEditorTargetPlatform
[2018.03.21-17.44.57:576][  0]LogTemp: Display: Loaded TP MacServerTargetPlatform
[2018.03.21-17.44.57:679][  0]LogTemp: Display: Loaded TP MacTargetPlatform
[2018.03.21-17.44.57:781][  0]LogTemp: Display: Loaded TP WindowsClientTargetPlatform
[2018.03.21-17.44.57:888][  0]LogTemp: Display: Loaded TP WindowsNoEditorTargetPlatform
[2018.03.21-17.44.58:018][  0]LogTemp: Display: Loaded TP WindowsServerTargetPlatform
[2018.03.21-17.44.58:112][  0]LogTemp: Display: Loaded TP WindowsTargetPlatform
[2018.03.21-17.44.58:226][  0]LogTemp: Display: Loaded TP Android_ASTCTargetPlatform
[2018.03.21-17.44.58:334][  0]LogTemp: Display: Loaded TP Android_ATCTargetPlatform
[2018.03.21-17.44.58:433][  0]LogTemp: Display: Loaded TP Android_DXTTargetPlatform
[2018.03.21-17.44.58:538][  0]LogTemp: Display: Loaded TP Android_ETC1TargetPlatform
[2018.03.21-17.44.58:631][  0]LogTemp: Display: Loaded TP Android_ETC2TargetPlatform
[2018.03.21-17.44.58:825][  0]LogTemp: Display: Loaded TP Android_MultiTargetPlatform
[2018.03.21-17.44.58:825][  0]LogTemp: Display: Loaded TP Android_PVRTCTargetPlatform
[2018.03.21-17.44.58:927][  0]LogTemp: Display: Loaded TP AndroidTargetPlatform
[2018.03.21-17.44.58:998][  0]LogTemp: Display: Loaded TP HTML5TargetPlatform
[2018.03.21-17.44.59:147][  0]LogTemp: Display: Loaded TP IOSTargetPlatform
[2018.03.21-17.44.59:189][  0]LogTemp: Display: Loaded TP TVOSTargetPlatform
[2018.03.21-17.44.59:277][  0]LogTemp: Display: Loaded TP LinuxClientTargetPlatform
[2018.03.21-17.44.59:362][  0]LogTemp: Display: Loaded TP LinuxNoEditorTargetPlatform
[2018.03.21-17.44.59:448][  0]LogTemp: Display: Loaded TP LinuxServerTargetPlatform
[2018.03.21-17.44.59:542][  0]LogTemp: Display: Loaded TP LinuxTargetPlatform
[2018.03.21-17.44.59:542][  0]LogTargetPlatformManager: Display: Building Assets For Windows
[2018.03.21-17.45.00:461][  0]LogDerivedDataCache: Display: Max Cache Size: 512 MB
[2018.03.21-17.45.00:831][  0]LogDerivedDataCache: Loaded boot cache 0.37s 78MB C:/Users/chris/AppData/Local/UnrealEngine/4.18/DerivedDataCache/Boot.ddc.
[2018.03.21-17.45.00:831][  0]LogDerivedDataCache: Display: Loaded Boot cache: C:/Users/chris/AppData/Local/UnrealEngine/4.18/DerivedDataCache/Boot.ddc
[2018.03.21-17.45.00:831][  0]LogDerivedDataCache: FDerivedDataBackendGraph:  Pak pak cache file ../../../../../../Users/chris/OneDrive/Documents/GitHub/WhiteLightningGame/WhiteLightning/DerivedDataCache/DDC.ddp not found, will not use a pak cache.
[2018.03.21-17.45.00:831][  0]LogDerivedDataCache: Unable to find inner node Pak for hierarchical cache Hierarchy.
[2018.03.21-17.45.00:832][  0]LogDerivedDataCache: FDerivedDataBackendGraph:  CompressedPak pak cache file ../../../../../../Users/chris/OneDrive/Documents/GitHub/WhiteLightningGame/WhiteLightning/DerivedDataCache/Compressed.ddp not found, will not use a pak cache.
[2018.03.21-17.45.00:832][  0]LogDerivedDataCache: Unable to find inner node CompressedPak for hierarchical cache Hierarchy.
[2018.03.21-17.45.00:865][  0]LogDerivedDataCache: Display: Pak cache opened for reading ../../../Engine/DerivedDataCache/Compressed.ddp.
[2018.03.21-17.45.00:877][  0]LogDerivedDataCache: Using Local data cache path C:/Users/chris/AppData/Local/UnrealEngine/Common/DerivedDataCache: Writable
[2018.03.21-17.45.00:900][  0]LogMaterial: Verifying Global Shaders for PCD3D_SM5
[2018.03.21-17.45.00:908][  0]LogSlate: Using Freetype 2.6.0
[2018.03.21-17.45.00:930][  0]LogSlate: SlateFontCache - WITH_FREETYPE: 1, WITH_HARFBUZZ: 1
[2018.03.21-17.45.00:930][  0]LogSlate: SlateFontCache - WITH_FREETYPE: 1, WITH_HARFBUZZ: 1
[2018.03.21-17.45.02:368][  0]LogInit: Selected Device Profile: [Windows]
[2018.03.21-17.45.03:248][  0]LogSimplygon: Simplygon DLL not present - disabling.
[2018.03.21-17.45.03:319][  0]LogMeshReduction: Using SimplygonSwarm for distributed automatic mesh merging
[2018.03.21-17.45.03:320][  0]LogMeshReduction: Using QuadricMeshReduction for automatic static mesh reduction
[2018.03.21-17.45.03:320][  0]LogMeshReduction: No automatic skeletal mesh reduction module available
[2018.03.21-17.45.03:320][  0]LogMeshReduction: No automatic mesh merging module available
[2018.03.21-17.45.03:320][  0]LogMeshMerging: No automatic mesh merging module available
[2018.03.21-17.45.03:415][  0]LogNetVersion: WhiteLightning , NetCL: 3709383, EngineNetVer: 2, GameNetVer: 0 (Checksum: 2852152215)
[2018.03.21-17.45.04:038][  0]LogAssetRegistry: FAssetRegistry took 0.0318 seconds to start up
[2018.03.21-17.45.05:865][  0]LogPackageLocalizationCache: Processed 7 localized package path(s) for 2 prioritized culture(s) in 0.135937 seconds
[2018.03.21-17.45.05:877][  0]LogUObjectArray: 35870 objects as part of root set at end of initial load.
[2018.03.21-17.45.05:877][  0]LogUObjectAllocator: 7363696 out of 0 bytes used by permanent object pool.
[2018.03.21-17.45.05:877][  0]LogUObjectArray: CloseDisregardForGC: 0/0 objects in disregard for GC pool
[2018.03.21-17.45.05:990][  0]LogInit: WinSock: version 1.1 (2.2), MaxSocks=32767, MaxUdp=65467
[2018.03.21-17.45.16:180][  0]LogTcpMessaging: Initializing TcpMessaging bridge
[2018.03.21-17.45.16:259][  0]LogUdpMessaging: Initializing bridge on interface 0.0.0.0:0 to multicast group 230.0.0.1:6666.
[2018.03.21-17.45.17:730][  0]LogMaterial: Uniform references updated for custom material expression Custom.
[2018.03.21-17.45.18:658][  0]SourceControl: Source control is disabled
[2018.03.21-17.45.21:855][  0]LogAndroidPermission: UAndroidPermissionCallbackProxy::GetInstance
[2018.03.21-17.45.22:419][  0]LogOcInput: OculusInput pre-init called
[2018.03.21-17.45.23:056][  0]LogEngine: Initializing Engine...
[2018.03.21-17.45.23:066][  0]LogHMD: Failed to initialize OpenVR with code 110
[2018.03.21-17.45.23:430][  0]LogStats: UGameplayTagsManager::ConstructGameplayTagTree: Construct from data asset -  0.000 s
[2018.03.21-17.45.23:431][  0]LogStats: UGameplayTagsManager::ConstructGameplayTagTree: GameplayTagTreeChangedEvent.Broadcast -  0.000 s
[2018.03.21-17.45.23:754][  0]LogAIModule: Creating AISystem for world Untitled
[2018.03.21-17.45.23:797][  0]LogInit: XAudio2 using 'Speakers / Headphones (Realtek Audio)' : 2 channels at 48 kHz using 32 bits per sample (channel mask 0x3)
[2018.03.21-17.45.24:725][  0]LogInit: FAudioDevice initialized.
[2018.03.21-17.45.24:833][  0]LogDerivedDataCache: Saved boot cache 0.11s 78MB C:/Users/chris/AppData/Local/UnrealEngine/4.18/DerivedDataCache/Boot.ddc.
[2018.03.21-17.45.24:855][  0]LogInit: Texture streaming: Enabled
[2018.03.21-17.45.25:071][  0]LogEngineSessionManager: EngineSessionManager initialized
[2018.03.21-17.45.25:370][  0]LogInit: Transaction tracking system initialized
[2018.03.21-17.45.26:151][  0]BlueprintLog: New page: Editor Load
[2018.03.21-17.45.28:304][  0]LocalizationService: Localization service is disabled
[2018.03.21-17.45.30:101][  0]LogConsoleResponse: Display: 
[2018.03.21-17.45.30:826][  0]LogFileCache: Scanning file cache for directory 'C:/Users/chris/OneDrive/Documents/GitHub/WhiteLightningGame/WhiteLightning/Content/' took 0.02s
[2018.03.21-17.45.30:826][  0]LogCook: Display: Max memory allowance for cook 16384mb min free memory 0mb
[2018.03.21-17.45.30:826][  0]LogCook: Display: Mobile HDR setting 1
[2018.03.21-17.45.30:828][  0]LogGameplayTags: Display: UGameplayTagsManager::DoneAddingNativeTags. DelegateIsBound: 0
[2018.03.21-17.45.33:524][  0]Cmd: MAP LOAD FILE="../../../../../../Users/chris/OneDrive/Documents/GitHub/WhiteLightningGame/WhiteLightning/Content/WhiteLightning/Levels/Tutorial.umap" TEMPLATE=0 SHOWPROGRESS=1 FEATURELEVEL=3
[2018.03.21-17.45.33:527][  0]LightingResults: New page: Lighting Build
[2018.03.21-17.45.33:642][  0]MapCheck: New page: Map Check
[2018.03.21-17.45.33:642][  0]LightingResults: New page: Lighting Build
[2018.03.21-17.45.34:654][  0]LogAIModule: Creating AISystem for world Tutorial
[2018.03.21-17.45.34:854][  0]LogEditorServer: Finished looking for orphan Actors (0.000 secs)
[2018.03.21-17.45.34:911][  0]Cmd: MAP CHECKDEP NOCLEARLOG
[2018.03.21-17.45.35:011][  0]MapCheck: Map check complete: 0 Error(s), 0 Warning(s), took 99.847ms to complete.
[2018.03.21-17.45.35:012][  0]LogFileHelpers: Loading map 'Tutorial' took 1.489
[2018.03.21-17.45.35:484][  0]LogCollectionManager: Loaded 0 collections in 0.003291 seconds
[2018.03.21-17.45.35:661][  0]LogFileCache: Scanning file cache for directory 'C:/Users/chris/OneDrive/Documents/GitHub/WhiteLightningGame/WhiteLightning/Saved/Collections/' took 0.01s
[2018.03.21-17.45.35:661][  0]LogFileCache: Scanning file cache for directory 'C:/Users/chris/OneDrive/Documents/GitHub/WhiteLightningGame/WhiteLightning/Content/Developers/chris/Collections/' took 0.01s
[2018.03.21-17.45.35:661][  0]LogFileCache: Scanning file cache for directory 'C:/Users/chris/OneDrive/Documents/GitHub/WhiteLightningGame/WhiteLightning/Content/Collections/' took 0.01s
[2018.03.21-17.45.35:661][  0]LogCollectionManager: Rebuilt the GUID cache for 0 collections in 0.000000 seconds
[2018.03.21-17.45.35:677][  0]LogContentBrowser: Native class hierarchy populated in 0.0144 seconds. Added 2363 classes and 519 folders.
[2018.03.21-17.45.35:819][  0]LogContentBrowser: Native class hierarchy updated for 'WidgetCarousel' in 0.0004 seconds. Added 0 classes and 0 folders.
[2018.03.21-17.45.36:410][  0]LogContentBrowser: Native class hierarchy updated for 'AddContentDialog' in 0.0003 seconds. Added 0 classes and 0 folders.
[2018.03.21-17.45.36:665][  0]LogSlate: Took 0.006973 seconds to synchronously load lazily loaded font '../../../Engine/Content/Slate/Fonts/Roboto-Regular.ttf' (155K)
[2018.03.21-17.45.36:678][  0]LogSlate: Took 0.007697 seconds to synchronously load lazily loaded font '../../../Engine/Content/Slate/Fonts/Roboto-Bold.ttf' (160K)
[2018.03.21-17.45.36:703][  0]LogSlate: Took 0.009808 seconds to synchronously load lazily loaded font '../../../Engine/Content/Editor/Slate/Fonts/FontAwesome.ttf' (139K)
[2018.03.21-17.45.36:943][  0]LogRenderer: Reallocating scene render targets to support 964x440 Format 10 NumSamples 1 (Frame:1).
[2018.03.21-17.45.38:126][  0]LogContentBrowser: Native class hierarchy updated for 'HierarchicalLODOutliner' in 0.0004 seconds. Added 1 classes and 2 folders.
[2018.03.21-17.45.38:126][  0]LogLoad: (Engine Initialization) Total time: 56.99 seconds
[2018.03.21-17.45.38:126][  0]LogLoad: (Engine Initialization) Total Blueprint compile time: 0.00 seconds
[2018.03.21-17.45.38:126][  0]LogExternalProfiler: Found external profiler: VSPerf
[2018.03.21-17.45.38:126][  0]LogExternalProfiler: Using external profiler: VSPerf
[2018.03.21-17.45.38:537][  0]SourceControl: On branch master
[2018.03.21-17.45.38:537][  0]SourceControl: Your branch is up to date with 'origin/master'.
[2018.03.21-17.45.38:537][  0]SourceControl: Changes not staged for commit:
[2018.03.21-17.45.38:537][  0]SourceControl:   (use "git add <file>..." to update what will be committed)
[2018.03.21-17.45.38:537][  0]SourceControl:   (use "git checkout -- <file>..." to discard changes in working directory)
[2018.03.21-17.45.38:537][  0]SourceControl: 	modified:   WhiteLightning/Intermediate/CachedAssetRegistry.bin
[2018.03.21-17.45.38:537][  0]SourceControl: 	modified:   WhiteLightning/Saved/Logs/WhiteLightning.log
[2018.03.21-17.45.38:537][  0]SourceControl: 	modified:   WhiteLightning/Saved/Logs/WhiteLightning_2.log
[2018.03.21-17.45.38:537][  0]SourceControl: Untracked files:
[2018.03.21-17.45.38:537][  0]SourceControl:   (use "git add <file>..." to include in what will be committed)
[2018.03.21-17.45.38:537][  0]SourceControl: 	WhiteLightning/Saved/Config/CrashReportClient/UE4CC-Windows-B5D595B0426532B490C2E29A10105801/
[2018.03.21-17.45.38:537][  0]SourceControl: 	WhiteLightning/Saved/Config/CrashReportClient/UE4CC-Windows-FD86403A486878A4F14FC3908B2DB82A/
[2018.03.21-17.45.38:537][  0]SourceControl: 	WhiteLightning/Saved/Logs/WhiteLightning-backup-2018.03.21-13.44.46.log
[2018.03.21-17.45.38:537][  0]SourceControl: 	WhiteLightning/Saved/Logs/WhiteLightning_2-backup-2018.03.21-13.45.14.log
[2018.03.21-17.45.38:537][  0]SourceControl: no changes added to commit (use "git add" and/or "git commit -a")
[2018.03.21-17.45.38:538][  0]LogContentStreaming: Texture pool size now 1000 MB
[2018.03.21-17.45.38:687][  0]LogSlate: Took 0.007339 seconds to synchronously load lazily loaded font '../../../Engine/Content/Slate/Fonts/Roboto-Light.ttf' (159K)
[2018.03.21-17.45.39:023][  1]LogFileCache: Retrieving MD5 hashes for directory 'C:/Users/chris/OneDrive/Documents/GitHub/WhiteLightningGame/WhiteLightning/Content/' took 0.52s
[2018.03.21-17.45.39:377][  2]LogAssetRegistry: Asset discovery search completed in 35.3623 seconds
[2018.03.21-17.45.39:385][  2]LogCollectionManager: Rebuilt the object cache for 0 collections in 0.000000 seconds (found 0 objects)
[2018.03.21-17.45.39:385][  2]LogCollectionManager: Fixed up redirectors for 0 collections in 0.000090 seconds (updated 0 objects)
[2018.03.21-17.45.45:899][ 19]LogEditorViewport: Clicking on Actor (LMB): PaperSpriteActor (New_Piskel_Sprite_103)
[2018.03.21-17.45.47:095][ 29]LogTemp: Repeating last play command: New Editor Window (PIE)
[2018.03.21-17.45.47:187][ 29]LogPlayLevel: PlayLevel: No blueprints needed recompiling
[2018.03.21-17.45.47:196][ 29]PIE: New page: PIE session: Tutorial (Mar 21, 2018, 9:45:47 AM)
[2018.03.21-17.45.47:197][ 29]LogPlayLevel: Creating play world package: /Game/WhiteLightning/Levels/UEDPIE_0_Tutorial
[2018.03.21-17.45.47:286][ 29]LogPlayLevel: PIE: StaticDuplicateObject took: (0.088836s)
[2018.03.21-17.45.47:287][ 29]LogAIModule: Creating AISystem for world Tutorial
[2018.03.21-17.45.47:288][ 29]LogPlayLevel: PIE: World Init took: (0.001903s)
[2018.03.21-17.45.47:289][ 29]LogPlayLevel: PIE: Created PIE world by copying editor world from /Game/WhiteLightning/Levels/Tutorial.Tutorial to /Game/WhiteLightning/Levels/UEDPIE_0_Tutorial.Tutorial (0.092025s)
[2018.03.21-17.45.47:317][ 29]LogInit: XAudio2 using 'Speakers / Headphones (Realtek Audio)' : 2 channels at 48 kHz using 32 bits per sample (channel mask 0x3)
[2018.03.21-17.45.47:370][ 29]LogInit: FAudioDevice initialized.
[2018.03.21-17.45.47:717][ 29]LogLoad: Game class is 'Tutorial_C'
[2018.03.21-17.45.47:901][ 29]LogWorld: Bringing World /Game/WhiteLightning/Levels/UEDPIE_0_Tutorial.Tutorial up for play (max tick rate 60) at 2018.03.21-13.45.47
[2018.03.21-17.45.47:945][ 29]LogWorld: Bringing up level for play took: 0.069433
[2018.03.21-17.45.48:077][ 29]LogContentBrowser: Native class hierarchy updated for 'MovieSceneCapture' in 0.0012 seconds. Added 11 classes and 0 folders.
[2018.03.21-17.45.48:105][ 29]PIE: Play in editor start time for /Game/WhiteLightning/Levels/UEDPIE_0_Tutorial 0.184
[2018.03.21-17.45.48:342][ 29]LogRenderer: Reallocating scene render targets to support 1024x576 Format 10 NumSamples 1 (Frame:1).
[2018.03.21-17.48.18:478][304]LogSlate: Took 0.008247 seconds to synchronously load lazily loaded font '../../../Engine/Content/Slate/Fonts/Roboto-Light.ttf' (159K)
[2018.03.21-17.48.18:554][304]Cmd: MAP LOAD FILE="../../../../../../Users/chris/OneDrive/Documents/GitHub/WhiteLightningGame/WhiteLightning/Content/WhiteLightning/Levels/Tutorial.umap" TEMPLATE=0 SHOWPROGRESS=1 FEATURELEVEL=3
[2018.03.21-17.48.18:556][304]LightingResults: New page: Lighting Build
[2018.03.21-17.48.18:563][304]LoadErrors: New page: Loading map: Tutorial.umap
[2018.03.21-17.48.18:568][304]MapCheck: New page: Map Check
[2018.03.21-17.48.18:568][304]LightingResults: New page: Lighting Build
[2018.03.21-17.48.18:813][304]LogAIModule: Creating AISystem for world Tutorial
[2018.03.21-17.48.19:058][304]LogEditorServer: Finished looking for orphan Actors (0.001 secs)
[2018.03.21-17.48.19:113][304]LogSlate: Took 0.007622 seconds to synchronously load lazily loaded font '../../../Engine/Content/Slate/Fonts/Roboto-Regular.ttf' (155K)
[2018.03.21-17.48.19:216][304]Cmd: MAP CHECKDEP NOCLEARLOG
[2018.03.21-17.48.19:394][304]MapCheck: Map check complete: 0 Error(s), 0 Warning(s), took 177.359ms to complete.
[2018.03.21-17.48.19:395][304]LogFileHelpers: Loading map 'Tutorial' took 0.847
[2018.03.21-17.48.23:726][446]LogTemp: Repeating last play command: New Editor Window (PIE)
[2018.03.21-17.48.23:752][446]LogPlayLevel: PlayLevel: No blueprints needed recompiling
[2018.03.21-17.48.23:752][446]PIE: New page: PIE session: Tutorial (Mar 21, 2018, 9:48:23 AM)
[2018.03.21-17.48.23:753][446]LogPlayLevel: Creating play world package: /Game/WhiteLightning/Levels/UEDPIE_0_Tutorial
[2018.03.21-17.48.23:818][446]LogPlayLevel: PIE: StaticDuplicateObject took: (0.065804s)
[2018.03.21-17.48.23:819][446]LogAIModule: Creating AISystem for world Tutorial
[2018.03.21-17.48.23:820][446]LogPlayLevel: PIE: World Init took: (0.001736s)
[2018.03.21-17.48.23:822][446]LogPlayLevel: PIE: Created PIE world by copying editor world from /Game/WhiteLightning/Levels/Tutorial.Tutorial to /Game/WhiteLightning/Levels/UEDPIE_0_Tutorial.Tutorial (0.069325s)
[2018.03.21-17.48.23:846][446]LogInit: XAudio2 using 'Speakers / Headphones (Realtek Audio)' : 2 channels at 48 kHz using 32 bits per sample (channel mask 0x3)
[2018.03.21-17.48.23:879][446]LogInit: FAudioDevice initialized.
[2018.03.21-17.48.23:994][446]LogLoad: Game class is 'Tutorial_C'
[2018.03.21-17.48.24:013][446]LogWorld: Bringing World /Game/WhiteLightning/Levels/UEDPIE_0_Tutorial.Tutorial up for play (max tick rate 60) at 2018.03.21-13.48.24
[2018.03.21-17.48.24:015][446]LogWorld: Bringing up level for play took: 0.019680
[2018.03.21-17.48.24:029][446]PIE: Play in editor start time for /Game/WhiteLightning/Levels/UEDPIE_0_Tutorial 0.108
[2018.03.21-17.52.09:674][676]LogSlate: Took 0.007878 seconds to synchronously load lazily loaded font '../../../Engine/Content/Slate/Fonts/Roboto-Light.ttf' (159K)
[2018.03.21-17.52.16:728][ 89]LogSlate: Warning: Prevented a slow task dialog from being summoned while a context menu was open
[2018.03.21-17.52.36:911][ 83]LogContentBrowser: Native class hierarchy updated for 'BlueprintGraph' in 0.0007 seconds. Added 116 classes and 0 folders.
[2018.03.21-17.53.18:488][443]LogSlate: Warning: Prevented a slow task dialog from being summoned while a context menu was open
[2018.03.21-17.53.41:692][657]LogContentBrowser: Native class hierarchy updated for 'SceneOutliner' in 0.0003 seconds. Added 1 classes and 2 folders.
[2018.03.21-17.53.46:145][915]LogSlate: Warning: Prevented a slow task dialog from being summoned while a context menu was open
[2018.03.21-17.53.56:361][505]LogVSAccessor: Warning: Couldn't access Visual Studio
[2018.03.21-17.53.56:366][505]LogVSAccessor: Warning: Couldn't access module table
[2018.03.21-17.53.56:366][505]LogVSAccessor: Warning: Couldn't access module table
[2018.03.21-17.53.56:366][505]LogVSAccessor: Warning: Couldn't access module table
[2018.03.21-17.53.56:366][505]LogVSAccessor: Warning: Couldn't access module table
[2018.03.21-17.53.56:366][505]LogVSAccessor: Warning: Couldn't access module table
[2018.03.21-17.53.56:367][505]LogVSAccessor: Warning: Couldn't access module table
[2018.03.21-17.53.56:367][505]LogVSAccessor: Warning: Couldn't access module table
[2018.03.21-17.53.56:367][505]LogVSAccessor: Warning: Couldn't access module table
[2018.03.21-17.53.56:367][505]LogVSAccessor: Warning: Couldn't access module table
[2018.03.21-17.53.56:367][505]LogVSAccessor: Warning: Couldn't access module table
[2018.03.21-17.53.56:367][505]LogVSAccessor: Warning: Couldn't access module table
[2018.03.21-17.53.56:368][505]LogVSAccessor: Warning: Couldn't access module table
[2018.03.21-17.53.56:368][505]LogVSAccessor: Warning: Couldn't access module table
[2018.03.21-17.53.56:368][505]LogVSAccessor: Warning: Couldn't access module table
[2018.03.21-17.53.56:368][505]LogVSAccessor: Warning: Couldn't access module table
[2018.03.21-17.53.56:368][505]LogVSAccessor: Warning: Couldn't access module table
[2018.03.21-17.53.56:369][505]LogVSAccessor: Warning: Couldn't access module table
[2018.03.21-17.53.56:369][505]LogVSAccessor: Warning: Couldn't access module table
[2018.03.21-17.53.56:369][505]LogVSAccessor: Warning: Couldn't access module table
[2018.03.21-17.53.56:369][505]LogVSAccessor: Warning: Couldn't access module table
[2018.03.21-17.53.56:369][505]LogVSAccessor: Warning: Couldn't access module table
[2018.03.21-17.53.56:369][505]LogVSAccessor: Warning: Couldn't access module table
[2018.03.21-17.53.56:370][505]LogVSAccessor: Warning: Couldn't access module table
[2018.03.21-17.53.56:370][505]LogVSAccessor: Warning: Couldn't access module table
[2018.03.21-17.53.56:370][505]LogVSAccessor: Warning: Couldn't access module table
[2018.03.21-17.53.56:370][505]LogVSAccessor: Warning: Couldn't access module table
[2018.03.21-17.53.56:370][505]LogVSAccessor: Warning: Couldn't access module table
[2018.03.21-17.53.56:371][505]LogVSAccessor: Warning: Couldn't access module table
[2018.03.21-17.53.56:371][505]LogVSAccessor: Warning: Couldn't access module table
[2018.03.21-17.53.56:371][505]LogVSAccessor: Warning: Couldn't access module table
[2018.03.21-17.53.56:371][505]LogVSAccessor: Warning: Couldn't access module table
[2018.03.21-17.53.56:371][505]LogVSAccessor: Warning: Couldn't access module table
[2018.03.21-17.53.56:372][505]LogVSAccessor: Warning: Couldn't access module table
[2018.03.21-17.53.56:372][505]LogVSAccessor: Warning: Couldn't access module table
[2018.03.21-17.53.56:372][505]LogVSAccessor: Warning: Couldn't access module table
[2018.03.21-17.53.56:372][505]LogVSAccessor: Warning: Couldn't access module table
[2018.03.21-17.53.56:372][505]LogVSAccessor: Warning: Couldn't access module table
[2018.03.21-17.53.56:373][505]LogVSAccessor: Warning: Couldn't access module table
[2018.03.21-17.53.56:373][505]LogVSAccessor: Warning: Couldn't access module table
[2018.03.21-17.53.56:373][505]LogVSAccessor: Warning: Couldn't access module table
[2018.03.21-17.53.56:373][505]LogVSAccessor: Warning: Couldn't access module table
[2018.03.21-17.53.56:373][505]LogVSAccessor: Warning: Couldn't access module table
[2018.03.21-17.53.56:373][505]LogVSAccessor: Warning: Couldn't access module table
[2018.03.21-17.53.56:374][505]LogVSAccessor: Warning: Couldn't access module table
[2018.03.21-17.53.56:374][505]LogVSAccessor: Warning: Couldn't access module table
[2018.03.21-17.53.56:374][505]LogVSAccessor: Warning: Couldn't access module table
[2018.03.21-17.53.56:374][505]LogVSAccessor: Warning: Couldn't access module table
[2018.03.21-17.53.56:374][505]LogVSAccessor: Warning: Couldn't access module table
[2018.03.21-17.53.56:374][505]LogVSAccessor: Warning: Couldn't access module table
[2018.03.21-17.53.56:375][505]LogVSAccessor: Warning: Couldn't access module table
[2018.03.21-17.53.56:375][505]LogVSAccessor: Warning: Couldn't access module table
[2018.03.21-17.53.56:375][505]LogVSAccessor: Warning: Couldn't access module table
[2018.03.21-17.53.56:375][505]LogVSAccessor: Warning: Couldn't access module table
[2018.03.21-17.53.56:375][505]LogVSAccessor: Warning: Couldn't access module table
[2018.03.21-17.53.56:375][505]LogVSAccessor: Warning: Couldn't access module table
[2018.03.21-17.53.56:376][505]LogVSAccessor: Warning: Couldn't access module table
[2018.03.21-17.53.56:376][505]LogVSAccessor: Warning: Couldn't access module table
[2018.03.21-17.53.56:376][505]LogVSAccessor: Warning: Couldn't access module table
[2018.03.21-17.53.56:376][505]LogVSAccessor: Warning: Couldn't access module table
[2018.03.21-17.53.56:376][505]LogVSAccessor: Warning: Couldn't access module table
[2018.03.21-17.53.56:377][505]LogVSAccessor: Warning: Couldn't access module table
[2018.03.21-17.53.56:377][505]LogVSAccessor: Warning: Couldn't access module table
[2018.03.21-17.53.56:377][505]LogVSAccessor: Warning: Couldn't access module table
[2018.03.21-17.53.56:377][505]LogVSAccessor: Warning: Couldn't access module table
[2018.03.21-17.53.56:377][505]LogVSAccessor: Warning: Couldn't access module table
[2018.03.21-17.53.56:377][505]LogVSAccessor: Warning: Couldn't access module table
[2018.03.21-17.53.56:378][505]LogVSAccessor: Warning: Couldn't access module table
[2018.03.21-17.53.56:378][505]LogVSAccessor: Warning: Couldn't access module table
[2018.03.21-17.53.56:378][505]LogVSAccessor: Warning: Couldn't access module table
[2018.03.21-17.53.56:378][505]LogVSAccessor: Warning: Couldn't access module table
[2018.03.21-17.53.56:378][505]LogVSAccessor: Warning: Couldn't access module table
[2018.03.21-17.53.56:379][505]LogVSAccessor: Warning: Couldn't access module table
[2018.03.21-17.53.56:379][505]LogVSAccessor: Warning: Couldn't access module table
[2018.03.21-17.53.56:379][505]LogVSAccessor: Warning: Couldn't access module table
[2018.03.21-17.53.56:379][505]LogVSAccessor: Warning: Couldn't access module table
[2018.03.21-17.53.56:379][505]LogVSAccessor: Warning: Couldn't access module table
[2018.03.21-17.53.56:380][505]LogVSAccessor: Warning: Couldn't access module table
[2018.03.21-17.53.56:380][505]LogVSAccessor: Warning: Couldn't access module table
[2018.03.21-17.53.56:380][505]LogVSAccessor: Warning: Couldn't access module table
[2018.03.21-17.53.56:380][505]LogVSAccessor: Warning: Couldn't access module table
[2018.03.21-17.53.56:380][505]LogVSAccessor: Warning: Couldn't access module table
[2018.03.21-17.53.56:381][505]LogVSAccessor: Warning: Couldn't access module table
[2018.03.21-17.53.56:381][505]LogVSAccessor: Warning: Couldn't access module table
[2018.03.21-17.53.56:381][505]LogVSAccessor: Warning: Couldn't access module table
[2018.03.21-17.53.56:381][505]LogVSAccessor: Warning: Couldn't access module table
[2018.03.21-17.53.56:381][505]LogVSAccessor: Warning: Couldn't access module table
[2018.03.21-17.53.56:382][505]LogVSAccessor: Warning: Couldn't access module table
[2018.03.21-17.53.56:382][505]LogVSAccessor: Warning: Couldn't access module table
[2018.03.21-17.53.56:382][505]LogVSAccessor: Warning: Couldn't access module table
[2018.03.21-17.53.56:382][505]LogVSAccessor: Warning: Couldn't access module table
[2018.03.21-17.53.56:382][505]LogVSAccessor: Warning: Couldn't access module table
[2018.03.21-17.53.56:383][505]LogVSAccessor: Warning: Couldn't access module table
[2018.03.21-17.53.56:383][505]LogVSAccessor: Warning: Couldn't access module table
[2018.03.21-17.53.56:383][505]LogVSAccessor: Warning: Couldn't access module table
[2018.03.21-17.53.56:384][505]LogVSAccessor: Warning: Couldn't access module table
[2018.03.21-17.53.56:384][505]LogVSAccessor: Warning: Couldn't access module table
[2018.03.21-17.53.56:384][505]LogVSAccessor: Warning: Couldn't access module table
[2018.03.21-17.53.56:384][505]LogVSAccessor: Warning: Couldn't access module table
[2018.03.21-17.53.56:384][505]LogVSAccessor: Warning: Couldn't access module table
[2018.03.21-17.53.56:384][505]LogVSAccessor: Warning: Couldn't access module table
[2018.03.21-17.53.56:384][505]LogVSAccessor: Warning: Couldn't access module table
[2018.03.21-17.53.56:385][505]LogVSAccessor: Warning: Couldn't access module table
[2018.03.21-17.53.56:385][505]LogVSAccessor: Warning: Couldn't access module table
[2018.03.21-17.53.56:385][505]LogVSAccessor: Warning: Couldn't access module table
[2018.03.21-17.53.56:385][505]LogVSAccessor: Warning: Couldn't access module table
[2018.03.21-17.53.56:385][505]LogVSAccessor: Warning: Couldn't access module table
[2018.03.21-17.53.56:386][505]LogVSAccessor: Warning: Couldn't access module table
[2018.03.21-17.53.56:386][505]LogVSAccessor: Warning: Couldn't access module table
[2018.03.21-17.53.56:386][505]LogVSAccessor: Warning: Couldn't access module table
[2018.03.21-17.53.56:386][505]LogVSAccessor: Warning: Couldn't access module table
[2018.03.21-17.53.56:386][505]LogVSAccessor: Warning: Couldn't access module table
[2018.03.21-17.53.56:387][505]LogVSAccessor: Warning: Couldn't access module table
[2018.03.21-17.53.56:387][505]LogVSAccessor: Warning: Couldn't access module table
[2018.03.21-17.53.56:387][505]LogVSAccessor: Warning: Couldn't access module table
[2018.03.21-17.53.56:387][505]LogVSAccessor: Warning: Couldn't access module table
[2018.03.21-17.53.56:387][505]LogVSAccessor: Warning: Couldn't access module table
[2018.03.21-17.53.56:388][505]LogVSAccessor: Warning: Couldn't access module table
[2018.03.21-17.53.56:388][505]LogVSAccessor: Warning: Couldn't access module table
[2018.03.21-17.53.56:388][505]LogVSAccessor: Warning: Couldn't access module table
[2018.03.21-17.53.56:454][505]LogVSAccessor: Warning: Couldn't access module table
[2018.03.21-17.53.56:454][505]LogVSAccessor: Warning: Couldn't access module table
[2018.03.21-17.53.56:487][505]LogVSAccessor: Warning: Couldn't access module table
[2018.03.21-17.53.56:531][505]LogVSAccessor: Warning: Couldn't access module table
[2018.03.21-17.53.56:546][505]LogVSAccessor: Warning: Couldn't access module table
[2018.03.21-17.53.56:546][505]LogVSAccessor: Warning: Couldn't access module table
[2018.03.21-17.53.56:549][505]LogVSAccessor: Warning: Couldn't access module table
[2018.03.21-17.53.56:553][505]LogVSAccessor: Warning: Couldn't access module table
[2018.03.21-17.53.56:553][505]LogVSAccessor: Warning: Couldn't access module table
[2018.03.21-17.53.56:553][505]LogVSAccessor: Warning: Couldn't access module table
[2018.03.21-17.54.12:454][ 88]BlueprintLog: New page: Compile NewHUD
[2018.03.21-17.54.21:466][435]LogTemp: Repeating last play command: New Editor Window (PIE)
[2018.03.21-17.54.21:505][435]LogPlayLevel: PlayLevel: No blueprints needed recompiling
[2018.03.21-17.54.21:505][435]PIE: New page: PIE session: Tutorial (Mar 21, 2018, 9:54:21 AM)
[2018.03.21-17.54.21:505][435]LogPlayLevel: Creating play world package: /Game/WhiteLightning/Levels/UEDPIE_0_Tutorial
[2018.03.21-17.54.21:557][435]LogPlayLevel: PIE: StaticDuplicateObject took: (0.051822s)
[2018.03.21-17.54.21:558][435]LogAIModule: Creating AISystem for world Tutorial
[2018.03.21-17.54.21:559][435]LogPlayLevel: PIE: World Init took: (0.001453s)
[2018.03.21-17.54.21:559][435]LogPlayLevel: PIE: Created PIE world by copying editor world from /Game/WhiteLightning/Levels/Tutorial.Tutorial to /Game/WhiteLightning/Levels/UEDPIE_0_Tutorial.Tutorial (0.053864s)
[2018.03.21-17.54.21:588][435]LogInit: XAudio2 using 'Speakers / Headphones (Realtek Audio)' : 2 channels at 48 kHz using 32 bits per sample (channel mask 0x3)
[2018.03.21-17.54.21:610][435]LogInit: FAudioDevice initialized.
[2018.03.21-17.54.21:697][435]LogLoad: Game class is 'Tutorial_C'
[2018.03.21-17.54.21:713][435]LogWorld: Bringing World /Game/WhiteLightning/Levels/UEDPIE_0_Tutorial.Tutorial up for play (max tick rate 60) at 2018.03.21-13.54.21
[2018.03.21-17.54.21:715][435]LogWorld: Bringing up level for play took: 0.015348
[2018.03.21-17.54.21:723][435]PIE: Play in editor start time for /Game/WhiteLightning/Levels/UEDPIE_0_Tutorial -0.198
[2018.03.21-17.55.56:911][334]LogSlate: Took 0.006798 seconds to synchronously load lazily loaded font '../../../Engine/Content/Editor/Slate/Fonts/Roboto-BoldCondensed.ttf' (158K)
[2018.03.21-17.58.27:519][422]LogFileHelpers: Editor autosave (incl. sublevels) for '/Game/WhiteLightning/Levels/Tutorial' took 0.037
[2018.03.21-17.58.27:524][422]OBJ SavePackage: Generating thumbnails for [0] asset(s) in package [/Game/WhiteLightning/GameMode/Tutorial] ([1] browsable assets)...
[2018.03.21-17.58.27:524][422]OBJ SavePackage: Finished generating thumbnails for package [/Game/WhiteLightning/GameMode/Tutorial]
[2018.03.21-17.58.27:564][422]LogSavePackage: Save=18.50ms
[2018.03.21-17.58.27:564][422]LogSavePackage: Moving '../../../../../../Users/chris/OneDrive/Documents/GitHub/WhiteLightningGame/WhiteLightning/Saved/Tutorial_Auto11A9CC05C4A74BFCB8259A5848B53E546.tmp' to '../../../../../../Users/chris/OneDrive/Documents/GitHub/WhiteLightningGame/WhiteLightning/Saved/Autosaves/Game/WhiteLightning/GameMode/Tutorial_Auto1.uasset'
[2018.03.21-17.58.27:568][422]LogSavePackage: Display: Finished SavePackage ../../../../../../Users/chris/OneDrive/Documents/GitHub/WhiteLightningGame/WhiteLightning/Saved/Autosaves/Game/WhiteLightning/GameMode/Tutorial_Auto1.uasset
[2018.03.21-17.58.27:570][422]OBJ SavePackage: Generating thumbnails for [0] asset(s) in package [/Game/Blueprints/NewWidgetBlueprint] ([1] browsable assets)...
[2018.03.21-17.58.27:570][422]OBJ SavePackage: Finished generating thumbnails for package [/Game/Blueprints/NewWidgetBlueprint]
[2018.03.21-17.58.27:588][422]LogSavePackage: Save=15.04ms
[2018.03.21-17.58.27:588][422]LogSavePackage: Moving '../../../../../../Users/chris/OneDrive/Documents/GitHub/WhiteLightningGame/WhiteLightning/Saved/NewWidgetBlueprint_Auto1FE21E1DE4839ADEF0C2BAAA77C2ED7C6.tmp' to '../../../../../../Users/chris/OneDrive/Documents/GitHub/WhiteLightningGame/WhiteLightning/Saved/Autosaves/Game/Blueprints/NewWidgetBlueprint_Auto1.uasset'
[2018.03.21-17.58.27:591][422]LogSavePackage: Display: Finished SavePackage ../../../../../../Users/chris/OneDrive/Documents/GitHub/WhiteLightningGame/WhiteLightning/Saved/Autosaves/Game/Blueprints/NewWidgetBlueprint_Auto1.uasset
[2018.03.21-17.58.27:591][422]LogFileHelpers: Auto-saving content packages took 0.071
[2018.03.21-17.59.17:940][584]LogSlate: Took 0.027019 seconds to synchronously load lazily loaded font '../../../Engine/Content/Slate/Fonts/DroidSansFallback.ttf' (3848K)
[2018.03.21-17.59.21:206][687]LogEditorTransaction: Undo Move Widget
[2018.03.21-17.59.21:867][708]LogEditorTransaction: Undo Add Widget
[2018.03.21-17.59.22:075][717]LogEditorTransaction: Undo Resize Widget
[2018.03.21-18.02.04:390][ 28]PIE: UWidget::RemoveFromParent() called on '/Engine/Transient.VerticalBox_85' which has no UMG parent (if it was added directly to a native Slate widget via TakeWidget() then it must be removed explicitly rather than via RemoveFromParent())
[2018.03.21-18.02.04:396][ 28]PIE: UWidget::RemoveFromParent() called on '/Engine/Transient.VerticalBox_84' which has no UMG parent (if it was added directly to a native Slate widget via TakeWidget() then it must be removed explicitly rather than via RemoveFromParent())
[2018.03.21-18.02.04:398][ 28]PIE: UWidget::RemoveFromParent() called on '/Engine/Transient.VerticalBox_86' which has no UMG parent (if it was added directly to a native Slate widget via TakeWidget() then it must be removed explicitly rather than via RemoveFromParent())
[2018.03.21-18.02.04:425][ 29]PIE: UWidget::RemoveFromParent() called on '/Engine/Transient.VerticalBox_88' which has no UMG parent (if it was added directly to a native Slate widget via TakeWidget() then it must be removed explicitly rather than via RemoveFromParent())
[2018.03.21-18.02.04:429][ 29]PIE: UWidget::RemoveFromParent() called on '/Engine/Transient.VerticalBox_90' which has no UMG parent (if it was added directly to a native Slate widget via TakeWidget() then it must be removed explicitly rather than via RemoveFromParent())
[2018.03.21-18.02.04:459][ 30]PIE: UWidget::RemoveFromParent() called on '/Engine/Transient.VerticalBox_92' which has no UMG parent (if it was added directly to a native Slate widget via TakeWidget() then it must be removed explicitly rather than via RemoveFromParent())
[2018.03.21-18.02.04:463][ 30]PIE: UWidget::RemoveFromParent() called on '/Engine/Transient.VerticalBox_94' which has no UMG parent (if it was added directly to a native Slate widget via TakeWidget() then it must be removed explicitly rather than via RemoveFromParent())
[2018.03.21-18.02.04:490][ 31]PIE: UWidget::RemoveFromParent() called on '/Engine/Transient.VerticalBox_96' which has no UMG parent (if it was added directly to a native Slate widget via TakeWidget() then it must be removed explicitly rather than via RemoveFromParent())
[2018.03.21-18.02.04:494][ 31]PIE: UWidget::RemoveFromParent() called on '/Engine/Transient.VerticalBox_98' which has no UMG parent (if it was added directly to a native Slate widget via TakeWidget() then it must be removed explicitly rather than via RemoveFromParent())
[2018.03.21-18.02.04:521][ 32]PIE: UWidget::RemoveFromParent() called on '/Engine/Transient.VerticalBox_100' which has no UMG parent (if it was added directly to a native Slate widget via TakeWidget() then it must be removed explicitly rather than via RemoveFromParent())
[2018.03.21-18.02.04:526][ 32]PIE: UWidget::RemoveFromParent() called on '/Engine/Transient.VerticalBox_102' which has no UMG parent (if it was added directly to a native Slate widget via TakeWidget() then it must be removed explicitly rather than via RemoveFromParent())
[2018.03.21-18.02.04:557][ 33]PIE: UWidget::RemoveFromParent() called on '/Engine/Transient.VerticalBox_104' which has no UMG parent (if it was added directly to a native Slate widget via TakeWidget() then it must be removed explicitly rather than via RemoveFromParent())
[2018.03.21-18.02.04:561][ 33]PIE: UWidget::RemoveFromParent() called on '/Engine/Transient.VerticalBox_106' which has no UMG parent (if it was added directly to a native Slate widget via TakeWidget() then it must be removed explicitly rather than via RemoveFromParent())
[2018.03.21-18.02.04:590][ 34]PIE: UWidget::RemoveFromParent() called on '/Engine/Transient.VerticalBox_108' which has no UMG parent (if it was added directly to a native Slate widget via TakeWidget() then it must be removed explicitly rather than via RemoveFromParent())
[2018.03.21-18.02.04:594][ 34]PIE: UWidget::RemoveFromParent() called on '/Engine/Transient.VerticalBox_110' which has no UMG parent (if it was added directly to a native Slate widget via TakeWidget() then it must be removed explicitly rather than via RemoveFromParent())
[2018.03.21-18.02.04:620][ 35]PIE: UWidget::RemoveFromParent() called on '/Engine/Transient.VerticalBox_112' which has no UMG parent (if it was added directly to a native Slate widget via TakeWidget() then it must be removed explicitly rather than via RemoveFromParent())
[2018.03.21-18.02.04:625][ 35]PIE: UWidget::RemoveFromParent() called on '/Engine/Transient.VerticalBox_114' which has no UMG parent (if it was added directly to a native Slate widget via TakeWidget() then it must be removed explicitly rather than via RemoveFromParent())
[2018.03.21-18.06.18:807][451]LogSavePackage: Save=30.95ms
[2018.03.21-18.06.18:808][451]LogSavePackage: Moving '../../../../../../Users/chris/OneDrive/Documents/GitHub/WhiteLightningGame/WhiteLightning/Saved/NewWidgetBlueprint8A574ADC4E98A15DD505DDA9A21BEC2F.tmp' to '../../../../../../Users/chris/OneDrive/Documents/GitHub/WhiteLightningGame/WhiteLightning/Content/Blueprints/NewWidgetBlueprint.uasset'
[2018.03.21-18.06.18:815][451]LogSavePackage: Display: Finished SavePackage ../../../../../../Users/chris/OneDrive/Documents/GitHub/WhiteLightningGame/WhiteLightning/Content/Blueprints/NewWidgetBlueprint.uasset
[2018.03.21-18.06.20:128][486]BlueprintLog: New page: Compile NewWidgetBlueprint
[2018.03.21-18.06.35:900][889]LogSavePackage: Save=1109.39ms
[2018.03.21-18.06.35:900][889]LogSavePackage: Moving '../../../../../../Users/chris/OneDrive/Documents/GitHub/WhiteLightningGame/WhiteLightning/Saved/TutorialAF1286BA49450EA5D3D7428B4338AB64.tmp' to '../../../../../../Users/chris/OneDrive/Documents/GitHub/WhiteLightningGame/WhiteLightning/Content/WhiteLightning/Levels/Tutorial.umap'
[2018.03.21-18.06.35:909][889]LogSavePackage: Display: Finished SavePackage ../../../../../../Users/chris/OneDrive/Documents/GitHub/WhiteLightningGame/WhiteLightning/Content/WhiteLightning/Levels/Tutorial.umap
[2018.03.21-18.06.37:273][943]LogTemp: Repeating last play command: New Editor Window (PIE)
[2018.03.21-18.06.37:297][943]LogPlayLevel: PlayLevel: No blueprints needed recompiling
[2018.03.21-18.06.37:297][943]PIE: New page: PIE session: Tutorial (Mar 21, 2018, 10:06:37 AM)
[2018.03.21-18.06.37:297][943]LogPlayLevel: Creating play world package: /Game/WhiteLightning/Levels/UEDPIE_0_Tutorial
[2018.03.21-18.06.37:343][943]LogPlayLevel: PIE: StaticDuplicateObject took: (0.046143s)
[2018.03.21-18.06.37:350][943]LogAIModule: Creating AISystem for world Tutorial
[2018.03.21-18.06.37:350][943]LogPlayLevel: PIE: World Init took: (0.006350s)
[2018.03.21-18.06.37:350][943]LogPlayLevel: PIE: Created PIE world by copying editor world from /Game/WhiteLightning/Levels/Tutorial.Tutorial to /Game/WhiteLightning/Levels/UEDPIE_0_Tutorial.Tutorial (0.052925s)
[2018.03.21-18.06.37:373][943]LogInit: XAudio2 using 'Speakers / Headphones (Realtek Audio)' : 2 channels at 48 kHz using 32 bits per sample (channel mask 0x3)
[2018.03.21-18.06.37:393][943]LogInit: FAudioDevice initialized.
[2018.03.21-18.06.37:489][943]LogLoad: Game class is 'Tutorial_C'
[2018.03.21-18.06.37:504][943]LogWorld: Bringing World /Game/WhiteLightning/Levels/UEDPIE_0_Tutorial.Tutorial up for play (max tick rate 60) at 2018.03.21-14.06.37
[2018.03.21-18.06.37:506][943]LogWorld: Bringing up level for play took: 0.016112
[2018.03.21-18.06.37:515][943]PIE: Play in editor start time for /Game/WhiteLightning/Levels/UEDPIE_0_Tutorial -0.406
[2018.03.21-18.08.38:352][227]BlueprintLog: New page: Compile NewWidgetBlueprint
[2018.03.21-18.16.30:457][530]BlueprintLog: New page: Compile NewWidgetBlueprint
[2018.03.21-18.16.59:426][421]LogFileHelpers: Editor autosave (incl. sublevels) for '/Game/WhiteLightning/Levels/Tutorial' took 0.032
[2018.03.21-18.16.59:428][421]OBJ SavePackage: Generating thumbnails for [0] asset(s) in package [/Game/Blueprints/NewWidgetBlueprint] ([1] browsable assets)...
[2018.03.21-18.16.59:429][421]OBJ SavePackage: Finished generating thumbnails for package [/Game/Blueprints/NewWidgetBlueprint]
[2018.03.21-18.16.59:493][421]LogSavePackage: Save=38.42ms
[2018.03.21-18.16.59:493][421]LogSavePackage: Moving '../../../../../../Users/chris/OneDrive/Documents/GitHub/WhiteLightningGame/WhiteLightning/Saved/NewWidgetBlueprint_Auto26CCCBEE44D74CF26D9A2809A53CE98EC.tmp' to '../../../../../../Users/chris/OneDrive/Documents/GitHub/WhiteLightningGame/WhiteLightning/Saved/Autosaves/Game/Blueprints/NewWidgetBlueprint_Auto2.uasset'
[2018.03.21-18.16.59:495][421]LogSavePackage: Display: Finished SavePackage ../../../../../../Users/chris/OneDrive/Documents/GitHub/WhiteLightningGame/WhiteLightning/Saved/Autosaves/Game/Blueprints/NewWidgetBlueprint_Auto2.uasset
[2018.03.21-18.16.59:495][421]LogFileHelpers: Auto-saving content packages took 0.067
[2018.03.21-18.17.04:572][572]LogSavePackage: Save=28.57ms
[2018.03.21-18.17.04:572][572]LogSavePackage: Moving '../../../../../../Users/chris/OneDrive/Documents/GitHub/WhiteLightningGame/WhiteLightning/Saved/NewWidgetBlueprintA7D25EBB4A0D3B2CF2AEEAA53EF7ED03.tmp' to '../../../../../../Users/chris/OneDrive/Documents/GitHub/WhiteLightningGame/WhiteLightning/Content/Blueprints/NewWidgetBlueprint.uasset'
[2018.03.21-18.17.04:578][572]LogSavePackage: Display: Finished SavePackage ../../../../../../Users/chris/OneDrive/Documents/GitHub/WhiteLightningGame/WhiteLightning/Content/Blueprints/NewWidgetBlueprint.uasset
[2018.03.21-18.18.56:272][602]LogSavePackage: Save=29.56ms
[2018.03.21-18.18.56:272][602]LogSavePackage: Moving '../../../../../../Users/chris/OneDrive/Documents/GitHub/WhiteLightningGame/WhiteLightning/Saved/NewWidgetBlueprintAB97BD2143F5EA7E684BB3A12903B3B4.tmp' to '../../../../../../Users/chris/OneDrive/Documents/GitHub/WhiteLightningGame/WhiteLightning/Content/Blueprints/NewWidgetBlueprint.uasset'
[2018.03.21-18.18.56:274][602]LogSavePackage: Display: Finished SavePackage ../../../../../../Users/chris/OneDrive/Documents/GitHub/WhiteLightningGame/WhiteLightning/Content/Blueprints/NewWidgetBlueprint.uasset
[2018.03.21-18.19.42:566][962]LogSavePackage: Save=1082.59ms
[2018.03.21-18.19.42:566][962]LogSavePackage: Moving '../../../../../../Users/chris/OneDrive/Documents/GitHub/WhiteLightningGame/WhiteLightning/Saved/Tutorial8C33BA454B9530A652A84FBE6D10B29E.tmp' to '../../../../../../Users/chris/OneDrive/Documents/GitHub/WhiteLightningGame/WhiteLightning/Content/WhiteLightning/Levels/Tutorial.umap'
[2018.03.21-18.19.42:570][962]LogSavePackage: Display: Finished SavePackage ../../../../../../Users/chris/OneDrive/Documents/GitHub/WhiteLightningGame/WhiteLightning/Content/WhiteLightning/Levels/Tutorial.umap
[2018.03.21-18.19.50:479][122]LogSavePackage: Save=14.82ms
[2018.03.21-18.19.50:479][122]LogSavePackage: Moving '../../../../../../Users/chris/OneDrive/Documents/GitHub/WhiteLightningGame/WhiteLightning/Saved/Tutorial102B88D143B2A67366010C868D12ADFD.tmp' to '../../../../../../Users/chris/OneDrive/Documents/GitHub/WhiteLightningGame/WhiteLightning/Content/WhiteLightning/GameMode/Tutorial.uasset'
[2018.03.21-18.19.50:487][122]LogSavePackage: Display: Finished SavePackage ../../../../../../Users/chris/OneDrive/Documents/GitHub/WhiteLightningGame/WhiteLightning/Content/WhiteLightning/GameMode/Tutorial.uasset
[2018.03.21-18.19.50:652][122]LogWindowsTextInputMethodSystem: Display: IME system now deactivated.
[2018.03.21-18.19.50:652][122]LogWindowsTextInputMethodSystem: Display: IME system now deactivated.
[2018.03.21-18.19.50:916][123]Cmd: QUIT_EDITOR
[2018.03.21-18.19.51:040][123]LogExit: Preparing to exit.
[2018.03.21-18.19.52:131][123]LogDirectoryWatcher: A directory notification for 'C:/Users/chris/OneDrive/Documents/GitHub/WhiteLightningGame/WhiteLightning/Content/' was aborted.
[2018.03.21-18.19.52:247][123]LogExit: Editor shut down
[2018.03.21-18.19.52:289][123]LogExit: Transaction tracking system shut down
[2018.03.21-18.19.52:434][123]LogDirectoryWatcher: A directory notification for '../../../Engine/Content/' was aborted.
[2018.03.21-18.19.52:434][123]LogDirectoryWatcher: A directory notification for '../../../../../../Users/chris/OneDrive/Documents/GitHub/WhiteLightningGame/WhiteLightning/Content/' was aborted.
[2018.03.21-18.19.52:434][123]LogDirectoryWatcher: A directory notification for '../../../Engine/Plugins/2D/Paper2D/Content/' was aborted.
[2018.03.21-18.19.52:434][123]LogDirectoryWatcher: A directory notification for '../../../Engine/Plugins/Media/MediaCompositing/Content/' was aborted.
[2018.03.21-18.19.52:434][123]LogDirectoryWatcher: A directory notification for '../../../Engine/Plugins/Runtime/AppleARKit/Content/' was aborted.
[2018.03.21-18.19.52:434][123]LogDirectoryWatcher: A directory notification for '../../../Engine/Plugins/Runtime/Oculus/OculusVR/Content/' was aborted.
[2018.03.21-18.19.52:434][123]LogDirectoryWatcher: A directory notification for '../../../Engine/Plugins/Runtime/Steam/SteamVR/Content/' was aborted.
[2018.03.21-18.19.52:611][123]LogExit: Object subsystem successfully closed.
[2018.03.21-18.19.52:660][123]LogD3D11RHI: Shutdown
[2018.03.21-18.19.52:660][123]LogD3D11RHI: CleanupD3DDevice
[2018.03.21-18.19.53:241][123]LogD3D11RHI: ~FD3D11DynamicRHI
[2018.03.21-18.19.53:308][123]LogModuleManager: Shutting down and abandoning module SequencerWidgets (554)
[2018.03.21-18.19.53:308][123]LogModuleManager: Shutting down and abandoning module SceneOutliner (552)
[2018.03.21-18.19.53:308][123]LogModuleManager: Shutting down and abandoning module BlueprintGraph (550)
[2018.03.21-18.19.53:308][123]LogModuleManager: Shutting down and abandoning module MovieSceneCapture (548)
[2018.03.21-18.19.53:309][123]LogModuleManager: Shutting down and abandoning module HierarchicalLODOutliner (546)
[2018.03.21-18.19.53:309][123]LogModuleManager: Shutting down and abandoning module AddContentDialog (544)
[2018.03.21-18.19.53:310][123]LogDirectoryWatcher: A directory notification for 'C:/Program Files/Epic Games/UE_4.18/FeaturePacks/' was aborted.
[2018.03.21-18.19.53:322][123]LogModuleManager: Shutting down and abandoning module WidgetCarousel (543)
[2018.03.21-18.19.53:322][123]LogModuleManager: Shutting down and abandoning module EditorWidgets (540)
[2018.03.21-18.19.53:323][123]LogModuleManager: Shutting down and abandoning module CollectionManager (538)
[2018.03.21-18.19.53:324][123]LogDirectoryWatcher: A directory notification for 'C:/Users/chris/OneDrive/Documents/GitHub/WhiteLightningGame/WhiteLightning/Content/Collections/' was aborted.
[2018.03.21-18.19.53:324][123]LogDirectoryWatcher: A directory notification for 'C:/Users/chris/OneDrive/Documents/GitHub/WhiteLightningGame/WhiteLightning/Content/Developers/chris/Collections/' was aborted.
[2018.03.21-18.19.53:324][123]LogDirectoryWatcher: A directory notification for 'C:/Users/chris/OneDrive/Documents/GitHub/WhiteLightningGame/WhiteLightning/Saved/Collections/' was aborted.
[2018.03.21-18.19.53:324][123]LogModuleManager: Shutting down and abandoning module StatsViewer (536)
[2018.03.21-18.19.53:325][123]LogModuleManager: Shutting down and abandoning module FoliageEdit (534)
[2018.03.21-18.19.53:325][123]LogModuleManager: Shutting down and abandoning module LandscapeEditor (532)
[2018.03.21-18.19.53:326][123]LogModuleManager: Shutting down and abandoning module MeshPaintMode (530)
[2018.03.21-18.19.53:327][123]LogModuleManager: Shutting down and abandoning module SceneDepthPickerMode (528)
[2018.03.21-18.19.53:327][123]LogModuleManager: Shutting down and abandoning module ActorPickerMode (526)
[2018.03.21-18.19.53:327][123]LogModuleManager: Shutting down and abandoning module GeometryMode (524)
[2018.03.21-18.19.53:327][123]LogModuleManager: Shutting down and abandoning module TextureAlignMode (522)
[2018.03.21-18.19.53:327][123]LogModuleManager: Shutting down and abandoning module BspMode (520)
[2018.03.21-18.19.53:327][123]LogModuleManager: Shutting down and abandoning module PIEPreviewDeviceProfileSelector (518)
[2018.03.21-18.19.53:327][123]LogModuleManager: Shutting down and abandoning module HardwareSurvey (516)
[2018.03.21-18.19.53:327][123]LogModuleManager: Shutting down and abandoning module SequenceRecorderSections (514)
[2018.03.21-18.19.53:327][123]LogModuleManager: Shutting down and abandoning module AutomationWorker (512)
[2018.03.21-18.19.53:328][123]LogModuleManager: Shutting down and abandoning module MatineeToLevelSequence (510)
[2018.03.21-18.19.53:328][123]LogModuleManager: Shutting down and abandoning module LevelSequenceEditor (508)
[2018.03.21-18.19.53:329][123]LogModuleManager: Shutting down and abandoning module PlacementMode (507)
[2018.03.21-18.19.53:330][123]LogModuleManager: Shutting down and abandoning module WmfMediaFactory (504)
[2018.03.21-18.19.53:330][123]LogModuleManager: Shutting down and abandoning module WmfMediaEditor (502)
[2018.03.21-18.19.53:330][123]LogModuleManager: Shutting down and abandoning module OpenExrWrapper (500)
[2018.03.21-18.19.53:330][123]LogModuleManager: Shutting down and abandoning module ImgMediaFactory (498)
[2018.03.21-18.19.53:330][123]LogModuleManager: Shutting down and abandoning module ImgMediaEditor (496)
[2018.03.21-18.19.53:330][123]LogModuleManager: Shutting down and abandoning module AvfMediaFactory (494)
[2018.03.21-18.19.53:330][123]LogModuleManager: Shutting down and abandoning module AvfMediaEditor (492)
[2018.03.21-18.19.53:330][123]LogModuleManager: Shutting down and abandoning module AndroidMediaFactory (490)
[2018.03.21-18.19.53:330][123]LogModuleManager: Shutting down and abandoning module AndroidMediaEditor (488)
[2018.03.21-18.19.53:330][123]LogModuleManager: Shutting down and abandoning module CharacterAI (486)
[2018.03.21-18.19.53:330][123]LogModuleManager: Shutting down and abandoning module AudioCapture (484)
[2018.03.21-18.19.53:331][123]LogModuleManager: Shutting down and abandoning module SequenceRecorder (483)
[2018.03.21-18.19.53:331][123]LogModuleManager: Shutting down and abandoning module SmartSnapping (480)
[2018.03.21-18.19.53:331][123]LogModuleManager: Shutting down and abandoning module SessionServices (478)
[2018.03.21-18.19.53:331][123]LogModuleManager: Shutting down and abandoning module ViewportSnapping (476)
[2018.03.21-18.19.53:331][123]LogModuleManager: Shutting down and abandoning module ViewportInteraction (474)
[2018.03.21-18.19.53:331][123]LogModuleManager: Shutting down and abandoning module ClothPainter (472)
[2018.03.21-18.19.53:332][123]LogModuleManager: Shutting down and abandoning module SkeletalMeshEditor (471)
[2018.03.21-18.19.53:334][123]LogModuleManager: Shutting down and abandoning module LogVisualizer (468)
[2018.03.21-18.19.53:335][123]LogModuleManager: Shutting down and abandoning module IntroTutorials (466)
[2018.03.21-18.19.53:337][123]LogModuleManager: Shutting down and abandoning module GameProjectGeneration (465)
[2018.03.21-18.19.53:339][123]LogModuleManager: Shutting down and abandoning module IOSPlatformEditor (462)
[2018.03.21-18.19.53:339][123]LogModuleManager: Shutting down and abandoning module HTML5PlatformEditor (460)
[2018.03.21-18.19.53:339][123]LogModuleManager: Shutting down and abandoning module AndroidPlatformEditor (458)
[2018.03.21-18.19.53:339][123]LogModuleManager: Shutting down and abandoning module AndroidDeviceDetection (457)
[2018.03.21-18.19.53:972][123]LogModuleManager: Shutting down and abandoning module WindowsPlatformEditor (454)
[2018.03.21-18.19.53:972][123]LogModuleManager: Shutting down and abandoning module IOSRuntimeSettings (452)
[2018.03.21-18.19.53:972][123]LogModuleManager: Shutting down and abandoning module AndroidRuntimeSettings (450)
[2018.03.21-18.19.53:972][123]LogModuleManager: Shutting down and abandoning module InputBindingEditor (448)
[2018.03.21-18.19.53:977][123]LogModuleManager: Shutting down and abandoning module MergeActors (446)
[2018.03.21-18.19.53:978][123]LogModuleManager: Shutting down and abandoning module SizeMap (444)
[2018.03.21-18.19.53:978][123]LogModuleManager: Shutting down and abandoning module TreeMap (442)
[2018.03.21-18.19.53:980][123]LogModuleManager: Shutting down and abandoning module ReferenceViewer (440)
[2018.03.21-18.19.53:980][123]LogModuleManager: Shutting down and abandoning module LocalizationDashboard (438)
[2018.03.21-18.19.53:981][123]LogModuleManager: Shutting down and abandoning module LocalizationService (437)
[2018.03.21-18.19.53:981][123]LogModuleManager: Shutting down and abandoning module HardwareTargeting (434)
[2018.03.21-18.19.53:981][123]LogModuleManager: Shutting down and abandoning module DeviceProfileEditor (432)
[2018.03.21-18.19.53:981][123]LogModuleManager: Shutting down and abandoning module UndoHistory (430)
[2018.03.21-18.19.53:981][123]LogModuleManager: Shutting down and abandoning module XmlParser (428)
[2018.03.21-18.19.53:982][123]LogModuleManager: Shutting down and abandoning module Blutility (426)
[2018.03.21-18.19.53:982][123]LogModuleManager: Shutting down and abandoning module ProjectSettingsViewer (424)
[2018.03.21-18.19.53:982][123]LogModuleManager: Shutting down and abandoning module ProjectTargetPlatformEditor (423)
[2018.03.21-18.19.53:983][123]LogModuleManager: Shutting down and abandoning module EditorSettingsViewer (420)
[2018.03.21-18.19.53:983][123]LogModuleManager: Shutting down and abandoning module SettingsEditor (418)
[2018.03.21-18.19.53:984][123]LogModuleManager: Shutting down and abandoning module ProjectLauncher (416)
[2018.03.21-18.19.53:985][123]LogModuleManager: Shutting down and abandoning module SessionFrontend (414)
[2018.03.21-18.19.53:987][123]LogModuleManager: Shutting down and abandoning module ProfilerClient (412)
[2018.03.21-18.19.53:987][123]LogModuleManager: Shutting down and abandoning module DeviceManager (410)
[2018.03.21-18.19.53:988][123]LogModuleManager: Shutting down and abandoning module TargetDeviceServices (409)
[2018.03.21-18.19.54:041][123]LogModuleManager: Shutting down and abandoning module AutomationController (406)
[2018.03.21-18.19.54:042][123]LogModuleManager: Shutting down and abandoning module AutomationWindow (404)
[2018.03.21-18.19.54:043][123]LogModuleManager: Shutting down and abandoning module Layers (402)
[2018.03.21-18.19.54:046][123]LogModuleManager: Shutting down and abandoning module ComponentVisualizers (400)
[2018.03.21-18.19.54:046][123]LogModuleManager: Shutting down and abandoning module DetailCustomizations (398)
[2018.03.21-18.19.54:046][123]LogModuleManager: Shutting down and abandoning module PackagesDialog (396)
[2018.03.21-18.19.54:046][123]LogModuleManager: Shutting down and abandoning module Persona (394)
[2018.03.21-18.19.54:048][123]LogModuleManager: Shutting down and abandoning module AdvancedPreviewScene (393)
[2018.03.21-18.19.54:048][123]LogModuleManager: Shutting down and abandoning module AnimGraph (391)
[2018.03.21-18.19.54:048][123]LogModuleManager: Shutting down and abandoning module Kismet (388)
[2018.03.21-18.19.54:058][123]LogModuleManager: Shutting down and abandoning module ClassViewer (386)
[2018.03.21-18.19.54:060][123]LogModuleManager: Shutting down and abandoning module Toolbox (384)
[2018.03.21-18.19.54:060][123]LogModuleManager: Shutting down and abandoning module ModuleUI (382)
[2018.03.21-18.19.54:061][123]LogModuleManager: Shutting down and abandoning module MovieSceneTools (380)
[2018.03.21-18.19.54:061][123]LogModuleManager: Shutting down and abandoning module OutputLog (378)
[2018.03.21-18.19.54:062][123]LogModuleManager: Shutting down and abandoning module GammaUI (376)
[2018.03.21-18.19.54:063][123]LogModuleManager: Shutting down and abandoning module Documentation (374)
[2018.03.21-18.19.54:063][123]LogModuleManager: Shutting down and abandoning module MovieSceneTracks (372)
[2018.03.21-18.19.54:063][123]LogModuleManager: Shutting down and abandoning module MovieScene (370)
[2018.03.21-18.19.54:063][123]LogModuleManager: Shutting down and abandoning module StreamingPauseRendering (368)
[2018.03.21-18.19.54:063][123]LogModuleManager: Shutting down and abandoning module LauncherPlatform (366)
[2018.03.21-18.19.54:063][123]LogModuleManager: Shutting down and abandoning module AnalyticsET (364)
[2018.03.21-18.19.54:063][123]LogModuleManager: Shutting down and abandoning module PortalServices (362)
[2018.03.21-18.19.54:063][123]LogModuleManager: Shutting down and abandoning module PortalRpc (360)
[2018.03.21-18.19.54:063][123]LogModuleManager: Shutting down and abandoning module MessagingRpc (358)
[2018.03.21-18.19.54:063][123]LogModuleManager: Shutting down and abandoning module AIModule (356)
[2018.03.21-18.19.54:063][123]LogModuleManager: Shutting down and abandoning module GameplayDebugger (355)
[2018.03.21-18.19.54:063][123]LogModuleManager: Shutting down and abandoning module AITestSuite (353)
[2018.03.21-18.19.54:064][123]LogModuleManager: Shutting down and abandoning module DesktopPlatform (350)
[2018.03.21-18.19.54:064][123]LogModuleManager: Shutting down and abandoning module ProfilerService (348)
[2018.03.21-18.19.54:135][123]LogModuleManager: Shutting down and abandoning module TaskGraph (346)
[2018.03.21-18.19.54:137][123]LogModuleManager: Shutting down and abandoning module SteamVRController (344)
[2018.03.21-18.19.54:137][123]LogModuleManager: Shutting down and abandoning module ProceduralMeshComponentEditor (342)
[2018.03.21-18.19.54:137][123]LogModuleManager: Shutting down and abandoning module ProceduralMeshComponent (340)
[2018.03.21-18.19.54:137][123]LogModuleManager: Shutting down and abandoning module OculusInput (338)
[2018.03.21-18.19.54:138][123]LogModuleManager: Shutting down and abandoning module MobilePatchingUtils (336)
[2018.03.21-18.19.54:138][123]LogModuleManager: Shutting down and abandoning module CustomMeshComponent (334)
[2018.03.21-18.19.54:138][123]LogModuleManager: Shutting down and abandoning module CableComponent (332)
[2018.03.21-18.19.54:138][123]LogModuleManager: Shutting down and abandoning module ArchVisCharacter (330)
[2018.03.21-18.19.54:138][123]LogModuleManager: Shutting down and abandoning module AndroidPermission (328)
[2018.03.21-18.19.54:138][123]LogModuleManager: Shutting down and abandoning module ActorSequence (324)
[2018.03.21-18.19.54:138][123]LogModuleManager: Shutting down and abandoning module MediaPlayerEditor (322)
[2018.03.21-18.19.54:142][123]LogModuleManager: Shutting down and abandoning module MediaCompositingEditor (320)
[2018.03.21-18.19.54:142][123]LogModuleManager: Shutting down and abandoning module MediaCompositing (318)
[2018.03.21-18.19.54:142][123]LogModuleManager: Shutting down and abandoning module HTML5Networking (316)
[2018.03.21-18.19.54:142][123]LogModuleManager: Shutting down and abandoning module AlembicImporter (314)
[2018.03.21-18.19.54:142][123]LogModuleManager: Shutting down and abandoning module AlembicLibrary (313)
[2018.03.21-18.19.54:143][123]LogModuleManager: Shutting down and abandoning module GeometryCache (312)
[2018.03.21-18.19.54:143][123]LogModuleManager: Shutting down and abandoning module GeometryCacheEd (311)
[2018.03.21-18.19.54:143][123]LogModuleManager: Shutting down and abandoning module SpeedTreeImporter (306)
[2018.03.21-18.19.54:143][123]LogModuleManager: Shutting down and abandoning module PluginBrowser (304)
[2018.03.21-18.19.54:148][123]LogModuleManager: Shutting down and abandoning module MobileLauncherProfileWizard (302)
[2018.03.21-18.19.54:150][123]LogModuleManager: Shutting down and abandoning module VisualStudioSourceCodeAccess (300)
[2018.03.21-18.19.54:150][123]LogModuleManager: Shutting down and abandoning module VisualStudioCodeSourceCodeAccess (298)
[2018.03.21-18.19.54:150][123]LogModuleManager: Shutting down and abandoning module UObjectPlugin (296)
[2018.03.21-18.19.54:150][123]LogModuleManager: Shutting down and abandoning module SubversionSourceControl (294)
[2018.03.21-18.19.54:151][123]LogModuleManager: Shutting down and abandoning module PerforceSourceControl (292)
[2018.03.21-18.19.54:154][123]LogModuleManager: Shutting down and abandoning module GitSourceControl (290)
[2018.03.21-18.19.54:154][123]LogModuleManager: Shutting down and abandoning module SourceControl (289)
[2018.03.21-18.19.54:154][123]LogModuleManager: Shutting down and abandoning module LightPropagationVolumeEditor (286)
[2018.03.21-18.19.54:154][123]LogModuleManager: Shutting down and abandoning module PaperTiledImporter (284)
[2018.03.21-18.19.54:154][123]LogModuleManager: Shutting down and abandoning module PaperSpriteSheetImporter (282)
[2018.03.21-18.19.54:154][123]LogModuleManager: Shutting down and abandoning module Paper2DEditor (280)
[2018.03.21-18.19.54:155][123]LogModuleManager: Shutting down and abandoning module MeshPaint (279)
[2018.03.21-18.19.54:156][123]LogModuleManager: Shutting down and abandoning module LevelEditor (277)
[2018.03.21-18.19.54:158][123]LogModuleManager: Shutting down and abandoning module PixelInspectorModule (276)
[2018.03.21-18.19.54:159][123]LogModuleManager: Shutting down and abandoning module MainFrame (274)
[2018.03.21-18.19.54:159][123]LogModuleManager: Shutting down and abandoning module HotReload (273)
[2018.03.21-18.19.54:161][123]LogModuleManager: Shutting down and abandoning module RuntimePhysXCooking (268)
[2018.03.21-18.19.54:161][123]LogModuleManager: Shutting down and abandoning module PhysXVehiclesEditor (266)
[2018.03.21-18.19.54:161][123]LogModuleManager: Shutting down and abandoning module PhysXVehicles (264)
[2018.03.21-18.19.54:161][123]LogModuleManager: Shutting down and abandoning module OculusEditor (262)
[2018.03.21-18.19.54:161][123]LogModuleManager: Shutting down and abandoning module LocationServicesBPLibrary (260)
[2018.03.21-18.19.54:161][123]LogModuleManager: Shutting down and abandoning module ImmediatePhysicsEditor (258)
[2018.03.21-18.19.54:161][123]LogModuleManager: Shutting down and abandoning module ImmediatePhysics (256)
[2018.03.21-18.19.54:162][123]LogModuleManager: Shutting down and abandoning module UdpMessaging (254)
[2018.03.21-18.19.54:263][123]LogModuleManager: Shutting down and abandoning module TcpMessaging (252)
[2018.03.21-18.19.54:365][123]LogModuleManager: Shutting down and abandoning module GameplayTagsEditor (250)
[2018.03.21-18.19.54:366][123]LogModuleManager: Shutting down and abandoning module FacialAnimationEditor (248)
[2018.03.21-18.19.54:366][123]LogModuleManager: Shutting down and abandoning module FacialAnimation (246)
[2018.03.21-18.19.54:366][123]LogModuleManager: Shutting down and abandoning module AssetManagerEditor (244)
[2018.03.21-18.19.54:366][123]LogModuleManager: Shutting down and abandoning module GraphEditor (243)
[2018.03.21-18.19.54:366][123]LogModuleManager: Shutting down and abandoning module ContentBrowser (241)
[2018.03.21-18.19.54:370][123]LogModuleManager: Shutting down and abandoning module LightPropagationVolumeRuntime (238)
[2018.03.21-18.19.54:370][123]LogModuleManager: Shutting down and abandoning module Paper2D (236)
[2018.03.21-18.19.54:371][123]LogModuleManager: Shutting down and abandoning module WindowsMoviePlayer (234)
[2018.03.21-18.19.54:372][123]LogModuleManager: Shutting down and abandoning module WmfMedia (232)
[2018.03.21-18.19.54:379][123]LogModuleManager: Shutting down and abandoning module ImgMedia (230)
[2018.03.21-18.19.54:380][123]LogModuleManager: Shutting down and abandoning module PacketHandler (228)
[2018.03.21-18.19.54:380][123]LogModuleManager: Shutting down and abandoning module ClothingSystemEditor (226)
[2018.03.21-18.19.54:380][123]LogModuleManager: Shutting down and abandoning module ClothingSystemRuntime (224)
[2018.03.21-18.19.54:381][123]LogModuleManager: Shutting down and abandoning module MediaAssets (222)
[2018.03.21-18.19.54:381][123]LogModuleManager: Shutting down and abandoning module Media (221)
[2018.03.21-18.19.54:387][123]LogModuleManager: Shutting down and abandoning module Overlay (218)
[2018.03.21-18.19.54:387][123]LogModuleManager: Shutting down and abandoning module OverlayEditor (217)
[2018.03.21-18.19.54:387][123]LogModuleManager: Shutting down and abandoning module VREditor (214)
[2018.03.21-18.19.54:389][123]LogModuleManager: Shutting down and abandoning module StringTableEditor (212)
[2018.03.21-18.19.54:390][123]LogModuleManager: Shutting down and abandoning module GameplayTasksEditor (210)
[2018.03.21-18.19.54:390][123]LogModuleManager: Shutting down and abandoning module BehaviorTreeEditor (208)
[2018.03.21-18.19.54:393][123]LogModuleManager: Shutting down and abandoning module FunctionalTesting (206)
[2018.03.21-18.19.54:393][123]LogModuleManager: Shutting down and abandoning module CollisionAnalyzer (204)
[2018.03.21-18.19.54:396][123]LogModuleManager: Shutting down and abandoning module WorkspaceMenuStructure (203)
[2018.03.21-18.19.54:396][123]LogModuleManager: Shutting down and abandoning module UMG (200)
[2018.03.21-18.19.54:396][123]LogModuleManager: Shutting down and abandoning module UMGEditor (199)
[2018.03.21-18.19.54:396][123]LogModuleManager: Shutting down and abandoning module Sequencer (198)
[2018.03.21-18.19.54:396][123]LogModuleManager: Shutting down and abandoning module MessageLog (195)
[2018.03.21-18.19.54:397][123]LogModuleManager: Shutting down and abandoning module SlateReflector (190)
[2018.03.21-18.19.54:403][123]LogModuleManager: Shutting down and abandoning module Slate (188)
[2018.03.21-18.19.54:404][123]LogModuleManager: Shutting down and abandoning module EditorStyle (186)
[2018.03.21-18.19.54:410][123]LogModuleManager: Shutting down and abandoning module MRMesh (184)
[2018.03.21-18.19.54:410][123]LogModuleManager: Shutting down and abandoning module SourceCodeAccess (182)
[2018.03.21-18.19.54:410][123]LogModuleManager: Shutting down and abandoning module HeadMountedDisplay (180)
[2018.03.21-18.19.54:410][123]LogModuleManager: Shutting down and abandoning module XAudio2 (178)
[2018.03.21-18.19.54:410][123]LogModuleManager: Shutting down and abandoning module Networking (176)
[2018.03.21-18.19.54:410][123]LogModuleManager: Shutting down and abandoning module Core (172)
[2018.03.21-18.19.54:410][123]LogModuleManager: Shutting down and abandoning module LevelSequence (168)
[2018.03.21-18.19.54:410][123]LogModuleManager: Shutting down and abandoning module DirectoryWatcher (166)
[2018.03.21-18.19.54:423][123]LogModuleManager: Shutting down and abandoning module KismetCompiler (164)
[2018.03.21-18.19.54:423][123]LogModuleManager: Shutting down and abandoning module MeshUtilities (162)
[2018.03.21-18.19.54:425][123]LogModuleManager: Shutting down and abandoning module MeshMergeUtilities (161)
[2018.03.21-18.19.54:425][123]LogModuleManager: Shutting down and abandoning module MeshReductionInterface (160)
[2018.03.21-18.19.54:425][123]LogModuleManager: Shutting down and abandoning module SimplygonSwarm (159)
[2018.03.21-18.19.54:426][123]LogModuleManager: Shutting down and abandoning module SimplygonMeshReduction (157)
[2018.03.21-18.19.54:426][123]LogModuleManager: Shutting down and abandoning module QuadricMeshReduction (155)
[2018.03.21-18.19.54:426][123]LogModuleManager: Shutting down and abandoning module MaterialBaking (151)
[2018.03.21-18.19.54:427][123]LogModuleManager: Shutting down and abandoning module DerivedDataCache (148)
[2018.03.21-18.19.54:456][123]LogDerivedDataCache: Shutdown
[2018.03.21-18.19.54:456][123]LogModuleManager: Shutting down and abandoning module TargetPlatform (146)
[2018.03.21-18.19.54:456][123]LogModuleManager: Shutting down and abandoning module VulkanShaderFormat (145)
[2018.03.21-18.19.54:461][123]LogModuleManager: Shutting down and abandoning module ShaderFormatVectorVM (143)
[2018.03.21-18.19.54:463][123]LogModuleManager: Shutting down and abandoning module ShaderFormatOpenGL (141)
[2018.03.21-18.19.54:464][123]LogModuleManager: Shutting down and abandoning module ShaderFormatD3D (139)
[2018.03.21-18.19.54:464][123]LogModuleManager: Shutting down and abandoning module MetalShaderFormat (137)
[2018.03.21-18.19.54:470][123]LogModuleManager: Shutting down and abandoning module TextureFormatUncompressed (135)
[2018.03.21-18.19.54:470][123]LogModuleManager: Shutting down and abandoning module TextureFormatPVR (133)
[2018.03.21-18.19.54:470][123]LogModuleManager: Shutting down and abandoning module TextureFormatDXT (131)
[2018.03.21-18.19.54:471][123]LogModuleManager: Shutting down and abandoning module TextureFormatIntelISPCTexComp (129)
[2018.03.21-18.19.54:473][123]LogModuleManager: Shutting down and abandoning module TextureFormatASTC (127)
[2018.03.21-18.19.54:473][123]LogModuleManager: Shutting down and abandoning module ImageWrapper (126)
[2018.03.21-18.19.54:473][123]LogModuleManager: Shutting down and abandoning module TextureFormatAndroid (123)
[2018.03.21-18.19.54:473][123]LogModuleManager: Shutting down and abandoning module AudioFormatOpus (121)
[2018.03.21-18.19.54:473][123]LogModuleManager: Shutting down and abandoning module AudioFormatOgg (119)
[2018.03.21-18.19.54:473][123]LogModuleManager: Shutting down and abandoning module AudioFormatADPCM (117)
[2018.03.21-18.19.54:473][123]LogModuleManager: Shutting down and abandoning module LinuxTargetPlatform (115)
[2018.03.21-18.19.54:474][123]LogModuleManager: Shutting down and abandoning module LinuxServerTargetPlatform (113)
[2018.03.21-18.19.54:474][123]LogModuleManager: Shutting down and abandoning module LinuxNoEditorTargetPlatform (111)
[2018.03.21-18.19.54:474][123]LogModuleManager: Shutting down and abandoning module LinuxClientTargetPlatform (109)
[2018.03.21-18.19.54:474][123]LogModuleManager: Shutting down and abandoning module TVOSTargetPlatform (107)
[2018.03.21-18.19.54:474][123]LogModuleManager: Shutting down and abandoning module Messaging (105)
[2018.03.21-18.19.54:474][123]LogModuleManager: Shutting down and abandoning module IOSTargetPlatform (103)
[2018.03.21-18.19.54:474][123]LogModuleManager: Shutting down and abandoning module HTML5TargetPlatform (101)
[2018.03.21-18.19.54:474][123]LogModuleManager: Shutting down and abandoning module AndroidTargetPlatform (99)
[2018.03.21-18.19.54:474][123]LogModuleManager: Shutting down and abandoning module Android_PVRTCTargetPlatform (97)
[2018.03.21-18.19.54:474][123]LogModuleManager: Shutting down and abandoning module Android_MultiTargetPlatform (95)
[2018.03.21-18.19.54:474][123]LogModuleManager: Shutting down and abandoning module Android_ETC2TargetPlatform (93)
[2018.03.21-18.19.54:474][123]LogModuleManager: Shutting down and abandoning module Android_ETC1TargetPlatform (91)
[2018.03.21-18.19.54:474][123]LogModuleManager: Shutting down and abandoning module Android_DXTTargetPlatform (89)
[2018.03.21-18.19.54:474][123]LogModuleManager: Shutting down and abandoning module Android_ATCTargetPlatform (87)
[2018.03.21-18.19.54:474][123]LogModuleManager: Shutting down and abandoning module Android_ASTCTargetPlatform (85)
[2018.03.21-18.19.54:474][123]LogModuleManager: Shutting down and abandoning module WindowsTargetPlatform (83)
[2018.03.21-18.19.54:474][123]LogModuleManager: Shutting down and abandoning module WindowsServerTargetPlatform (81)
[2018.03.21-18.19.54:480][123]LogModuleManager: Shutting down and abandoning module WindowsNoEditorTargetPlatform (79)
[2018.03.21-18.19.54:480][123]LogModuleManager: Shutting down and abandoning module WindowsClientTargetPlatform (77)
[2018.03.21-18.19.54:480][123]LogModuleManager: Shutting down and abandoning module MacTargetPlatform (75)
[2018.03.21-18.19.54:480][123]LogModuleManager: Shutting down and abandoning module MacServerTargetPlatform (73)
[2018.03.21-18.19.54:481][123]LogModuleManager: Shutting down and abandoning module MacNoEditorTargetPlatform (71)
[2018.03.21-18.19.54:481][123]LogModuleManager: Shutting down and abandoning module MacClientTargetPlatform (69)
[2018.03.21-18.19.54:481][123]LogModuleManager: Shutting down and abandoning module AllDesktopTargetPlatform (67)
[2018.03.21-18.19.54:481][123]LogModuleManager: Shutting down and abandoning module InputCore (64)
[2018.03.21-18.19.54:481][123]LogModuleManager: Shutting down and abandoning module Settings (62)
[2018.03.21-18.19.54:481][123]LogModuleManager: Shutting down and abandoning module PhysXCooking (60)
[2018.03.21-18.19.54:481][123]LogModuleManager: Shutting down and abandoning module SteamVR (58)
[2018.03.21-18.19.54:481][123]LogModuleManager: Shutting down and abandoning module OculusHMD (56)
[2018.03.21-18.19.54:484][123]LogModuleManager: Shutting down and abandoning module ExampleDeviceProfileSelector (54)
[2018.03.21-18.19.54:485][123]LogModuleManager: Shutting down and abandoning module AppleARKit (52)
[2018.03.21-18.19.54:485][123]LogModuleManager: Shutting down and abandoning module AugmentedReality (51)
[2018.03.21-18.19.54:485][123]LogModuleManager: Shutting down and abandoning module OnlineBlueprintSupport (48)
[2018.03.21-18.19.54:485][123]LogModuleManager: Shutting down and abandoning module OnlineSubsystem (44)
[2018.03.21-18.19.54:492][123]LogModuleManager: Shutting down and abandoning module XMPP (43)
[2018.03.21-18.19.54:494][123]LogModuleManager: Shutting down and abandoning module HTTP (41)
[2018.03.21-18.19.54:494][123]LogHttp: Display: Http module shutting down, but needs to wait on 1 outstanding Http requests:
[2018.03.21-18.19.54:495][123]LogHttp: Display: 	verb=[POST] url=[https://datarouter.ol.epicgames.com/datarouter/api/v1/public/data?SessionID=%7BBF4C3E53-4395-86CD-519F-ED9815FA91EA%7D&AppID=UEEditor.Rocket.Release&AppVersion=4.18.3-3832480%2B%2B%2BUE4%2BRelease-4.18&UserID=0a94828043e629b8bee1d599438cbd1f%7C37474aaf95bf493ea9a935a56dddd4e3%7C10ac8507-b26e-4df2-8993-1901f5832dad&AppEnvironment=datacollector-binary&UploadType=eteventstream] status=Processing
