Log file open, 04/04/18 17:34:44
LogWindows: Failed to load 'aqProf.dll' (GetLastError=126)
LogWindows: File 'aqProf.dll' does not exist
LogWindows: Failed to load 'VSPerf140.dll' (GetLastError=126)
LogWindows: File 'VSPerf140.dll' does not exist
LogWindows: Failed to load 'VtuneApi.dll' (GetLastError=126)
LogWindows: File 'VtuneApi.dll' does not exist
LogWindows: Failed to load 'VtuneApi32e.dll' (GetLastError=126)
LogWindows: File 'VtuneApi32e.dll' does not exist
LogInit: Display: Running engine for game: WhiteLightning
LogPlatformFile: Not using cached read wrapper
LogInit: Display: RandInit(-662356817) SRandInit(-662356817).
LogInit: Read version file with build ID '3709383'
LogInit: Overriding engine version to CL 3832480, compatible CL 3709383
LogInit: Registered custom module enumerator with build ID '3709383'
LogTaskGraph: Started task graph with 5 named threads and 11 total threads with 3 sets of task threads.
LogStats: Stats thread started at 2.871416
LogD3D11RHI: Aftermath initialized
LogModuleManager: Display: Found up-to-date module file ../../../Engine/Plugins/2D/Paper2D/Binaries/Win64/UE4Editor-Paper2D.dll (API version 3709383).
LogModuleManager: Display: Found up-to-date module file ../../../Engine/Plugins/2D/Paper2D/Binaries/Win64/UE4Editor-Paper2DEditor.dll (API version 3709383).
LogModuleManager: Display: Found up-to-date module file ../../../Engine/Plugins/2D/Paper2D/Binaries/Win64/UE4Editor-PaperSpriteSheetImporter.dll (API version 3709383).
LogModuleManager: Display: Found up-to-date module file ../../../Engine/Plugins/2D/Paper2D/Binaries/Win64/UE4Editor-PaperTiledImporter.dll (API version 3709383).
LogModuleManager: Display: Found up-to-date module file ../../../Engine/Plugins/2D/Paper2D/Binaries/Win64/UE4Editor-SmartSnapping.dll (API version 3709383).
LogModuleManager: Display: Found up-to-date module file ../../../Engine/Plugins/Blendables/LightPropagationVolume/Binaries/Win64/UE4Editor-LightPropagationVolumeRuntime.dll (API version 3709383).
LogModuleManager: Display: Found up-to-date module file ../../../Engine/Plugins/Blendables/LightPropagationVolume/Binaries/Win64/UE4Editor-LightPropagationVolumeEditor.dll (API version 3709383).
LogModuleManager: Display: Found up-to-date module file ../../../Engine/Plugins/Developer/GitSourceControl/Binaries/Win64/UE4Editor-GitSourceControl.dll (API version 3709383).
LogModuleManager: Display: Found up-to-date module file ../../../Engine/Plugins/Developer/PerforceSourceControl/Binaries/Win64/UE4Editor-PerforceSourceControl.dll (API version 3709383).
LogModuleManager: Display: Found up-to-date module file ../../../Engine/Plugins/Developer/SubversionSourceControl/Binaries/Win64/UE4Editor-SubversionSourceControl.dll (API version 3709383).
LogModuleManager: Display: Found up-to-date module file ../../../Engine/Plugins/Developer/UObjectPlugin/Binaries/Win64/UE4Editor-UObjectPlugin.dll (API version 3709383).
LogModuleManager: Display: Found up-to-date module file ../../../Engine/Plugins/Developer/VisualStudioCodeSourceCodeAccess/Binaries/Win64/UE4Editor-VisualStudioCodeSourceCodeAccess.dll (API version 3709383).
LogModuleManager: Display: Found up-to-date module file ../../../Engine/Plugins/Developer/VisualStudioSourceCodeAccess/Binaries/Win64/UE4Editor-VisualStudioSourceCodeAccess.dll (API version 3709383).
LogModuleManager: Display: Found up-to-date module file ../../../Engine/Plugins/Editor/AssetManagerEditor/Binaries/Win64/UE4Editor-AssetManagerEditor.dll (API version 3709383).
LogModuleManager: Display: Found up-to-date module file ../../../Engine/Plugins/Editor/AudioCapture/Binaries/Win64/UE4Editor-AudioCapture.dll (API version 3709383).
LogModuleManager: Display: Found up-to-date module file ../../../Engine/Plugins/Editor/FacialAnimation/Binaries/Win64/UE4Editor-FacialAnimation.dll (API version 3709383).
LogModuleManager: Display: Found up-to-date module file ../../../Engine/Plugins/Editor/FacialAnimation/Binaries/Win64/UE4Editor-FacialAnimationEditor.dll (API version 3709383).
LogModuleManager: Display: Found up-to-date module file ../../../Engine/Plugins/Editor/GameplayTagsEditor/Binaries/Win64/UE4Editor-GameplayTagsEditor.dll (API version 3709383).
LogModuleManager: Display: Found up-to-date module file ../../../Engine/Plugins/Editor/MobileLauncherProfileWizard/Binaries/Win64/UE4Editor-MobileLauncherProfileWizard.dll (API version 3709383).
LogModuleManager: Display: Found up-to-date module file ../../../Engine/Plugins/Editor/PluginBrowser/Binaries/Win64/UE4Editor-PluginBrowser.dll (API version 3709383).
LogModuleManager: Display: Found up-to-date module file ../../../Engine/Plugins/Editor/SpeedTreeImporter/Binaries/Win64/UE4Editor-SpeedTreeImporter.dll (API version 3709383).
LogModuleManager: Display: Found up-to-date module file ../../../Engine/Plugins/Experimental/AlembicImporter/Binaries/Win64/UE4Editor-AlembicImporter.dll (API version 3709383).
LogModuleManager: Display: Found up-to-date module file ../../../Engine/Plugins/Experimental/AlembicImporter/Binaries/Win64/UE4Editor-AlembicLibrary.dll (API version 3709383).
LogModuleManager: Display: Found up-to-date module file ../../../Engine/Plugins/Experimental/CharacterAI/Binaries/Win64/UE4Editor-CharacterAI.dll (API version 3709383).
LogModuleManager: Display: Found up-to-date module file ../../../Engine/Plugins/Experimental/HTML5Networking/Binaries/Win64/UE4Editor-HTML5Networking.dll (API version 3709383).
LogModuleManager: Display: Found up-to-date module file ../../../Engine/Plugins/Media/AndroidMedia/Binaries/Win64/UE4Editor-AndroidMediaEditor.dll (API version 3709383).
LogModuleManager: Display: Found up-to-date module file ../../../Engine/Plugins/Media/AndroidMedia/Binaries/Win64/UE4Editor-AndroidMediaFactory.dll (API version 3709383).
LogModuleManager: Display: Found up-to-date module file ../../../Engine/Plugins/Media/AvfMedia/Binaries/Win64/UE4Editor-AvfMediaEditor.dll (API version 3709383).
LogModuleManager: Display: Found up-to-date module file ../../../Engine/Plugins/Media/AvfMedia/Binaries/Win64/UE4Editor-AvfMediaFactory.dll (API version 3709383).
LogModuleManager: Display: Found up-to-date module file ../../../Engine/Plugins/Media/AvfMedia/Binaries/Win64/UE4Editor-AvfMediaFactory.dll (API version 3709383).
LogModuleManager: Display: Found up-to-date module file ../../../Engine/Plugins/Media/ImgMedia/Binaries/Win64/UE4Editor-ImgMedia.dll (API version 3709383).
LogModuleManager: Display: Found up-to-date module file ../../../Engine/Plugins/Media/ImgMedia/Binaries/Win64/UE4Editor-ImgMediaEditor.dll (API version 3709383).
LogModuleManager: Display: Found up-to-date module file ../../../Engine/Plugins/Media/ImgMedia/Binaries/Win64/UE4Editor-ImgMediaFactory.dll (API version 3709383).
LogModuleManager: Display: Found up-to-date module file ../../../Engine/Plugins/Media/ImgMedia/Binaries/Win64/UE4Editor-ImgMediaFactory.dll (API version 3709383).
LogModuleManager: Display: Found up-to-date module file ../../../Engine/Plugins/Media/ImgMedia/Binaries/Win64/UE4Editor-OpenExrWrapper.dll (API version 3709383).
LogModuleManager: Display: Found up-to-date module file ../../../Engine/Plugins/Media/MediaCompositing/Binaries/Win64/UE4Editor-MediaCompositing.dll (API version 3709383).
LogModuleManager: Display: Found up-to-date module file ../../../Engine/Plugins/Media/MediaCompositing/Binaries/Win64/UE4Editor-MediaCompositingEditor.dll (API version 3709383).
LogModuleManager: Display: Found up-to-date module file ../../../Engine/Plugins/Media/MediaPlayerEditor/Binaries/Win64/UE4Editor-MediaPlayerEditor.dll (API version 3709383).
LogModuleManager: Display: Found up-to-date module file ../../../Engine/Plugins/Media/WmfMedia/Binaries/Win64/UE4Editor-WmfMedia.dll (API version 3709383).
LogModuleManager: Display: Found up-to-date module file ../../../Engine/Plugins/Media/WmfMedia/Binaries/Win64/UE4Editor-WmfMediaEditor.dll (API version 3709383).
LogModuleManager: Display: Found up-to-date module file ../../../Engine/Plugins/Media/WmfMedia/Binaries/Win64/UE4Editor-WmfMediaFactory.dll (API version 3709383).
LogModuleManager: Display: Found up-to-date module file ../../../Engine/Plugins/Media/WmfMedia/Binaries/Win64/UE4Editor-WmfMediaFactory.dll (API version 3709383).
LogModuleManager: Display: Found up-to-date module file ../../../Engine/Plugins/Messaging/TcpMessaging/Binaries/Win64/UE4Editor-TcpMessaging.dll (API version 3709383).
LogModuleManager: Display: Found up-to-date module file ../../../Engine/Plugins/Messaging/UdpMessaging/Binaries/Win64/UE4Editor-UdpMessaging.dll (API version 3709383).
LogModuleManager: Display: Found up-to-date module file ../../../Engine/Plugins/MovieScene/ActorSequence/Binaries/Win64/UE4Editor-ActorSequence.dll (API version 3709383).
LogModuleManager: Display: Found up-to-date module file ../../../Engine/Plugins/MovieScene/LevelSequenceEditor/Binaries/Win64/UE4Editor-LevelSequenceEditor.dll (API version 3709383).
LogModuleManager: Display: Found up-to-date module file ../../../Engine/Plugins/MovieScene/MatineeToLevelSequence/Binaries/Win64/UE4Editor-MatineeToLevelSequence.dll (API version 3709383).
LogModuleManager: Display: Found up-to-date module file ../../../Engine/Plugins/Online/OnlineSubsystem/Binaries/Win64/UE4Editor-OnlineSubsystem.dll (API version 3709383).
LogModuleManager: Display: Found up-to-date module file ../../../Engine/Plugins/Runtime/AndroidPermission/Binaries/Win64/UE4Editor-AndroidPermission.dll (API version 3709383).
LogModuleManager: Display: Found up-to-date module file ../../../Engine/Plugins/Online/OnlineSubsystemNull/Binaries/Win64/UE4Editor-OnlineSubsystemNull.dll (API version 3709383).
LogModuleManager: Display: Found up-to-date module file ../../../Engine/Plugins/Online/OnlineSubsystemUtils/Binaries/Win64/UE4Editor-OnlineSubsystemUtils.dll (API version 3709383).
LogModuleManager: Display: Found up-to-date module file ../../../Engine/Plugins/Online/OnlineSubsystemUtils/Binaries/Win64/UE4Editor-OnlineBlueprintSupport.dll (API version 3709383).
LogModuleManager: Display: Found up-to-date module file ../../../Engine/Plugins/Runtime/AndroidDeviceProfileSelector/Binaries/Win64/UE4Editor-AndroidDeviceProfileSelector.dll (API version 3709383).
LogModuleManager: Display: Found up-to-date module file ../../../Engine/Plugins/Runtime/AppleARKit/Binaries/Win64/UE4Editor-AppleARKit.dll (API version 3709383).
LogModuleManager: Display: Found up-to-date module file ../../../Engine/Plugins/Runtime/ArchVisCharacter/Binaries/Win64/UE4Editor-ArchVisCharacter.dll (API version 3709383).
LogModuleManager: Display: Found up-to-date module file ../../../Engine/Plugins/Runtime/CableComponent/Binaries/Win64/UE4Editor-CableComponent.dll (API version 3709383).
LogModuleManager: Display: Found up-to-date module file ../../../Engine/Plugins/Runtime/CustomMeshComponent/Binaries/Win64/UE4Editor-CustomMeshComponent.dll (API version 3709383).
LogModuleManager: Display: Found up-to-date module file ../../../Engine/Plugins/Runtime/ExampleDeviceProfileSelector/Binaries/Win64/UE4Editor-ExampleDeviceProfileSelector.dll (API version 3709383).
LogModuleManager: Display: Found up-to-date module file ../../../Engine/Plugins/Runtime/ImmediatePhysics/Binaries/Win64/UE4Editor-ImmediatePhysics.dll (API version 3709383).
LogModuleManager: Display: Found up-to-date module file ../../../Engine/Plugins/Runtime/ImmediatePhysics/Binaries/Win64/UE4Editor-ImmediatePhysicsEditor.dll (API version 3709383).
LogModuleManager: Display: Found up-to-date module file ../../../Engine/Plugins/Runtime/LocationServicesBPLibrary/Binaries/Win64/UE4Editor-LocationServicesBPLibrary.dll (API version 3709383).
LogModuleManager: Display: Found up-to-date module file ../../../Engine/Plugins/Runtime/MobilePatchingUtils/Binaries/Win64/UE4Editor-MobilePatchingUtils.dll (API version 3709383).
LogModuleManager: Display: Found up-to-date module file ../../../Engine/Plugins/Runtime/Oculus/OculusVR/Binaries/Win64/UE4Editor-OculusHMD.dll (API version 3709383).
LogModuleManager: Display: Found up-to-date module file ../../../Engine/Plugins/Runtime/Oculus/OculusVR/Binaries/Win64/UE4Editor-OculusInput.dll (API version 3709383).
LogModuleManager: Display: Found up-to-date module file ../../../Engine/Plugins/Runtime/Oculus/OculusVR/Binaries/Win64/UE4Editor-OculusEditor.dll (API version 3709383).
LogModuleManager: Display: Found up-to-date module file ../../../Engine/Plugins/Runtime/PhysXVehicles/Binaries/Win64/UE4Editor-PhysXVehicles.dll (API version 3709383).
LogModuleManager: Display: Found up-to-date module file ../../../Engine/Plugins/Runtime/PhysXVehicles/Binaries/Win64/UE4Editor-PhysXVehiclesEditor.dll (API version 3709383).
LogModuleManager: Display: Found up-to-date module file ../../../Engine/Plugins/Runtime/ProceduralMeshComponent/Binaries/Win64/UE4Editor-ProceduralMeshComponent.dll (API version 3709383).
LogModuleManager: Display: Found up-to-date module file ../../../Engine/Plugins/Runtime/ProceduralMeshComponent/Binaries/Win64/UE4Editor-ProceduralMeshComponentEditor.dll (API version 3709383).
LogModuleManager: Display: Found up-to-date module file ../../../Engine/Plugins/Runtime/RuntimePhysXCooking/Binaries/Win64/UE4Editor-RuntimePhysXCooking.dll (API version 3709383).
LogModuleManager: Display: Found up-to-date module file ../../../Engine/Plugins/Runtime/Steam/SteamVR/Binaries/Win64/UE4Editor-SteamVR.dll (API version 3709383).
LogModuleManager: Display: Found up-to-date module file ../../../Engine/Plugins/Runtime/Steam/SteamVR/Binaries/Win64/UE4Editor-SteamVRController.dll (API version 3709383).
LogModuleManager: Display: Found up-to-date module file ../../../Engine/Plugins/Runtime/WindowsMoviePlayer/Binaries/Win64/UE4Editor-WindowsMoviePlayer.dll (API version 3709383).
LogPluginManager: Mounting plugin Paper2D
LogPluginManager: Mounting plugin LightPropagationVolume
LogPluginManager: Mounting plugin CodeLiteSourceCodeAccess
LogPluginManager: Mounting plugin GitSourceControl
LogPluginManager: Mounting plugin KDevelopSourceCodeAccess
LogPluginManager: Mounting plugin NullSourceCodeAccess
LogPluginManager: Mounting plugin PerforceSourceControl
LogPluginManager: Mounting plugin SubversionSourceControl
LogPluginManager: Mounting plugin UObjectPlugin
LogPluginManager: Mounting plugin VisualStudioCodeSourceCodeAccess
LogPluginManager: Mounting plugin VisualStudioSourceCodeAccess
LogPluginManager: Mounting plugin XCodeSourceCodeAccess
LogPluginManager: Mounting plugin AssetManagerEditor
LogPluginManager: Mounting plugin AudioCapture
LogPluginManager: Mounting plugin FacialAnimation
LogPluginManager: Mounting plugin GameplayTagsEditor
LogPluginManager: Mounting plugin MobileLauncherProfileWizard
LogPluginManager: Mounting plugin PluginBrowser
LogPluginManager: Mounting plugin SpeedTreeImporter
LogPluginManager: Mounting plugin AlembicImporter
LogPluginManager: Mounting plugin CharacterAI
LogPluginManager: Mounting plugin HTML5Networking
LogPluginManager: Mounting plugin AndroidMedia
LogPluginManager: Mounting plugin AvfMedia
LogPluginManager: Mounting plugin ImgMedia
LogPluginManager: Mounting plugin MediaCompositing
LogPluginManager: Mounting plugin MediaPlayerEditor
LogPluginManager: Mounting plugin WmfMedia
LogPluginManager: Mounting plugin TcpMessaging
LogPluginManager: Mounting plugin UdpMessaging
LogPluginManager: Mounting plugin ActorSequence
LogPluginManager: Mounting plugin LevelSequenceEditor
LogPluginManager: Mounting plugin MatineeToLevelSequence
LogPluginManager: Mounting plugin OnlineSubsystemGooglePlay
LogPluginManager: Mounting plugin OnlineSubsystemIOS
LogPluginManager: Mounting plugin OnlineSubsystem
LogPluginManager: Mounting plugin OnlineSubsystemNull
LogPluginManager: Mounting plugin OnlineSubsystemUtils
LogPluginManager: Mounting plugin AndroidDeviceProfileSelector
LogPluginManager: Mounting plugin AndroidMoviePlayer
LogPluginManager: Mounting plugin AndroidPermission
LogPluginManager: Mounting plugin AppleARKit
LogPluginManager: Mounting plugin AppleMoviePlayer
LogPluginManager: Mounting plugin ArchVisCharacter
LogPluginManager: Mounting plugin CableComponent
LogPluginManager: Mounting plugin CustomMeshComponent
LogPluginManager: Mounting plugin ExampleDeviceProfileSelector
LogPluginManager: Mounting plugin GoogleCloudMessaging
LogPluginManager: Mounting plugin ImmediatePhysics
LogPluginManager: Mounting plugin IOSDeviceProfileSelector
LogPluginManager: Mounting plugin LinuxDeviceProfileSelector
LogPluginManager: Mounting plugin LocationServicesBPLibrary
LogPluginManager: Mounting plugin MobilePatchingUtils
LogPluginManager: Mounting plugin OculusVR
LogPluginManager: Plugin shader directory ../../../Engine/Plugins/Runtime/Oculus/OculusVR/Shaders found
LogPluginManager: Mapping shader source directory ../../../Engine/Plugins/Runtime/Oculus/OculusVR/Shaders to virtual directory /Plugin/OculusVR
LogPluginManager: Mounting plugin PhysXVehicles
LogPluginManager: Mounting plugin ProceduralMeshComponent
LogPluginManager: Mounting plugin RuntimePhysXCooking
LogPluginManager: Mounting plugin SteamVR
LogPluginManager: Mounting plugin WindowsMoviePlayer
LogInit: Using libcurl 7.47.1
LogInit:  - built for x86_64-pc-win32
LogInit:  - supports SSL with OpenSSL/1.0.2g
LogInit:  - supports HTTP deflate (compression) using libz 1.2.8
LogInit:  - other features:
LogInit:      CURL_VERSION_SSL
LogInit:      CURL_VERSION_LIBZ
LogInit:      CURL_VERSION_IPV6
LogInit:      CURL_VERSION_ASYNCHDNS
LogInit:      CURL_VERSION_LARGEFILE
LogInit:      CURL_VERSION_IDN
LogInit:  CurlRequestOptions (configurable via config and command line):
LogInit:  - bVerifyPeer = false  - Libcurl will NOT verify peer certificate
LogInit:  - bUseHttpProxy = false  - Libcurl will NOT use HTTP proxy
LogInit:  - bDontReuseConnections = false  - Libcurl will reuse connections
LogInit:  - CertBundlePath = nullptr  - Libcurl will use whatever was configured at build time.
LogInit: Build: ++UE4+Release-4.18-CL-3832480
LogInit: Engine Version: 4.18.3-3832480+++UE4+Release-4.18
LogInit: Compatible Engine Version: 4.18.0-3709383+++UE4+Release-4.18
LogInit: Net CL: 3709383
LogDevObjectVersion: Number of dev versions registered: 16
LogDevObjectVersion:   Dev-Blueprints (B0D832E4-1F89-4F0D-ACCF-7EB736FD4AA2): 10
LogDevObjectVersion:   Dev-Build (E1C64328-A22C-4D53-A36C-8E866417BD8C): 0
LogDevObjectVersion:   Dev-Core (375EC13C-06E4-48FB-B500-84F0262A717E): 2
LogDevObjectVersion:   Dev-Editor (E4B068ED-F494-42E9-A231-DA0B2E46BB41): 20
LogDevObjectVersion:   Dev-Framework (CFFC743F-43B0-4480-9391-14DF171D2073): 30
LogDevObjectVersion:   Dev-Mobile (B02B49B5-BB20-44E9-A304-32B752E40360): 0
LogDevObjectVersion:   Dev-Networking (A4E4105C-59A1-49B5-A7C5-40C4547EDFEE): 0
LogDevObjectVersion:   Dev-Online (39C831C9-5AE6-47DC-9A44-9C173E1C8E7C): 0
LogDevObjectVersion:   Dev-Physics (78F01B33-EBEA-4F98-B9B4-84EACCB95AA2): 0
LogDevObjectVersion:   Dev-Platform (6631380F-2D4D-43E0-8009-CF276956A95A): 0
LogDevObjectVersion:   Dev-Rendering (12F88B9F-8875-4AFC-A67C-D90C383ABD29): 20
LogDevObjectVersion:   Dev-Sequencer (7B5AE74C-D270-4C10-A958-57980B212A5A): 4
LogDevObjectVersion:   Dev-VR (D7296918-1DD6-4BDD-9DE2-64A83CC13884): 0
LogDevObjectVersion:   Dev-LoadTimes (C2A15278-BFE7-4AFE-6C17-90FF531DF755): 1
LogDevObjectVersion:   Private-Geometry (6EACA3D4-40EC-4CC1-B786-8BED09428FC5): 1
LogDevObjectVersion:   Dev-AnimPhys (29E575DD-E0A3-4627-9D10-D276232CDCEA): 12
LogInit: Compiled (64-bit): Jan 12 2018 02:04:55
LogInit: Compiled with Visual C++: 19.00.24215.01
LogInit: Build Configuration: Development
LogInit: Branch Name: ++UE4+Release-4.18
LogInit: Command line:  
LogInit: Base directory: E:/Unreal/UE_4.18/Engine/Binaries/Win64/
LogInit: Installed Engine Build: 1
LogInit: Presizing for max 8388607 objects, including 0 objects not considered by GC, pre-allocating 0 bytes for permanent pool.
LogInit: Object subsystem initialized
[2018.04.05-00.34.48:682][  0]LogInit: Selected Device Profile: [Windows]
[2018.04.05-00.34.48:682][  0]LogInit: Applying CVar settings loaded from the selected device profile: [Windows]
[2018.04.05-00.34.48:776][  0]LogInit: Computer: CARTERSPC
[2018.04.05-00.34.48:776][  0]LogInit: User: carter
[2018.04.05-00.34.48:776][  0]LogInit: CPU Page size=4096, Cores=3
[2018.04.05-00.34.48:776][  0]LogInit: High frequency timer resolution =3.433659 MHz
[2018.04.05-00.34.48:776][  0]LogMemory: Memory total: Physical=16.0GB (16GB approx)
[2018.04.05-00.34.48:776][  0]LogMemory: Platform Memory Stats for Windows
[2018.04.05-00.34.48:776][  0]LogMemory: Process Physical Memory: 269.09 MB used, 269.09 MB peak
[2018.04.05-00.34.48:776][  0]LogMemory: Process Virtual Memory: 269.31 MB used, 269.31 MB peak
[2018.04.05-00.34.48:776][  0]LogMemory: Physical Memory: 3030.38 MB used,  13320.29 MB free, 16350.66 MB total
[2018.04.05-00.34.48:776][  0]LogMemory: Virtual Memory: 621.22 MB used,  13320.29 MB free, 134217728.00 MB total
[2018.04.05-00.34.49:664][  0]LogInit: Using OS detected language (en-US).
[2018.04.05-00.34.49:664][  0]LogInit: Using OS detected locale (en-US).
[2018.04.05-00.34.49:872][  0]LogTextLocalizationManager: No specific localization for 'en-US' exists, so the 'en' localization will be used.
[2018.04.05-00.34.50:665][  0]LogInit: Setting process to per monitor DPI aware
[2018.04.05-00.34.53:908][  0]LogD3D11RHI: D3D11 adapters:
[2018.04.05-00.34.53:979][  0]LogD3D11RHI:    0. 'NVIDIA GeForce GTX 960' (Feature Level 11_0)
[2018.04.05-00.34.53:979][  0]LogD3D11RHI:       1937/0/8175 MB DedicatedVideo/DedicatedSystem/SharedSystem, Outputs:2, VendorId:0x10de
[2018.04.05-00.34.53:980][  0]LogD3D11RHI:    1. 'Microsoft Basic Render Driver' (Feature Level 11_0)
[2018.04.05-00.34.53:980][  0]LogD3D11RHI:       0/0/256 MB DedicatedVideo/DedicatedSystem/SharedSystem, Outputs:0, VendorId:0x1414
[2018.04.05-00.34.53:980][  0]LogD3D11RHI: Chosen D3D11 Adapter: 0
[2018.04.05-00.34.53:987][  0]LogD3D11RHI: Creating new Direct3DDevice
[2018.04.05-00.34.53:988][  0]LogD3D11RHI:     GPU DeviceId: 0x1401 (for the marketing name, search the web for "GPU Device Id")
[2018.04.05-00.34.53:988][  0]LogWindows: EnumDisplayDevices:
[2018.04.05-00.34.53:988][  0]LogWindows:    0. 'NVIDIA GeForce GTX 960' (P:1 D:1)
[2018.04.05-00.34.53:988][  0]LogWindows:    1. 'NVIDIA GeForce GTX 960' (P:0 D:1)
[2018.04.05-00.34.53:988][  0]LogWindows:    2. 'NVIDIA GeForce GTX 960' (P:0 D:0)
[2018.04.05-00.34.53:989][  0]LogWindows:    3. 'NVIDIA GeForce GTX 960' (P:0 D:0)
[2018.04.05-00.34.53:989][  0]LogWindows: DebugString: FoundDriverCount:4 
[2018.04.05-00.34.53:989][  0]LogD3D11RHI:     Adapter Name: NVIDIA GeForce GTX 960
[2018.04.05-00.34.53:989][  0]LogD3D11RHI:   Driver Version: 388.13 (internal:23.21.13.8813, unified:388.13)
[2018.04.05-00.34.53:989][  0]LogD3D11RHI:      Driver Date: 10-27-2017
[2018.04.05-00.34.53:989][  0]LogRHI: Texture pool is 1356 MB (70% of 1937 MB)
[2018.04.05-00.34.54:015][  0]LogD3D11RHI: Async texture creation enabled
[2018.04.05-00.34.54:306][  0]LogD3D11RHI: GPU Timing Frequency: 1000.000000 (Debug: 2 2)
[2018.04.05-00.34.54:427][  0]LogShaderCompilers: Guid format shader working directory is -19 characters bigger than the processId version (C:/Users/carter/Documents/GitHub/WhiteLightningGame/WhiteLightning/Intermediate/Shaders/WorkingDirectory/8476/).
[2018.04.05-00.34.54:427][  0]LogShaderCompilers: Cleaned the shader compiler working directory 'C:/Users/carter/AppData/Local/Temp/UnrealShaderWorkingDir/C44A1E9847444459790B068AB6D8F2FE/'.
[2018.04.05-00.34.54:429][  0]LogShaderCompilers: Display: Using Local Shader Compiler.
[2018.04.05-00.34.58:759][  0]LogTemp: Display: Loaded TP AllDesktopTargetPlatform
[2018.04.05-00.34.58:816][  0]LogTemp: Display: Loaded TP MacClientTargetPlatform
[2018.04.05-00.34.58:872][  0]LogTemp: Display: Loaded TP MacNoEditorTargetPlatform
[2018.04.05-00.34.58:929][  0]LogTemp: Display: Loaded TP MacServerTargetPlatform
[2018.04.05-00.34.58:996][  0]LogTemp: Display: Loaded TP MacTargetPlatform
[2018.04.05-00.34.59:053][  0]LogTemp: Display: Loaded TP WindowsClientTargetPlatform
[2018.04.05-00.34.59:109][  0]LogTemp: Display: Loaded TP WindowsNoEditorTargetPlatform
[2018.04.05-00.34.59:166][  0]LogTemp: Display: Loaded TP WindowsServerTargetPlatform
[2018.04.05-00.34.59:214][  0]LogTemp: Display: Loaded TP WindowsTargetPlatform
[2018.04.05-00.34.59:269][  0]LogTemp: Display: Loaded TP Android_ASTCTargetPlatform
[2018.04.05-00.34.59:325][  0]LogTemp: Display: Loaded TP Android_ATCTargetPlatform
[2018.04.05-00.34.59:380][  0]LogTemp: Display: Loaded TP Android_DXTTargetPlatform
[2018.04.05-00.34.59:436][  0]LogTemp: Display: Loaded TP Android_ETC1TargetPlatform
[2018.04.05-00.34.59:492][  0]LogTemp: Display: Loaded TP Android_ETC2TargetPlatform
[2018.04.05-00.34.59:603][  0]LogTemp: Display: Loaded TP Android_MultiTargetPlatform
[2018.04.05-00.34.59:603][  0]LogTemp: Display: Loaded TP Android_PVRTCTargetPlatform
[2018.04.05-00.34.59:674][  0]LogTemp: Display: Loaded TP AndroidTargetPlatform
[2018.04.05-00.34.59:713][  0]LogTemp: Display: Loaded TP HTML5TargetPlatform
[2018.04.05-00.34.59:864][  0]LogTemp: Display: Loaded TP IOSTargetPlatform
[2018.04.05-00.34.59:911][  0]LogTemp: Display: Loaded TP TVOSTargetPlatform
[2018.04.05-00.34.59:967][  0]LogTemp: Display: Loaded TP LinuxClientTargetPlatform
[2018.04.05-00.35.00:024][  0]LogTemp: Display: Loaded TP LinuxNoEditorTargetPlatform
[2018.04.05-00.35.00:080][  0]LogTemp: Display: Loaded TP LinuxServerTargetPlatform
[2018.04.05-00.35.00:140][  0]LogTemp: Display: Loaded TP LinuxTargetPlatform
[2018.04.05-00.35.00:140][  0]LogTargetPlatformManager: Display: Building Assets For Windows
[2018.04.05-00.35.01:410][  0]LogDerivedDataCache: Display: Max Cache Size: 512 MB
[2018.04.05-00.35.01:808][  0]LogDerivedDataCache: Loaded boot cache 0.40s 78MB C:/Users/carter/AppData/Local/UnrealEngine/4.18/DerivedDataCache/Boot.ddc.
[2018.04.05-00.35.01:808][  0]LogDerivedDataCache: Display: Loaded Boot cache: C:/Users/carter/AppData/Local/UnrealEngine/4.18/DerivedDataCache/Boot.ddc
[2018.04.05-00.35.01:808][  0]LogDerivedDataCache: FDerivedDataBackendGraph:  Pak pak cache file C:/Users/carter/Documents/GitHub/WhiteLightningGame/WhiteLightning/DerivedDataCache/DDC.ddp not found, will not use a pak cache.
[2018.04.05-00.35.01:808][  0]LogDerivedDataCache: Unable to find inner node Pak for hierarchical cache Hierarchy.
[2018.04.05-00.35.01:808][  0]LogDerivedDataCache: FDerivedDataBackendGraph:  CompressedPak pak cache file C:/Users/carter/Documents/GitHub/WhiteLightningGame/WhiteLightning/DerivedDataCache/Compressed.ddp not found, will not use a pak cache.
[2018.04.05-00.35.01:808][  0]LogDerivedDataCache: Unable to find inner node CompressedPak for hierarchical cache Hierarchy.
[2018.04.05-00.35.01:865][  0]LogDerivedDataCache: Display: Pak cache opened for reading ../../../Engine/DerivedDataCache/Compressed.ddp.
[2018.04.05-00.35.01:876][  0]LogDerivedDataCache: Using Local data cache path C:/Users/carter/AppData/Local/UnrealEngine/Common/DerivedDataCache: Writable
[2018.04.05-00.35.01:926][  0]LogMaterial: Verifying Global Shaders for PCD3D_SM5
[2018.04.05-00.35.01:976][  0]LogSlate: Using Freetype 2.6.0
[2018.04.05-00.35.02:080][  0]LogSlate: SlateFontCache - WITH_FREETYPE: 1, WITH_HARFBUZZ: 1
[2018.04.05-00.35.02:088][  0]LogSlate: SlateFontCache - WITH_FREETYPE: 1, WITH_HARFBUZZ: 1
[2018.04.05-00.35.08:670][  0]LogInit: Selected Device Profile: [Windows]
[2018.04.05-00.35.10:041][  0]LogSimplygon: Simplygon DLL not present - disabling.
[2018.04.05-00.35.10:131][  0]LogMeshReduction: Using SimplygonSwarm for distributed automatic mesh merging
[2018.04.05-00.35.10:144][  0]LogMeshReduction: Using QuadricMeshReduction for automatic static mesh reduction
[2018.04.05-00.35.10:160][  0]LogMeshReduction: No automatic skeletal mesh reduction module available
[2018.04.05-00.35.10:160][  0]LogMeshReduction: No automatic mesh merging module available
[2018.04.05-00.35.10:160][  0]LogMeshMerging: No automatic mesh merging module available
[2018.04.05-00.35.10:463][  0]LogNetVersion: WhiteLightning , NetCL: 3709383, EngineNetVer: 2, GameNetVer: 0 (Checksum: 2852152215)
[2018.04.05-00.35.11:739][  0]LogAssetRegistry: FAssetRegistry took 0.0538 seconds to start up
[2018.04.05-00.35.18:730][  0]LogPackageLocalizationCache: Processed 7 localized package path(s) for 2 prioritized culture(s) in 0.124977 seconds
[2018.04.05-00.35.18:761][  0]LogUObjectArray: 35870 objects as part of root set at end of initial load.
[2018.04.05-00.35.18:761][  0]LogUObjectAllocator: 7363704 out of 0 bytes used by permanent object pool.
[2018.04.05-00.35.18:761][  0]LogUObjectArray: CloseDisregardForGC: 0/0 objects in disregard for GC pool
[2018.04.05-00.35.18:838][  0]LogInit: WinSock: version 1.1 (2.2), MaxSocks=32767, MaxUdp=65467
[2018.04.05-00.35.41:178][  0]LogTcpMessaging: Initializing TcpMessaging bridge
[2018.04.05-00.35.41:225][  0]LogUdpMessaging: Initializing bridge on interface 0.0.0.0:0 to multicast group 230.0.0.1:6666.
[2018.04.05-00.35.42:404][  0]LogMaterial: Uniform references updated for custom material expression Custom.
[2018.04.05-00.35.43:072][  0]SourceControl: Source control is disabled
[2018.04.05-00.35.44:854][  0]LogAndroidPermission: UAndroidPermissionCallbackProxy::GetInstance
[2018.04.05-00.35.45:133][  0]LogOcInput: OculusInput pre-init called
[2018.04.05-00.35.45:764][  0]LogEngine: Initializing Engine...
[2018.04.05-00.35.45:811][  0]LogHMD: Failed to initialize OpenVR with code 110
[2018.04.05-00.35.46:210][  0]LogStats: UGameplayTagsManager::ConstructGameplayTagTree: Construct from data asset -  0.000 s
[2018.04.05-00.35.46:211][  0]LogStats: UGameplayTagsManager::ConstructGameplayTagTree: GameplayTagTreeChangedEvent.Broadcast -  0.000 s
[2018.04.05-00.35.46:568][  0]LogAIModule: Creating AISystem for world Untitled
[2018.04.05-00.35.46:689][  0]LogInit: XAudio2 using 'BenQ GL2460-4 (NVIDIA High Definition Audio)' : 2 channels at 48 kHz using 16 bits per sample (channel mask 0x3)
[2018.04.05-00.35.46:718][  0]LogInit: FAudioDevice initialized.
[2018.04.05-00.35.46:831][  0]LogDerivedDataCache: Saved boot cache 0.11s 78MB C:/Users/carter/AppData/Local/UnrealEngine/4.18/DerivedDataCache/Boot.ddc.
[2018.04.05-00.35.46:869][  0]LogInit: Texture streaming: Enabled
[2018.04.05-00.35.47:008][  0]LogEngineSessionManager: EngineSessionManager initialized
[2018.04.05-00.35.47:008][  0]LogEngineSessionManager: EngineSessionManager sent abnormal shutdown report. Type=AbnormalShutdown, SessionId={1F88ADA2-4FD1-8C4F-BD8E-91BA8D9C9473}
[2018.04.05-00.35.47:268][  0]LogInit: Transaction tracking system initialized
[2018.04.05-00.35.47:786][  0]BlueprintLog: New page: Editor Load
[2018.04.05-00.35.49:446][  0]LocalizationService: Localization service is disabled
[2018.04.05-00.35.50:744][  0]LogConsoleResponse: Display: 
[2018.04.05-00.35.51:717][  0]LogFileCache: Scanning file cache for directory 'C:/Users/carter/Documents/GitHub/WhiteLightningGame/WhiteLightning/Content/' took 0.02s
[2018.04.05-00.35.51:717][  0]LogCook: Display: Max memory allowance for cook 16384mb min free memory 0mb
[2018.04.05-00.35.51:717][  0]LogCook: Display: Mobile HDR setting 1
[2018.04.05-00.35.51:723][  0]LogGameplayTags: Display: UGameplayTagsManager::DoneAddingNativeTags. DelegateIsBound: 0
[2018.04.05-00.35.53:924][  0]Cmd: MAP LOAD FILE="C:/Users/carter/Documents/GitHub/WhiteLightningGame/WhiteLightning/Content/WhiteLightning/Levels/main_menu_lvl.umap" TEMPLATE=0 SHOWPROGRESS=1 FEATURELEVEL=3
[2018.04.05-00.35.53:926][  0]LightingResults: New page: Lighting Build
[2018.04.05-00.35.54:110][  0]MapCheck: New page: Map Check
[2018.04.05-00.35.54:110][  0]LightingResults: New page: Lighting Build
[2018.04.05-00.35.57:355][  0]LogTexture: Display: Building textures: whitelighting_navigation_background (AutoDXT, 1920X1080)
[2018.04.05-00.35.57:499][  0]LogAIModule: Creating AISystem for world main_menu_lvl
[2018.04.05-00.35.57:650][  0]LogEditorServer: Finished looking for orphan Actors (0.000 secs)
[2018.04.05-00.35.57:743][  0]Cmd: MAP CHECKDEP NOCLEARLOG
[2018.04.05-00.35.57:821][  0]MapCheck: Map check complete: 0 Error(s), 0 Warning(s), took 77.655ms to complete.
[2018.04.05-00.35.57:821][  0]LogFileHelpers: Loading map 'main_menu_lvl' took 3.908
[2018.04.05-00.35.58:823][  0]LogCollectionManager: Loaded 0 collections in 0.001651 seconds
[2018.04.05-00.35.59:060][  0]LogFileCache: Scanning file cache for directory 'C:/Users/carter/Documents/GitHub/WhiteLightningGame/WhiteLightning/Saved/Collections/' took 0.01s
[2018.04.05-00.35.59:060][  0]LogFileCache: Scanning file cache for directory 'C:/Users/carter/Documents/GitHub/WhiteLightningGame/WhiteLightning/Content/Developers/carter/Collections/' took 0.01s
[2018.04.05-00.35.59:060][  0]LogFileCache: Scanning file cache for directory 'C:/Users/carter/Documents/GitHub/WhiteLightningGame/WhiteLightning/Content/Collections/' took 0.01s
[2018.04.05-00.35.59:060][  0]LogCollectionManager: Rebuilt the GUID cache for 0 collections in 0.000000 seconds
[2018.04.05-00.35.59:097][  0]LogContentBrowser: Native class hierarchy populated in 0.0335 seconds. Added 2363 classes and 519 folders.
[2018.04.05-00.35.59:238][  0]LogContentBrowser: Native class hierarchy updated for 'WidgetCarousel' in 0.0004 seconds. Added 0 classes and 0 folders.
[2018.04.05-00.36.00:171][  0]LogContentBrowser: Native class hierarchy updated for 'AddContentDialog' in 0.0004 seconds. Added 0 classes and 0 folders.
[2018.04.05-00.36.00:242][  0]LogContentBrowser: Native class hierarchy updated for 'SceneOutliner' in 0.0003 seconds. Added 1 classes and 2 folders.
[2018.04.05-00.36.00:854][  0]LogSlate: Took 0.013941 seconds to synchronously load lazily loaded font '../../../Engine/Content/Slate/Fonts/Roboto-Regular.ttf' (155K)
[2018.04.05-00.36.00:884][  0]LogSlate: Took 0.017191 seconds to synchronously load lazily loaded font '../../../Engine/Content/Slate/Fonts/Roboto-Bold.ttf' (160K)
[2018.04.05-00.36.00:931][  0]LogSlate: Took 0.020272 seconds to synchronously load lazily loaded font '../../../Engine/Content/Editor/Slate/Fonts/FontAwesome.ttf' (139K)
[2018.04.05-00.36.01:314][  0]LogRenderer: Reallocating scene render targets to support 1136x580 Format 10 NumSamples 1 (Frame:1).
[2018.04.05-00.36.01:969][  0]LogContentBrowser: Native class hierarchy updated for 'HierarchicalLODOutliner' in 0.0003 seconds. Added 1 classes and 2 folders.
[2018.04.05-00.36.01:969][  0]LogLoad: (Engine Initialization) Total time: 87.97 seconds
[2018.04.05-00.36.01:969][  0]LogLoad: (Engine Initialization) Total Blueprint compile time: 0.00 seconds
[2018.04.05-00.36.01:969][  0]LogExternalProfiler: No external profilers were discovered.  External profiling features will not be available.
[2018.04.05-00.36.02:085][  0]SourceControl: On branch master
[2018.04.05-00.36.02:085][  0]SourceControl: Your branch is up to date with 'origin/master'.
[2018.04.05-00.36.02:085][  0]SourceControl: Changes not staged for commit:
[2018.04.05-00.36.02:085][  0]SourceControl:   (use "git add <file>..." to update what will be committed)
[2018.04.05-00.36.02:086][  0]SourceControl:   (use "git checkout -- <file>..." to discard changes in working directory)
[2018.04.05-00.36.02:086][  0]SourceControl: 	modified:   WhiteLightning/Intermediate/CachedAssetRegistry.bin
[2018.04.05-00.36.02:086][  0]SourceControl: 	modified:   WhiteLightning/Saved/Config/Windows/Editor.ini
[2018.04.05-00.36.02:086][  0]SourceControl: 	modified:   WhiteLightning/Saved/Config/Windows/Engine.ini
[2018.04.05-00.36.02:086][  0]SourceControl: 	modified:   WhiteLightning/Saved/Logs/WhiteLightning.log
[2018.04.05-00.36.02:086][  0]SourceControl: Untracked files:
[2018.04.05-00.36.02:086][  0]SourceControl:   (use "git add <file>..." to include in what will be committed)
[2018.04.05-00.36.02:086][  0]SourceControl: 	WhiteLightning/Saved/Config/CrashReportClient/UE4CC-Windows-BD3379444ABC85F7E8C912A7C82D6614/
[2018.04.05-00.36.02:086][  0]SourceControl: 	WhiteLightning/Saved/Logs/WhiteLightning-backup-2018.04.04-17.34.43.log
[2018.04.05-00.36.02:086][  0]SourceControl: no changes added to commit (use "git add" and/or "git commit -a")
[2018.04.05-00.36.02:097][  0]LogContentStreaming: Texture pool size now 1000 MB
[2018.04.05-00.36.02:268][  0]LogSlate: Took 0.014468 seconds to synchronously load lazily loaded font '../../../Engine/Content/Slate/Fonts/Roboto-Light.ttf' (159K)
[2018.04.05-00.36.02:277][  1]LogFileCache: Retrieving MD5 hashes for directory 'C:/Users/carter/Documents/GitHub/WhiteLightningGame/WhiteLightning/Content/' took 0.27s
[2018.04.05-00.36.02:326][  2]LogAssetRegistry: Asset discovery search completed in 50.6105 seconds
[2018.04.05-00.36.02:328][  2]LogCollectionManager: Rebuilt the object cache for 0 collections in 0.000000 seconds (found 0 objects)
[2018.04.05-00.36.02:329][  2]LogCollectionManager: Fixed up redirectors for 0 collections in 0.000048 seconds (updated 0 objects)
[2018.04.05-00.36.03:020][ 69]LogSlate: Took 0.000260 seconds to synchronously load lazily loaded font '../../../Engine/Content/Slate/Fonts/Roboto-Light.ttf' (159K)
[2018.04.05-00.40.20:178][734]LogSlate: Took 0.000242 seconds to synchronously load lazily loaded font '../../../Engine/Content/Slate/Fonts/Roboto-Light.ttf' (159K)
[2018.04.05-00.40.20:831][734]LogContentBrowser: Native class hierarchy updated for 'BlueprintGraph' in 0.0013 seconds. Added 116 classes and 0 folders.
[2018.04.05-00.40.22:297][734]LogSlate: Took 0.015351 seconds to synchronously load lazily loaded font '../../../Engine/Content/Editor/Slate/Fonts/Roboto-BoldCondensed.ttf' (158K)
[2018.04.05-00.40.22:658][735]LogSlate: Took 0.007019 seconds to synchronously load lazily loaded font '../../../Engine/Content/Editor/Slate/Fonts/Roboto-Italic.ttf' (157K)
[2018.04.05-00.41.42:614][926]LogRenderer: Reallocating scene render targets to support 1144x712 Format 10 NumSamples 1 (Frame:1).
[2018.04.05-00.45.12:384][734]LogSavePackage: Save=44.10ms
[2018.04.05-00.45.12:384][734]LogSavePackage: Moving 'C:/Users/carter/Documents/GitHub/WhiteLightningGame/WhiteLightning/Saved/week3userstory2E1372EAC49AE0E837FCF2988ECFFAA5D.tmp' to 'C:/Users/carter/Documents/GitHub/WhiteLightningGame/WhiteLightning/Content/WhiteLightning/Tests/week3userstory2.uasset'
[2018.04.05-00.45.12:392][734]LogSavePackage: Display: Finished SavePackage C:/Users/carter/Documents/GitHub/WhiteLightningGame/WhiteLightning/Content/WhiteLightning/Tests/week3userstory2.uasset
[2018.04.05-00.45.12:954][786]BlueprintLog: New page: Compile week3userstory2
[2018.04.05-00.45.22:084][769]Cmd: MAP LOAD FILE="C:/Users/carter/Documents/GitHub/WhiteLightningGame/WhiteLightning/Content/WhiteLightning/Levels/main_menu_lvl.umap" TEMPLATE=0 SHOWPROGRESS=1 FEATURELEVEL=3
[2018.04.05-00.45.22:084][769]LightingResults: New page: Lighting Build
[2018.04.05-00.45.22:085][769]LoadErrors: New page: Loading map: main_menu_lvl.umap
[2018.04.05-00.45.22:086][769]MapCheck: New page: Map Check
[2018.04.05-00.45.22:086][769]LightingResults: New page: Lighting Build
[2018.04.05-00.45.22:146][769]LogAIModule: Creating AISystem for world main_menu_lvl
[2018.04.05-00.45.22:249][769]LogEditorServer: Finished looking for orphan Actors (0.000 secs)
[2018.04.05-00.45.22:331][769]Cmd: MAP CHECKDEP NOCLEARLOG
[2018.04.05-00.45.22:395][769]MapCheck: Map check complete: 0 Error(s), 0 Warning(s), took 63.347ms to complete.
[2018.04.05-00.45.22:396][769]LogFileHelpers: Loading map 'main_menu_lvl' took 0.313
[2018.04.05-00.45.24:471][999]LogTemp: Repeating last play command: New Editor Window (PIE)
[2018.04.05-00.45.24:569][999]LogBlueprintUserMessages: Early PlayInEditor Detection: Level '/Game/WhiteLightning/Levels/main_menu_lvl.main_menu_lvl:PersistentLevel' has LevelScriptBlueprint '/Game/WhiteLightning/Levels/main_menu_lvl.main_menu_lvl:PersistentLevel.main_menu_lvl' with GeneratedClass '/Game/WhiteLightning/Levels/main_menu_lvl.main_menu_lvl_C' with ClassGeneratedBy '/Game/WhiteLightning/Levels/main_menu_lvl.main_menu_lvl:PersistentLevel.main_menu_lvl'
[2018.04.05-00.45.24:569][999]LogPlayLevel: PlayLevel: No blueprints needed recompiling
[2018.04.05-00.45.24:581][999]PIE: New page: PIE session: main_menu_lvl (Apr 4, 2018, 10:45:24 AM)
[2018.04.05-00.45.24:581][999]LogPlayLevel: Creating play world package: /Game/WhiteLightning/Levels/UEDPIE_0_main_menu_lvl
[2018.04.05-00.45.24:600][999]LogPlayLevel: PIE: StaticDuplicateObject took: (0.019011s)
[2018.04.05-00.45.24:601][999]LogAIModule: Creating AISystem for world main_menu_lvl
[2018.04.05-00.45.24:601][999]LogPlayLevel: PIE: World Init took: (0.000895s)
[2018.04.05-00.45.24:601][999]LogPlayLevel: PIE: Created PIE world by copying editor world from /Game/WhiteLightning/Levels/main_menu_lvl.main_menu_lvl to /Game/WhiteLightning/Levels/UEDPIE_0_main_menu_lvl.main_menu_lvl (0.020202s)
[2018.04.05-00.45.24:644][999]LogInit: XAudio2 using 'BenQ GL2460-4 (NVIDIA High Definition Audio)' : 2 channels at 48 kHz using 16 bits per sample (channel mask 0x3)
[2018.04.05-00.45.24:652][999]LogInit: FAudioDevice initialized.
[2018.04.05-00.45.24:741][999]LogLoad: Game class is 'Tutorial_C'
[2018.04.05-00.45.24:789][999]LogWorld: Bringing World /Game/WhiteLightning/Levels/UEDPIE_0_main_menu_lvl.main_menu_lvl up for play (max tick rate 0) at 2018.04.04-17.45.24
[2018.04.05-00.45.24:789][999]LogWorld: Bringing up level for play took: 0.001998
[2018.04.05-00.45.24:817][999]LogSpawn: Warning: SpawnActor failed because no class was specified
[2018.04.05-00.45.24:932][999]LogContentBrowser: Native class hierarchy updated for 'MovieSceneCapture' in 0.0004 seconds. Added 11 classes and 0 folders.
[2018.04.05-00.45.25:009][999]PIE: Play in editor start time for /Game/WhiteLightning/Levels/UEDPIE_0_main_menu_lvl 1.082
[2018.04.05-00.45.25:009][999]LogBlueprintUserMessages: Late PlayInEditor Detection: Level '/Game/WhiteLightning/Levels/main_menu_lvl.main_menu_lvl:PersistentLevel' has LevelScriptBlueprint '/Game/WhiteLightning/Levels/main_menu_lvl.main_menu_lvl:PersistentLevel.main_menu_lvl' with GeneratedClass '/Game/WhiteLightning/Levels/main_menu_lvl.main_menu_lvl_C' with ClassGeneratedBy '/Game/WhiteLightning/Levels/main_menu_lvl.main_menu_lvl:PersistentLevel.main_menu_lvl'
[2018.04.05-00.45.25:093][999]LogRenderer: Reallocating scene render targets to support 1292x756 Format 10 NumSamples 1 (Frame:1).
[2018.04.05-00.45.27:902][246]LogNet: Browse: /Game/WhiteLightning/Levels/Tutorial
[2018.04.05-00.45.27:902][246]LogLoad: LoadMap: /Game/WhiteLightning/Levels/Tutorial
[2018.04.05-00.45.29:105][246]LogAIModule: Creating AISystem for world Tutorial
[2018.04.05-00.45.29:106][246]LogLoad: Game class is 'Tutorial_C'
[2018.04.05-00.45.29:196][246]LogWorld: Bringing World /Game/WhiteLightning/Levels/UEDPIE_0_Tutorial.Tutorial up for play (max tick rate 0) at 2018.04.04-17.45.29
[2018.04.05-00.45.29:198][246]LogWorld: Bringing up level for play took: 0.089705
[2018.04.05-00.45.29:199][246]LogSpawn: Warning: SpawnActor failed because no class was specified
[2018.04.05-00.45.29:201][246]LogLoad: Took 1.299331 seconds to LoadMap(/Game/WhiteLightning/Levels/Tutorial)
[2018.04.05-00.45.37:533][915]LogBlueprintUserMessages: Early EndPlayMap Detection: Level '/Game/WhiteLightning/Levels/main_menu_lvl.main_menu_lvl:PersistentLevel' has LevelScriptBlueprint '/Game/WhiteLightning/Levels/main_menu_lvl.main_menu_lvl:PersistentLevel.main_menu_lvl' with GeneratedClass '/Game/WhiteLightning/Levels/main_menu_lvl.main_menu_lvl_C' with ClassGeneratedBy '/Game/WhiteLightning/Levels/main_menu_lvl.main_menu_lvl:PersistentLevel.main_menu_lvl'
[2018.04.05-00.45.37:597][915]LogBlueprintUserMessages: Late EndPlayMap Detection: Level '/Game/WhiteLightning/Levels/main_menu_lvl.main_menu_lvl:PersistentLevel' has LevelScriptBlueprint '/Game/WhiteLightning/Levels/main_menu_lvl.main_menu_lvl:PersistentLevel.main_menu_lvl' with GeneratedClass '/Game/WhiteLightning/Levels/main_menu_lvl.main_menu_lvl_C' with ClassGeneratedBy '/Game/WhiteLightning/Levels/main_menu_lvl.main_menu_lvl:PersistentLevel.main_menu_lvl'
[2018.04.05-00.45.52:691][659]LogEditorViewport: Clicking Background
[2018.04.05-00.45.55:844][ 15]Cmd: MAP LOAD FILE="C:/Users/carter/Documents/GitHub/WhiteLightningGame/WhiteLightning/Content/WhiteLightning/Levels/main_menu_lvl.umap" TEMPLATE=0 SHOWPROGRESS=1 FEATURELEVEL=3
[2018.04.05-00.45.55:844][ 15]LightingResults: New page: Lighting Build
[2018.04.05-00.45.55:845][ 15]LoadErrors: New page: Loading map: main_menu_lvl.umap
[2018.04.05-00.45.55:845][ 15]MapCheck: New page: Map Check
[2018.04.05-00.45.55:846][ 15]LightingResults: New page: Lighting Build
[2018.04.05-00.45.56:012][ 15]LogAIModule: Creating AISystem for world main_menu_lvl
[2018.04.05-00.45.56:100][ 15]LogEditorServer: Finished looking for orphan Actors (0.000 secs)
[2018.04.05-00.45.56:175][ 15]Cmd: MAP CHECKDEP NOCLEARLOG
[2018.04.05-00.45.56:246][ 15]MapCheck: Map check complete: 0 Error(s), 0 Warning(s), took 71.092ms to complete.
[2018.04.05-00.45.56:247][ 15]LogFileHelpers: Loading map 'main_menu_lvl' took 0.404
[2018.04.05-00.46.05:859][130]LogEditorViewport: Clicking Background
[2018.04.05-00.56.38:173][497]LogSavePackage: Save=52.71ms
[2018.04.05-00.56.38:173][497]LogSavePackage: Moving 'C:/Users/carter/Documents/GitHub/WhiteLightningGame/WhiteLightning/Saved/BP_enemyA3012CCA434C125EF89718A47D4A5F25.tmp' to 'C:/Users/carter/Documents/GitHub/WhiteLightningGame/WhiteLightning/Content/WhiteLightning/Characters/BP_enemy.uasset'
[2018.04.05-00.56.38:177][497]LogSavePackage: Display: Finished SavePackage C:/Users/carter/Documents/GitHub/WhiteLightningGame/WhiteLightning/Content/WhiteLightning/Characters/BP_enemy.uasset
[2018.04.05-00.56.38:668][554]BlueprintLog: New page: Compile BP_enemy
[2018.04.05-01.03.09:928][602]BlueprintLog: New page: Compile BP_enemy
[2018.04.05-01.03.11:153][682]LogSavePackage: Save=75.15ms
[2018.04.05-01.03.11:153][682]LogSavePackage: Moving 'C:/Users/carter/Documents/GitHub/WhiteLightningGame/WhiteLightning/Saved/BP_enemy10C8AB674BEADBBA2B4E078A42B66DF7.tmp' to 'C:/Users/carter/Documents/GitHub/WhiteLightningGame/WhiteLightning/Content/WhiteLightning/Characters/BP_enemy.uasset'
[2018.04.05-01.03.11:157][682]LogSavePackage: Display: Finished SavePackage C:/Users/carter/Documents/GitHub/WhiteLightningGame/WhiteLightning/Content/WhiteLightning/Characters/BP_enemy.uasset
[2018.04.05-01.03.13:272][911]LogTemp: Repeating last play command: New Editor Window (PIE)
[2018.04.05-01.03.13:299][911]LogBlueprintUserMessages: Early PlayInEditor Detection: Level '/Game/WhiteLightning/Levels/main_menu_lvl.main_menu_lvl:PersistentLevel' has LevelScriptBlueprint '/Game/WhiteLightning/Levels/main_menu_lvl.main_menu_lvl:PersistentLevel.main_menu_lvl' with GeneratedClass '/Game/WhiteLightning/Levels/main_menu_lvl.main_menu_lvl_C' with ClassGeneratedBy '/Game/WhiteLightning/Levels/main_menu_lvl.main_menu_lvl:PersistentLevel.main_menu_lvl'
[2018.04.05-01.03.13:300][911]LogPlayLevel: PlayLevel: No blueprints needed recompiling
[2018.04.05-01.03.13:300][911]PIE: New page: PIE session: main_menu_lvl (Apr 4, 2018, 11:03:13 AM)
[2018.04.05-01.03.13:300][911]LogPlayLevel: Creating play world package: /Game/WhiteLightning/Levels/UEDPIE_0_main_menu_lvl
[2018.04.05-01.03.13:301][911]LogPlayLevel: PIE: StaticDuplicateObject took: (0.001415s)
[2018.04.05-01.03.13:302][911]LogAIModule: Creating AISystem for world main_menu_lvl
[2018.04.05-01.03.13:302][911]LogPlayLevel: PIE: World Init took: (0.000853s)
[2018.04.05-01.03.13:302][911]LogPlayLevel: PIE: Created PIE world by copying editor world from /Game/WhiteLightning/Levels/main_menu_lvl.main_menu_lvl to /Game/WhiteLightning/Levels/UEDPIE_0_main_menu_lvl.main_menu_lvl (0.002542s)
[2018.04.05-01.03.13:342][911]LogInit: XAudio2 using 'BenQ GL2460-4 (NVIDIA High Definition Audio)' : 2 channels at 48 kHz using 16 bits per sample (channel mask 0x3)
[2018.04.05-01.03.13:350][911]LogInit: FAudioDevice initialized.
[2018.04.05-01.03.13:424][911]LogLoad: Game class is 'Tutorial_C'
[2018.04.05-01.03.13:425][911]LogWorld: Bringing World /Game/WhiteLightning/Levels/UEDPIE_0_main_menu_lvl.main_menu_lvl up for play (max tick rate 0) at 2018.04.04-18.03.13
[2018.04.05-01.03.13:425][911]LogWorld: Bringing up level for play took: 0.000705
[2018.04.05-01.03.13:426][911]LogSpawn: Warning: SpawnActor failed because no class was specified
[2018.04.05-01.03.13:433][911]PIE: Play in editor start time for /Game/WhiteLightning/Levels/UEDPIE_0_main_menu_lvl -0.493
[2018.04.05-01.03.13:433][911]LogBlueprintUserMessages: Late PlayInEditor Detection: Level '/Game/WhiteLightning/Levels/main_menu_lvl.main_menu_lvl:PersistentLevel' has LevelScriptBlueprint '/Game/WhiteLightning/Levels/main_menu_lvl.main_menu_lvl:PersistentLevel.main_menu_lvl' with GeneratedClass '/Game/WhiteLightning/Levels/main_menu_lvl.main_menu_lvl_C' with ClassGeneratedBy '/Game/WhiteLightning/Levels/main_menu_lvl.main_menu_lvl:PersistentLevel.main_menu_lvl'
[2018.04.05-01.03.16:473][175]LogNet: Browse: /Game/WhiteLightning/Levels/Tutorial
[2018.04.05-01.03.16:474][175]LogLoad: LoadMap: /Game/WhiteLightning/Levels/Tutorial
[2018.04.05-01.03.16:751][175]LogAIModule: Creating AISystem for world Tutorial
[2018.04.05-01.03.16:752][175]LogLoad: Game class is 'Tutorial_C'
[2018.04.05-01.03.16:819][175]LogWorld: Bringing World /Game/WhiteLightning/Levels/UEDPIE_0_Tutorial.Tutorial up for play (max tick rate 0) at 2018.04.04-18.03.16
[2018.04.05-01.03.16:821][175]LogWorld: Bringing up level for play took: 0.068527
[2018.04.05-01.03.16:822][175]LogSpawn: Warning: SpawnActor failed because no class was specified
[2018.04.05-01.03.16:824][175]LogLoad: Took 0.350175 seconds to LoadMap(/Game/WhiteLightning/Levels/Tutorial)
[2018.04.05-01.03.23:018][659]LogBlueprintUserMessages: Early EndPlayMap Detection: Level '/Game/WhiteLightning/Levels/main_menu_lvl.main_menu_lvl:PersistentLevel' has LevelScriptBlueprint '/Game/WhiteLightning/Levels/main_menu_lvl.main_menu_lvl:PersistentLevel.main_menu_lvl' with GeneratedClass '/Game/WhiteLightning/Levels/main_menu_lvl.main_menu_lvl_C' with ClassGeneratedBy '/Game/WhiteLightning/Levels/main_menu_lvl.main_menu_lvl:PersistentLevel.main_menu_lvl'
[2018.04.05-01.03.23:080][659]LogBlueprintUserMessages: Late EndPlayMap Detection: Level '/Game/WhiteLightning/Levels/main_menu_lvl.main_menu_lvl:PersistentLevel' has LevelScriptBlueprint '/Game/WhiteLightning/Levels/main_menu_lvl.main_menu_lvl:PersistentLevel.main_menu_lvl' with GeneratedClass '/Game/WhiteLightning/Levels/main_menu_lvl.main_menu_lvl_C' with ClassGeneratedBy '/Game/WhiteLightning/Levels/main_menu_lvl.main_menu_lvl:PersistentLevel.main_menu_lvl'
[2018.04.05-01.13.47:107][510]LogSavePackage: Save=80.43ms
[2018.04.05-01.13.47:107][510]LogSavePackage: Moving 'C:/Users/carter/Documents/GitHub/WhiteLightningGame/WhiteLightning/Saved/BP_enemy597FFED14057AF5F6B494DA63752A341.tmp' to 'C:/Users/carter/Documents/GitHub/WhiteLightningGame/WhiteLightning/Content/WhiteLightning/Characters/BP_enemy.uasset'
[2018.04.05-01.13.47:111][510]LogSavePackage: Display: Finished SavePackage C:/Users/carter/Documents/GitHub/WhiteLightningGame/WhiteLightning/Content/WhiteLightning/Characters/BP_enemy.uasset
[2018.04.05-01.13.48:007][616]BlueprintLog: New page: Compile BP_enemy
[2018.04.05-01.14.44:883][144]LogSavePackage: Save=85.27ms
[2018.04.05-01.14.44:883][144]LogSavePackage: Moving 'C:/Users/carter/Documents/GitHub/WhiteLightningGame/WhiteLightning/Saved/BP_enemyEF24B308449802BCA91CBCAB7435A3D7.tmp' to 'C:/Users/carter/Documents/GitHub/WhiteLightningGame/WhiteLightning/Content/WhiteLightning/Characters/BP_enemy.uasset'
[2018.04.05-01.14.44:885][144]LogSavePackage: Display: Finished SavePackage C:/Users/carter/Documents/GitHub/WhiteLightningGame/WhiteLightning/Content/WhiteLightning/Characters/BP_enemy.uasset
[2018.04.05-01.14.48:247][476]LogTemp: Repeating last play command: New Editor Window (PIE)
[2018.04.05-01.14.48:285][476]LogBlueprintUserMessages: Early PlayInEditor Detection: Level '/Game/WhiteLightning/Levels/main_menu_lvl.main_menu_lvl:PersistentLevel' has LevelScriptBlueprint '/Game/WhiteLightning/Levels/main_menu_lvl.main_menu_lvl:PersistentLevel.main_menu_lvl' with GeneratedClass '/Game/WhiteLightning/Levels/main_menu_lvl.main_menu_lvl_C' with ClassGeneratedBy '/Game/WhiteLightning/Levels/main_menu_lvl.main_menu_lvl:PersistentLevel.main_menu_lvl'
[2018.04.05-01.14.48:286][476]LogPlayLevel: PlayLevel: No blueprints needed recompiling
[2018.04.05-01.14.48:286][476]PIE: New page: PIE session: main_menu_lvl (Apr 4, 2018, 11:14:48 AM)
[2018.04.05-01.14.48:286][476]LogPlayLevel: Creating play world package: /Game/WhiteLightning/Levels/UEDPIE_0_main_menu_lvl
[2018.04.05-01.14.48:287][476]LogPlayLevel: PIE: StaticDuplicateObject took: (0.001605s)
[2018.04.05-01.14.48:288][476]LogAIModule: Creating AISystem for world main_menu_lvl
[2018.04.05-01.14.48:289][476]LogPlayLevel: PIE: World Init took: (0.001017s)
[2018.04.05-01.14.48:289][476]LogPlayLevel: PIE: Created PIE world by copying editor world from /Game/WhiteLightning/Levels/main_menu_lvl.main_menu_lvl to /Game/WhiteLightning/Levels/UEDPIE_0_main_menu_lvl.main_menu_lvl (0.002898s)
[2018.04.05-01.14.48:332][476]LogInit: XAudio2 using 'BenQ GL2460-4 (NVIDIA High Definition Audio)' : 2 channels at 48 kHz using 16 bits per sample (channel mask 0x3)
[2018.04.05-01.14.48:340][476]LogInit: FAudioDevice initialized.
[2018.04.05-01.14.48:413][476]LogLoad: Game class is 'Tutorial_C'
[2018.04.05-01.14.48:415][476]LogWorld: Bringing World /Game/WhiteLightning/Levels/UEDPIE_0_main_menu_lvl.main_menu_lvl up for play (max tick rate 0) at 2018.04.04-18.14.48
[2018.04.05-01.14.48:415][476]LogWorld: Bringing up level for play took: 0.001122
[2018.04.05-01.14.48:416][476]LogSpawn: Warning: SpawnActor failed because no class was specified
[2018.04.05-01.14.48:424][476]PIE: Play in editor start time for /Game/WhiteLightning/Levels/UEDPIE_0_main_menu_lvl 0.498
[2018.04.05-01.14.48:424][476]LogBlueprintUserMessages: Late PlayInEditor Detection: Level '/Game/WhiteLightning/Levels/main_menu_lvl.main_menu_lvl:PersistentLevel' has LevelScriptBlueprint '/Game/WhiteLightning/Levels/main_menu_lvl.main_menu_lvl:PersistentLevel.main_menu_lvl' with GeneratedClass '/Game/WhiteLightning/Levels/main_menu_lvl.main_menu_lvl_C' with ClassGeneratedBy '/Game/WhiteLightning/Levels/main_menu_lvl.main_menu_lvl:PersistentLevel.main_menu_lvl'
[2018.04.05-01.14.50:158][604]LogNet: Browse: /Game/WhiteLightning/Levels/Tutorial
[2018.04.05-01.14.50:159][604]LogLoad: LoadMap: /Game/WhiteLightning/Levels/Tutorial
[2018.04.05-01.14.50:525][604]LogAIModule: Creating AISystem for world Tutorial
[2018.04.05-01.14.50:525][604]LogLoad: Game class is 'Tutorial_C'
[2018.04.05-01.14.50:595][604]LogWorld: Bringing World /Game/WhiteLightning/Levels/UEDPIE_0_Tutorial.Tutorial up for play (max tick rate 0) at 2018.04.04-18.14.50
[2018.04.05-01.14.50:598][604]LogWorld: Bringing up level for play took: 0.072316
[2018.04.05-01.14.50:599][604]LogSpawn: Warning: SpawnActor failed because no class was specified
[2018.04.05-01.14.50:601][604]LogLoad: Took 0.442038 seconds to LoadMap(/Game/WhiteLightning/Levels/Tutorial)
[2018.04.05-01.14.52:618][743]LogBlueprintUserMessages: Early EndPlayMap Detection: Level '/Game/WhiteLightning/Levels/main_menu_lvl.main_menu_lvl:PersistentLevel' has LevelScriptBlueprint '/Game/WhiteLightning/Levels/main_menu_lvl.main_menu_lvl:PersistentLevel.main_menu_lvl' with GeneratedClass '/Game/WhiteLightning/Levels/main_menu_lvl.main_menu_lvl_C' with ClassGeneratedBy '/Game/WhiteLightning/Levels/main_menu_lvl.main_menu_lvl:PersistentLevel.main_menu_lvl'
[2018.04.05-01.14.52:682][743]LogBlueprintUserMessages: Late EndPlayMap Detection: Level '/Game/WhiteLightning/Levels/main_menu_lvl.main_menu_lvl:PersistentLevel' has LevelScriptBlueprint '/Game/WhiteLightning/Levels/main_menu_lvl.main_menu_lvl:PersistentLevel.main_menu_lvl' with GeneratedClass '/Game/WhiteLightning/Levels/main_menu_lvl.main_menu_lvl_C' with ClassGeneratedBy '/Game/WhiteLightning/Levels/main_menu_lvl.main_menu_lvl:PersistentLevel.main_menu_lvl'
[2018.04.05-01.16.41:555][480]LogFileHelpers: Editor autosave (incl. sublevels) for '/Game/WhiteLightning/Levels/main_menu_lvl' took 0.045
[2018.04.05-01.16.41:557][480]OBJ SavePackage: Generating thumbnails for [0] asset(s) in package [/Game/WhiteLightning/Characters/MainCharacter] ([1] browsable assets)...
[2018.04.05-01.16.41:557][480]OBJ SavePackage: Finished generating thumbnails for package [/Game/WhiteLightning/Characters/MainCharacter]
[2018.04.05-01.16.41:832][480]LogSavePackage: Save=239.60ms
[2018.04.05-01.16.41:832][480]LogSavePackage: Moving 'C:/Users/carter/Documents/GitHub/WhiteLightningGame/WhiteLightning/Saved/MainCharacter_Auto1A5AF997D4F691790DBB612844992C8B7.tmp' to 'C:/Users/carter/Documents/GitHub/WhiteLightningGame/WhiteLightning/Saved/Autosaves/Game/WhiteLightning/Characters/MainCharacter_Auto1.uasset'
[2018.04.05-01.16.41:834][480]LogSavePackage: Display: Finished SavePackage C:/Users/carter/Documents/GitHub/WhiteLightningGame/WhiteLightning/Saved/Autosaves/Game/WhiteLightning/Characters/MainCharacter_Auto1.uasset
[2018.04.05-01.16.41:834][480]LogFileHelpers: Auto-saving content packages took 0.278
[2018.04.05-01.18.30:247][655]BlueprintLog: New page: Compile BP_enemy
[2018.04.05-01.19.56:231][973]BlueprintLog: New page: Compile BP_enemy
[2018.04.05-01.19.58:942][217]BlueprintLog: New page: Compile Bullet1
[2018.04.05-01.19.58:975][217]LogBlueprint: Error: [Compiler Bullet1] This blueprint (self) is not a BP_enemy_C, therefore ' Target ' must have a connection.
[2018.04.05-01.19.59:171][217]LogBlueprint: Warning: [Compiler Bullet1] [2725.17] Compile of Bullet1 failed. 1 Fatal Issue(s) 0 Warning(s) [in 228 ms] (/Game/WhiteLightning/Levels/Bullet1.Bullet1)
[2018.04.05-01.20.05:008][731]LogTemp: Repeating last play command: New Editor Window (PIE)
[2018.04.05-01.20.05:068][731]LogBlueprintUserMessages: Early PlayInEditor Detection: Level '/Game/WhiteLightning/Levels/main_menu_lvl.main_menu_lvl:PersistentLevel' has LevelScriptBlueprint '/Game/WhiteLightning/Levels/main_menu_lvl.main_menu_lvl:PersistentLevel.main_menu_lvl' with GeneratedClass '/Game/WhiteLightning/Levels/main_menu_lvl.main_menu_lvl_C' with ClassGeneratedBy '/Game/WhiteLightning/Levels/main_menu_lvl.main_menu_lvl:PersistentLevel.main_menu_lvl'
[2018.04.05-01.20.05:068][731]LogPlayLevel: PlayLevel: No blueprints needed recompiling
[2018.04.05-01.20.07:889][731]PIE: New page: PIE session: main_menu_lvl (Apr 4, 2018, 11:20:07 AM)
[2018.04.05-01.20.07:889][731]LogPlayLevel: Creating play world package: /Game/WhiteLightning/Levels/UEDPIE_0_main_menu_lvl
[2018.04.05-01.20.07:891][731]LogPlayLevel: PIE: StaticDuplicateObject took: (0.001573s)
[2018.04.05-01.20.07:891][731]LogAIModule: Creating AISystem for world main_menu_lvl
[2018.04.05-01.20.07:892][731]LogPlayLevel: PIE: World Init took: (0.000797s)
[2018.04.05-01.20.07:892][731]LogPlayLevel: PIE: Created PIE world by copying editor world from /Game/WhiteLightning/Levels/main_menu_lvl.main_menu_lvl to /Game/WhiteLightning/Levels/UEDPIE_0_main_menu_lvl.main_menu_lvl (0.002628s)
[2018.04.05-01.20.07:931][731]LogInit: XAudio2 using 'BenQ GL2460-4 (NVIDIA High Definition Audio)' : 2 channels at 48 kHz using 16 bits per sample (channel mask 0x3)
[2018.04.05-01.20.07:939][731]LogInit: FAudioDevice initialized.
[2018.04.05-01.20.08:009][731]LogLoad: Game class is 'Tutorial_C'
[2018.04.05-01.20.08:010][731]LogWorld: Bringing World /Game/WhiteLightning/Levels/UEDPIE_0_main_menu_lvl.main_menu_lvl up for play (max tick rate 0) at 2018.04.04-18.20.08
[2018.04.05-01.20.08:011][731]LogWorld: Bringing up level for play took: 0.000668
[2018.04.05-01.20.08:011][731]LogSpawn: Warning: SpawnActor failed because no class was specified
[2018.04.05-01.20.08:019][731]PIE: Play in editor start time for /Game/WhiteLightning/Levels/UEDPIE_0_main_menu_lvl 2.093
[2018.04.05-01.20.08:019][731]LogBlueprintUserMessages: Late PlayInEditor Detection: Level '/Game/WhiteLightning/Levels/main_menu_lvl.main_menu_lvl:PersistentLevel' has LevelScriptBlueprint '/Game/WhiteLightning/Levels/main_menu_lvl.main_menu_lvl:PersistentLevel.main_menu_lvl' with GeneratedClass '/Game/WhiteLightning/Levels/main_menu_lvl.main_menu_lvl_C' with ClassGeneratedBy '/Game/WhiteLightning/Levels/main_menu_lvl.main_menu_lvl:PersistentLevel.main_menu_lvl'
[2018.04.05-01.20.10:899][965]LogNet: Browse: /Game/WhiteLightning/Levels/Tutorial
[2018.04.05-01.20.10:900][965]LogLoad: LoadMap: /Game/WhiteLightning/Levels/Tutorial
[2018.04.05-01.20.11:246][965]LogAIModule: Creating AISystem for world Tutorial
[2018.04.05-01.20.11:247][965]LogLoad: Game class is 'Tutorial_C'
[2018.04.05-01.20.11:311][965]LogWorld: Bringing World /Game/WhiteLightning/Levels/UEDPIE_0_Tutorial.Tutorial up for play (max tick rate 0) at 2018.04.04-18.20.11
[2018.04.05-01.20.11:313][965]LogWorld: Bringing up level for play took: 0.065359
[2018.04.05-01.20.11:313][965]LogSpawn: Warning: SpawnActor failed because no class was specified
[2018.04.05-01.20.11:316][965]LogLoad: Took 0.415322 seconds to LoadMap(/Game/WhiteLightning/Levels/Tutorial)
[2018.04.05-01.20.13:699][147]LogBlueprintUserMessages: Early EndPlayMap Detection: Level '/Game/WhiteLightning/Levels/main_menu_lvl.main_menu_lvl:PersistentLevel' has LevelScriptBlueprint '/Game/WhiteLightning/Levels/main_menu_lvl.main_menu_lvl:PersistentLevel.main_menu_lvl' with GeneratedClass '/Game/WhiteLightning/Levels/main_menu_lvl.main_menu_lvl_C' with ClassGeneratedBy '/Game/WhiteLightning/Levels/main_menu_lvl.main_menu_lvl:PersistentLevel.main_menu_lvl'
[2018.04.05-01.20.13:759][147]LogBlueprintUserMessages: Late EndPlayMap Detection: Level '/Game/WhiteLightning/Levels/main_menu_lvl.main_menu_lvl:PersistentLevel' has LevelScriptBlueprint '/Game/WhiteLightning/Levels/main_menu_lvl.main_menu_lvl:PersistentLevel.main_menu_lvl' with GeneratedClass '/Game/WhiteLightning/Levels/main_menu_lvl.main_menu_lvl_C' with ClassGeneratedBy '/Game/WhiteLightning/Levels/main_menu_lvl.main_menu_lvl:PersistentLevel.main_menu_lvl'
[2018.04.05-01.20.35:319][447]BlueprintLog: New page: Compile Bullet1
[2018.04.05-01.20.39:082][729]LogTemp: Repeating last play command: New Editor Window (PIE)
[2018.04.05-01.20.39:114][729]LogBlueprintUserMessages: Early PlayInEditor Detection: Level '/Game/WhiteLightning/Levels/main_menu_lvl.main_menu_lvl:PersistentLevel' has LevelScriptBlueprint '/Game/WhiteLightning/Levels/main_menu_lvl.main_menu_lvl:PersistentLevel.main_menu_lvl' with GeneratedClass '/Game/WhiteLightning/Levels/main_menu_lvl.main_menu_lvl_C' with ClassGeneratedBy '/Game/WhiteLightning/Levels/main_menu_lvl.main_menu_lvl:PersistentLevel.main_menu_lvl'
[2018.04.05-01.20.39:114][729]LogPlayLevel: PlayLevel: No blueprints needed recompiling
[2018.04.05-01.20.39:114][729]PIE: New page: PIE session: main_menu_lvl (Apr 4, 2018, 11:20:39 AM)
[2018.04.05-01.20.39:114][729]LogPlayLevel: Creating play world package: /Game/WhiteLightning/Levels/UEDPIE_0_main_menu_lvl
[2018.04.05-01.20.39:116][729]LogPlayLevel: PIE: StaticDuplicateObject took: (0.001737s)
[2018.04.05-01.20.39:116][729]LogAIModule: Creating AISystem for world main_menu_lvl
[2018.04.05-01.20.39:117][729]LogPlayLevel: PIE: World Init took: (0.000898s)
[2018.04.05-01.20.39:117][729]LogPlayLevel: PIE: Created PIE world by copying editor world from /Game/WhiteLightning/Levels/main_menu_lvl.main_menu_lvl to /Game/WhiteLightning/Levels/UEDPIE_0_main_menu_lvl.main_menu_lvl (0.002954s)
[2018.04.05-01.20.39:159][729]LogInit: XAudio2 using 'BenQ GL2460-4 (NVIDIA High Definition Audio)' : 2 channels at 48 kHz using 16 bits per sample (channel mask 0x3)
[2018.04.05-01.20.39:166][729]LogInit: FAudioDevice initialized.
[2018.04.05-01.20.39:236][729]LogLoad: Game class is 'Tutorial_C'
[2018.04.05-01.20.39:238][729]LogWorld: Bringing World /Game/WhiteLightning/Levels/UEDPIE_0_main_menu_lvl.main_menu_lvl up for play (max tick rate 0) at 2018.04.04-18.20.39
[2018.04.05-01.20.39:238][729]LogWorld: Bringing up level for play took: 0.000675
[2018.04.05-01.20.39:238][729]LogSpawn: Warning: SpawnActor failed because no class was specified
[2018.04.05-01.20.39:246][729]PIE: Play in editor start time for /Game/WhiteLightning/Levels/UEDPIE_0_main_menu_lvl -0.68
[2018.04.05-01.20.39:246][729]LogBlueprintUserMessages: Late PlayInEditor Detection: Level '/Game/WhiteLightning/Levels/main_menu_lvl.main_menu_lvl:PersistentLevel' has LevelScriptBlueprint '/Game/WhiteLightning/Levels/main_menu_lvl.main_menu_lvl:PersistentLevel.main_menu_lvl' with GeneratedClass '/Game/WhiteLightning/Levels/main_menu_lvl.main_menu_lvl_C' with ClassGeneratedBy '/Game/WhiteLightning/Levels/main_menu_lvl.main_menu_lvl:PersistentLevel.main_menu_lvl'
[2018.04.05-01.20.42:023][955]LogNet: Browse: /Game/WhiteLightning/Levels/Tutorial
[2018.04.05-01.20.42:024][955]LogLoad: LoadMap: /Game/WhiteLightning/Levels/Tutorial
[2018.04.05-01.20.42:369][955]LogAIModule: Creating AISystem for world Tutorial
[2018.04.05-01.20.42:369][955]LogLoad: Game class is 'Tutorial_C'
[2018.04.05-01.20.42:433][955]LogWorld: Bringing World /Game/WhiteLightning/Levels/UEDPIE_0_Tutorial.Tutorial up for play (max tick rate 0) at 2018.04.04-18.20.42
[2018.04.05-01.20.42:434][955]LogWorld: Bringing up level for play took: 0.064651
[2018.04.05-01.20.42:435][955]LogSpawn: Warning: SpawnActor failed because no class was specified
[2018.04.05-01.20.42:437][955]LogLoad: Took 0.413286 seconds to LoadMap(/Game/WhiteLightning/Levels/Tutorial)
[2018.04.05-01.20.43:327][  7]LogBlueprintUserMessages: [BP_enemy_187] Hello
[2018.04.05-01.20.43:328][  7]LogBlueprintUserMessages: [BP_enemy_187] Hello
[2018.04.05-01.20.43:456][ 17]LogBlueprintUserMessages: [BP_enemy_187] Hello
[2018.04.05-01.20.43:456][ 17]LogBlueprintUserMessages: [BP_enemy_187] Hello
[2018.04.05-01.20.43:620][ 30]LogBlueprintUserMessages: [BP_enemy_187] Hello
[2018.04.05-01.20.43:620][ 30]LogBlueprintUserMessages: [BP_enemy_187] Hello
[2018.04.05-01.20.43:747][ 40]LogBlueprintUserMessages: [BP_enemy_187] Hello
[2018.04.05-01.20.43:760][ 41]LogBlueprintUserMessages: [BP_enemy_187] Hello
[2018.04.05-01.20.43:886][ 50]LogBlueprintUserMessages: [BP_enemy_187] Hello
[2018.04.05-01.20.43:886][ 50]LogBlueprintUserMessages: [BP_enemy_187] Hello
[2018.04.05-01.20.44:464][ 95]LogBlueprintUserMessages: [BP_enemy_187] Hello
[2018.04.05-01.20.44:464][ 95]LogBlueprintUserMessages: [BP_enemy_187] Hello
[2018.04.05-01.20.44:608][106]LogBlueprintUserMessages: [BP_enemy_187] Hello
[2018.04.05-01.20.44:621][107]LogBlueprintUserMessages: [BP_enemy_187] Hello
[2018.04.05-01.20.44:737][116]LogBlueprintUserMessages: [BP_enemy_187] Hello
[2018.04.05-01.20.44:750][117]LogBlueprintUserMessages: [BP_enemy_187] Hello
[2018.04.05-01.20.44:853][125]LogBlueprintUserMessages: [BP_enemy_187] Hello
[2018.04.05-01.20.44:875][126]LogBlueprintUserMessages: [BP_enemy_187] Hello
[2018.04.05-01.20.45:337][162]LogBlueprintUserMessages: Early EndPlayMap Detection: Level '/Game/WhiteLightning/Levels/main_menu_lvl.main_menu_lvl:PersistentLevel' has LevelScriptBlueprint '/Game/WhiteLightning/Levels/main_menu_lvl.main_menu_lvl:PersistentLevel.main_menu_lvl' with GeneratedClass '/Game/WhiteLightning/Levels/main_menu_lvl.main_menu_lvl_C' with ClassGeneratedBy '/Game/WhiteLightning/Levels/main_menu_lvl.main_menu_lvl:PersistentLevel.main_menu_lvl'
[2018.04.05-01.20.45:397][162]LogBlueprintUserMessages: Late EndPlayMap Detection: Level '/Game/WhiteLightning/Levels/main_menu_lvl.main_menu_lvl:PersistentLevel' has LevelScriptBlueprint '/Game/WhiteLightning/Levels/main_menu_lvl.main_menu_lvl:PersistentLevel.main_menu_lvl' with GeneratedClass '/Game/WhiteLightning/Levels/main_menu_lvl.main_menu_lvl_C' with ClassGeneratedBy '/Game/WhiteLightning/Levels/main_menu_lvl.main_menu_lvl:PersistentLevel.main_menu_lvl'
[2018.04.05-01.21.57:705][298]BlueprintLog: New page: Compile BP_enemy
[2018.04.05-01.22.02:168][737]LogTemp: Repeating last play command: New Editor Window (PIE)
[2018.04.05-01.22.02:206][737]LogBlueprintUserMessages: Early PlayInEditor Detection: Level '/Game/WhiteLightning/Levels/main_menu_lvl.main_menu_lvl:PersistentLevel' has LevelScriptBlueprint '/Game/WhiteLightning/Levels/main_menu_lvl.main_menu_lvl:PersistentLevel.main_menu_lvl' with GeneratedClass '/Game/WhiteLightning/Levels/main_menu_lvl.main_menu_lvl_C' with ClassGeneratedBy '/Game/WhiteLightning/Levels/main_menu_lvl.main_menu_lvl:PersistentLevel.main_menu_lvl'
[2018.04.05-01.22.02:207][737]BlueprintLog: New page: Pre-Play auto-recompile
[2018.04.05-01.22.02:236][737]LogPlayLevel: [PlayLevel] Compiling Bullet1 before play...
[2018.04.05-01.22.02:571][737]LogPlayLevel: PlayLevel: Blueprint regeneration took 364 ms (1 blueprints)
[2018.04.05-01.22.02:572][737]PIE: New page: PIE session: main_menu_lvl (Apr 4, 2018, 11:22:02 AM)
[2018.04.05-01.22.02:572][737]LogPlayLevel: Creating play world package: /Game/WhiteLightning/Levels/UEDPIE_0_main_menu_lvl
[2018.04.05-01.22.02:573][737]LogPlayLevel: PIE: StaticDuplicateObject took: (0.001489s)
[2018.04.05-01.22.02:574][737]LogAIModule: Creating AISystem for world main_menu_lvl
[2018.04.05-01.22.02:574][737]LogPlayLevel: PIE: World Init took: (0.000855s)
[2018.04.05-01.22.02:574][737]LogPlayLevel: PIE: Created PIE world by copying editor world from /Game/WhiteLightning/Levels/main_menu_lvl.main_menu_lvl to /Game/WhiteLightning/Levels/UEDPIE_0_main_menu_lvl.main_menu_lvl (0.002593s)
[2018.04.05-01.22.02:618][737]LogInit: XAudio2 using 'BenQ GL2460-4 (NVIDIA High Definition Audio)' : 2 channels at 48 kHz using 16 bits per sample (channel mask 0x3)
[2018.04.05-01.22.02:627][737]LogInit: FAudioDevice initialized.
[2018.04.05-01.22.02:697][737]LogLoad: Game class is 'Tutorial_C'
[2018.04.05-01.22.02:699][737]LogWorld: Bringing World /Game/WhiteLightning/Levels/UEDPIE_0_main_menu_lvl.main_menu_lvl up for play (max tick rate 0) at 2018.04.04-18.22.02
[2018.04.05-01.22.02:700][737]LogWorld: Bringing up level for play took: 0.000831
[2018.04.05-01.22.02:700][737]LogSpawn: Warning: SpawnActor failed because no class was specified
[2018.04.05-01.22.02:708][737]PIE: Play in editor start time for /Game/WhiteLightning/Levels/UEDPIE_0_main_menu_lvl 0.782
[2018.04.05-01.22.02:708][737]LogBlueprintUserMessages: Late PlayInEditor Detection: Level '/Game/WhiteLightning/Levels/main_menu_lvl.main_menu_lvl:PersistentLevel' has LevelScriptBlueprint '/Game/WhiteLightning/Levels/main_menu_lvl.main_menu_lvl:PersistentLevel.main_menu_lvl' with GeneratedClass '/Game/WhiteLightning/Levels/main_menu_lvl.main_menu_lvl_C' with ClassGeneratedBy '/Game/WhiteLightning/Levels/main_menu_lvl.main_menu_lvl:PersistentLevel.main_menu_lvl'
[2018.04.05-01.22.04:579][873]LogNet: Browse: /Game/WhiteLightning/Levels/Tutorial
[2018.04.05-01.22.04:580][873]LogLoad: LoadMap: /Game/WhiteLightning/Levels/Tutorial
[2018.04.05-01.22.04:951][873]LogAIModule: Creating AISystem for world Tutorial
[2018.04.05-01.22.04:951][873]LogLoad: Game class is 'Tutorial_C'
[2018.04.05-01.22.05:025][873]LogWorld: Bringing World /Game/WhiteLightning/Levels/UEDPIE_0_Tutorial.Tutorial up for play (max tick rate 0) at 2018.04.04-18.22.05
[2018.04.05-01.22.05:027][873]LogWorld: Bringing up level for play took: 0.074503
[2018.04.05-01.22.05:027][873]LogSpawn: Warning: SpawnActor failed because no class was specified
[2018.04.05-01.22.05:030][873]LogLoad: Took 0.449852 seconds to LoadMap(/Game/WhiteLightning/Levels/Tutorial)
[2018.04.05-01.22.05:819][923]LogBlueprintUserMessages: [BP_enemy_187] HIT
[2018.04.05-01.22.07:412][ 33]LogBlueprintUserMessages: Early EndPlayMap Detection: Level '/Game/WhiteLightning/Levels/main_menu_lvl.main_menu_lvl:PersistentLevel' has LevelScriptBlueprint '/Game/WhiteLightning/Levels/main_menu_lvl.main_menu_lvl:PersistentLevel.main_menu_lvl' with GeneratedClass '/Game/WhiteLightning/Levels/main_menu_lvl.main_menu_lvl_C' with ClassGeneratedBy '/Game/WhiteLightning/Levels/main_menu_lvl.main_menu_lvl:PersistentLevel.main_menu_lvl'
[2018.04.05-01.22.07:481][ 33]LogBlueprintUserMessages: Late EndPlayMap Detection: Level '/Game/WhiteLightning/Levels/main_menu_lvl.main_menu_lvl:PersistentLevel' has LevelScriptBlueprint '/Game/WhiteLightning/Levels/main_menu_lvl.main_menu_lvl:PersistentLevel.main_menu_lvl' with GeneratedClass '/Game/WhiteLightning/Levels/main_menu_lvl.main_menu_lvl_C' with ClassGeneratedBy '/Game/WhiteLightning/Levels/main_menu_lvl.main_menu_lvl:PersistentLevel.main_menu_lvl'
[2018.04.05-01.24.34:149][362]LogSavePackage: Save=58.52ms
[2018.04.05-01.24.34:150][362]LogSavePackage: Moving 'C:/Users/carter/Documents/GitHub/WhiteLightningGame/WhiteLightning/Saved/BP_enemy994E1A704F9AD28BF81670A9791E6E63.tmp' to 'C:/Users/carter/Documents/GitHub/WhiteLightningGame/WhiteLightning/Content/WhiteLightning/Characters/BP_enemy.uasset'
[2018.04.05-01.24.34:153][362]LogSavePackage: Display: Finished SavePackage C:/Users/carter/Documents/GitHub/WhiteLightningGame/WhiteLightning/Content/WhiteLightning/Characters/BP_enemy.uasset
[2018.04.05-01.24.34:470][398]BlueprintLog: New page: Compile BP_enemy
[2018.04.05-01.25.46:404][769]LogSavePackage: Save=31.18ms
[2018.04.05-01.25.46:404][769]LogSavePackage: Moving 'C:/Users/carter/Documents/GitHub/WhiteLightningGame/WhiteLightning/Saved/week3userstory2BCC2E841444F338B55824DB6FE5CFB11.tmp' to 'C:/Users/carter/Documents/GitHub/WhiteLightningGame/WhiteLightning/Content/WhiteLightning/Tests/week3userstory2.uasset'
[2018.04.05-01.25.46:408][769]LogSavePackage: Display: Finished SavePackage C:/Users/carter/Documents/GitHub/WhiteLightningGame/WhiteLightning/Content/WhiteLightning/Tests/week3userstory2.uasset
[2018.04.05-01.25.46:833][818]BlueprintLog: New page: Compile week3userstory2
[2018.04.05-01.26.02:302][353]LogContentBrowser: Native class hierarchy updated for 'ScreenShotComparisonTools' in 0.0003 seconds. Added 0 classes and 0 folders.
[2018.04.05-01.26.02:450][353]LogDirectoryWatcher: Warning: Failed to begin reading directory changes for C:/Users/carter/Documents/GitHub/WhiteLightningGame/WhiteLightning/Saved/Automation/Comparisons. Error: The system cannot find the path specified. (0x00000003)
[2018.04.05-01.26.02:627][353]LogProfilerClient: Subscribe Session: AAAEEBD0420192AF6EB153BF707283D3
[2018.04.05-01.26.02:658][353]LogProfilerService: Subscribe Session: AAAEEBD0420192AF6EB153BF707283D3, Instance: 78084D024F921E91CC02A4B3BBD31E8B
[2018.04.05-01.26.02:890][354]LogContentBrowser: Native class hierarchy updated for 'Cascade' in 0.0004 seconds. Added 2 classes and 2 folders.
[2018.04.05-01.26.20:330][894]LogSavePackage: Save=191.83ms
[2018.04.05-01.26.20:330][894]LogSavePackage: Moving 'C:/Users/carter/Documents/GitHub/WhiteLightningGame/WhiteLightning/Saved/main_menu_lvl3C16EAA94E9F796FE96340946A4FD4A2.tmp' to 'C:/Users/carter/Documents/GitHub/WhiteLightningGame/WhiteLightning/Content/WhiteLightning/Levels/main_menu_lvl.umap'
[2018.04.05-01.26.20:334][894]LogSavePackage: Display: Finished SavePackage C:/Users/carter/Documents/GitHub/WhiteLightningGame/WhiteLightning/Content/WhiteLightning/Levels/main_menu_lvl.umap
[2018.04.05-01.26.31:314][589]LogSavePackage: Save=211.32ms
[2018.04.05-01.26.31:314][589]LogSavePackage: Moving 'C:/Users/carter/Documents/GitHub/WhiteLightningGame/WhiteLightning/Saved/MainCharacter117DBC8D4B2808CAA83282A0843A4ECC.tmp' to 'C:/Users/carter/Documents/GitHub/WhiteLightningGame/WhiteLightning/Content/WhiteLightning/Characters/MainCharacter.uasset'
[2018.04.05-01.26.31:317][589]LogSavePackage: Display: Finished SavePackage C:/Users/carter/Documents/GitHub/WhiteLightningGame/WhiteLightning/Content/WhiteLightning/Characters/MainCharacter.uasset
[2018.04.05-01.26.31:321][589]Cmd: OBJ SAVEPACKAGE PACKAGE="/Game/WhiteLightning/Levels/Bullet1" FILE="C:/Users/carter/Documents/GitHub/WhiteLightningGame/WhiteLightning/Content/WhiteLightning/Levels/Bullet1.uasset" SILENT=true
[2018.04.05-01.26.31:375][589]LogSavePackage: Save=29.30ms
[2018.04.05-01.26.31:375][589]LogSavePackage: Moving 'C:/Users/carter/Documents/GitHub/WhiteLightningGame/WhiteLightning/Saved/Bullet173D62DA3496460A1B01631995D0E0693.tmp' to 'C:/Users/carter/Documents/GitHub/WhiteLightningGame/WhiteLightning/Content/WhiteLightning/Levels/Bullet1.uasset'
[2018.04.05-01.26.31:379][589]LogSavePackage: Display: Finished SavePackage C:/Users/carter/Documents/GitHub/WhiteLightningGame/WhiteLightning/Content/WhiteLightning/Levels/Bullet1.uasset
[2018.04.05-01.26.31:382][589]AutomationTestingLog: New page: -----Test Run 5----
[2018.04.05-01.26.31:382][589]AutomationTestingLog: -----Test Run 5----
[2018.04.05-01.26.31:398][589]Display: Running Automation: 'Project.Functional Tests./Game/WhiteLightning/Levels/main_menu_lvl.week3userstory2' (Class Name: 'FClientFunctionalTestingMapsRuntime /Game/WhiteLightning/Levels/main_menu_lvl.main_menu_lvl;/Game/WhiteLightning/Levels/main_menu_lvl;week3userstory2_2')
[2018.04.05-01.26.31:438][590]LogBlueprintUserMessages: Early PlayInEditor Detection: Level '/Game/WhiteLightning/Levels/main_menu_lvl.main_menu_lvl:PersistentLevel' has LevelScriptBlueprint '/Game/WhiteLightning/Levels/main_menu_lvl.main_menu_lvl:PersistentLevel.main_menu_lvl' with GeneratedClass '/Game/WhiteLightning/Levels/main_menu_lvl.main_menu_lvl_C' with ClassGeneratedBy '/Game/WhiteLightning/Levels/main_menu_lvl.main_menu_lvl:PersistentLevel.main_menu_lvl'
[2018.04.05-01.26.31:438][590]BlueprintLog: New page: Pre-Play auto-recompile
[2018.04.05-01.26.31:447][590]LogPlayLevel: [PlayLevel] Compiling Bullet1 before play...
[2018.04.05-01.26.31:753][590]LogPlayLevel: PlayLevel: Blueprint regeneration took 314 ms (1 blueprints)
[2018.04.05-01.26.31:753][590]PIE: New page: PIE session: main_menu_lvl (Apr 4, 2018, 11:26:31 AM)
[2018.04.05-01.26.31:753][590]LogPlayLevel: Creating play world package: /Game/WhiteLightning/Levels/UEDPIE_0_main_menu_lvl
[2018.04.05-01.26.31:755][590]LogPlayLevel: PIE: StaticDuplicateObject took: (0.001513s)
[2018.04.05-01.26.31:755][590]LogAIModule: Creating AISystem for world main_menu_lvl
[2018.04.05-01.26.31:756][590]LogPlayLevel: PIE: World Init took: (0.000835s)
[2018.04.05-01.26.31:756][590]LogPlayLevel: PIE: Created PIE world by copying editor world from /Game/WhiteLightning/Levels/main_menu_lvl.main_menu_lvl to /Game/WhiteLightning/Levels/UEDPIE_0_main_menu_lvl.main_menu_lvl (0.002644s)
[2018.04.05-01.26.31:797][590]LogInit: XAudio2 using 'BenQ GL2460-4 (NVIDIA High Definition Audio)' : 2 channels at 48 kHz using 16 bits per sample (channel mask 0x3)
[2018.04.05-01.26.31:804][590]LogInit: FAudioDevice initialized.
[2018.04.05-01.26.31:869][590]LogLoad: Game class is 'Tutorial_C'
[2018.04.05-01.26.31:870][590]LogWorld: Bringing World /Game/WhiteLightning/Levels/UEDPIE_0_main_menu_lvl.main_menu_lvl up for play (max tick rate 0) at 2018.04.04-18.26.31
[2018.04.05-01.26.31:870][590]LogWorld: Bringing up level for play took: 0.000686
[2018.04.05-01.26.31:871][590]LogSpawn: Warning: SpawnActor failed because no class was specified
[2018.04.05-01.26.32:181][590]PIE: Play in editor start time for /Game/WhiteLightning/Levels/UEDPIE_0_main_menu_lvl 0.255
[2018.04.05-01.26.32:182][590]LogBlueprintUserMessages: Late PlayInEditor Detection: Level '/Game/WhiteLightning/Levels/main_menu_lvl.main_menu_lvl:PersistentLevel' has LevelScriptBlueprint '/Game/WhiteLightning/Levels/main_menu_lvl.main_menu_lvl:PersistentLevel.main_menu_lvl' with GeneratedClass '/Game/WhiteLightning/Levels/main_menu_lvl.main_menu_lvl_C' with ClassGeneratedBy '/Game/WhiteLightning/Levels/main_menu_lvl.main_menu_lvl:PersistentLevel.main_menu_lvl'
[2018.04.05-01.26.32:246][591]LogFunctionalTest: Running tests indicated by Repro String: week3userstory2_2
[2018.04.05-01.26.32:470][603]LogFunctionalTest: Error: week3userstory2_2 Failed: "UserStoru 3.2 failed"
[2018.04.05-01.26.32:549][605]Warning: SpawnActor failed because no class was specified
[2018.04.05-01.26.32:549][605]Error: week3userstory2_2 Failed: "UserStoru 3.2 failed"
[2018.04.05-01.26.32:549][605]...Automation Test Failed (week3userstory2)
[2018.04.05-01.26.32:549][605]AutomationTestingLog: Warning: SpawnActor failed because no class was specified
[2018.04.05-01.26.32:549][605]AutomationTestingLog: Error: week3userstory2_2 Failed: "UserStoru 3.2 failed"
[2018.04.05-01.26.32:550][605]AutomationTestingLog: Error: ...Automation Test Failed (week3userstory2)
[2018.04.05-01.26.32:589][606]LogSlate: Took 0.016497 seconds to synchronously load lazily loaded font '../../../Engine/Content/Editor/Slate/Fonts/DroidSansMono.ttf' (77K)
[2018.04.05-01.26.57:819][927]LogBlueprintUserMessages: Early EndPlayMap Detection: Level '/Game/WhiteLightning/Levels/main_menu_lvl.main_menu_lvl:PersistentLevel' has LevelScriptBlueprint '/Game/WhiteLightning/Levels/main_menu_lvl.main_menu_lvl:PersistentLevel.main_menu_lvl' with GeneratedClass '/Game/WhiteLightning/Levels/main_menu_lvl.main_menu_lvl_C' with ClassGeneratedBy '/Game/WhiteLightning/Levels/main_menu_lvl.main_menu_lvl:PersistentLevel.main_menu_lvl'
[2018.04.05-01.26.57:889][927]LogBlueprintUserMessages: Late EndPlayMap Detection: Level '/Game/WhiteLightning/Levels/main_menu_lvl.main_menu_lvl:PersistentLevel' has LevelScriptBlueprint '/Game/WhiteLightning/Levels/main_menu_lvl.main_menu_lvl:PersistentLevel.main_menu_lvl' with GeneratedClass '/Game/WhiteLightning/Levels/main_menu_lvl.main_menu_lvl_C' with ClassGeneratedBy '/Game/WhiteLightning/Levels/main_menu_lvl.main_menu_lvl:PersistentLevel.main_menu_lvl'
[2018.04.05-01.28.00:120][164]BlueprintLog: New page: Compile week3userstory2
[2018.04.05-01.28.02:317][354]LogSavePackage: Save=34.38ms
[2018.04.05-01.28.02:317][354]LogSavePackage: Moving 'C:/Users/carter/Documents/GitHub/WhiteLightningGame/WhiteLightning/Saved/week3userstory2B07B8F5D434E78A72C3B8D9816D396AE.tmp' to 'C:/Users/carter/Documents/GitHub/WhiteLightningGame/WhiteLightning/Content/WhiteLightning/Tests/week3userstory2.uasset'
[2018.04.05-01.28.02:321][354]LogSavePackage: Display: Finished SavePackage C:/Users/carter/Documents/GitHub/WhiteLightningGame/WhiteLightning/Content/WhiteLightning/Tests/week3userstory2.uasset
[2018.04.05-01.28.12:592][296]LogSavePackage: Save=189.48ms
[2018.04.05-01.28.12:593][296]LogSavePackage: Moving 'C:/Users/carter/Documents/GitHub/WhiteLightningGame/WhiteLightning/Saved/main_menu_lvlECA999334DE60EA32F618DB2340A8175.tmp' to 'C:/Users/carter/Documents/GitHub/WhiteLightningGame/WhiteLightning/Content/WhiteLightning/Levels/main_menu_lvl.umap'
[2018.04.05-01.28.12:597][296]LogSavePackage: Display: Finished SavePackage C:/Users/carter/Documents/GitHub/WhiteLightningGame/WhiteLightning/Content/WhiteLightning/Levels/main_menu_lvl.umap
[2018.04.05-01.28.12:641][296]LogFileHelpers: Saving map 'main_menu_lvl' took 0.361
[2018.04.05-01.28.12:658][296]AutomationTestingLog: New page: -----Test Run 7----
[2018.04.05-01.28.12:658][296]AutomationTestingLog: -----Test Run 7----
[2018.04.05-01.28.12:669][296]Display: Running Automation: 'Project.Functional Tests./Game/WhiteLightning/Levels/main_menu_lvl.week3userstory2' (Class Name: 'FClientFunctionalTestingMapsRuntime /Game/WhiteLightning/Levels/main_menu_lvl.main_menu_lvl;/Game/WhiteLightning/Levels/main_menu_lvl;week3userstory2_2')
[2018.04.05-01.28.12:690][296]LogBlueprintUserMessages: Early PlayInEditor Detection: Level '/Game/WhiteLightning/Levels/main_menu_lvl.main_menu_lvl:PersistentLevel' has LevelScriptBlueprint '/Game/WhiteLightning/Levels/main_menu_lvl.main_menu_lvl:PersistentLevel.main_menu_lvl' with GeneratedClass '/Game/WhiteLightning/Levels/main_menu_lvl.main_menu_lvl_C' with ClassGeneratedBy '/Game/WhiteLightning/Levels/main_menu_lvl.main_menu_lvl:PersistentLevel.main_menu_lvl'
[2018.04.05-01.28.12:690][296]LogPlayLevel: PlayLevel: No blueprints needed recompiling
[2018.04.05-01.28.12:690][296]PIE: New page: PIE session: main_menu_lvl (Apr 4, 2018, 11:28:12 AM)
[2018.04.05-01.28.12:690][296]LogPlayLevel: Creating play world package: /Game/WhiteLightning/Levels/UEDPIE_0_main_menu_lvl
[2018.04.05-01.28.12:693][296]LogPlayLevel: PIE: StaticDuplicateObject took: (0.002307s)
[2018.04.05-01.28.12:694][296]LogAIModule: Creating AISystem for world main_menu_lvl
[2018.04.05-01.28.12:694][296]LogPlayLevel: PIE: World Init took: (0.001087s)
[2018.04.05-01.28.12:694][296]LogPlayLevel: PIE: Created PIE world by copying editor world from /Game/WhiteLightning/Levels/main_menu_lvl.main_menu_lvl to /Game/WhiteLightning/Levels/UEDPIE_0_main_menu_lvl.main_menu_lvl (0.003756s)
[2018.04.05-01.28.12:737][296]LogInit: XAudio2 using 'BenQ GL2460-4 (NVIDIA High Definition Audio)' : 2 channels at 48 kHz using 16 bits per sample (channel mask 0x3)
[2018.04.05-01.28.12:745][296]LogInit: FAudioDevice initialized.
[2018.04.05-01.28.12:807][296]LogLoad: Game class is 'Tutorial_C'
[2018.04.05-01.28.12:809][296]LogWorld: Bringing World /Game/WhiteLightning/Levels/UEDPIE_0_main_menu_lvl.main_menu_lvl up for play (max tick rate 0) at 2018.04.04-18.28.12
[2018.04.05-01.28.12:809][296]LogWorld: Bringing up level for play took: 0.000708
[2018.04.05-01.28.12:809][296]LogSpawn: Warning: SpawnActor failed because no class was specified
[2018.04.05-01.28.12:813][296]PIE: Play in editor start time for /Game/WhiteLightning/Levels/UEDPIE_0_main_menu_lvl 0.887
[2018.04.05-01.28.12:814][296]LogBlueprintUserMessages: Late PlayInEditor Detection: Level '/Game/WhiteLightning/Levels/main_menu_lvl.main_menu_lvl:PersistentLevel' has LevelScriptBlueprint '/Game/WhiteLightning/Levels/main_menu_lvl.main_menu_lvl:PersistentLevel.main_menu_lvl' with GeneratedClass '/Game/WhiteLightning/Levels/main_menu_lvl.main_menu_lvl_C' with ClassGeneratedBy '/Game/WhiteLightning/Levels/main_menu_lvl.main_menu_lvl:PersistentLevel.main_menu_lvl'
[2018.04.05-01.28.12:871][297]LogFunctionalTest: Running tests indicated by Repro String: week3userstory2_2
[2018.04.05-01.28.13:089][315]LogScript: Warning: Accessed None trying to read property CallFunc_GetAIController_ReturnValue
	week3userstory2_C /Game/WhiteLightning/Levels/UEDPIE_0_main_menu_lvl.main_menu_lvl:PersistentLevel.week3userstory2_2
	Function /Game/WhiteLightning/Tests/week3userstory2.week3userstory2_C:ExecuteUbergraph_week3userstory2:0070
[2018.04.05-01.28.13:106][315]PIE: Error: Blueprint Runtime Error: Accessed None trying to read property CallFunc_GetAIController_ReturnValue from function: 'ExecuteUbergraph_week3userstory2' from node: Branch in graph: EventGraph in object: week3userstory2 with description: Accessed None trying to read property CallFunc_GetAIController_ReturnValue
[2018.04.05-01.28.13:112][315]LogFunctionalTest: Error: week3userstory2_2 Failed: "UserStoru 3.2 failed"
[2018.04.05-01.28.13:162][317]Warning: SpawnActor failed because no class was specified
[2018.04.05-01.28.13:162][317]Warning: Accessed None trying to read property CallFunc_GetAIController_ReturnValue
	week3userstory2_C /Game/WhiteLightning/Levels/UEDPIE_0_main_menu_lvl.main_menu_lvl:PersistentLevel.week3userstory2_2
	Function /Game/WhiteLightning/Tests/week3userstory2.week3userstory2_C:ExecuteUbergraph_week3userstory2:0070
[2018.04.05-01.28.13:162][317]Error: Blueprint Runtime Error: Accessed None trying to read property CallFunc_GetAIController_ReturnValue from function: 'ExecuteUbergraph_week3userstory2' from node: Branch in graph: EventGraph in object: week3userstory2 with description: Accessed None trying to read property CallFunc_GetAIController_ReturnValue
[2018.04.05-01.28.13:162][317]Error: week3userstory2_2 Failed: "UserStoru 3.2 failed"
[2018.04.05-01.28.13:162][317]...Automation Test Failed (week3userstory2)
[2018.04.05-01.28.13:162][317]AutomationTestingLog: Warning: SpawnActor failed because no class was specified
[2018.04.05-01.28.13:162][317]AutomationTestingLog: Warning: Accessed None trying to read property CallFunc_GetAIController_ReturnValue
	week3userstory2_C /Game/WhiteLightning/Levels/UEDPIE_0_main_menu_lvl.main_menu_lvl:PersistentLevel.week3userstory2_2
	Function /Game/WhiteLightning/Tests/week3userstory2.week3userstory2_C:ExecuteUbergraph_week3userstory2:0070
[2018.04.05-01.28.13:162][317]AutomationTestingLog: Error: Blueprint Runtime Error: Accessed None trying to read property CallFunc_GetAIController_ReturnValue from function: 'ExecuteUbergraph_week3userstory2' from node: Branch in graph: EventGraph in object: week3userstory2 with description: Accessed None trying to read property CallFunc_GetAIController_ReturnValue
[2018.04.05-01.28.13:162][317]AutomationTestingLog: Error: week3userstory2_2 Failed: "UserStoru 3.2 failed"
[2018.04.05-01.28.13:162][317]AutomationTestingLog: Error: ...Automation Test Failed (week3userstory2)
[2018.04.05-01.28.15:989][656]LogBlueprintUserMessages: Early EndPlayMap Detection: Level '/Game/WhiteLightning/Levels/main_menu_lvl.main_menu_lvl:PersistentLevel' has LevelScriptBlueprint '/Game/WhiteLightning/Levels/main_menu_lvl.main_menu_lvl:PersistentLevel.main_menu_lvl' with GeneratedClass '/Game/WhiteLightning/Levels/main_menu_lvl.main_menu_lvl_C' with ClassGeneratedBy '/Game/WhiteLightning/Levels/main_menu_lvl.main_menu_lvl:PersistentLevel.main_menu_lvl'
[2018.04.05-01.28.16:048][656]LogBlueprintUserMessages: Late EndPlayMap Detection: Level '/Game/WhiteLightning/Levels/main_menu_lvl.main_menu_lvl:PersistentLevel' has LevelScriptBlueprint '/Game/WhiteLightning/Levels/main_menu_lvl.main_menu_lvl:PersistentLevel.main_menu_lvl' with GeneratedClass '/Game/WhiteLightning/Levels/main_menu_lvl.main_menu_lvl_C' with ClassGeneratedBy '/Game/WhiteLightning/Levels/main_menu_lvl.main_menu_lvl:PersistentLevel.main_menu_lvl'
[2018.04.05-01.34.54:864][167]BlueprintLog: New page: Compile week3userstory2
[2018.04.05-01.34.56:538][294]LogSavePackage: Save=32.88ms
[2018.04.05-01.34.56:538][294]LogSavePackage: Moving 'C:/Users/carter/Documents/GitHub/WhiteLightningGame/WhiteLightning/Saved/week3userstory2D67F6469407B6480E61613BB39B2C539.tmp' to 'C:/Users/carter/Documents/GitHub/WhiteLightningGame/WhiteLightning/Content/WhiteLightning/Tests/week3userstory2.uasset'
[2018.04.05-01.34.56:542][294]LogSavePackage: Display: Finished SavePackage C:/Users/carter/Documents/GitHub/WhiteLightningGame/WhiteLightning/Content/WhiteLightning/Tests/week3userstory2.uasset
[2018.04.05-01.35.00:049][526]LogSavePackage: Save=184.79ms
[2018.04.05-01.35.00:049][526]LogSavePackage: Moving 'C:/Users/carter/Documents/GitHub/WhiteLightningGame/WhiteLightning/Saved/main_menu_lvl542DB5DF4A09ABA7BFBFF39B6E617F0F.tmp' to 'C:/Users/carter/Documents/GitHub/WhiteLightningGame/WhiteLightning/Content/WhiteLightning/Levels/main_menu_lvl.umap'
[2018.04.05-01.35.00:052][526]LogSavePackage: Display: Finished SavePackage C:/Users/carter/Documents/GitHub/WhiteLightningGame/WhiteLightning/Content/WhiteLightning/Levels/main_menu_lvl.umap
[2018.04.05-01.35.00:097][526]LogFileHelpers: Saving map 'main_menu_lvl' took 0.358
[2018.04.05-01.35.00:116][526]AutomationTestingLog: New page: -----Test Run 8----
[2018.04.05-01.35.00:116][526]AutomationTestingLog: -----Test Run 8----
[2018.04.05-01.35.00:125][526]Display: Running Automation: 'Project.Functional Tests./Game/WhiteLightning/Levels/main_menu_lvl.week3userstory2' (Class Name: 'FClientFunctionalTestingMapsRuntime /Game/WhiteLightning/Levels/main_menu_lvl.main_menu_lvl;/Game/WhiteLightning/Levels/main_menu_lvl;week3userstory2_2')
[2018.04.05-01.35.00:144][526]LogBlueprintUserMessages: Early PlayInEditor Detection: Level '/Game/WhiteLightning/Levels/main_menu_lvl.main_menu_lvl:PersistentLevel' has LevelScriptBlueprint '/Game/WhiteLightning/Levels/main_menu_lvl.main_menu_lvl:PersistentLevel.main_menu_lvl' with GeneratedClass '/Game/WhiteLightning/Levels/main_menu_lvl.main_menu_lvl_C' with ClassGeneratedBy '/Game/WhiteLightning/Levels/main_menu_lvl.main_menu_lvl:PersistentLevel.main_menu_lvl'
[2018.04.05-01.35.00:144][526]LogPlayLevel: PlayLevel: No blueprints needed recompiling
[2018.04.05-01.35.00:145][526]PIE: New page: PIE session: main_menu_lvl (Apr 4, 2018, 11:35:00 AM)
[2018.04.05-01.35.00:145][526]LogPlayLevel: Creating play world package: /Game/WhiteLightning/Levels/UEDPIE_0_main_menu_lvl
[2018.04.05-01.35.00:147][526]LogPlayLevel: PIE: StaticDuplicateObject took: (0.001993s)
[2018.04.05-01.35.00:148][526]LogAIModule: Creating AISystem for world main_menu_lvl
[2018.04.05-01.35.00:148][526]LogPlayLevel: PIE: World Init took: (0.001002s)
[2018.04.05-01.35.00:148][526]LogPlayLevel: PIE: Created PIE world by copying editor world from /Game/WhiteLightning/Levels/main_menu_lvl.main_menu_lvl to /Game/WhiteLightning/Levels/UEDPIE_0_main_menu_lvl.main_menu_lvl (0.003384s)
[2018.04.05-01.35.00:197][526]LogInit: XAudio2 using 'BenQ GL2460-4 (NVIDIA High Definition Audio)' : 2 channels at 48 kHz using 16 bits per sample (channel mask 0x3)
[2018.04.05-01.35.00:205][526]LogInit: FAudioDevice initialized.
[2018.04.05-01.35.00:269][526]LogLoad: Game class is 'Tutorial_C'
[2018.04.05-01.35.00:270][526]LogWorld: Bringing World /Game/WhiteLightning/Levels/UEDPIE_0_main_menu_lvl.main_menu_lvl up for play (max tick rate 0) at 2018.04.04-18.35.00
[2018.04.05-01.35.00:271][526]LogWorld: Bringing up level for play took: 0.000672
[2018.04.05-01.35.00:271][526]LogSpawn: Warning: SpawnActor failed because no class was specified
[2018.04.05-01.35.00:275][526]PIE: Play in editor start time for /Game/WhiteLightning/Levels/UEDPIE_0_main_menu_lvl 0.349
[2018.04.05-01.35.00:276][526]LogBlueprintUserMessages: Late PlayInEditor Detection: Level '/Game/WhiteLightning/Levels/main_menu_lvl.main_menu_lvl:PersistentLevel' has LevelScriptBlueprint '/Game/WhiteLightning/Levels/main_menu_lvl.main_menu_lvl:PersistentLevel.main_menu_lvl' with GeneratedClass '/Game/WhiteLightning/Levels/main_menu_lvl.main_menu_lvl_C' with ClassGeneratedBy '/Game/WhiteLightning/Levels/main_menu_lvl.main_menu_lvl:PersistentLevel.main_menu_lvl'
[2018.04.05-01.35.00:314][527]LogFunctionalTest: Running tests indicated by Repro String: week3userstory2_2
[2018.04.05-01.35.00:530][550]LogFunctionalTest: week3userstory2_2 Succeeded: "UserStory 3.2 passed"
[2018.04.05-01.35.00:582][552]Warning: SpawnActor failed because no class was specified
[2018.04.05-01.35.00:582][552]...Automation Test Succeeded (week3userstory2)
[2018.04.05-01.35.00:582][552]AutomationTestingLog: Warning: SpawnActor failed because no class was specified
[2018.04.05-01.35.00:582][552]AutomationTestingLog: ...Automation Test Succeeded (week3userstory2)
[2018.04.05-01.35.03:107][855]LogNet: Browse: /Game/WhiteLightning/Levels/Tutorial
[2018.04.05-01.35.03:108][855]LogLoad: LoadMap: /Game/WhiteLightning/Levels/Tutorial
[2018.04.05-01.35.03:453][855]LogAIModule: Creating AISystem for world Tutorial
[2018.04.05-01.35.03:453][855]LogLoad: Game class is 'Tutorial_C'
[2018.04.05-01.35.03:520][855]LogWorld: Bringing World /Game/WhiteLightning/Levels/UEDPIE_0_Tutorial.Tutorial up for play (max tick rate 0) at 2018.04.04-18.35.03
[2018.04.05-01.35.03:522][855]LogWorld: Bringing up level for play took: 0.068286
[2018.04.05-01.35.03:523][855]LogSpawn: Warning: SpawnActor failed because no class was specified
[2018.04.05-01.35.03:525][855]LogLoad: Took 0.417451 seconds to LoadMap(/Game/WhiteLightning/Levels/Tutorial)
[2018.04.05-01.35.04:772][988]LogBlueprintUserMessages: [BP_enemy_187] HIT
[2018.04.05-01.35.05:884][119]LogBlueprintUserMessages: Early EndPlayMap Detection: Level '/Game/WhiteLightning/Levels/main_menu_lvl.main_menu_lvl:PersistentLevel' has LevelScriptBlueprint '/Game/WhiteLightning/Levels/main_menu_lvl.main_menu_lvl:PersistentLevel.main_menu_lvl' with GeneratedClass '/Game/WhiteLightning/Levels/main_menu_lvl.main_menu_lvl_C' with ClassGeneratedBy '/Game/WhiteLightning/Levels/main_menu_lvl.main_menu_lvl:PersistentLevel.main_menu_lvl'
[2018.04.05-01.35.05:946][119]LogBlueprintUserMessages: Late EndPlayMap Detection: Level '/Game/WhiteLightning/Levels/main_menu_lvl.main_menu_lvl:PersistentLevel' has LevelScriptBlueprint '/Game/WhiteLightning/Levels/main_menu_lvl.main_menu_lvl:PersistentLevel.main_menu_lvl' with GeneratedClass '/Game/WhiteLightning/Levels/main_menu_lvl.main_menu_lvl_C' with ClassGeneratedBy '/Game/WhiteLightning/Levels/main_menu_lvl.main_menu_lvl:PersistentLevel.main_menu_lvl'
[2018.04.05-01.35.30:656][991]LogSavePackage: Save=184.53ms
[2018.04.05-01.35.30:657][991]LogSavePackage: Moving 'C:/Users/carter/Documents/GitHub/WhiteLightningGame/WhiteLightning/Saved/main_menu_lvlFCF4EF0E451CB9DEC35784BF8E934B17.tmp' to 'C:/Users/carter/Documents/GitHub/WhiteLightningGame/WhiteLightning/Content/WhiteLightning/Levels/main_menu_lvl.umap'
[2018.04.05-01.35.30:660][991]LogSavePackage: Display: Finished SavePackage C:/Users/carter/Documents/GitHub/WhiteLightningGame/WhiteLightning/Content/WhiteLightning/Levels/main_menu_lvl.umap
[2018.04.05-01.35.32:626][157]SourceControl: fatal: E:/Unreal/UE_4.18/Engine/Content/: 'E:/Unreal/UE_4.18/Engine/Content/' is outside repository
[2018.04.05-01.35.46:031][157]LogSourceControl: FGitCheckInWorker: commit successful
[2018.04.05-01.35.46:142][157]SourceControl: [master 695c9f5] added NPC death
[2018.04.05-01.35.46:142][157]SourceControl:  5 files changed, 0 insertions(+), 0 deletions(-)
[2018.04.05-01.35.46:142][157]SourceControl:  rewrite WhiteLightning/Content/WhiteLightning/Characters/BP_enemy.uasset (65%)
[2018.04.05-01.35.46:142][157]SourceControl:  rewrite WhiteLightning/Content/WhiteLightning/Levels/Bullet1.uasset (64%)
[2018.04.05-01.35.46:142][157]SourceControl:  rewrite WhiteLightning/Content/WhiteLightning/Levels/main_menu_lvl.umap (65%)
[2018.04.05-01.35.46:142][157]SourceControl:  create mode 100644 WhiteLightning/Content/WhiteLightning/Tests/week3userstory2.uasset
[2018.04.05-01.35.46:157][157]SourceControl: Commited [master 695c9f5] added NPC death.
