Log file open, 03/22/18 13:20:22
LogWindows: Failed to load 'aqProf.dll' (GetLastError=126)
LogWindows: File 'aqProf.dll' does not exist
LogWindows: Failed to load 'VSPerf140.dll' (GetLastError=126)
LogWindows: File 'VSPerf140.dll' does not exist
LogWindows: Failed to load 'VtuneApi.dll' (GetLastError=126)
LogWindows: File 'VtuneApi.dll' does not exist
LogWindows: Failed to load 'VtuneApi32e.dll' (GetLastError=126)
LogWindows: File 'VtuneApi32e.dll' does not exist
LogInit: Display: Running engine for game: WhiteLightning
LogPlatformFile: Not using cached read wrapper
LogInit: Display: RandInit(-427371750) SRandInit(-427371750).
LogInit: Read version file with build ID '3709383'
LogInit: Overriding engine version to CL 3832480, compatible CL 3709383
LogInit: Registered custom module enumerator with build ID '3709383'
LogTaskGraph: Started task graph with 5 named threads and 14 total threads with 3 sets of task threads.
LogStats: Stats thread started at 0.175901
LogD3D11RHI: Aftermath initialized
LogModuleManager: Display: Found up-to-date module file ../../../Engine/Plugins/2D/Paper2D/Binaries/Win64/UE4Editor-Paper2D.dll (API version 3709383).
LogModuleManager: Display: Found up-to-date module file ../../../Engine/Plugins/2D/Paper2D/Binaries/Win64/UE4Editor-Paper2DEditor.dll (API version 3709383).
LogModuleManager: Display: Found up-to-date module file ../../../Engine/Plugins/2D/Paper2D/Binaries/Win64/UE4Editor-PaperSpriteSheetImporter.dll (API version 3709383).
LogModuleManager: Display: Found up-to-date module file ../../../Engine/Plugins/2D/Paper2D/Binaries/Win64/UE4Editor-PaperTiledImporter.dll (API version 3709383).
LogModuleManager: Display: Found up-to-date module file ../../../Engine/Plugins/2D/Paper2D/Binaries/Win64/UE4Editor-SmartSnapping.dll (API version 3709383).
LogModuleManager: Display: Found up-to-date module file ../../../Engine/Plugins/Blendables/LightPropagationVolume/Binaries/Win64/UE4Editor-LightPropagationVolumeRuntime.dll (API version 3709383).
LogModuleManager: Display: Found up-to-date module file ../../../Engine/Plugins/Blendables/LightPropagationVolume/Binaries/Win64/UE4Editor-LightPropagationVolumeEditor.dll (API version 3709383).
LogModuleManager: Display: Found up-to-date module file ../../../Engine/Plugins/Developer/GitSourceControl/Binaries/Win64/UE4Editor-GitSourceControl.dll (API version 3709383).
LogModuleManager: Display: Found up-to-date module file ../../../Engine/Plugins/Developer/PerforceSourceControl/Binaries/Win64/UE4Editor-PerforceSourceControl.dll (API version 3709383).
LogModuleManager: Display: Found up-to-date module file ../../../Engine/Plugins/Developer/SubversionSourceControl/Binaries/Win64/UE4Editor-SubversionSourceControl.dll (API version 3709383).
LogModuleManager: Display: Found up-to-date module file ../../../Engine/Plugins/Developer/UObjectPlugin/Binaries/Win64/UE4Editor-UObjectPlugin.dll (API version 3709383).
LogModuleManager: Display: Found up-to-date module file ../../../Engine/Plugins/Developer/VisualStudioCodeSourceCodeAccess/Binaries/Win64/UE4Editor-VisualStudioCodeSourceCodeAccess.dll (API version 3709383).
LogModuleManager: Display: Found up-to-date module file ../../../Engine/Plugins/Developer/VisualStudioSourceCodeAccess/Binaries/Win64/UE4Editor-VisualStudioSourceCodeAccess.dll (API version 3709383).
LogModuleManager: Display: Found up-to-date module file ../../../Engine/Plugins/Editor/AssetManagerEditor/Binaries/Win64/UE4Editor-AssetManagerEditor.dll (API version 3709383).
LogModuleManager: Display: Found up-to-date module file ../../../Engine/Plugins/Editor/AudioCapture/Binaries/Win64/UE4Editor-AudioCapture.dll (API version 3709383).
LogModuleManager: Display: Found up-to-date module file ../../../Engine/Plugins/Editor/FacialAnimation/Binaries/Win64/UE4Editor-FacialAnimation.dll (API version 3709383).
LogModuleManager: Display: Found up-to-date module file ../../../Engine/Plugins/Editor/FacialAnimation/Binaries/Win64/UE4Editor-FacialAnimationEditor.dll (API version 3709383).
LogModuleManager: Display: Found up-to-date module file ../../../Engine/Plugins/Editor/GameplayTagsEditor/Binaries/Win64/UE4Editor-GameplayTagsEditor.dll (API version 3709383).
LogModuleManager: Display: Found up-to-date module file ../../../Engine/Plugins/Editor/MobileLauncherProfileWizard/Binaries/Win64/UE4Editor-MobileLauncherProfileWizard.dll (API version 3709383).
LogModuleManager: Display: Found up-to-date module file ../../../Engine/Plugins/Editor/PluginBrowser/Binaries/Win64/UE4Editor-PluginBrowser.dll (API version 3709383).
LogModuleManager: Display: Found up-to-date module file ../../../Engine/Plugins/Editor/SpeedTreeImporter/Binaries/Win64/UE4Editor-SpeedTreeImporter.dll (API version 3709383).
LogModuleManager: Display: Found up-to-date module file ../../../Engine/Plugins/Experimental/AlembicImporter/Binaries/Win64/UE4Editor-AlembicImporter.dll (API version 3709383).
LogModuleManager: Display: Found up-to-date module file ../../../Engine/Plugins/Experimental/AlembicImporter/Binaries/Win64/UE4Editor-AlembicLibrary.dll (API version 3709383).
LogModuleManager: Display: Found up-to-date module file ../../../Engine/Plugins/Experimental/CharacterAI/Binaries/Win64/UE4Editor-CharacterAI.dll (API version 3709383).
LogModuleManager: Display: Found up-to-date module file ../../../Engine/Plugins/Experimental/HTML5Networking/Binaries/Win64/UE4Editor-HTML5Networking.dll (API version 3709383).
LogModuleManager: Display: Found up-to-date module file ../../../Engine/Plugins/Media/AndroidMedia/Binaries/Win64/UE4Editor-AndroidMediaEditor.dll (API version 3709383).
LogModuleManager: Display: Found up-to-date module file ../../../Engine/Plugins/Media/AndroidMedia/Binaries/Win64/UE4Editor-AndroidMediaFactory.dll (API version 3709383).
LogModuleManager: Display: Found up-to-date module file ../../../Engine/Plugins/Media/AvfMedia/Binaries/Win64/UE4Editor-AvfMediaEditor.dll (API version 3709383).
LogModuleManager: Display: Found up-to-date module file ../../../Engine/Plugins/Media/AvfMedia/Binaries/Win64/UE4Editor-AvfMediaFactory.dll (API version 3709383).
LogModuleManager: Display: Found up-to-date module file ../../../Engine/Plugins/Media/AvfMedia/Binaries/Win64/UE4Editor-AvfMediaFactory.dll (API version 3709383).
LogModuleManager: Display: Found up-to-date module file ../../../Engine/Plugins/Media/ImgMedia/Binaries/Win64/UE4Editor-ImgMedia.dll (API version 3709383).
LogModuleManager: Display: Found up-to-date module file ../../../Engine/Plugins/Media/ImgMedia/Binaries/Win64/UE4Editor-ImgMediaEditor.dll (API version 3709383).
LogModuleManager: Display: Found up-to-date module file ../../../Engine/Plugins/Media/ImgMedia/Binaries/Win64/UE4Editor-ImgMediaFactory.dll (API version 3709383).
LogModuleManager: Display: Found up-to-date module file ../../../Engine/Plugins/Media/ImgMedia/Binaries/Win64/UE4Editor-ImgMediaFactory.dll (API version 3709383).
LogModuleManager: Display: Found up-to-date module file ../../../Engine/Plugins/Media/ImgMedia/Binaries/Win64/UE4Editor-OpenExrWrapper.dll (API version 3709383).
LogModuleManager: Display: Found up-to-date module file ../../../Engine/Plugins/Media/MediaCompositing/Binaries/Win64/UE4Editor-MediaCompositing.dll (API version 3709383).
LogModuleManager: Display: Found up-to-date module file ../../../Engine/Plugins/Media/MediaCompositing/Binaries/Win64/UE4Editor-MediaCompositingEditor.dll (API version 3709383).
LogModuleManager: Display: Found up-to-date module file ../../../Engine/Plugins/Media/MediaPlayerEditor/Binaries/Win64/UE4Editor-MediaPlayerEditor.dll (API version 3709383).
LogModuleManager: Display: Found up-to-date module file ../../../Engine/Plugins/Media/WmfMedia/Binaries/Win64/UE4Editor-WmfMedia.dll (API version 3709383).
LogModuleManager: Display: Found up-to-date module file ../../../Engine/Plugins/Media/WmfMedia/Binaries/Win64/UE4Editor-WmfMediaEditor.dll (API version 3709383).
LogModuleManager: Display: Found up-to-date module file ../../../Engine/Plugins/Media/WmfMedia/Binaries/Win64/UE4Editor-WmfMediaFactory.dll (API version 3709383).
LogModuleManager: Display: Found up-to-date module file ../../../Engine/Plugins/Media/WmfMedia/Binaries/Win64/UE4Editor-WmfMediaFactory.dll (API version 3709383).
LogModuleManager: Display: Found up-to-date module file ../../../Engine/Plugins/Messaging/TcpMessaging/Binaries/Win64/UE4Editor-TcpMessaging.dll (API version 3709383).
LogModuleManager: Display: Found up-to-date module file ../../../Engine/Plugins/Messaging/UdpMessaging/Binaries/Win64/UE4Editor-UdpMessaging.dll (API version 3709383).
LogModuleManager: Display: Found up-to-date module file ../../../Engine/Plugins/MovieScene/ActorSequence/Binaries/Win64/UE4Editor-ActorSequence.dll (API version 3709383).
LogModuleManager: Display: Found up-to-date module file ../../../Engine/Plugins/MovieScene/LevelSequenceEditor/Binaries/Win64/UE4Editor-LevelSequenceEditor.dll (API version 3709383).
LogModuleManager: Display: Found up-to-date module file ../../../Engine/Plugins/MovieScene/MatineeToLevelSequence/Binaries/Win64/UE4Editor-MatineeToLevelSequence.dll (API version 3709383).
LogModuleManager: Display: Found up-to-date module file ../../../Engine/Plugins/Online/OnlineSubsystem/Binaries/Win64/UE4Editor-OnlineSubsystem.dll (API version 3709383).
LogModuleManager: Display: Found up-to-date module file ../../../Engine/Plugins/Runtime/AndroidPermission/Binaries/Win64/UE4Editor-AndroidPermission.dll (API version 3709383).
LogModuleManager: Display: Found up-to-date module file ../../../Engine/Plugins/Online/OnlineSubsystemNull/Binaries/Win64/UE4Editor-OnlineSubsystemNull.dll (API version 3709383).
LogModuleManager: Display: Found up-to-date module file ../../../Engine/Plugins/Online/OnlineSubsystemUtils/Binaries/Win64/UE4Editor-OnlineSubsystemUtils.dll (API version 3709383).
LogModuleManager: Display: Found up-to-date module file ../../../Engine/Plugins/Online/OnlineSubsystemUtils/Binaries/Win64/UE4Editor-OnlineBlueprintSupport.dll (API version 3709383).
LogModuleManager: Display: Found up-to-date module file ../../../Engine/Plugins/Runtime/AndroidDeviceProfileSelector/Binaries/Win64/UE4Editor-AndroidDeviceProfileSelector.dll (API version 3709383).
LogModuleManager: Display: Found up-to-date module file ../../../Engine/Plugins/Runtime/AppleARKit/Binaries/Win64/UE4Editor-AppleARKit.dll (API version 3709383).
LogModuleManager: Display: Found up-to-date module file ../../../Engine/Plugins/Runtime/ArchVisCharacter/Binaries/Win64/UE4Editor-ArchVisCharacter.dll (API version 3709383).
LogModuleManager: Display: Found up-to-date module file ../../../Engine/Plugins/Runtime/CableComponent/Binaries/Win64/UE4Editor-CableComponent.dll (API version 3709383).
LogModuleManager: Display: Found up-to-date module file ../../../Engine/Plugins/Runtime/CustomMeshComponent/Binaries/Win64/UE4Editor-CustomMeshComponent.dll (API version 3709383).
LogModuleManager: Display: Found up-to-date module file ../../../Engine/Plugins/Runtime/ExampleDeviceProfileSelector/Binaries/Win64/UE4Editor-ExampleDeviceProfileSelector.dll (API version 3709383).
LogModuleManager: Display: Found up-to-date module file ../../../Engine/Plugins/Runtime/ImmediatePhysics/Binaries/Win64/UE4Editor-ImmediatePhysics.dll (API version 3709383).
LogModuleManager: Display: Found up-to-date module file ../../../Engine/Plugins/Runtime/ImmediatePhysics/Binaries/Win64/UE4Editor-ImmediatePhysicsEditor.dll (API version 3709383).
LogModuleManager: Display: Found up-to-date module file ../../../Engine/Plugins/Runtime/LocationServicesBPLibrary/Binaries/Win64/UE4Editor-LocationServicesBPLibrary.dll (API version 3709383).
LogModuleManager: Display: Found up-to-date module file ../../../Engine/Plugins/Runtime/MobilePatchingUtils/Binaries/Win64/UE4Editor-MobilePatchingUtils.dll (API version 3709383).
LogModuleManager: Display: Found up-to-date module file ../../../Engine/Plugins/Runtime/Oculus/OculusVR/Binaries/Win64/UE4Editor-OculusHMD.dll (API version 3709383).
LogModuleManager: Display: Found up-to-date module file ../../../Engine/Plugins/Runtime/Oculus/OculusVR/Binaries/Win64/UE4Editor-OculusInput.dll (API version 3709383).
LogModuleManager: Display: Found up-to-date module file ../../../Engine/Plugins/Runtime/Oculus/OculusVR/Binaries/Win64/UE4Editor-OculusEditor.dll (API version 3709383).
LogModuleManager: Display: Found up-to-date module file ../../../Engine/Plugins/Runtime/PhysXVehicles/Binaries/Win64/UE4Editor-PhysXVehicles.dll (API version 3709383).
LogModuleManager: Display: Found up-to-date module file ../../../Engine/Plugins/Runtime/PhysXVehicles/Binaries/Win64/UE4Editor-PhysXVehiclesEditor.dll (API version 3709383).
LogModuleManager: Display: Found up-to-date module file ../../../Engine/Plugins/Runtime/ProceduralMeshComponent/Binaries/Win64/UE4Editor-ProceduralMeshComponent.dll (API version 3709383).
LogModuleManager: Display: Found up-to-date module file ../../../Engine/Plugins/Runtime/ProceduralMeshComponent/Binaries/Win64/UE4Editor-ProceduralMeshComponentEditor.dll (API version 3709383).
LogModuleManager: Display: Found up-to-date module file ../../../Engine/Plugins/Runtime/RuntimePhysXCooking/Binaries/Win64/UE4Editor-RuntimePhysXCooking.dll (API version 3709383).
LogModuleManager: Display: Found up-to-date module file ../../../Engine/Plugins/Runtime/Steam/SteamVR/Binaries/Win64/UE4Editor-SteamVR.dll (API version 3709383).
LogModuleManager: Display: Found up-to-date module file ../../../Engine/Plugins/Runtime/Steam/SteamVR/Binaries/Win64/UE4Editor-SteamVRController.dll (API version 3709383).
LogModuleManager: Display: Found up-to-date module file ../../../Engine/Plugins/Runtime/WindowsMoviePlayer/Binaries/Win64/UE4Editor-WindowsMoviePlayer.dll (API version 3709383).
LogPluginManager: Mounting plugin Paper2D
LogPluginManager: Mounting plugin LightPropagationVolume
LogPluginManager: Mounting plugin CodeLiteSourceCodeAccess
LogPluginManager: Mounting plugin GitSourceControl
LogPluginManager: Mounting plugin KDevelopSourceCodeAccess
LogPluginManager: Mounting plugin NullSourceCodeAccess
LogPluginManager: Mounting plugin PerforceSourceControl
LogPluginManager: Mounting plugin SubversionSourceControl
LogPluginManager: Mounting plugin UObjectPlugin
LogPluginManager: Mounting plugin VisualStudioCodeSourceCodeAccess
LogPluginManager: Mounting plugin VisualStudioSourceCodeAccess
LogPluginManager: Mounting plugin XCodeSourceCodeAccess
LogPluginManager: Mounting plugin AssetManagerEditor
LogPluginManager: Mounting plugin AudioCapture
LogPluginManager: Mounting plugin FacialAnimation
LogPluginManager: Mounting plugin GameplayTagsEditor
LogPluginManager: Mounting plugin MobileLauncherProfileWizard
LogPluginManager: Mounting plugin PluginBrowser
LogPluginManager: Mounting plugin SpeedTreeImporter
LogPluginManager: Mounting plugin AlembicImporter
LogPluginManager: Mounting plugin CharacterAI
LogPluginManager: Mounting plugin HTML5Networking
LogPluginManager: Mounting plugin AndroidMedia
LogPluginManager: Mounting plugin AvfMedia
LogPluginManager: Mounting plugin ImgMedia
LogPluginManager: Mounting plugin MediaCompositing
LogPluginManager: Mounting plugin MediaPlayerEditor
LogPluginManager: Mounting plugin WmfMedia
LogPluginManager: Mounting plugin TcpMessaging
LogPluginManager: Mounting plugin UdpMessaging
LogPluginManager: Mounting plugin ActorSequence
LogPluginManager: Mounting plugin LevelSequenceEditor
LogPluginManager: Mounting plugin MatineeToLevelSequence
LogPluginManager: Mounting plugin OnlineSubsystemGooglePlay
LogPluginManager: Mounting plugin OnlineSubsystemIOS
LogPluginManager: Mounting plugin OnlineSubsystem
LogPluginManager: Mounting plugin OnlineSubsystemNull
LogPluginManager: Mounting plugin OnlineSubsystemUtils
LogPluginManager: Mounting plugin AndroidDeviceProfileSelector
LogPluginManager: Mounting plugin AndroidMoviePlayer
LogPluginManager: Mounting plugin AndroidPermission
LogPluginManager: Mounting plugin AppleARKit
LogPluginManager: Mounting plugin AppleMoviePlayer
LogPluginManager: Mounting plugin ArchVisCharacter
LogPluginManager: Mounting plugin CableComponent
LogPluginManager: Mounting plugin CustomMeshComponent
LogPluginManager: Mounting plugin ExampleDeviceProfileSelector
LogPluginManager: Mounting plugin GoogleCloudMessaging
LogPluginManager: Mounting plugin ImmediatePhysics
LogPluginManager: Mounting plugin IOSDeviceProfileSelector
LogPluginManager: Mounting plugin LinuxDeviceProfileSelector
LogPluginManager: Mounting plugin LocationServicesBPLibrary
LogPluginManager: Mounting plugin MobilePatchingUtils
LogPluginManager: Mounting plugin OculusVR
LogPluginManager: Plugin shader directory ../../../Engine/Plugins/Runtime/Oculus/OculusVR/Shaders found
LogPluginManager: Mapping shader source directory ../../../Engine/Plugins/Runtime/Oculus/OculusVR/Shaders to virtual directory /Plugin/OculusVR
LogPluginManager: Mounting plugin PhysXVehicles
LogPluginManager: Mounting plugin ProceduralMeshComponent
LogPluginManager: Mounting plugin RuntimePhysXCooking
LogPluginManager: Mounting plugin SteamVR
LogPluginManager: Mounting plugin WindowsMoviePlayer
LogInit: Using libcurl 7.47.1
LogInit:  - built for x86_64-pc-win32
LogInit:  - supports SSL with OpenSSL/1.0.2g
LogInit:  - supports HTTP deflate (compression) using libz 1.2.8
LogInit:  - other features:
LogInit:      CURL_VERSION_SSL
LogInit:      CURL_VERSION_LIBZ
LogInit:      CURL_VERSION_IPV6
LogInit:      CURL_VERSION_ASYNCHDNS
LogInit:      CURL_VERSION_LARGEFILE
LogInit:      CURL_VERSION_IDN
LogInit:  CurlRequestOptions (configurable via config and command line):
LogInit:  - bVerifyPeer = false  - Libcurl will NOT verify peer certificate
LogInit:  - bUseHttpProxy = false  - Libcurl will NOT use HTTP proxy
LogInit:  - bDontReuseConnections = false  - Libcurl will reuse connections
LogInit:  - CertBundlePath = nullptr  - Libcurl will use whatever was configured at build time.
LogInit: Build: ++UE4+Release-4.18-CL-3832480
LogInit: Engine Version: 4.18.3-3832480+++UE4+Release-4.18
LogInit: Compatible Engine Version: 4.18.0-3709383+++UE4+Release-4.18
LogInit: Net CL: 3709383
LogDevObjectVersion: Number of dev versions registered: 16
LogDevObjectVersion:   Dev-Blueprints (B0D832E4-1F89-4F0D-ACCF-7EB736FD4AA2): 10
LogDevObjectVersion:   Dev-Build (E1C64328-A22C-4D53-A36C-8E866417BD8C): 0
LogDevObjectVersion:   Dev-Core (375EC13C-06E4-48FB-B500-84F0262A717E): 2
LogDevObjectVersion:   Dev-Editor (E4B068ED-F494-42E9-A231-DA0B2E46BB41): 20
LogDevObjectVersion:   Dev-Framework (CFFC743F-43B0-4480-9391-14DF171D2073): 30
LogDevObjectVersion:   Dev-Mobile (B02B49B5-BB20-44E9-A304-32B752E40360): 0
LogDevObjectVersion:   Dev-Networking (A4E4105C-59A1-49B5-A7C5-40C4547EDFEE): 0
LogDevObjectVersion:   Dev-Online (39C831C9-5AE6-47DC-9A44-9C173E1C8E7C): 0
LogDevObjectVersion:   Dev-Physics (78F01B33-EBEA-4F98-B9B4-84EACCB95AA2): 0
LogDevObjectVersion:   Dev-Platform (6631380F-2D4D-43E0-8009-CF276956A95A): 0
LogDevObjectVersion:   Dev-Rendering (12F88B9F-8875-4AFC-A67C-D90C383ABD29): 20
LogDevObjectVersion:   Dev-Sequencer (7B5AE74C-D270-4C10-A958-57980B212A5A): 4
LogDevObjectVersion:   Dev-VR (D7296918-1DD6-4BDD-9DE2-64A83CC13884): 0
LogDevObjectVersion:   Dev-LoadTimes (C2A15278-BFE7-4AFE-6C17-90FF531DF755): 1
LogDevObjectVersion:   Private-Geometry (6EACA3D4-40EC-4CC1-B786-8BED09428FC5): 1
LogDevObjectVersion:   Dev-AnimPhys (29E575DD-E0A3-4627-9D10-D276232CDCEA): 12
LogInit: Compiled (64-bit): Jan 12 2018 02:04:55
LogInit: Compiled with Visual C++: 19.00.24215.01
LogInit: Build Configuration: Development
LogInit: Branch Name: ++UE4+Release-4.18
LogInit: Command line:  
LogInit: Base directory: C:/Program Files/Epic Games/UE_4.18/Engine/Binaries/Win64/
LogInit: Installed Engine Build: 1
LogInit: Presizing for max 8388607 objects, including 0 objects not considered by GC, pre-allocating 0 bytes for permanent pool.
LogInit: Object subsystem initialized
[2018.03.22-17.20.24:231][  0]LogInit: Selected Device Profile: [Windows]
[2018.03.22-17.20.24:232][  0]LogInit: Applying CVar settings loaded from the selected device profile: [Windows]
[2018.03.22-17.20.24:245][  0]LogInit: Computer: CELIA
[2018.03.22-17.20.24:245][  0]LogInit: User: mhers
[2018.03.22-17.20.24:245][  0]LogInit: CPU Page size=4096, Cores=4
[2018.03.22-17.20.24:245][  0]LogInit: High frequency timer resolution =2.531248 MHz
[2018.03.22-17.20.24:245][  0]LogMemory: Memory total: Physical=15.8GB (16GB approx)
[2018.03.22-17.20.24:245][  0]LogMemory: Platform Memory Stats for Windows
[2018.03.22-17.20.24:245][  0]LogMemory: Process Physical Memory: 273.75 MB used, 273.75 MB peak
[2018.03.22-17.20.24:245][  0]LogMemory: Process Virtual Memory: 269.83 MB used, 269.83 MB peak
[2018.03.22-17.20.24:245][  0]LogMemory: Physical Memory: 5328.21 MB used,  10892.57 MB free, 16220.78 MB total
[2018.03.22-17.20.24:245][  0]LogMemory: Virtual Memory: 682.23 MB used,  10892.57 MB free, 134217728.00 MB total
[2018.03.22-17.20.24:410][  0]LogInit: Using OS detected language (en-US).
[2018.03.22-17.20.24:410][  0]LogInit: Using OS detected locale (en-US).
[2018.03.22-17.20.24:413][  0]LogTextLocalizationManager: No specific localization for 'en-US' exists, so the 'en' localization will be used.
[2018.03.22-17.20.24:867][  0]LogInit: Setting process to per monitor DPI aware
[2018.03.22-17.20.25:126][  0]LogD3D11RHI: D3D11 adapters:
[2018.03.22-17.20.25:175][  0]LogD3D11RHI:    0. 'NVIDIA GeForce GTX 950M' (Feature Level 11_0)
[2018.03.22-17.20.25:175][  0]LogD3D11RHI:       4065/0/8110 MB DedicatedVideo/DedicatedSystem/SharedSystem, Outputs:1, VendorId:0x10de
[2018.03.22-17.20.25:182][  0]LogD3D11RHI:    1. 'Intel(R) HD Graphics 530' (Feature Level 11_0)
[2018.03.22-17.20.25:182][  0]LogD3D11RHI:       128/0/8110 MB DedicatedVideo/DedicatedSystem/SharedSystem, Outputs:0, VendorId:0x8086
[2018.03.22-17.20.25:184][  0]LogD3D11RHI:    2. 'Microsoft Basic Render Driver' (Feature Level 11_0)
[2018.03.22-17.20.25:184][  0]LogD3D11RHI:       0/0/8110 MB DedicatedVideo/DedicatedSystem/SharedSystem, Outputs:0, VendorId:0x1414
[2018.03.22-17.20.25:184][  0]LogD3D11RHI: Chosen D3D11 Adapter: 0
[2018.03.22-17.20.25:190][  0]LogD3D11RHI: Creating new Direct3DDevice
[2018.03.22-17.20.25:190][  0]LogD3D11RHI:     GPU DeviceId: 0x139a (for the marketing name, search the web for "GPU Device Id")
[2018.03.22-17.20.25:190][  0]LogWindows: EnumDisplayDevices:
[2018.03.22-17.20.25:190][  0]LogWindows:    0. 'Intel(R) HD Graphics 530' (P:1 D:1)
[2018.03.22-17.20.25:191][  0]LogWindows:    1. 'Intel(R) HD Graphics 530' (P:0 D:0)
[2018.03.22-17.20.25:192][  0]LogWindows:    2. 'Intel(R) HD Graphics 530' (P:0 D:0)
[2018.03.22-17.20.25:192][  0]LogWindows: DebugString: GetVideoDriverDetailsInvalid PrimaryIsNotTheChoosenAdapter GetVideoDriverDetailsInvalid PrimaryIsNotTheChoosenAdapter GetVideoDriverDetailsInvalid PrimaryIsNotTheChoosenAdapter FoundDriverCount:0 
[2018.03.22-17.20.25:192][  0]LogD3D11RHI:     Adapter Name: NVIDIA GeForce GTX 950M
[2018.03.22-17.20.25:192][  0]LogD3D11RHI:   Driver Version: Unknown (internal:Unknown, unified:Unknown)
[2018.03.22-17.20.25:192][  0]LogD3D11RHI:      Driver Date: Unknown
[2018.03.22-17.20.25:192][  0]LogRHI: Texture pool is 2846 MB (70% of 4065 MB)
[2018.03.22-17.20.25:221][  0]LogD3D11RHI: Async texture creation enabled
[2018.03.22-17.20.25:235][  0]LogD3D11RHI: GPU Timing Frequency: 1000.000000 (Debug: 2 1)
[2018.03.22-17.20.25:236][  0]LogShaderCompilers: Guid format shader working directory is -60 characters bigger than the processId version (../../../../../../Users/mhers/Downloads/WhiteLightningGame-master/WhiteLightningGame-master/WhiteLightning/Intermediate/Shaders/WorkingDirectory/4708/).
[2018.03.22-17.20.25:236][  0]LogShaderCompilers: Cleaned the shader compiler working directory 'C:/Users/mhers/AppData/Local/Temp/UnrealShaderWorkingDir/B93A818D430B1FE9FBDB5FB27F3DEAE7/'.
[2018.03.22-17.20.25:236][  0]LogShaderCompilers: Display: Using Local Shader Compiler.
[2018.03.22-17.20.26:160][  0]LogTemp: Display: Loaded TP AllDesktopTargetPlatform
[2018.03.22-17.20.26:210][  0]LogTemp: Display: Loaded TP MacClientTargetPlatform
[2018.03.22-17.20.26:263][  0]LogTemp: Display: Loaded TP MacNoEditorTargetPlatform
[2018.03.22-17.20.26:314][  0]LogTemp: Display: Loaded TP MacServerTargetPlatform
[2018.03.22-17.20.26:373][  0]LogTemp: Display: Loaded TP MacTargetPlatform
[2018.03.22-17.20.26:423][  0]LogTemp: Display: Loaded TP WindowsClientTargetPlatform
[2018.03.22-17.20.26:474][  0]LogTemp: Display: Loaded TP WindowsNoEditorTargetPlatform
[2018.03.22-17.20.26:525][  0]LogTemp: Display: Loaded TP WindowsServerTargetPlatform
[2018.03.22-17.20.26:569][  0]LogTemp: Display: Loaded TP WindowsTargetPlatform
[2018.03.22-17.20.26:620][  0]LogTemp: Display: Loaded TP Android_ASTCTargetPlatform
[2018.03.22-17.20.26:670][  0]LogTemp: Display: Loaded TP Android_ATCTargetPlatform
[2018.03.22-17.20.26:720][  0]LogTemp: Display: Loaded TP Android_DXTTargetPlatform
[2018.03.22-17.20.26:770][  0]LogTemp: Display: Loaded TP Android_ETC1TargetPlatform
[2018.03.22-17.20.26:821][  0]LogTemp: Display: Loaded TP Android_ETC2TargetPlatform
[2018.03.22-17.20.26:921][  0]LogTemp: Display: Loaded TP Android_MultiTargetPlatform
[2018.03.22-17.20.26:921][  0]LogTemp: Display: Loaded TP Android_PVRTCTargetPlatform
[2018.03.22-17.20.26:975][  0]LogTemp: Display: Loaded TP AndroidTargetPlatform
[2018.03.22-17.20.27:017][  0]LogTemp: Display: Loaded TP HTML5TargetPlatform
[2018.03.22-17.20.27:108][  0]LogTemp: Display: Loaded TP IOSTargetPlatform
[2018.03.22-17.20.27:135][  0]LogTemp: Display: Loaded TP TVOSTargetPlatform
[2018.03.22-17.20.27:191][  0]LogTemp: Display: Loaded TP LinuxClientTargetPlatform
[2018.03.22-17.20.27:243][  0]LogTemp: Display: Loaded TP LinuxNoEditorTargetPlatform
[2018.03.22-17.20.27:296][  0]LogTemp: Display: Loaded TP LinuxServerTargetPlatform
[2018.03.22-17.20.27:348][  0]LogTemp: Display: Loaded TP LinuxTargetPlatform
[2018.03.22-17.20.27:348][  0]LogTargetPlatformManager: Display: Building Assets For Windows
[2018.03.22-17.20.27:798][  0]LogDerivedDataCache: Display: Max Cache Size: 512 MB
[2018.03.22-17.20.27:868][  0]LogDerivedDataCache: Loaded boot cache 0.07s 78MB C:/Users/mhers/AppData/Local/UnrealEngine/4.18/DerivedDataCache/Boot.ddc.
[2018.03.22-17.20.27:868][  0]LogDerivedDataCache: Display: Loaded Boot cache: C:/Users/mhers/AppData/Local/UnrealEngine/4.18/DerivedDataCache/Boot.ddc
[2018.03.22-17.20.27:868][  0]LogDerivedDataCache: FDerivedDataBackendGraph:  Pak pak cache file ../../../../../../Users/mhers/Downloads/WhiteLightningGame-master/WhiteLightningGame-master/WhiteLightning/DerivedDataCache/DDC.ddp not found, will not use a pak cache.
[2018.03.22-17.20.27:868][  0]LogDerivedDataCache: Unable to find inner node Pak for hierarchical cache Hierarchy.
[2018.03.22-17.20.27:868][  0]LogDerivedDataCache: FDerivedDataBackendGraph:  CompressedPak pak cache file ../../../../../../Users/mhers/Downloads/WhiteLightningGame-master/WhiteLightningGame-master/WhiteLightning/DerivedDataCache/Compressed.ddp not found, will not use a pak cache.
[2018.03.22-17.20.27:868][  0]LogDerivedDataCache: Unable to find inner node CompressedPak for hierarchical cache Hierarchy.
[2018.03.22-17.20.27:884][  0]LogDerivedDataCache: Display: Pak cache opened for reading ../../../Engine/DerivedDataCache/Compressed.ddp.
[2018.03.22-17.20.27:897][  0]LogDerivedDataCache: Using Local data cache path C:/Users/mhers/AppData/Local/UnrealEngine/Common/DerivedDataCache: Writable
[2018.03.22-17.20.27:909][  0]LogMaterial: Verifying Global Shaders for PCD3D_SM5
[2018.03.22-17.20.27:910][  0]LogSlate: Using Freetype 2.6.0
[2018.03.22-17.20.27:910][  0]LogSlate: SlateFontCache - WITH_FREETYPE: 1, WITH_HARFBUZZ: 1
[2018.03.22-17.20.27:910][  0]LogSlate: SlateFontCache - WITH_FREETYPE: 1, WITH_HARFBUZZ: 1
[2018.03.22-17.20.28:287][  0]LogInit: Selected Device Profile: [Windows]
[2018.03.22-17.20.28:616][  0]LogSimplygon: Simplygon DLL not present - disabling.
[2018.03.22-17.20.28:656][  0]LogMeshReduction: Using SimplygonSwarm for distributed automatic mesh merging
[2018.03.22-17.20.28:656][  0]LogMeshReduction: Using QuadricMeshReduction for automatic static mesh reduction
[2018.03.22-17.20.28:656][  0]LogMeshReduction: No automatic skeletal mesh reduction module available
[2018.03.22-17.20.28:656][  0]LogMeshReduction: No automatic mesh merging module available
[2018.03.22-17.20.28:656][  0]LogMeshMerging: No automatic mesh merging module available
[2018.03.22-17.20.28:689][  0]LogNetVersion: WhiteLightning , NetCL: 3709383, EngineNetVer: 2, GameNetVer: 0 (Checksum: 2852152215)
[2018.03.22-17.20.28:872][  0]LogAssetRegistry: FAssetRegistry took 0.0271 seconds to start up
[2018.03.22-17.20.29:415][  0]LogPackageLocalizationCache: Processed 7 localized package path(s) for 2 prioritized culture(s) in 0.068231 seconds
[2018.03.22-17.20.29:421][  0]LogUObjectArray: 35870 objects as part of root set at end of initial load.
[2018.03.22-17.20.29:421][  0]LogUObjectAllocator: 7363696 out of 0 bytes used by permanent object pool.
[2018.03.22-17.20.29:421][  0]LogUObjectArray: CloseDisregardForGC: 0/0 objects in disregard for GC pool
[2018.03.22-17.20.29:478][  0]LogInit: WinSock: version 1.1 (2.2), MaxSocks=32767, MaxUdp=65467
[2018.03.22-17.20.32:394][  0]LogTcpMessaging: Initializing TcpMessaging bridge
[2018.03.22-17.20.32:434][  0]LogUdpMessaging: Initializing bridge on interface 0.0.0.0:0 to multicast group 230.0.0.1:6666.
[2018.03.22-17.20.33:095][  0]LogMaterial: Uniform references updated for custom material expression Custom.
[2018.03.22-17.20.33:523][  0]SourceControl: Source control is disabled
[2018.03.22-17.20.33:869][  0]LogSourceControl: Warning: '../../../../../../Users/mhers/Downloads/WhiteLightningGame-master/WhiteLightningGame-master/WhiteLightning/' is not part of a Git repository
[2018.03.22-17.20.34:906][  0]LogAndroidPermission: UAndroidPermissionCallbackProxy::GetInstance
[2018.03.22-17.20.35:164][  0]LogOcInput: OculusInput pre-init called
[2018.03.22-17.20.35:442][  0]LogEngine: Initializing Engine...
[2018.03.22-17.20.35:444][  0]LogHMD: Failed to initialize OpenVR with code 110
[2018.03.22-17.20.35:660][  0]LogStats: UGameplayTagsManager::ConstructGameplayTagTree: Construct from data asset -  0.000 s
[2018.03.22-17.20.35:660][  0]LogStats: UGameplayTagsManager::ConstructGameplayTagTree: GameplayTagTreeChangedEvent.Broadcast -  0.000 s
[2018.03.22-17.20.35:788][  0]LogAIModule: Creating AISystem for world Untitled
[2018.03.22-17.20.35:797][  0]LogInit: XAudio2 using 'Speaker/HP (Realtek High Definition Audio)' : 2 channels at 48 kHz using 32 bits per sample (channel mask 0x3)
[2018.03.22-17.20.35:814][  0]LogInit: FAudioDevice initialized.
[2018.03.22-17.20.35:923][  0]LogDerivedDataCache: Saved boot cache 0.11s 78MB C:/Users/mhers/AppData/Local/UnrealEngine/4.18/DerivedDataCache/Boot.ddc.
[2018.03.22-17.20.35:936][  0]LogInit: Texture streaming: Enabled
[2018.03.22-17.20.36:034][  0]LogEngineSessionManager: EngineSessionManager initialized
[2018.03.22-17.20.36:164][  0]LogInit: Transaction tracking system initialized
[2018.03.22-17.20.36:469][  0]BlueprintLog: New page: Editor Load
[2018.03.22-17.20.37:348][  0]LocalizationService: Localization service is disabled
[2018.03.22-17.20.38:074][  0]LogConsoleResponse: Display: 
[2018.03.22-17.20.38:267][  0]LogCook: Display: Max memory allowance for cook 16384mb min free memory 0mb
[2018.03.22-17.20.38:267][  0]LogCook: Display: Mobile HDR setting 1
[2018.03.22-17.20.38:267][  0]LogGameplayTags: Display: UGameplayTagsManager::DoneAddingNativeTags. DelegateIsBound: 0
[2018.03.22-17.20.38:497][  0]LogFileCache: Scanning file cache for directory 'C:/Users/mhers/Downloads/WhiteLightningGame-master/WhiteLightningGame-master/WhiteLightning/Content/' took 0.01s
[2018.03.22-17.20.39:430][  0]LightingResults: New page: Lighting Build
[2018.03.22-17.20.39:472][  0]MapCheck: New page: Map Check
[2018.03.22-17.20.39:472][  0]LightingResults: New page: Lighting Build
[2018.03.22-17.20.39:907][  0]LogAIModule: Creating AISystem for world Tutorial
[2018.03.22-17.20.39:971][  0]LogEditorServer: Finished looking for orphan Actors (0.000 secs)
[2018.03.22-17.20.39:983][  0]Cmd: MAP CHECKDEP NOCLEARLOG
[2018.03.22-17.20.40:033][  0]MapCheck: Map check complete: 0 Error(s), 0 Warning(s), took 49.422ms to complete.
[2018.03.22-17.20.40:033][  0]LogFileHelpers: Loading map 'Tutorial' took 0.604
[2018.03.22-17.20.40:091][  0]LogWindowsTextInputMethodSystem: Display: IME system now deactivated.
[2018.03.22-17.20.40:091][  0]LogWindowsTextInputMethodSystem: Display: IME system now deactivated.
[2018.03.22-17.20.40:172][  0]LogCollectionManager: Loaded 0 collections in 0.001496 seconds
[2018.03.22-17.20.40:256][  0]LogFileCache: Scanning file cache for directory 'C:/Users/mhers/Downloads/WhiteLightningGame-master/WhiteLightningGame-master/WhiteLightning/Saved/Collections/' took 0.01s
[2018.03.22-17.20.40:256][  0]LogFileCache: Scanning file cache for directory 'C:/Users/mhers/Downloads/WhiteLightningGame-master/WhiteLightningGame-master/WhiteLightning/Content/Developers/mhers/Collections/' took 0.01s
[2018.03.22-17.20.40:256][  0]LogFileCache: Scanning file cache for directory 'C:/Users/mhers/Downloads/WhiteLightningGame-master/WhiteLightningGame-master/WhiteLightning/Content/Collections/' took 0.01s
[2018.03.22-17.20.40:256][  0]LogCollectionManager: Rebuilt the GUID cache for 0 collections in 0.000000 seconds
[2018.03.22-17.20.40:266][  0]LogContentBrowser: Native class hierarchy populated in 0.0094 seconds. Added 2363 classes and 519 folders.
[2018.03.22-17.20.40:330][  0]LogContentBrowser: Native class hierarchy updated for 'WidgetCarousel' in 0.0003 seconds. Added 0 classes and 0 folders.
[2018.03.22-17.20.40:366][  0]LogContentBrowser: Native class hierarchy updated for 'AddContentDialog' in 0.0002 seconds. Added 0 classes and 0 folders.
[2018.03.22-17.20.40:410][  0]LogContentBrowser: Native class hierarchy updated for 'SceneOutliner' in 0.0002 seconds. Added 1 classes and 2 folders.
[2018.03.22-17.20.40:476][  0]LogSlate: Took 0.000322 seconds to synchronously load lazily loaded font '../../../Engine/Content/Slate/Fonts/Roboto-Regular.ttf' (155K)
[2018.03.22-17.20.40:479][  0]LogSlate: Took 0.000278 seconds to synchronously load lazily loaded font '../../../Engine/Content/Slate/Fonts/Roboto-Bold.ttf' (160K)
[2018.03.22-17.20.40:487][  0]LogSlate: Took 0.000221 seconds to synchronously load lazily loaded font '../../../Engine/Content/Editor/Slate/Fonts/FontAwesome.ttf' (139K)
[2018.03.22-17.20.40:581][  0]LogRenderer: Reallocating scene render targets to support 1208x580 Format 10 NumSamples 1 (Frame:1).
[2018.03.22-17.20.40:789][  0]LogContentBrowser: Native class hierarchy updated for 'HierarchicalLODOutliner' in 0.0002 seconds. Added 1 classes and 2 folders.
[2018.03.22-17.20.40:789][  0]LogLoad: (Engine Initialization) Total time: 18.78 seconds
[2018.03.22-17.20.40:789][  0]LogLoad: (Engine Initialization) Total Blueprint compile time: 0.00 seconds
[2018.03.22-17.20.40:789][  0]LogExternalProfiler: No external profilers were discovered.  External profiling features will not be available.
[2018.03.22-17.20.40:853][  0]LogContentStreaming: Texture pool size now 1000 MB
[2018.03.22-17.20.40:894][  0]LogSlate: Took 0.000121 seconds to synchronously load lazily loaded font '../../../Engine/Content/Slate/Fonts/Roboto-Light.ttf' (159K)
[2018.03.22-17.20.40:902][  1]LogFileCache: Retrieving MD5 hashes for directory 'C:/Users/mhers/Downloads/WhiteLightningGame-master/WhiteLightningGame-master/WhiteLightning/Content/' took 0.08s
[2018.03.22-17.20.40:909][  1]LogAssetRegistry: Asset discovery search completed in 12.0592 seconds
[2018.03.22-17.20.40:910][  1]LogCollectionManager: Rebuilt the object cache for 0 collections in 0.000000 seconds (found 0 objects)
[2018.03.22-17.20.40:910][  1]LogCollectionManager: Fixed up redirectors for 0 collections in 0.000048 seconds (updated 0 objects)
[2018.03.22-17.21.00:539][153]LogSlate: Took 0.000137 seconds to synchronously load lazily loaded font '../../../Engine/Content/Slate/Fonts/Roboto-Light.ttf' (159K)
[2018.03.22-17.21.01:423][153]LogSavePackage: Save=842.86ms
[2018.03.22-17.21.01:423][153]LogSavePackage: Moving '../../../../../../Users/mhers/Downloads/WhiteLightningGame-master/WhiteLightningGame-master/WhiteLightning/Saved/TutorialCE14EF1E48B64D42604F3E993FFA3DAB.tmp' to '../../../../../../Users/mhers/Downloads/WhiteLightningGame-master/WhiteLightningGame-master/WhiteLightning/Content/WhiteLightning/Levels/Tutorial.umap'
[2018.03.22-17.21.01:426][153]LogSavePackage: Display: Finished SavePackage ../../../../../../Users/mhers/Downloads/WhiteLightningGame-master/WhiteLightningGame-master/WhiteLightning/Content/WhiteLightning/Levels/Tutorial.umap
[2018.03.22-17.21.13:139][749]LogContentBrowser: Native class hierarchy updated for 'BlueprintGraph' in 0.0005 seconds. Added 116 classes and 0 folders.
[2018.03.22-17.21.13:827][749]LogSlate: Took 0.000122 seconds to synchronously load lazily loaded font '../../../Engine/Content/Slate/Fonts/Roboto-Regular.ttf' (155K)
[2018.03.22-17.21.14:046][749]LogRenderer: Reallocating scene render targets to support 1208x720 Format 10 NumSamples 1 (Frame:1).
[2018.03.22-17.21.14:823][785]LogSlate: Took 0.006511 seconds to synchronously load lazily loaded font '../../../Engine/Content/Editor/Slate/Fonts/Roboto-Italic.ttf' (157K)
[2018.03.22-17.21.20:271][ 99]LogSlate: Took 0.000158 seconds to synchronously load lazily loaded font '../../../Engine/Content/Slate/Fonts/Roboto-Light.ttf' (159K)
[2018.03.22-17.21.33:750][907]LogTexture: Display: Building textures: MainCharacterShot (BGRA8, 64X64)
[2018.03.22-17.21.44:780][524]LogTexture: Display: Building textures: MainEnemy (BGRA8, 64X64)
[2018.03.22-17.21.55:086][119]LogTexture: Display: Building textures: MainEnemyIdle (BGRA8, 32X64)
[2018.03.22-17.22.10:872][  8]LogTexture: Display: Building textures: MainEnemyShot (BGRA8, 64X64)
[2018.03.22-17.25.04:550][344]LogSlate: Took 0.007547 seconds to synchronously load lazily loaded font '../../../Engine/Content/Editor/Slate/Fonts/Roboto-BoldCondensed.ttf' (158K)
[2018.03.22-17.25.47:052][856]LogSlate: Took 0.006234 seconds to synchronously load lazily loaded font '../../../Engine/Content/Editor/Slate/Fonts/Roboto-BoldCondensedItalic.ttf' (160K)
[2018.03.22-17.25.51:220][104]BlueprintLog: New page: Compile BP_enemy
[2018.03.22-17.29.03:550][545]BlueprintLog: New page: Compile BP_enemy
[2018.03.22-17.29.12:496][ 64]LogSavePackage: Save=31.18ms
[2018.03.22-17.29.12:496][ 64]LogSavePackage: Moving '../../../../../../Users/mhers/Downloads/WhiteLightningGame-master/WhiteLightningGame-master/WhiteLightning/Saved/BP_enemyCCE6B09140060327948A2097F45020D7.tmp' to '../../../../../../Users/mhers/Downloads/WhiteLightningGame-master/WhiteLightningGame-master/WhiteLightning/Content/WhiteLightning/Characters/BP_enemy.uasset'
[2018.03.22-17.29.12:499][ 64]LogSavePackage: Display: Finished SavePackage ../../../../../../Users/mhers/Downloads/WhiteLightningGame-master/WhiteLightningGame-master/WhiteLightning/Content/WhiteLightning/Characters/BP_enemy.uasset
[2018.03.22-17.31.16:703][505]LogFileHelpers: Editor autosave (incl. sublevels) for '/Game/WhiteLightning/Levels/Tutorial' took 0.018
[2018.03.22-17.31.16:706][505]OBJ SavePackage: Generating thumbnails for [0] asset(s) in package [/Game/WhiteLightning/Levels/Bullet1] ([1] browsable assets)...
[2018.03.22-17.31.16:706][505]OBJ SavePackage: Finished generating thumbnails for package [/Game/WhiteLightning/Levels/Bullet1]
[2018.03.22-17.31.16:733][505]LogSavePackage: Save=14.57ms
[2018.03.22-17.31.16:733][505]LogSavePackage: Moving '../../../../../../Users/mhers/Downloads/WhiteLightningGame-master/WhiteLightningGame-master/WhiteLightning/Saved/Bullet1_Auto1D11778DC4D2126A44AC370A6BA1ABCBE.tmp' to '../../../../../../Users/mhers/Downloads/WhiteLightningGame-master/WhiteLightningGame-master/WhiteLightning/Saved/Autosaves/Game/WhiteLightning/Levels/Bullet1_Auto1.uasset'
[2018.03.22-17.31.16:735][505]LogSavePackage: Display: Finished SavePackage ../../../../../../Users/mhers/Downloads/WhiteLightningGame-master/WhiteLightningGame-master/WhiteLightning/Saved/Autosaves/Game/WhiteLightning/Levels/Bullet1_Auto1.uasset
[2018.03.22-17.31.16:735][505]LogFileHelpers: Auto-saving content packages took 0.030
[2018.03.22-17.38.07:537][645]LogTemp: Repeating last play command: New Editor Window (PIE)
[2018.03.22-17.38.07:590][645]BlueprintLog: New page: Pre-Play auto-recompile
[2018.03.22-17.38.07:599][645]LogPlayLevel: [PlayLevel] Compiling Bullet1 before play...
[2018.03.22-17.38.07:793][645]LogPlayLevel: PlayLevel: Blueprint regeneration took 202 ms (1 blueprints)
[2018.03.22-17.38.07:794][645]PIE: New page: PIE session: Tutorial (Mar 22, 2018, 9:38:07 AM)
[2018.03.22-17.38.07:794][645]LogPlayLevel: Creating play world package: /Game/WhiteLightning/Levels/UEDPIE_0_Tutorial
[2018.03.22-17.38.07:829][645]LogPlayLevel: PIE: StaticDuplicateObject took: (0.035684s)
[2018.03.22-17.38.07:831][645]LogAIModule: Creating AISystem for world Tutorial
[2018.03.22-17.38.07:831][645]LogPlayLevel: PIE: World Init took: (0.001421s)
[2018.03.22-17.38.07:831][645]LogPlayLevel: PIE: Created PIE world by copying editor world from /Game/WhiteLightning/Levels/Tutorial.Tutorial to /Game/WhiteLightning/Levels/UEDPIE_0_Tutorial.Tutorial (0.037882s)
[2018.03.22-17.38.07:855][645]LogInit: XAudio2 using 'Speaker/HP (Realtek High Definition Audio)' : 2 channels at 48 kHz using 32 bits per sample (channel mask 0x3)
[2018.03.22-17.38.07:867][645]LogInit: FAudioDevice initialized.
[2018.03.22-17.38.07:924][645]LogLoad: Game class is 'Tutorial_C'
[2018.03.22-17.38.07:937][645]LogWorld: Bringing World /Game/WhiteLightning/Levels/UEDPIE_0_Tutorial.Tutorial up for play (max tick rate 60) at 2018.03.22-13.38.07
[2018.03.22-17.38.07:938][645]LogWorld: Bringing up level for play took: 0.011962
[2018.03.22-17.38.07:984][645]LogContentBrowser: Native class hierarchy updated for 'MovieSceneCapture' in 0.0003 seconds. Added 11 classes and 0 folders.
[2018.03.22-17.38.08:001][645]PIE: Play in editor start time for /Game/WhiteLightning/Levels/UEDPIE_0_Tutorial 0.991
[2018.03.22-17.38.08:165][645]LogRenderer: Reallocating scene render targets to support 1292x756 Format 10 NumSamples 1 (Frame:1).
[2018.03.22-17.43.23:200][511]LogFileHelpers: Editor autosave (incl. sublevels) for '/Game/WhiteLightning/Levels/Tutorial' took 0.025
[2018.03.22-17.43.23:202][511]OBJ SavePackage: Generating thumbnails for [0] asset(s) in package [/Game/WhiteLightning/Levels/Bullet1] ([1] browsable assets)...
[2018.03.22-17.43.23:202][511]OBJ SavePackage: Finished generating thumbnails for package [/Game/WhiteLightning/Levels/Bullet1]
[2018.03.22-17.43.23:236][511]LogSavePackage: Save=19.87ms
[2018.03.22-17.43.23:236][511]LogSavePackage: Moving '../../../../../../Users/mhers/Downloads/WhiteLightningGame-master/WhiteLightningGame-master/WhiteLightning/Saved/Bullet1_Auto2C332DF5545F22C2378F929B20759379A.tmp' to '../../../../../../Users/mhers/Downloads/WhiteLightningGame-master/WhiteLightningGame-master/WhiteLightning/Saved/Autosaves/Game/WhiteLightning/Levels/Bullet1_Auto2.uasset'
[2018.03.22-17.43.23:238][511]LogSavePackage: Display: Finished SavePackage ../../../../../../Users/mhers/Downloads/WhiteLightningGame-master/WhiteLightningGame-master/WhiteLightning/Saved/Autosaves/Game/WhiteLightning/Levels/Bullet1_Auto2.uasset
[2018.03.22-17.43.23:239][511]OBJ SavePackage: Generating thumbnails for [0] asset(s) in package [/Game/WhiteLightning/Characters/BP_enemy] ([1] browsable assets)...
[2018.03.22-17.43.23:239][511]OBJ SavePackage: Finished generating thumbnails for package [/Game/WhiteLightning/Characters/BP_enemy]
[2018.03.22-17.43.23:285][511]LogSavePackage: Save=30.49ms
[2018.03.22-17.43.23:286][511]LogSavePackage: Moving '../../../../../../Users/mhers/Downloads/WhiteLightningGame-master/WhiteLightningGame-master/WhiteLightning/Saved/BP_enemy_Auto258049F9C43075900F6E449BD9EAE868A.tmp' to '../../../../../../Users/mhers/Downloads/WhiteLightningGame-master/WhiteLightningGame-master/WhiteLightning/Saved/Autosaves/Game/WhiteLightning/Characters/BP_enemy_Auto2.uasset'
[2018.03.22-17.43.23:288][511]LogSavePackage: Display: Finished SavePackage ../../../../../../Users/mhers/Downloads/WhiteLightningGame-master/WhiteLightningGame-master/WhiteLightning/Saved/Autosaves/Game/WhiteLightning/Characters/BP_enemy_Auto2.uasset
[2018.03.22-17.43.23:288][511]LogFileHelpers: Auto-saving content packages took 0.087
[2018.03.22-17.47.37:214][115]LogSavePackage: Save=35.96ms
[2018.03.22-17.47.37:215][115]LogSavePackage: Moving '../../../../../../Users/mhers/Downloads/WhiteLightningGame-master/WhiteLightningGame-master/WhiteLightning/Saved/BP_enemy9CB5C0B74362EC1E3F7ACA8ED9E02476.tmp' to '../../../../../../Users/mhers/Downloads/WhiteLightningGame-master/WhiteLightningGame-master/WhiteLightning/Content/WhiteLightning/Characters/BP_enemy.uasset'
[2018.03.22-17.47.37:221][115]LogSavePackage: Display: Finished SavePackage ../../../../../../Users/mhers/Downloads/WhiteLightningGame-master/WhiteLightningGame-master/WhiteLightning/Content/WhiteLightning/Characters/BP_enemy.uasset
[2018.03.22-17.47.37:762][144]BlueprintLog: New page: Compile BP_enemy
[2018.03.22-17.48.12:967][187]LogSavePackage: Save=17.78ms
[2018.03.22-17.48.12:967][187]LogSavePackage: Moving '../../../../../../Users/mhers/Downloads/WhiteLightningGame-master/WhiteLightningGame-master/WhiteLightning/Saved/Bullet1DA2F5DE748FB481773CDF28EB76F475C.tmp' to '../../../../../../Users/mhers/Downloads/WhiteLightningGame-master/WhiteLightningGame-master/WhiteLightning/Content/WhiteLightning/Levels/Bullet1.uasset'
[2018.03.22-17.48.12:971][187]LogSavePackage: Display: Finished SavePackage ../../../../../../Users/mhers/Downloads/WhiteLightningGame-master/WhiteLightningGame-master/WhiteLightning/Content/WhiteLightning/Levels/Bullet1.uasset
[2018.03.22-17.53.49:881][602]LogFileHelpers: Editor autosave (incl. sublevels) for '/Game/WhiteLightning/Levels/Tutorial' took 0.047
[2018.03.22-17.53.49:884][602]OBJ SavePackage: Generating thumbnails for [0] asset(s) in package [/Game/WhiteLightning/Levels/Bullet1] ([1] browsable assets)...
[2018.03.22-17.53.49:884][602]OBJ SavePackage: Finished generating thumbnails for package [/Game/WhiteLightning/Levels/Bullet1]
[2018.03.22-17.53.49:921][602]LogSavePackage: Save=22.40ms
[2018.03.22-17.53.49:921][602]LogSavePackage: Moving '../../../../../../Users/mhers/Downloads/WhiteLightningGame-master/WhiteLightningGame-master/WhiteLightning/Saved/Bullet1_Auto30D1328044678F63734669AB5181F290C.tmp' to '../../../../../../Users/mhers/Downloads/WhiteLightningGame-master/WhiteLightningGame-master/WhiteLightning/Saved/Autosaves/Game/WhiteLightning/Levels/Bullet1_Auto3.uasset'
[2018.03.22-17.53.49:922][602]LogSavePackage: Display: Finished SavePackage ../../../../../../Users/mhers/Downloads/WhiteLightningGame-master/WhiteLightningGame-master/WhiteLightning/Saved/Autosaves/Game/WhiteLightning/Levels/Bullet1_Auto3.uasset
[2018.03.22-17.53.49:922][602]LogFileHelpers: Auto-saving content packages took 0.040
[2018.03.22-18.30.18:828][201]LogFileHelpers: Editor autosave (incl. sublevels) for '/Game/WhiteLightning/Levels/Tutorial' took 0.024
[2018.03.22-18.30.18:829][201]OBJ SavePackage: Generating thumbnails for [0] asset(s) in package [/Game/WhiteLightning/Levels/Bullet1] ([1] browsable assets)...
[2018.03.22-18.30.18:830][201]OBJ SavePackage: Finished generating thumbnails for package [/Game/WhiteLightning/Levels/Bullet1]
[2018.03.22-18.30.18:864][201]LogSavePackage: Save=21.03ms
[2018.03.22-18.30.18:864][201]LogSavePackage: Moving '../../../../../../Users/mhers/Downloads/WhiteLightningGame-master/WhiteLightningGame-master/WhiteLightning/Saved/Bullet1_Auto4C1DADF2741F57194F973E2880CEB9D73.tmp' to '../../../../../../Users/mhers/Downloads/WhiteLightningGame-master/WhiteLightningGame-master/WhiteLightning/Saved/Autosaves/Game/WhiteLightning/Levels/Bullet1_Auto4.uasset'
[2018.03.22-18.30.18:867][201]LogSavePackage: Display: Finished SavePackage ../../../../../../Users/mhers/Downloads/WhiteLightningGame-master/WhiteLightningGame-master/WhiteLightning/Saved/Autosaves/Game/WhiteLightning/Levels/Bullet1_Auto4.uasset
[2018.03.22-18.30.18:867][201]LogFileHelpers: Auto-saving content packages took 0.039
[2018.03.22-18.31.07:325][671]LogSavePackage: Save=22.51ms
[2018.03.22-18.31.07:325][671]LogSavePackage: Moving '../../../../../../Users/mhers/Downloads/WhiteLightningGame-master/WhiteLightningGame-master/WhiteLightning/Saved/Bullet17060E17A4F363D778BD8FF924BDA44EB.tmp' to '../../../../../../Users/mhers/Downloads/WhiteLightningGame-master/WhiteLightningGame-master/WhiteLightning/Content/WhiteLightning/Levels/Bullet1.uasset'
[2018.03.22-18.31.07:331][671]LogSavePackage: Display: Finished SavePackage ../../../../../../Users/mhers/Downloads/WhiteLightningGame-master/WhiteLightningGame-master/WhiteLightning/Content/WhiteLightning/Levels/Bullet1.uasset
[2018.03.22-18.31.08:301][737]LogSavePackage: Save=22.23ms
[2018.03.22-18.31.08:301][737]LogSavePackage: Moving '../../../../../../Users/mhers/Downloads/WhiteLightningGame-master/WhiteLightningGame-master/WhiteLightning/Saved/Bullet1E98901C742D038B172347A8F409B017A.tmp' to '../../../../../../Users/mhers/Downloads/WhiteLightningGame-master/WhiteLightningGame-master/WhiteLightning/Content/WhiteLightning/Levels/Bullet1.uasset'
[2018.03.22-18.31.08:303][737]LogSavePackage: Display: Finished SavePackage ../../../../../../Users/mhers/Downloads/WhiteLightningGame-master/WhiteLightningGame-master/WhiteLightning/Content/WhiteLightning/Levels/Bullet1.uasset
[2018.03.22-18.31.09:452][819]BlueprintLog: New page: Compile Bullet1
[2018.03.22-18.33.29:210][712]LogSavePackage: Save=24.48ms
[2018.03.22-18.33.29:210][712]LogSavePackage: Moving '../../../../../../Users/mhers/Downloads/WhiteLightningGame-master/WhiteLightningGame-master/WhiteLightning/Saved/Bullet1C9D8F0524904E3B3F30394A7A9ED0A67.tmp' to '../../../../../../Users/mhers/Downloads/WhiteLightningGame-master/WhiteLightningGame-master/WhiteLightning/Content/WhiteLightning/Levels/Bullet1.uasset'
[2018.03.22-18.33.29:214][712]LogSavePackage: Display: Finished SavePackage ../../../../../../Users/mhers/Downloads/WhiteLightningGame-master/WhiteLightningGame-master/WhiteLightning/Content/WhiteLightning/Levels/Bullet1.uasset
[2018.03.22-18.33.30:027][768]BlueprintLog: New page: Compile Bullet1
[2018.03.22-18.33.52:186][705]LogTemp: Repeating last play command: New Editor Window (PIE)
[2018.03.22-18.33.52:213][705]LogPlayLevel: PlayLevel: No blueprints needed recompiling
[2018.03.22-18.33.52:213][705]PIE: New page: PIE session: Tutorial (Mar 22, 2018, 10:33:52 AM)
[2018.03.22-18.33.52:213][705]LogPlayLevel: Creating play world package: /Game/WhiteLightning/Levels/UEDPIE_0_Tutorial
[2018.03.22-18.33.52:256][705]LogPlayLevel: PIE: StaticDuplicateObject took: (0.043108s)
[2018.03.22-18.33.52:257][705]LogAIModule: Creating AISystem for world Tutorial
[2018.03.22-18.33.52:257][705]LogPlayLevel: PIE: World Init took: (0.001239s)
[2018.03.22-18.33.52:258][705]LogPlayLevel: PIE: Created PIE world by copying editor world from /Game/WhiteLightning/Levels/Tutorial.Tutorial to /Game/WhiteLightning/Levels/UEDPIE_0_Tutorial.Tutorial (0.045007s)
[2018.03.22-18.33.52:282][705]LogInit: XAudio2 using 'Speaker/HP (Realtek High Definition Audio)' : 2 channels at 48 kHz using 32 bits per sample (channel mask 0x3)
[2018.03.22-18.33.52:292][705]LogInit: FAudioDevice initialized.
[2018.03.22-18.33.52:341][705]LogLoad: Game class is 'Tutorial_C'
[2018.03.22-18.33.52:352][705]LogWorld: Bringing World /Game/WhiteLightning/Levels/UEDPIE_0_Tutorial.Tutorial up for play (max tick rate 0) at 2018.03.22-14.33.52
[2018.03.22-18.33.52:353][705]LogWorld: Bringing up level for play took: 0.011118
[2018.03.22-18.33.52:361][705]PIE: Play in editor start time for /Game/WhiteLightning/Levels/UEDPIE_0_Tutorial -0.637
[2018.03.22-18.34.00:844][238]LogBlueprintUserMessages: [BP_enemy_546] 99.900002
[2018.03.22-18.34.01:838][298]LogBlueprintUserMessages: [BP_enemy_546] 99.800003
[2018.03.22-18.34.02:966][370]LogBlueprintUserMessages: [BP_enemy_546] 99.700005
[2018.03.22-18.34.03:386][397]LogBlueprintUserMessages: [BP_enemy_546] 99.600006
[2018.03.22-18.34.03:755][418]LogBlueprintUserMessages: [BP_enemy_546] 99.500008
[2018.03.22-18.34.04:109][438]LogBlueprintUserMessages: [BP_enemy_546] 99.400009
[2018.03.22-18.34.04:446][459]LogBlueprintUserMessages: [BP_enemy_546] 99.300011
[2018.03.22-18.34.04:810][481]LogBlueprintUserMessages: [BP_enemy_546] 99.200012
[2018.03.22-18.34.05:125][500]LogBlueprintUserMessages: [BP_enemy_546] 99.100014
[2018.03.22-18.34.05:454][520]LogBlueprintUserMessages: [BP_enemy_546] 99.000015
[2018.03.22-18.34.05:733][535]LogBlueprintUserMessages: [BP_enemy_546] 98.900017
[2018.03.22-18.34.06:024][554]LogBlueprintUserMessages: [BP_enemy_546] 98.800018
[2018.03.22-18.34.06:254][567]LogBlueprintUserMessages: [BP_enemy_546] 98.70002
[2018.03.22-18.34.06:495][580]LogBlueprintUserMessages: [BP_enemy_546] 98.600021
[2018.03.22-18.34.06:704][592]LogBlueprintUserMessages: [BP_enemy_546] 98.500023
[2018.03.22-18.34.06:895][604]LogBlueprintUserMessages: [BP_enemy_546] 98.400024
[2018.03.22-18.34.07:093][616]LogBlueprintUserMessages: [BP_enemy_546] 98.300026
[2018.03.22-18.34.07:689][652]LogBlueprintUserMessages: [BP_enemy_546] 98.200027
[2018.03.22-18.34.07:814][658]LogBlueprintUserMessages: [BP_enemy_546] 98.100029
[2018.03.22-18.34.07:977][666]LogBlueprintUserMessages: [BP_enemy_546] 98.000031
[2018.03.22-18.34.08:125][676]LogBlueprintUserMessages: [BP_enemy_546] 97.900032
[2018.03.22-18.34.08:292][685]LogBlueprintUserMessages: [BP_enemy_546] 97.800034
[2018.03.22-18.34.08:426][692]LogBlueprintUserMessages: [BP_enemy_546] 97.700035
[2018.03.22-18.34.08:570][699]LogBlueprintUserMessages: [BP_enemy_546] 97.600037
[2018.03.22-18.34.08:720][706]LogBlueprintUserMessages: [BP_enemy_546] 97.500038
[2018.03.22-18.34.08:875][715]LogBlueprintUserMessages: [BP_enemy_546] 97.40004
[2018.03.22-18.34.08:999][721]LogBlueprintUserMessages: [BP_enemy_546] 97.300041
[2018.03.22-18.34.09:142][729]LogBlueprintUserMessages: [BP_enemy_546] 97.200043
[2018.03.22-18.34.09:301][738]LogBlueprintUserMessages: [BP_enemy_546] 97.100044
[2018.03.22-18.34.09:442][747]LogBlueprintUserMessages: [BP_enemy_546] 97.000046
[2018.03.22-18.34.09:593][756]LogBlueprintUserMessages: [BP_enemy_546] 96.900047
[2018.03.22-18.34.09:715][762]LogBlueprintUserMessages: [BP_enemy_546] 96.800049
[2018.03.22-18.34.09:876][773]LogBlueprintUserMessages: [BP_enemy_546] 96.70005
[2018.03.22-18.34.10:025][781]LogBlueprintUserMessages: [BP_enemy_546] 96.600052
[2018.03.22-18.34.10:186][791]LogBlueprintUserMessages: [BP_enemy_546] 96.500053
[2018.03.22-18.34.11:344][860]LogBlueprintUserMessages: [BP_enemy_546] 96.400055
[2018.03.22-18.34.12:939][960]LogBlueprintUserMessages: [BP_enemy_546] 96.300056
[2018.03.22-18.34.13:267][979]LogBlueprintUserMessages: [BP_enemy_546] 96.200058
[2018.03.22-18.34.13:411][987]LogBlueprintUserMessages: [BP_enemy_546] 96.10006
[2018.03.22-18.34.13:574][995]LogBlueprintUserMessages: [BP_enemy_546] 96.000061
[2018.03.22-18.34.13:741][  5]LogBlueprintUserMessages: [BP_enemy_546] 95.900063
[2018.03.22-18.34.13:918][ 16]LogBlueprintUserMessages: [BP_enemy_546] 95.800064
[2018.03.22-18.34.33:741][472]LogSavePackage: Save=29.19ms
[2018.03.22-18.34.33:741][472]LogSavePackage: Moving '../../../../../../Users/mhers/Downloads/WhiteLightningGame-master/WhiteLightningGame-master/WhiteLightning/Saved/BP_enemyC0D5B63E4D8F43C66254E3A862F04C72.tmp' to '../../../../../../Users/mhers/Downloads/WhiteLightningGame-master/WhiteLightningGame-master/WhiteLightning/Content/WhiteLightning/Characters/BP_enemy.uasset'
[2018.03.22-18.34.33:745][472]LogSavePackage: Display: Finished SavePackage ../../../../../../Users/mhers/Downloads/WhiteLightningGame-master/WhiteLightningGame-master/WhiteLightning/Content/WhiteLightning/Characters/BP_enemy.uasset
[2018.03.22-18.34.34:406][514]LogSavePackage: Save=30.84ms
[2018.03.22-18.34.34:406][514]LogSavePackage: Moving '../../../../../../Users/mhers/Downloads/WhiteLightningGame-master/WhiteLightningGame-master/WhiteLightning/Saved/BP_enemyE30B0932447F780D45E708BEAD07A623.tmp' to '../../../../../../Users/mhers/Downloads/WhiteLightningGame-master/WhiteLightningGame-master/WhiteLightning/Content/WhiteLightning/Characters/BP_enemy.uasset'
[2018.03.22-18.34.34:408][514]LogSavePackage: Display: Finished SavePackage ../../../../../../Users/mhers/Downloads/WhiteLightningGame-master/WhiteLightningGame-master/WhiteLightning/Content/WhiteLightning/Characters/BP_enemy.uasset
[2018.03.22-18.34.34:993][556]BlueprintLog: New page: Compile BP_enemy
[2018.03.22-18.34.38:042][792]LogTemp: Repeating last play command: New Editor Window (PIE)
[2018.03.22-18.34.38:071][792]LogPlayLevel: PlayLevel: No blueprints needed recompiling
[2018.03.22-18.34.38:071][792]PIE: New page: PIE session: Tutorial (Mar 22, 2018, 10:34:38 AM)
[2018.03.22-18.34.38:071][792]LogPlayLevel: Creating play world package: /Game/WhiteLightning/Levels/UEDPIE_0_Tutorial
[2018.03.22-18.34.38:107][792]LogPlayLevel: PIE: StaticDuplicateObject took: (0.035692s)
[2018.03.22-18.34.38:108][792]LogAIModule: Creating AISystem for world Tutorial
[2018.03.22-18.34.38:108][792]LogPlayLevel: PIE: World Init took: (0.001185s)
[2018.03.22-18.34.38:109][792]LogPlayLevel: PIE: Created PIE world by copying editor world from /Game/WhiteLightning/Levels/Tutorial.Tutorial to /Game/WhiteLightning/Levels/UEDPIE_0_Tutorial.Tutorial (0.037552s)
[2018.03.22-18.34.38:131][792]LogInit: XAudio2 using 'Speaker/HP (Realtek High Definition Audio)' : 2 channels at 48 kHz using 32 bits per sample (channel mask 0x3)
[2018.03.22-18.34.38:142][792]LogInit: FAudioDevice initialized.
[2018.03.22-18.34.38:186][792]LogLoad: Game class is 'Tutorial_C'
[2018.03.22-18.34.38:198][792]LogWorld: Bringing World /Game/WhiteLightning/Levels/UEDPIE_0_Tutorial.Tutorial up for play (max tick rate 0) at 2018.03.22-14.34.38
[2018.03.22-18.34.38:200][792]LogWorld: Bringing up level for play took: 0.013035
[2018.03.22-18.34.38:208][792]PIE: Play in editor start time for /Game/WhiteLightning/Levels/UEDPIE_0_Tutorial -0.79
[2018.03.22-18.34.43:957][152]LogBlueprintUserMessages: [BP_enemy_546] 0.9
[2018.03.22-18.34.44:505][187]LogBlueprintUserMessages: [BP_enemy_546] 0.8
[2018.03.22-18.34.44:890][211]LogBlueprintUserMessages: [BP_enemy_546] 0.7
[2018.03.22-18.34.45:346][241]LogBlueprintUserMessages: [BP_enemy_546] 0.6
[2018.03.22-18.34.45:703][262]LogBlueprintUserMessages: [BP_enemy_546] 0.5
[2018.03.22-18.34.46:046][282]LogBlueprintUserMessages: [BP_enemy_546] 0.4
[2018.03.22-18.34.47:168][351]LogBlueprintUserMessages: [BP_enemy_546] 0.3
[2018.03.22-18.34.47:615][380]LogBlueprintUserMessages: [BP_enemy_546] 0.2
[2018.03.22-18.34.48:038][406]LogBlueprintUserMessages: [BP_enemy_546] 0.1
[2018.03.22-18.34.51:498][656]LogTemp: Repeating last play command: New Editor Window (PIE)
[2018.03.22-18.34.51:523][656]LogPlayLevel: PlayLevel: No blueprints needed recompiling
[2018.03.22-18.34.51:523][656]PIE: New page: PIE session: Tutorial (Mar 22, 2018, 10:34:51 AM)
[2018.03.22-18.34.51:523][656]LogPlayLevel: Creating play world package: /Game/WhiteLightning/Levels/UEDPIE_0_Tutorial
[2018.03.22-18.34.51:557][656]LogPlayLevel: PIE: StaticDuplicateObject took: (0.034285s)
[2018.03.22-18.34.51:558][656]LogAIModule: Creating AISystem for world Tutorial
[2018.03.22-18.34.51:559][656]LogPlayLevel: PIE: World Init took: (0.001199s)
[2018.03.22-18.34.51:559][656]LogPlayLevel: PIE: Created PIE world by copying editor world from /Game/WhiteLightning/Levels/Tutorial.Tutorial to /Game/WhiteLightning/Levels/UEDPIE_0_Tutorial.Tutorial (0.036219s)
[2018.03.22-18.34.51:580][656]LogInit: XAudio2 using 'Speaker/HP (Realtek High Definition Audio)' : 2 channels at 48 kHz using 32 bits per sample (channel mask 0x3)
[2018.03.22-18.34.51:590][656]LogInit: FAudioDevice initialized.
[2018.03.22-18.34.51:637][656]LogLoad: Game class is 'Tutorial_C'
[2018.03.22-18.34.51:648][656]LogWorld: Bringing World /Game/WhiteLightning/Levels/UEDPIE_0_Tutorial.Tutorial up for play (max tick rate 0) at 2018.03.22-14.34.51
[2018.03.22-18.34.51:649][656]LogWorld: Bringing up level for play took: 0.010948
[2018.03.22-18.34.51:656][656]PIE: Play in editor start time for /Game/WhiteLightning/Levels/UEDPIE_0_Tutorial 0.658
[2018.03.22-18.35.40:642][785]LogBlueprintUserMessages: [BP_enemy_546] 0.9
[2018.03.22-18.35.40:810][793]LogBlueprintUserMessages: [BP_enemy_546] 0.8
[2018.03.22-18.35.40:970][804]LogBlueprintUserMessages: [BP_enemy_546] 0.7
[2018.03.22-18.35.41:103][813]LogBlueprintUserMessages: [BP_enemy_546] 0.6
[2018.03.22-18.35.41:262][823]LogBlueprintUserMessages: [BP_enemy_546] 0.5
[2018.03.22-18.35.41:386][831]LogBlueprintUserMessages: [BP_enemy_546] 0.4
[2018.03.22-18.35.41:537][840]LogBlueprintUserMessages: [BP_enemy_546] 0.3
[2018.03.22-18.35.41:692][849]LogBlueprintUserMessages: [BP_enemy_546] 0.2
[2018.03.22-18.35.41:808][856]LogBlueprintUserMessages: [BP_enemy_546] 0.1
[2018.03.22-18.36.08:986][ 80]LogSavePackage: Save=31.08ms
[2018.03.22-18.36.08:986][ 80]LogSavePackage: Moving '../../../../../../Users/mhers/Downloads/WhiteLightningGame-master/WhiteLightningGame-master/WhiteLightning/Saved/BP_enemy6ABDDABC49A4BD1D2082059901DFF0D2.tmp' to '../../../../../../Users/mhers/Downloads/WhiteLightningGame-master/WhiteLightningGame-master/WhiteLightning/Content/WhiteLightning/Characters/BP_enemy.uasset'
[2018.03.22-18.36.08:988][ 80]LogSavePackage: Display: Finished SavePackage ../../../../../../Users/mhers/Downloads/WhiteLightningGame-master/WhiteLightningGame-master/WhiteLightning/Content/WhiteLightning/Characters/BP_enemy.uasset
[2018.03.22-18.36.09:339][105]BlueprintLog: New page: Compile BP_enemy
[2018.03.22-18.36.24:132][261]LogSavePackage: Save=29.31ms
[2018.03.22-18.36.24:132][261]LogSavePackage: Moving '../../../../../../Users/mhers/Downloads/WhiteLightningGame-master/WhiteLightningGame-master/WhiteLightning/Saved/BP_enemy6CE3800341F8B6BD60FF9F8390294F83.tmp' to '../../../../../../Users/mhers/Downloads/WhiteLightningGame-master/WhiteLightningGame-master/WhiteLightning/Content/WhiteLightning/Characters/BP_enemy.uasset'
[2018.03.22-18.36.24:137][261]LogSavePackage: Display: Finished SavePackage ../../../../../../Users/mhers/Downloads/WhiteLightningGame-master/WhiteLightningGame-master/WhiteLightning/Content/WhiteLightning/Characters/BP_enemy.uasset
[2018.03.22-18.36.24:427][282]BlueprintLog: New page: Compile BP_enemy
[2018.03.22-18.36.26:326][375]LogSavePackage: Save=144.92ms
[2018.03.22-18.36.26:326][375]LogSavePackage: Moving '../../../../../../Users/mhers/Downloads/WhiteLightningGame-master/WhiteLightningGame-master/WhiteLightning/Saved/MainCharacterC2D5F2034269F26A22D9FBB519C5D027.tmp' to '../../../../../../Users/mhers/Downloads/WhiteLightningGame-master/WhiteLightningGame-master/WhiteLightning/Content/WhiteLightning/Characters/MainCharacter.uasset'
[2018.03.22-18.36.26:328][375]LogSavePackage: Display: Finished SavePackage ../../../../../../Users/mhers/Downloads/WhiteLightningGame-master/WhiteLightningGame-master/WhiteLightning/Content/WhiteLightning/Characters/MainCharacter.uasset
[2018.03.22-18.36.27:342][443]LogSavePackage: Save=25.06ms
[2018.03.22-18.36.27:342][443]LogSavePackage: Moving '../../../../../../Users/mhers/Downloads/WhiteLightningGame-master/WhiteLightningGame-master/WhiteLightning/Saved/Bullet1995D8E5B4E1451661A2D08A3550B68DA.tmp' to '../../../../../../Users/mhers/Downloads/WhiteLightningGame-master/WhiteLightningGame-master/WhiteLightning/Content/WhiteLightning/Levels/Bullet1.uasset'
[2018.03.22-18.36.27:344][443]LogSavePackage: Display: Finished SavePackage ../../../../../../Users/mhers/Downloads/WhiteLightningGame-master/WhiteLightningGame-master/WhiteLightning/Content/WhiteLightning/Levels/Bullet1.uasset
[2018.03.22-18.36.37:368][375]LogSavePackage: Save=874.86ms
[2018.03.22-18.36.37:368][375]LogSavePackage: Moving '../../../../../../Users/mhers/Downloads/WhiteLightningGame-master/WhiteLightningGame-master/WhiteLightning/Saved/Tutorial2EC0DFDA4DB9A22CDD0BFA95E74E890B.tmp' to '../../../../../../Users/mhers/Downloads/WhiteLightningGame-master/WhiteLightningGame-master/WhiteLightning/Content/WhiteLightning/Levels/Tutorial.umap'
[2018.03.22-18.36.37:373][375]LogSavePackage: Display: Finished SavePackage ../../../../../../Users/mhers/Downloads/WhiteLightningGame-master/WhiteLightningGame-master/WhiteLightning/Content/WhiteLightning/Levels/Tutorial.umap
[2018.03.22-18.36.37:414][375]LogFileHelpers: Saving map 'Tutorial' took 1.011
[2018.03.22-18.36.40:176][663]LogActorComponent: UnregisterComponent: (/Engine/Transient.EditorFloorComp) Not registered. Aborting.
[2018.03.22-18.36.40:236][663]LogActorComponent: UnregisterComponent: (/Engine/Transient.EditorFloorComp) Not registered. Aborting.
[2018.03.22-18.36.40:291][663]LogWindowsTextInputMethodSystem: Display: IME system now deactivated.
[2018.03.22-18.36.40:291][663]LogWindowsTextInputMethodSystem: Display: IME system now deactivated.
[2018.03.22-18.36.40:525][664]Cmd: QUIT_EDITOR
[2018.03.22-18.36.40:908][664]LogExit: Preparing to exit.
[2018.03.22-18.36.41:484][664]LogDirectoryWatcher: A directory notification for 'C:/Users/mhers/Downloads/WhiteLightningGame-master/WhiteLightningGame-master/WhiteLightning/Content/' was aborted.
[2018.03.22-18.36.41:520][664]LogExit: Editor shut down
[2018.03.22-18.36.41:531][664]LogExit: Transaction tracking system shut down
[2018.03.22-18.36.41:679][664]LogDirectoryWatcher: A directory notification for '../../../Engine/Content/' was aborted.
[2018.03.22-18.36.41:679][664]LogDirectoryWatcher: A directory notification for '../../../../../../Users/mhers/Downloads/WhiteLightningGame-master/WhiteLightningGame-master/WhiteLightning/Content/' was aborted.
[2018.03.22-18.36.41:679][664]LogDirectoryWatcher: A directory notification for '../../../Engine/Plugins/2D/Paper2D/Content/' was aborted.
[2018.03.22-18.36.41:679][664]LogDirectoryWatcher: A directory notification for '../../../Engine/Plugins/Media/MediaCompositing/Content/' was aborted.
[2018.03.22-18.36.41:679][664]LogDirectoryWatcher: A directory notification for '../../../Engine/Plugins/Runtime/AppleARKit/Content/' was aborted.
[2018.03.22-18.36.41:680][664]LogDirectoryWatcher: A directory notification for '../../../Engine/Plugins/Runtime/Oculus/OculusVR/Content/' was aborted.
[2018.03.22-18.36.41:680][664]LogDirectoryWatcher: A directory notification for '../../../Engine/Plugins/Runtime/Steam/SteamVR/Content/' was aborted.
[2018.03.22-18.36.41:751][664]LogExit: Object subsystem successfully closed.
[2018.03.22-18.36.41:771][664]LogD3D11RHI: Shutdown
[2018.03.22-18.36.41:771][664]LogD3D11RHI: CleanupD3DDevice
[2018.03.22-18.36.41:775][664]LogD3D11RHI: ~FD3D11DynamicRHI
[2018.03.22-18.36.41:788][664]LogModuleManager: Shutting down and abandoning module MovieSceneCapture (552)
[2018.03.22-18.36.41:788][664]LogModuleManager: Shutting down and abandoning module BlueprintGraph (550)
[2018.03.22-18.36.41:788][664]LogModuleManager: Shutting down and abandoning module HierarchicalLODOutliner (548)
[2018.03.22-18.36.41:788][664]LogModuleManager: Shutting down and abandoning module SceneOutliner (546)
[2018.03.22-18.36.41:788][664]LogModuleManager: Shutting down and abandoning module AddContentDialog (544)
[2018.03.22-18.36.41:788][664]LogDirectoryWatcher: A directory notification for 'C:/Program Files/Epic Games/UE_4.18/FeaturePacks/' was aborted.
[2018.03.22-18.36.41:789][664]LogModuleManager: Shutting down and abandoning module WidgetCarousel (543)
[2018.03.22-18.36.41:789][664]LogModuleManager: Shutting down and abandoning module EditorWidgets (540)
[2018.03.22-18.36.41:789][664]LogModuleManager: Shutting down and abandoning module CollectionManager (538)
[2018.03.22-18.36.41:789][664]LogDirectoryWatcher: A directory notification for 'C:/Users/mhers/Downloads/WhiteLightningGame-master/WhiteLightningGame-master/WhiteLightning/Content/Collections/' was aborted.
[2018.03.22-18.36.41:789][664]LogDirectoryWatcher: A directory notification for 'C:/Users/mhers/Downloads/WhiteLightningGame-master/WhiteLightningGame-master/WhiteLightning/Content/Developers/mhers/Collections/' was aborted.
[2018.03.22-18.36.41:789][664]LogDirectoryWatcher: A directory notification for 'C:/Users/mhers/Downloads/WhiteLightningGame-master/WhiteLightningGame-master/WhiteLightning/Saved/Collections/' was aborted.
[2018.03.22-18.36.41:789][664]LogModuleManager: Shutting down and abandoning module StatsViewer (536)
[2018.03.22-18.36.41:790][664]LogModuleManager: Shutting down and abandoning module FoliageEdit (534)
[2018.03.22-18.36.41:790][664]LogModuleManager: Shutting down and abandoning module LandscapeEditor (532)
[2018.03.22-18.36.41:790][664]LogModuleManager: Shutting down and abandoning module MeshPaintMode (530)
[2018.03.22-18.36.41:790][664]LogModuleManager: Shutting down and abandoning module SceneDepthPickerMode (528)
[2018.03.22-18.36.41:790][664]LogModuleManager: Shutting down and abandoning module ActorPickerMode (526)
[2018.03.22-18.36.41:790][664]LogModuleManager: Shutting down and abandoning module GeometryMode (524)
[2018.03.22-18.36.41:790][664]LogModuleManager: Shutting down and abandoning module TextureAlignMode (522)
[2018.03.22-18.36.41:790][664]LogModuleManager: Shutting down and abandoning module BspMode (520)
[2018.03.22-18.36.41:790][664]LogModuleManager: Shutting down and abandoning module PIEPreviewDeviceProfileSelector (518)
[2018.03.22-18.36.41:790][664]LogModuleManager: Shutting down and abandoning module HardwareSurvey (516)
[2018.03.22-18.36.41:790][664]LogModuleManager: Shutting down and abandoning module SequenceRecorderSections (514)
[2018.03.22-18.36.41:790][664]LogModuleManager: Shutting down and abandoning module AutomationWorker (512)
[2018.03.22-18.36.41:790][664]LogModuleManager: Shutting down and abandoning module MatineeToLevelSequence (510)
[2018.03.22-18.36.41:790][664]LogModuleManager: Shutting down and abandoning module LevelSequenceEditor (508)
[2018.03.22-18.36.41:790][664]LogModuleManager: Shutting down and abandoning module PlacementMode (507)
[2018.03.22-18.36.41:790][664]LogModuleManager: Shutting down and abandoning module WmfMediaFactory (504)
[2018.03.22-18.36.41:790][664]LogModuleManager: Shutting down and abandoning module WmfMediaEditor (502)
[2018.03.22-18.36.41:790][664]LogModuleManager: Shutting down and abandoning module OpenExrWrapper (500)
[2018.03.22-18.36.41:790][664]LogModuleManager: Shutting down and abandoning module ImgMediaFactory (498)
[2018.03.22-18.36.41:790][664]LogModuleManager: Shutting down and abandoning module ImgMediaEditor (496)
[2018.03.22-18.36.41:790][664]LogModuleManager: Shutting down and abandoning module AvfMediaFactory (494)
[2018.03.22-18.36.41:790][664]LogModuleManager: Shutting down and abandoning module AvfMediaEditor (492)
[2018.03.22-18.36.41:790][664]LogModuleManager: Shutting down and abandoning module AndroidMediaFactory (490)
[2018.03.22-18.36.41:790][664]LogModuleManager: Shutting down and abandoning module AndroidMediaEditor (488)
[2018.03.22-18.36.41:790][664]LogModuleManager: Shutting down and abandoning module CharacterAI (486)
[2018.03.22-18.36.41:790][664]LogModuleManager: Shutting down and abandoning module AudioCapture (484)
[2018.03.22-18.36.41:790][664]LogModuleManager: Shutting down and abandoning module SequenceRecorder (483)
[2018.03.22-18.36.41:790][664]LogModuleManager: Shutting down and abandoning module SmartSnapping (480)
[2018.03.22-18.36.41:790][664]LogModuleManager: Shutting down and abandoning module SessionServices (478)
[2018.03.22-18.36.41:790][664]LogModuleManager: Shutting down and abandoning module ViewportSnapping (476)
[2018.03.22-18.36.41:790][664]LogModuleManager: Shutting down and abandoning module ViewportInteraction (474)
[2018.03.22-18.36.41:790][664]LogModuleManager: Shutting down and abandoning module ClothPainter (472)
[2018.03.22-18.36.41:790][664]LogModuleManager: Shutting down and abandoning module SkeletalMeshEditor (471)
[2018.03.22-18.36.41:790][664]LogModuleManager: Shutting down and abandoning module LogVisualizer (468)
[2018.03.22-18.36.41:790][664]LogModuleManager: Shutting down and abandoning module IntroTutorials (466)
[2018.03.22-18.36.41:790][664]LogModuleManager: Shutting down and abandoning module GameProjectGeneration (465)
[2018.03.22-18.36.41:790][664]LogModuleManager: Shutting down and abandoning module IOSPlatformEditor (462)
[2018.03.22-18.36.41:791][664]LogModuleManager: Shutting down and abandoning module HTML5PlatformEditor (460)
[2018.03.22-18.36.41:791][664]LogModuleManager: Shutting down and abandoning module AndroidPlatformEditor (458)
[2018.03.22-18.36.41:791][664]LogModuleManager: Shutting down and abandoning module AndroidDeviceDetection (457)
[2018.03.22-18.36.41:814][664]LogModuleManager: Shutting down and abandoning module WindowsPlatformEditor (454)
[2018.03.22-18.36.41:814][664]LogModuleManager: Shutting down and abandoning module IOSRuntimeSettings (452)
[2018.03.22-18.36.41:814][664]LogModuleManager: Shutting down and abandoning module AndroidRuntimeSettings (450)
[2018.03.22-18.36.41:814][664]LogModuleManager: Shutting down and abandoning module InputBindingEditor (448)
[2018.03.22-18.36.41:814][664]LogModuleManager: Shutting down and abandoning module MergeActors (446)
[2018.03.22-18.36.41:814][664]LogModuleManager: Shutting down and abandoning module SizeMap (444)
[2018.03.22-18.36.41:814][664]LogModuleManager: Shutting down and abandoning module TreeMap (442)
[2018.03.22-18.36.41:814][664]LogModuleManager: Shutting down and abandoning module ReferenceViewer (440)
[2018.03.22-18.36.41:814][664]LogModuleManager: Shutting down and abandoning module LocalizationDashboard (438)
[2018.03.22-18.36.41:814][664]LogModuleManager: Shutting down and abandoning module LocalizationService (437)
[2018.03.22-18.36.41:814][664]LogModuleManager: Shutting down and abandoning module HardwareTargeting (434)
[2018.03.22-18.36.41:814][664]LogModuleManager: Shutting down and abandoning module DeviceProfileEditor (432)
[2018.03.22-18.36.41:814][664]LogModuleManager: Shutting down and abandoning module UndoHistory (430)
[2018.03.22-18.36.41:814][664]LogModuleManager: Shutting down and abandoning module XmlParser (428)
[2018.03.22-18.36.41:814][664]LogModuleManager: Shutting down and abandoning module Blutility (426)
[2018.03.22-18.36.41:814][664]LogModuleManager: Shutting down and abandoning module ProjectSettingsViewer (424)
[2018.03.22-18.36.41:814][664]LogModuleManager: Shutting down and abandoning module ProjectTargetPlatformEditor (423)
[2018.03.22-18.36.41:814][664]LogModuleManager: Shutting down and abandoning module EditorSettingsViewer (420)
[2018.03.22-18.36.41:814][664]LogModuleManager: Shutting down and abandoning module SettingsEditor (418)
[2018.03.22-18.36.41:814][664]LogModuleManager: Shutting down and abandoning module ProjectLauncher (416)
[2018.03.22-18.36.41:814][664]LogModuleManager: Shutting down and abandoning module SessionFrontend (414)
[2018.03.22-18.36.41:814][664]LogModuleManager: Shutting down and abandoning module ProfilerClient (412)
[2018.03.22-18.36.41:814][664]LogModuleManager: Shutting down and abandoning module DeviceManager (410)
[2018.03.22-18.36.41:814][664]LogModuleManager: Shutting down and abandoning module TargetDeviceServices (409)
[2018.03.22-18.36.41:878][664]LogModuleManager: Shutting down and abandoning module AutomationController (406)
[2018.03.22-18.36.41:878][664]LogModuleManager: Shutting down and abandoning module AutomationWindow (404)
[2018.03.22-18.36.41:878][664]LogModuleManager: Shutting down and abandoning module Layers (402)
[2018.03.22-18.36.41:878][664]LogModuleManager: Shutting down and abandoning module ComponentVisualizers (400)
[2018.03.22-18.36.41:878][664]LogModuleManager: Shutting down and abandoning module DetailCustomizations (398)
[2018.03.22-18.36.41:878][664]LogModuleManager: Shutting down and abandoning module PackagesDialog (396)
[2018.03.22-18.36.41:878][664]LogModuleManager: Shutting down and abandoning module Persona (394)
[2018.03.22-18.36.41:878][664]LogModuleManager: Shutting down and abandoning module AdvancedPreviewScene (393)
[2018.03.22-18.36.41:878][664]LogModuleManager: Shutting down and abandoning module AnimGraph (391)
[2018.03.22-18.36.41:878][664]LogModuleManager: Shutting down and abandoning module Kismet (388)
[2018.03.22-18.36.41:885][664]LogModuleManager: Shutting down and abandoning module ClassViewer (386)
[2018.03.22-18.36.41:886][664]LogModuleManager: Shutting down and abandoning module Toolbox (384)
[2018.03.22-18.36.41:886][664]LogModuleManager: Shutting down and abandoning module ModuleUI (382)
[2018.03.22-18.36.41:886][664]LogModuleManager: Shutting down and abandoning module MovieSceneTools (380)
[2018.03.22-18.36.41:886][664]LogModuleManager: Shutting down and abandoning module OutputLog (378)
[2018.03.22-18.36.41:887][664]LogModuleManager: Shutting down and abandoning module GammaUI (376)
[2018.03.22-18.36.41:887][664]LogModuleManager: Shutting down and abandoning module Documentation (374)
[2018.03.22-18.36.41:887][664]LogModuleManager: Shutting down and abandoning module MovieSceneTracks (372)
[2018.03.22-18.36.41:887][664]LogModuleManager: Shutting down and abandoning module MovieScene (370)
[2018.03.22-18.36.41:887][664]LogModuleManager: Shutting down and abandoning module StreamingPauseRendering (368)
[2018.03.22-18.36.41:887][664]LogModuleManager: Shutting down and abandoning module LauncherPlatform (366)
[2018.03.22-18.36.41:887][664]LogModuleManager: Shutting down and abandoning module AnalyticsET (364)
[2018.03.22-18.36.41:887][664]LogModuleManager: Shutting down and abandoning module PortalServices (362)
[2018.03.22-18.36.41:887][664]LogModuleManager: Shutting down and abandoning module PortalRpc (360)
[2018.03.22-18.36.41:887][664]LogModuleManager: Shutting down and abandoning module MessagingRpc (358)
[2018.03.22-18.36.41:887][664]LogModuleManager: Shutting down and abandoning module AIModule (356)
[2018.03.22-18.36.41:887][664]LogModuleManager: Shutting down and abandoning module GameplayDebugger (355)
[2018.03.22-18.36.41:887][664]LogModuleManager: Shutting down and abandoning module AITestSuite (353)
[2018.03.22-18.36.41:887][664]LogModuleManager: Shutting down and abandoning module DesktopPlatform (350)
[2018.03.22-18.36.41:887][664]LogModuleManager: Shutting down and abandoning module ProfilerService (348)
[2018.03.22-18.36.42:040][664]LogModuleManager: Shutting down and abandoning module TaskGraph (346)
[2018.03.22-18.36.42:040][664]LogModuleManager: Shutting down and abandoning module SteamVRController (344)
[2018.03.22-18.36.42:040][664]LogModuleManager: Shutting down and abandoning module ProceduralMeshComponentEditor (342)
[2018.03.22-18.36.42:040][664]LogModuleManager: Shutting down and abandoning module ProceduralMeshComponent (340)
[2018.03.22-18.36.42:040][664]LogModuleManager: Shutting down and abandoning module OculusInput (338)
[2018.03.22-18.36.42:040][664]LogModuleManager: Shutting down and abandoning module MobilePatchingUtils (336)
[2018.03.22-18.36.42:040][664]LogModuleManager: Shutting down and abandoning module CustomMeshComponent (334)
[2018.03.22-18.36.42:040][664]LogModuleManager: Shutting down and abandoning module CableComponent (332)
[2018.03.22-18.36.42:040][664]LogModuleManager: Shutting down and abandoning module ArchVisCharacter (330)
[2018.03.22-18.36.42:040][664]LogModuleManager: Shutting down and abandoning module AndroidPermission (328)
[2018.03.22-18.36.42:040][664]LogModuleManager: Shutting down and abandoning module ActorSequence (324)
[2018.03.22-18.36.42:040][664]LogModuleManager: Shutting down and abandoning module MediaPlayerEditor (322)
[2018.03.22-18.36.42:041][664]LogModuleManager: Shutting down and abandoning module MediaCompositingEditor (320)
[2018.03.22-18.36.42:041][664]LogModuleManager: Shutting down and abandoning module MediaCompositing (318)
[2018.03.22-18.36.42:041][664]LogModuleManager: Shutting down and abandoning module HTML5Networking (316)
[2018.03.22-18.36.42:041][664]LogModuleManager: Shutting down and abandoning module AlembicImporter (314)
[2018.03.22-18.36.42:041][664]LogModuleManager: Shutting down and abandoning module AlembicLibrary (313)
[2018.03.22-18.36.42:041][664]LogModuleManager: Shutting down and abandoning module GeometryCache (312)
[2018.03.22-18.36.42:041][664]LogModuleManager: Shutting down and abandoning module GeometryCacheEd (311)
[2018.03.22-18.36.42:041][664]LogModuleManager: Shutting down and abandoning module SpeedTreeImporter (306)
[2018.03.22-18.36.42:041][664]LogModuleManager: Shutting down and abandoning module PluginBrowser (304)
[2018.03.22-18.36.42:041][664]LogModuleManager: Shutting down and abandoning module MobileLauncherProfileWizard (302)
[2018.03.22-18.36.42:041][664]LogModuleManager: Shutting down and abandoning module VisualStudioSourceCodeAccess (300)
[2018.03.22-18.36.42:041][664]LogModuleManager: Shutting down and abandoning module VisualStudioCodeSourceCodeAccess (298)
[2018.03.22-18.36.42:041][664]LogModuleManager: Shutting down and abandoning module UObjectPlugin (296)
[2018.03.22-18.36.42:041][664]LogModuleManager: Shutting down and abandoning module SubversionSourceControl (294)
[2018.03.22-18.36.42:041][664]LogModuleManager: Shutting down and abandoning module PerforceSourceControl (292)
[2018.03.22-18.36.42:041][664]LogModuleManager: Shutting down and abandoning module GitSourceControl (290)
[2018.03.22-18.36.42:041][664]LogModuleManager: Shutting down and abandoning module SourceControl (289)
[2018.03.22-18.36.42:041][664]LogModuleManager: Shutting down and abandoning module LightPropagationVolumeEditor (286)
[2018.03.22-18.36.42:041][664]LogModuleManager: Shutting down and abandoning module PaperTiledImporter (284)
[2018.03.22-18.36.42:041][664]LogModuleManager: Shutting down and abandoning module PaperSpriteSheetImporter (282)
[2018.03.22-18.36.42:041][664]LogModuleManager: Shutting down and abandoning module Paper2DEditor (280)
[2018.03.22-18.36.42:041][664]LogModuleManager: Shutting down and abandoning module MeshPaint (279)
[2018.03.22-18.36.42:041][664]LogModuleManager: Shutting down and abandoning module LevelEditor (277)
[2018.03.22-18.36.42:043][664]LogModuleManager: Shutting down and abandoning module PixelInspectorModule (276)
[2018.03.22-18.36.42:043][664]LogModuleManager: Shutting down and abandoning module MainFrame (274)
[2018.03.22-18.36.42:043][664]LogModuleManager: Shutting down and abandoning module HotReload (273)
[2018.03.22-18.36.42:043][664]LogModuleManager: Shutting down and abandoning module RuntimePhysXCooking (268)
[2018.03.22-18.36.42:043][664]LogModuleManager: Shutting down and abandoning module PhysXVehiclesEditor (266)
[2018.03.22-18.36.42:043][664]LogModuleManager: Shutting down and abandoning module PhysXVehicles (264)
[2018.03.22-18.36.42:043][664]LogModuleManager: Shutting down and abandoning module OculusEditor (262)
[2018.03.22-18.36.42:043][664]LogModuleManager: Shutting down and abandoning module LocationServicesBPLibrary (260)
[2018.03.22-18.36.42:043][664]LogModuleManager: Shutting down and abandoning module ImmediatePhysicsEditor (258)
[2018.03.22-18.36.42:043][664]LogModuleManager: Shutting down and abandoning module ImmediatePhysics (256)
[2018.03.22-18.36.42:043][664]LogModuleManager: Shutting down and abandoning module UdpMessaging (254)
[2018.03.22-18.36.42:145][664]LogModuleManager: Shutting down and abandoning module TcpMessaging (252)
[2018.03.22-18.36.42:245][664]LogModuleManager: Shutting down and abandoning module GameplayTagsEditor (250)
[2018.03.22-18.36.42:245][664]LogModuleManager: Shutting down and abandoning module FacialAnimationEditor (248)
[2018.03.22-18.36.42:245][664]LogModuleManager: Shutting down and abandoning module FacialAnimation (246)
[2018.03.22-18.36.42:245][664]LogModuleManager: Shutting down and abandoning module AssetManagerEditor (244)
[2018.03.22-18.36.42:245][664]LogModuleManager: Shutting down and abandoning module GraphEditor (243)
[2018.03.22-18.36.42:245][664]LogModuleManager: Shutting down and abandoning module ContentBrowser (241)
[2018.03.22-18.36.42:246][664]LogModuleManager: Shutting down and abandoning module LightPropagationVolumeRuntime (238)
[2018.03.22-18.36.42:246][664]LogModuleManager: Shutting down and abandoning module Paper2D (236)
[2018.03.22-18.36.42:246][664]LogModuleManager: Shutting down and abandoning module WindowsMoviePlayer (234)
[2018.03.22-18.36.42:246][664]LogModuleManager: Shutting down and abandoning module WmfMedia (232)
[2018.03.22-18.36.42:248][664]LogModuleManager: Shutting down and abandoning module ImgMedia (230)
[2018.03.22-18.36.42:248][664]LogModuleManager: Shutting down and abandoning module PacketHandler (228)
[2018.03.22-18.36.42:248][664]LogModuleManager: Shutting down and abandoning module ClothingSystemEditor (226)
[2018.03.22-18.36.42:248][664]LogModuleManager: Shutting down and abandoning module ClothingSystemRuntime (224)
[2018.03.22-18.36.42:248][664]LogModuleManager: Shutting down and abandoning module MediaAssets (222)
[2018.03.22-18.36.42:248][664]LogModuleManager: Shutting down and abandoning module Media (221)
[2018.03.22-18.36.42:254][664]LogModuleManager: Shutting down and abandoning module Overlay (218)
[2018.03.22-18.36.42:254][664]LogModuleManager: Shutting down and abandoning module OverlayEditor (217)
[2018.03.22-18.36.42:254][664]LogModuleManager: Shutting down and abandoning module VREditor (214)
[2018.03.22-18.36.42:254][664]LogModuleManager: Shutting down and abandoning module StringTableEditor (212)
[2018.03.22-18.36.42:254][664]LogModuleManager: Shutting down and abandoning module GameplayTasksEditor (210)
[2018.03.22-18.36.42:254][664]LogModuleManager: Shutting down and abandoning module BehaviorTreeEditor (208)
[2018.03.22-18.36.42:254][664]LogModuleManager: Shutting down and abandoning module FunctionalTesting (206)
[2018.03.22-18.36.42:254][664]LogModuleManager: Shutting down and abandoning module CollisionAnalyzer (204)
[2018.03.22-18.36.42:254][664]LogModuleManager: Shutting down and abandoning module WorkspaceMenuStructure (203)
[2018.03.22-18.36.42:254][664]LogModuleManager: Shutting down and abandoning module UMG (200)
[2018.03.22-18.36.42:254][664]LogModuleManager: Shutting down and abandoning module UMGEditor (199)
[2018.03.22-18.36.42:254][664]LogModuleManager: Shutting down and abandoning module Sequencer (198)
[2018.03.22-18.36.42:254][664]LogModuleManager: Shutting down and abandoning module MessageLog (195)
[2018.03.22-18.36.42:254][664]LogModuleManager: Shutting down and abandoning module SlateReflector (190)
[2018.03.22-18.36.42:254][664]LogModuleManager: Shutting down and abandoning module Slate (188)
[2018.03.22-18.36.42:255][664]LogModuleManager: Shutting down and abandoning module EditorStyle (186)
[2018.03.22-18.36.42:257][664]LogModuleManager: Shutting down and abandoning module MRMesh (184)
[2018.03.22-18.36.42:257][664]LogModuleManager: Shutting down and abandoning module SourceCodeAccess (182)
[2018.03.22-18.36.42:257][664]LogModuleManager: Shutting down and abandoning module HeadMountedDisplay (180)
[2018.03.22-18.36.42:257][664]LogModuleManager: Shutting down and abandoning module XAudio2 (178)
[2018.03.22-18.36.42:257][664]LogModuleManager: Shutting down and abandoning module Networking (176)
[2018.03.22-18.36.42:257][664]LogModuleManager: Shutting down and abandoning module Core (172)
[2018.03.22-18.36.42:257][664]LogModuleManager: Shutting down and abandoning module LevelSequence (168)
[2018.03.22-18.36.42:257][664]LogModuleManager: Shutting down and abandoning module DirectoryWatcher (166)
[2018.03.22-18.36.42:258][664]LogModuleManager: Shutting down and abandoning module KismetCompiler (164)
[2018.03.22-18.36.42:258][664]LogModuleManager: Shutting down and abandoning module MeshUtilities (162)
[2018.03.22-18.36.42:258][664]LogModuleManager: Shutting down and abandoning module MeshMergeUtilities (161)
[2018.03.22-18.36.42:258][664]LogModuleManager: Shutting down and abandoning module MeshReductionInterface (160)
[2018.03.22-18.36.42:258][664]LogModuleManager: Shutting down and abandoning module SimplygonSwarm (159)
[2018.03.22-18.36.42:258][664]LogModuleManager: Shutting down and abandoning module SimplygonMeshReduction (157)
[2018.03.22-18.36.42:258][664]LogModuleManager: Shutting down and abandoning module QuadricMeshReduction (155)
[2018.03.22-18.36.42:258][664]LogModuleManager: Shutting down and abandoning module MaterialBaking (151)
[2018.03.22-18.36.42:258][664]LogModuleManager: Shutting down and abandoning module DerivedDataCache (148)
[2018.03.22-18.36.42:333][664]LogDerivedDataCache: Shutdown
[2018.03.22-18.36.42:333][664]LogModuleManager: Shutting down and abandoning module TargetPlatform (146)
[2018.03.22-18.36.42:333][664]LogModuleManager: Shutting down and abandoning module VulkanShaderFormat (145)
[2018.03.22-18.36.42:333][664]LogModuleManager: Shutting down and abandoning module ShaderFormatVectorVM (143)
[2018.03.22-18.36.42:333][664]LogModuleManager: Shutting down and abandoning module ShaderFormatOpenGL (141)
[2018.03.22-18.36.42:333][664]LogModuleManager: Shutting down and abandoning module ShaderFormatD3D (139)
[2018.03.22-18.36.42:333][664]LogModuleManager: Shutting down and abandoning module MetalShaderFormat (137)
[2018.03.22-18.36.42:334][664]LogModuleManager: Shutting down and abandoning module TextureFormatUncompressed (135)
[2018.03.22-18.36.42:334][664]LogModuleManager: Shutting down and abandoning module TextureFormatPVR (133)
[2018.03.22-18.36.42:334][664]LogModuleManager: Shutting down and abandoning module TextureFormatDXT (131)
[2018.03.22-18.36.42:334][664]LogModuleManager: Shutting down and abandoning module TextureFormatIntelISPCTexComp (129)
[2018.03.22-18.36.42:334][664]LogModuleManager: Shutting down and abandoning module TextureFormatASTC (127)
[2018.03.22-18.36.42:334][664]LogModuleManager: Shutting down and abandoning module ImageWrapper (126)
[2018.03.22-18.36.42:334][664]LogModuleManager: Shutting down and abandoning module TextureFormatAndroid (123)
[2018.03.22-18.36.42:334][664]LogModuleManager: Shutting down and abandoning module AudioFormatOpus (121)
[2018.03.22-18.36.42:334][664]LogModuleManager: Shutting down and abandoning module AudioFormatOgg (119)
[2018.03.22-18.36.42:334][664]LogModuleManager: Shutting down and abandoning module AudioFormatADPCM (117)
[2018.03.22-18.36.42:334][664]LogModuleManager: Shutting down and abandoning module LinuxTargetPlatform (115)
[2018.03.22-18.36.42:334][664]LogModuleManager: Shutting down and abandoning module LinuxServerTargetPlatform (113)
[2018.03.22-18.36.42:334][664]LogModuleManager: Shutting down and abandoning module LinuxNoEditorTargetPlatform (111)
[2018.03.22-18.36.42:334][664]LogModuleManager: Shutting down and abandoning module LinuxClientTargetPlatform (109)
[2018.03.22-18.36.42:334][664]LogModuleManager: Shutting down and abandoning module TVOSTargetPlatform (107)
[2018.03.22-18.36.42:334][664]LogModuleManager: Shutting down and abandoning module Messaging (105)
[2018.03.22-18.36.42:334][664]LogModuleManager: Shutting down and abandoning module IOSTargetPlatform (103)
[2018.03.22-18.36.42:334][664]LogModuleManager: Shutting down and abandoning module HTML5TargetPlatform (101)
[2018.03.22-18.36.42:334][664]LogModuleManager: Shutting down and abandoning module AndroidTargetPlatform (99)
[2018.03.22-18.36.42:334][664]LogModuleManager: Shutting down and abandoning module Android_PVRTCTargetPlatform (97)
[2018.03.22-18.36.42:334][664]LogModuleManager: Shutting down and abandoning module Android_MultiTargetPlatform (95)
[2018.03.22-18.36.42:334][664]LogModuleManager: Shutting down and abandoning module Android_ETC2TargetPlatform (93)
[2018.03.22-18.36.42:334][664]LogModuleManager: Shutting down and abandoning module Android_ETC1TargetPlatform (91)
[2018.03.22-18.36.42:334][664]LogModuleManager: Shutting down and abandoning module Android_DXTTargetPlatform (89)
[2018.03.22-18.36.42:334][664]LogModuleManager: Shutting down and abandoning module Android_ATCTargetPlatform (87)
[2018.03.22-18.36.42:334][664]LogModuleManager: Shutting down and abandoning module Android_ASTCTargetPlatform (85)
[2018.03.22-18.36.42:334][664]LogModuleManager: Shutting down and abandoning module WindowsTargetPlatform (83)
[2018.03.22-18.36.42:334][664]LogModuleManager: Shutting down and abandoning module WindowsServerTargetPlatform (81)
[2018.03.22-18.36.42:334][664]LogModuleManager: Shutting down and abandoning module WindowsNoEditorTargetPlatform (79)
[2018.03.22-18.36.42:334][664]LogModuleManager: Shutting down and abandoning module WindowsClientTargetPlatform (77)
[2018.03.22-18.36.42:334][664]LogModuleManager: Shutting down and abandoning module MacTargetPlatform (75)
[2018.03.22-18.36.42:334][664]LogModuleManager: Shutting down and abandoning module MacServerTargetPlatform (73)
[2018.03.22-18.36.42:334][664]LogModuleManager: Shutting down and abandoning module MacNoEditorTargetPlatform (71)
[2018.03.22-18.36.42:334][664]LogModuleManager: Shutting down and abandoning module MacClientTargetPlatform (69)
[2018.03.22-18.36.42:334][664]LogModuleManager: Shutting down and abandoning module AllDesktopTargetPlatform (67)
[2018.03.22-18.36.42:334][664]LogModuleManager: Shutting down and abandoning module InputCore (64)
[2018.03.22-18.36.42:334][664]LogModuleManager: Shutting down and abandoning module Settings (62)
[2018.03.22-18.36.42:334][664]LogModuleManager: Shutting down and abandoning module PhysXCooking (60)
[2018.03.22-18.36.42:334][664]LogModuleManager: Shutting down and abandoning module SteamVR (58)
[2018.03.22-18.36.42:334][664]LogModuleManager: Shutting down and abandoning module OculusHMD (56)
[2018.03.22-18.36.42:335][664]LogModuleManager: Shutting down and abandoning module ExampleDeviceProfileSelector (54)
[2018.03.22-18.36.42:335][664]LogModuleManager: Shutting down and abandoning module AppleARKit (52)
[2018.03.22-18.36.42:335][664]LogModuleManager: Shutting down and abandoning module AugmentedReality (51)
[2018.03.22-18.36.42:335][664]LogModuleManager: Shutting down and abandoning module OnlineBlueprintSupport (48)
[2018.03.22-18.36.42:335][664]LogModuleManager: Shutting down and abandoning module OnlineSubsystem (44)
[2018.03.22-18.36.42:335][664]LogModuleManager: Shutting down and abandoning module XMPP (43)
[2018.03.22-18.36.42:335][664]LogModuleManager: Shutting down and abandoning module HTTP (41)
[2018.03.22-18.36.42:335][664]LogHttp: Display: Http module shutting down, but needs to wait on 1 outstanding Http requests:
[2018.03.22-18.36.42:335][664]LogHttp: Display: 	verb=[POST] url=[https://datarouter.ol.epicgames.com/datarouter/api/v1/public/data?SessionID=%7BB3F6331F-4E4C-B00F-A00B-90BC06C3EA62%7D&AppID=UEEditor.Rocket.Release&AppVersion=4.18.3-3832480%2B%2B%2BUE4%2BRelease-4.18&UserID=d928483745761e24fe5a4787842ce345%7C7c97d2c6c8fc45dba44a74a07105cd1a%7Cb4842ea0-c677-4135-acf4-7a78d5557c1a&AppEnvironment=datacollector-binary&UploadType=eteventstream] status=Processing
[2018.03.22-18.36.42:343][664]LogModuleManager: Shutting down and abandoning module SSL (40)
[2018.03.22-18.36.42:344][664]LogModuleManager: Shutting down and abandoning module AnimationModifiers (36)
[2018.03.22-18.36.42:344][664]LogModuleManager: Shutting down and abandoning module PropertyEditor (35)
[2018.03.22-18.36.42:344][664]LogModuleManager: Shutting down and abandoning module AudioEditor (32)
[2018.03.22-18.36.42:344][664]LogModuleManager: Shutting down and abandoning module TextureCompressor (30)
[2018.03.22-18.36.42:344][664]LogModuleManager: Shutting down and abandoning module ShaderCore (28)
[2018.03.22-18.36.42:344][664]LogModuleManager: Shutting down and abandoning module Landscape (26)
[2018.03.22-18.36.42:344][664]LogModuleManager: Shutting down and abandoning module SlateRHIRenderer (24)
[2018.03.22-18.36.42:346][664]LogModuleManager: Shutting down and abandoning module OpenGLDrv (22)
[2018.03.22-18.36.42:346][664]LogModuleManager: Shutting down and abandoning module D3D11RHI (20)
[2018.03.22-18.36.42:346][664]LogModuleManager: Shutting down and abandoning module AnimGraphRuntime (18)
[2018.03.22-18.36.42:346][664]LogModuleManager: Shutting down and abandoning module Renderer (16)
[2018.03.22-18.36.42:346][664]LogModuleManager: Shutting down and abandoning module Engine (14)
[2018.03.22-18.36.42:346][664]LogModuleManager: Shutting down and abandoning module CoreUObject (12)
[2018.03.22-18.36.42:346][664]LogModuleManager: Shutting down and abandoning module NetworkFile (10)
[2018.03.22-18.36.42:346][664]LogModuleManager: Shutting down and abandoning module CookedIterativeFile (8)
[2018.03.22-18.36.42:347][664]LogModuleManager: Shutting down and abandoning module StreamingFile (6)
[2018.03.22-18.36.42:347][664]LogModuleManager: Shutting down and abandoning module SandboxFile (4)
[2018.03.22-18.36.42:347][664]LogModuleManager: Shutting down and abandoning module PakFile (2)
[2018.03.22-18.36.42:351][664]LogExit: Exiting.
[2018.03.22-18.36.42:366][664]Log file closed, 03/22/18 14:36:42
