Log file open, 04/19/18 18:15:41
LogWindows: Failed to load 'aqProf.dll' (GetLastError=126)
LogWindows: File 'aqProf.dll' does not exist
LogWindows: Failed to load 'VSPerf140.dll' (GetLastError=126)
LogWindows: File 'VSPerf140.dll' does not exist
LogWindows: Failed to load 'VtuneApi.dll' (GetLastError=126)
LogWindows: File 'VtuneApi.dll' does not exist
LogWindows: Failed to load 'VtuneApi32e.dll' (GetLastError=126)
LogWindows: File 'VtuneApi32e.dll' does not exist
LogInit: Display: Running engine for game: WhiteLightning
LogPlatformFile: Not using cached read wrapper
LogInit: Display: RandInit(710702603) SRandInit(710702603).
LogInit: Read version file with build ID '3709383'
LogInit: Overriding engine version to CL 3832480, compatible CL 3709383
LogInit: Registered custom module enumerator with build ID '3709383'
LogTaskGraph: Started task graph with 5 named threads and 14 total threads with 3 sets of task threads.
LogStats: Stats thread started at 0.184873
LogD3D11RHI: Aftermath initialized
LogModuleManager: Display: Found up-to-date module file ../../../Engine/Plugins/2D/Paper2D/Binaries/Win64/UE4Editor-Paper2D.dll (API version 3709383).
LogModuleManager: Display: Found up-to-date module file ../../../Engine/Plugins/2D/Paper2D/Binaries/Win64/UE4Editor-Paper2DEditor.dll (API version 3709383).
LogModuleManager: Display: Found up-to-date module file ../../../Engine/Plugins/2D/Paper2D/Binaries/Win64/UE4Editor-PaperSpriteSheetImporter.dll (API version 3709383).
LogModuleManager: Display: Found up-to-date module file ../../../Engine/Plugins/2D/Paper2D/Binaries/Win64/UE4Editor-PaperTiledImporter.dll (API version 3709383).
LogModuleManager: Display: Found up-to-date module file ../../../Engine/Plugins/2D/Paper2D/Binaries/Win64/UE4Editor-SmartSnapping.dll (API version 3709383).
LogModuleManager: Display: Found up-to-date module file ../../../Engine/Plugins/Blendables/LightPropagationVolume/Binaries/Win64/UE4Editor-LightPropagationVolumeRuntime.dll (API version 3709383).
LogModuleManager: Display: Found up-to-date module file ../../../Engine/Plugins/Blendables/LightPropagationVolume/Binaries/Win64/UE4Editor-LightPropagationVolumeEditor.dll (API version 3709383).
LogModuleManager: Display: Found up-to-date module file ../../../Engine/Plugins/Developer/GitSourceControl/Binaries/Win64/UE4Editor-GitSourceControl.dll (API version 3709383).
LogModuleManager: Display: Found up-to-date module file ../../../Engine/Plugins/Developer/PerforceSourceControl/Binaries/Win64/UE4Editor-PerforceSourceControl.dll (API version 3709383).
LogModuleManager: Display: Found up-to-date module file ../../../Engine/Plugins/Developer/SubversionSourceControl/Binaries/Win64/UE4Editor-SubversionSourceControl.dll (API version 3709383).
LogModuleManager: Display: Found up-to-date module file ../../../Engine/Plugins/Developer/UObjectPlugin/Binaries/Win64/UE4Editor-UObjectPlugin.dll (API version 3709383).
LogModuleManager: Display: Found up-to-date module file ../../../Engine/Plugins/Developer/VisualStudioCodeSourceCodeAccess/Binaries/Win64/UE4Editor-VisualStudioCodeSourceCodeAccess.dll (API version 3709383).
LogModuleManager: Display: Found up-to-date module file ../../../Engine/Plugins/Developer/VisualStudioSourceCodeAccess/Binaries/Win64/UE4Editor-VisualStudioSourceCodeAccess.dll (API version 3709383).
LogModuleManager: Display: Found up-to-date module file ../../../Engine/Plugins/Editor/AssetManagerEditor/Binaries/Win64/UE4Editor-AssetManagerEditor.dll (API version 3709383).
LogModuleManager: Display: Found up-to-date module file ../../../Engine/Plugins/Editor/AudioCapture/Binaries/Win64/UE4Editor-AudioCapture.dll (API version 3709383).
LogModuleManager: Display: Found up-to-date module file ../../../Engine/Plugins/Editor/FacialAnimation/Binaries/Win64/UE4Editor-FacialAnimation.dll (API version 3709383).
LogModuleManager: Display: Found up-to-date module file ../../../Engine/Plugins/Editor/FacialAnimation/Binaries/Win64/UE4Editor-FacialAnimationEditor.dll (API version 3709383).
LogModuleManager: Display: Found up-to-date module file ../../../Engine/Plugins/Editor/GameplayTagsEditor/Binaries/Win64/UE4Editor-GameplayTagsEditor.dll (API version 3709383).
LogModuleManager: Display: Found up-to-date module file ../../../Engine/Plugins/Editor/MobileLauncherProfileWizard/Binaries/Win64/UE4Editor-MobileLauncherProfileWizard.dll (API version 3709383).
LogModuleManager: Display: Found up-to-date module file ../../../Engine/Plugins/Editor/PluginBrowser/Binaries/Win64/UE4Editor-PluginBrowser.dll (API version 3709383).
LogModuleManager: Display: Found up-to-date module file ../../../Engine/Plugins/Editor/SpeedTreeImporter/Binaries/Win64/UE4Editor-SpeedTreeImporter.dll (API version 3709383).
LogModuleManager: Display: Found up-to-date module file ../../../Engine/Plugins/Experimental/AlembicImporter/Binaries/Win64/UE4Editor-AlembicImporter.dll (API version 3709383).
LogModuleManager: Display: Found up-to-date module file ../../../Engine/Plugins/Experimental/AlembicImporter/Binaries/Win64/UE4Editor-AlembicLibrary.dll (API version 3709383).
LogModuleManager: Display: Found up-to-date module file ../../../Engine/Plugins/Experimental/CharacterAI/Binaries/Win64/UE4Editor-CharacterAI.dll (API version 3709383).
LogModuleManager: Display: Found up-to-date module file ../../../Engine/Plugins/Experimental/HTML5Networking/Binaries/Win64/UE4Editor-HTML5Networking.dll (API version 3709383).
LogModuleManager: Display: Found up-to-date module file ../../../Engine/Plugins/Media/AndroidMedia/Binaries/Win64/UE4Editor-AndroidMediaEditor.dll (API version 3709383).
LogModuleManager: Display: Found up-to-date module file ../../../Engine/Plugins/Media/AndroidMedia/Binaries/Win64/UE4Editor-AndroidMediaFactory.dll (API version 3709383).
LogModuleManager: Display: Found up-to-date module file ../../../Engine/Plugins/Media/AvfMedia/Binaries/Win64/UE4Editor-AvfMediaEditor.dll (API version 3709383).
LogModuleManager: Display: Found up-to-date module file ../../../Engine/Plugins/Media/AvfMedia/Binaries/Win64/UE4Editor-AvfMediaFactory.dll (API version 3709383).
LogModuleManager: Display: Found up-to-date module file ../../../Engine/Plugins/Media/AvfMedia/Binaries/Win64/UE4Editor-AvfMediaFactory.dll (API version 3709383).
LogModuleManager: Display: Found up-to-date module file ../../../Engine/Plugins/Media/ImgMedia/Binaries/Win64/UE4Editor-ImgMedia.dll (API version 3709383).
LogModuleManager: Display: Found up-to-date module file ../../../Engine/Plugins/Media/ImgMedia/Binaries/Win64/UE4Editor-ImgMediaEditor.dll (API version 3709383).
LogModuleManager: Display: Found up-to-date module file ../../../Engine/Plugins/Media/ImgMedia/Binaries/Win64/UE4Editor-ImgMediaFactory.dll (API version 3709383).
LogModuleManager: Display: Found up-to-date module file ../../../Engine/Plugins/Media/ImgMedia/Binaries/Win64/UE4Editor-ImgMediaFactory.dll (API version 3709383).
LogModuleManager: Display: Found up-to-date module file ../../../Engine/Plugins/Media/ImgMedia/Binaries/Win64/UE4Editor-OpenExrWrapper.dll (API version 3709383).
LogModuleManager: Display: Found up-to-date module file ../../../Engine/Plugins/Media/MediaCompositing/Binaries/Win64/UE4Editor-MediaCompositing.dll (API version 3709383).
LogModuleManager: Display: Found up-to-date module file ../../../Engine/Plugins/Media/MediaCompositing/Binaries/Win64/UE4Editor-MediaCompositingEditor.dll (API version 3709383).
LogModuleManager: Display: Found up-to-date module file ../../../Engine/Plugins/Media/MediaPlayerEditor/Binaries/Win64/UE4Editor-MediaPlayerEditor.dll (API version 3709383).
LogModuleManager: Display: Found up-to-date module file ../../../Engine/Plugins/Media/WmfMedia/Binaries/Win64/UE4Editor-WmfMedia.dll (API version 3709383).
LogModuleManager: Display: Found up-to-date module file ../../../Engine/Plugins/Media/WmfMedia/Binaries/Win64/UE4Editor-WmfMediaEditor.dll (API version 3709383).
LogModuleManager: Display: Found up-to-date module file ../../../Engine/Plugins/Media/WmfMedia/Binaries/Win64/UE4Editor-WmfMediaFactory.dll (API version 3709383).
LogModuleManager: Display: Found up-to-date module file ../../../Engine/Plugins/Media/WmfMedia/Binaries/Win64/UE4Editor-WmfMediaFactory.dll (API version 3709383).
LogModuleManager: Display: Found up-to-date module file ../../../Engine/Plugins/Messaging/TcpMessaging/Binaries/Win64/UE4Editor-TcpMessaging.dll (API version 3709383).
LogModuleManager: Display: Found up-to-date module file ../../../Engine/Plugins/Messaging/UdpMessaging/Binaries/Win64/UE4Editor-UdpMessaging.dll (API version 3709383).
LogModuleManager: Display: Found up-to-date module file ../../../Engine/Plugins/MovieScene/ActorSequence/Binaries/Win64/UE4Editor-ActorSequence.dll (API version 3709383).
LogModuleManager: Display: Found up-to-date module file ../../../Engine/Plugins/MovieScene/LevelSequenceEditor/Binaries/Win64/UE4Editor-LevelSequenceEditor.dll (API version 3709383).
LogModuleManager: Display: Found up-to-date module file ../../../Engine/Plugins/MovieScene/MatineeToLevelSequence/Binaries/Win64/UE4Editor-MatineeToLevelSequence.dll (API version 3709383).
LogModuleManager: Display: Found up-to-date module file ../../../Engine/Plugins/Online/OnlineSubsystem/Binaries/Win64/UE4Editor-OnlineSubsystem.dll (API version 3709383).
LogModuleManager: Display: Found up-to-date module file ../../../Engine/Plugins/Runtime/AndroidPermission/Binaries/Win64/UE4Editor-AndroidPermission.dll (API version 3709383).
LogModuleManager: Display: Found up-to-date module file ../../../Engine/Plugins/Online/OnlineSubsystemNull/Binaries/Win64/UE4Editor-OnlineSubsystemNull.dll (API version 3709383).
LogModuleManager: Display: Found up-to-date module file ../../../Engine/Plugins/Online/OnlineSubsystemUtils/Binaries/Win64/UE4Editor-OnlineSubsystemUtils.dll (API version 3709383).
LogModuleManager: Display: Found up-to-date module file ../../../Engine/Plugins/Online/OnlineSubsystemUtils/Binaries/Win64/UE4Editor-OnlineBlueprintSupport.dll (API version 3709383).
LogModuleManager: Display: Found up-to-date module file ../../../Engine/Plugins/Runtime/AndroidDeviceProfileSelector/Binaries/Win64/UE4Editor-AndroidDeviceProfileSelector.dll (API version 3709383).
LogModuleManager: Display: Found up-to-date module file ../../../Engine/Plugins/Runtime/AppleARKit/Binaries/Win64/UE4Editor-AppleARKit.dll (API version 3709383).
LogModuleManager: Display: Found up-to-date module file ../../../Engine/Plugins/Runtime/ArchVisCharacter/Binaries/Win64/UE4Editor-ArchVisCharacter.dll (API version 3709383).
LogModuleManager: Display: Found up-to-date module file ../../../Engine/Plugins/Runtime/CableComponent/Binaries/Win64/UE4Editor-CableComponent.dll (API version 3709383).
LogModuleManager: Display: Found up-to-date module file ../../../Engine/Plugins/Runtime/CustomMeshComponent/Binaries/Win64/UE4Editor-CustomMeshComponent.dll (API version 3709383).
LogModuleManager: Display: Found up-to-date module file ../../../Engine/Plugins/Runtime/ExampleDeviceProfileSelector/Binaries/Win64/UE4Editor-ExampleDeviceProfileSelector.dll (API version 3709383).
LogModuleManager: Display: Found up-to-date module file ../../../Engine/Plugins/Runtime/ImmediatePhysics/Binaries/Win64/UE4Editor-ImmediatePhysics.dll (API version 3709383).
LogModuleManager: Display: Found up-to-date module file ../../../Engine/Plugins/Runtime/ImmediatePhysics/Binaries/Win64/UE4Editor-ImmediatePhysicsEditor.dll (API version 3709383).
LogModuleManager: Display: Found up-to-date module file ../../../Engine/Plugins/Runtime/LocationServicesBPLibrary/Binaries/Win64/UE4Editor-LocationServicesBPLibrary.dll (API version 3709383).
LogModuleManager: Display: Found up-to-date module file ../../../Engine/Plugins/Runtime/MobilePatchingUtils/Binaries/Win64/UE4Editor-MobilePatchingUtils.dll (API version 3709383).
LogModuleManager: Display: Found up-to-date module file ../../../Engine/Plugins/Runtime/Oculus/OculusVR/Binaries/Win64/UE4Editor-OculusHMD.dll (API version 3709383).
LogModuleManager: Display: Found up-to-date module file ../../../Engine/Plugins/Runtime/Oculus/OculusVR/Binaries/Win64/UE4Editor-OculusInput.dll (API version 3709383).
LogModuleManager: Display: Found up-to-date module file ../../../Engine/Plugins/Runtime/Oculus/OculusVR/Binaries/Win64/UE4Editor-OculusEditor.dll (API version 3709383).
LogModuleManager: Display: Found up-to-date module file ../../../Engine/Plugins/Runtime/PhysXVehicles/Binaries/Win64/UE4Editor-PhysXVehicles.dll (API version 3709383).
LogModuleManager: Display: Found up-to-date module file ../../../Engine/Plugins/Runtime/PhysXVehicles/Binaries/Win64/UE4Editor-PhysXVehiclesEditor.dll (API version 3709383).
LogModuleManager: Display: Found up-to-date module file ../../../Engine/Plugins/Runtime/ProceduralMeshComponent/Binaries/Win64/UE4Editor-ProceduralMeshComponent.dll (API version 3709383).
LogModuleManager: Display: Found up-to-date module file ../../../Engine/Plugins/Runtime/ProceduralMeshComponent/Binaries/Win64/UE4Editor-ProceduralMeshComponentEditor.dll (API version 3709383).
LogModuleManager: Display: Found up-to-date module file ../../../Engine/Plugins/Runtime/RuntimePhysXCooking/Binaries/Win64/UE4Editor-RuntimePhysXCooking.dll (API version 3709383).
LogModuleManager: Display: Found up-to-date module file ../../../Engine/Plugins/Runtime/Steam/SteamVR/Binaries/Win64/UE4Editor-SteamVR.dll (API version 3709383).
LogModuleManager: Display: Found up-to-date module file ../../../Engine/Plugins/Runtime/Steam/SteamVR/Binaries/Win64/UE4Editor-SteamVRController.dll (API version 3709383).
LogModuleManager: Display: Found up-to-date module file ../../../Engine/Plugins/Runtime/WindowsMoviePlayer/Binaries/Win64/UE4Editor-WindowsMoviePlayer.dll (API version 3709383).
LogPluginManager: Mounting plugin Paper2D
LogPluginManager: Mounting plugin LightPropagationVolume
LogPluginManager: Mounting plugin CodeLiteSourceCodeAccess
LogPluginManager: Mounting plugin GitSourceControl
LogPluginManager: Mounting plugin KDevelopSourceCodeAccess
LogPluginManager: Mounting plugin NullSourceCodeAccess
LogPluginManager: Mounting plugin PerforceSourceControl
LogPluginManager: Mounting plugin SubversionSourceControl
LogPluginManager: Mounting plugin UObjectPlugin
LogPluginManager: Mounting plugin VisualStudioCodeSourceCodeAccess
LogPluginManager: Mounting plugin VisualStudioSourceCodeAccess
LogPluginManager: Mounting plugin XCodeSourceCodeAccess
LogPluginManager: Mounting plugin AssetManagerEditor
LogPluginManager: Mounting plugin AudioCapture
LogPluginManager: Mounting plugin FacialAnimation
LogPluginManager: Mounting plugin GameplayTagsEditor
LogPluginManager: Mounting plugin MobileLauncherProfileWizard
LogPluginManager: Mounting plugin PluginBrowser
LogPluginManager: Mounting plugin SpeedTreeImporter
LogPluginManager: Mounting plugin AlembicImporter
LogPluginManager: Mounting plugin CharacterAI
LogPluginManager: Mounting plugin HTML5Networking
LogPluginManager: Mounting plugin AndroidMedia
LogPluginManager: Mounting plugin AvfMedia
LogPluginManager: Mounting plugin ImgMedia
LogPluginManager: Mounting plugin MediaCompositing
LogPluginManager: Mounting plugin MediaPlayerEditor
LogPluginManager: Mounting plugin WmfMedia
LogPluginManager: Mounting plugin TcpMessaging
LogPluginManager: Mounting plugin UdpMessaging
LogPluginManager: Mounting plugin ActorSequence
LogPluginManager: Mounting plugin LevelSequenceEditor
LogPluginManager: Mounting plugin MatineeToLevelSequence
LogPluginManager: Mounting plugin OnlineSubsystemGooglePlay
LogPluginManager: Mounting plugin OnlineSubsystemIOS
LogPluginManager: Mounting plugin OnlineSubsystem
LogPluginManager: Mounting plugin OnlineSubsystemNull
LogPluginManager: Mounting plugin OnlineSubsystemUtils
LogPluginManager: Mounting plugin AndroidDeviceProfileSelector
LogPluginManager: Mounting plugin AndroidMoviePlayer
LogPluginManager: Mounting plugin AndroidPermission
LogPluginManager: Mounting plugin AppleARKit
LogPluginManager: Mounting plugin AppleMoviePlayer
LogPluginManager: Mounting plugin ArchVisCharacter
LogPluginManager: Mounting plugin CableComponent
LogPluginManager: Mounting plugin CustomMeshComponent
LogPluginManager: Mounting plugin ExampleDeviceProfileSelector
LogPluginManager: Mounting plugin GoogleCloudMessaging
LogPluginManager: Mounting plugin ImmediatePhysics
LogPluginManager: Mounting plugin IOSDeviceProfileSelector
LogPluginManager: Mounting plugin LinuxDeviceProfileSelector
LogPluginManager: Mounting plugin LocationServicesBPLibrary
LogPluginManager: Mounting plugin MobilePatchingUtils
LogPluginManager: Mounting plugin OculusVR
LogPluginManager: Plugin shader directory ../../../Engine/Plugins/Runtime/Oculus/OculusVR/Shaders found
LogPluginManager: Mapping shader source directory ../../../Engine/Plugins/Runtime/Oculus/OculusVR/Shaders to virtual directory /Plugin/OculusVR
LogPluginManager: Mounting plugin PhysXVehicles
LogPluginManager: Mounting plugin ProceduralMeshComponent
LogPluginManager: Mounting plugin RuntimePhysXCooking
LogPluginManager: Mounting plugin SteamVR
LogPluginManager: Mounting plugin WindowsMoviePlayer
LogInit: Using libcurl 7.47.1
LogInit:  - built for x86_64-pc-win32
LogInit:  - supports SSL with OpenSSL/1.0.2g
LogInit:  - supports HTTP deflate (compression) using libz 1.2.8
LogInit:  - other features:
LogInit:      CURL_VERSION_SSL
LogInit:      CURL_VERSION_LIBZ
LogInit:      CURL_VERSION_IPV6
LogInit:      CURL_VERSION_ASYNCHDNS
LogInit:      CURL_VERSION_LARGEFILE
LogInit:      CURL_VERSION_IDN
LogInit:  CurlRequestOptions (configurable via config and command line):
LogInit:  - bVerifyPeer = false  - Libcurl will NOT verify peer certificate
LogInit:  - bUseHttpProxy = false  - Libcurl will NOT use HTTP proxy
LogInit:  - bDontReuseConnections = false  - Libcurl will reuse connections
LogInit:  - CertBundlePath = nullptr  - Libcurl will use whatever was configured at build time.
LogInit: Build: ++UE4+Release-4.18-CL-3832480
LogInit: Engine Version: 4.18.3-3832480+++UE4+Release-4.18
LogInit: Compatible Engine Version: 4.18.0-3709383+++UE4+Release-4.18
LogInit: Net CL: 3709383
LogDevObjectVersion: Number of dev versions registered: 16
LogDevObjectVersion:   Dev-Blueprints (B0D832E4-1F89-4F0D-ACCF-7EB736FD4AA2): 10
LogDevObjectVersion:   Dev-Build (E1C64328-A22C-4D53-A36C-8E866417BD8C): 0
LogDevObjectVersion:   Dev-Core (375EC13C-06E4-48FB-B500-84F0262A717E): 2
LogDevObjectVersion:   Dev-Editor (E4B068ED-F494-42E9-A231-DA0B2E46BB41): 20
LogDevObjectVersion:   Dev-Framework (CFFC743F-43B0-4480-9391-14DF171D2073): 30
LogDevObjectVersion:   Dev-Mobile (B02B49B5-BB20-44E9-A304-32B752E40360): 0
LogDevObjectVersion:   Dev-Networking (A4E4105C-59A1-49B5-A7C5-40C4547EDFEE): 0
LogDevObjectVersion:   Dev-Online (39C831C9-5AE6-47DC-9A44-9C173E1C8E7C): 0
LogDevObjectVersion:   Dev-Physics (78F01B33-EBEA-4F98-B9B4-84EACCB95AA2): 0
LogDevObjectVersion:   Dev-Platform (6631380F-2D4D-43E0-8009-CF276956A95A): 0
LogDevObjectVersion:   Dev-Rendering (12F88B9F-8875-4AFC-A67C-D90C383ABD29): 20
LogDevObjectVersion:   Dev-Sequencer (7B5AE74C-D270-4C10-A958-57980B212A5A): 4
LogDevObjectVersion:   Dev-VR (D7296918-1DD6-4BDD-9DE2-64A83CC13884): 0
LogDevObjectVersion:   Dev-LoadTimes (C2A15278-BFE7-4AFE-6C17-90FF531DF755): 1
LogDevObjectVersion:   Private-Geometry (6EACA3D4-40EC-4CC1-B786-8BED09428FC5): 1
LogDevObjectVersion:   Dev-AnimPhys (29E575DD-E0A3-4627-9D10-D276232CDCEA): 12
LogInit: Compiled (64-bit): Jan 12 2018 02:04:55
LogInit: Compiled with Visual C++: 19.00.24215.01
LogInit: Build Configuration: Development
LogInit: Branch Name: ++UE4+Release-4.18
LogInit: Command line:  
LogInit: Base directory: C:/Program Files/Epic Games/UE_4.18/Engine/Binaries/Win64/
LogInit: Installed Engine Build: 1
LogInit: Presizing for max 8388607 objects, including 0 objects not considered by GC, pre-allocating 0 bytes for permanent pool.
LogInit: Object subsystem initialized
[2018.04.19-22.15.43:170][  0]LogInit: Selected Device Profile: [Windows]
[2018.04.19-22.15.43:170][  0]LogInit: Applying CVar settings loaded from the selected device profile: [Windows]
[2018.04.19-22.15.43:183][  0]LogInit: Computer: CELIA
[2018.04.19-22.15.43:183][  0]LogInit: User: mhers
[2018.04.19-22.15.43:183][  0]LogInit: CPU Page size=4096, Cores=4
[2018.04.19-22.15.43:183][  0]LogInit: High frequency timer resolution =2.531252 MHz
[2018.04.19-22.15.43:183][  0]LogMemory: Memory total: Physical=15.8GB (16GB approx)
[2018.04.19-22.15.43:183][  0]LogMemory: Platform Memory Stats for Windows
[2018.04.19-22.15.43:183][  0]LogMemory: Process Physical Memory: 272.13 MB used, 272.13 MB peak
[2018.04.19-22.15.43:183][  0]LogMemory: Process Virtual Memory: 269.84 MB used, 269.84 MB peak
[2018.04.19-22.15.43:183][  0]LogMemory: Physical Memory: 4803.06 MB used,  11417.72 MB free, 16220.78 MB total
[2018.04.19-22.15.43:183][  0]LogMemory: Virtual Memory: 682.23 MB used,  11417.72 MB free, 134217728.00 MB total
[2018.04.19-22.15.43:339][  0]LogInit: Using OS detected language (en-US).
[2018.04.19-22.15.43:339][  0]LogInit: Using OS detected locale (en-US).
[2018.04.19-22.15.43:342][  0]LogTextLocalizationManager: No specific localization for 'en-US' exists, so the 'en' localization will be used.
[2018.04.19-22.15.43:754][  0]LogInit: Setting process to per monitor DPI aware
[2018.04.19-22.15.44:015][  0]LogD3D11RHI: D3D11 adapters:
[2018.04.19-22.15.44:058][  0]LogD3D11RHI:    0. 'NVIDIA GeForce GTX 950M' (Feature Level 11_0)
[2018.04.19-22.15.44:058][  0]LogD3D11RHI:       4065/0/8110 MB DedicatedVideo/DedicatedSystem/SharedSystem, Outputs:1, VendorId:0x10de
[2018.04.19-22.15.44:065][  0]LogD3D11RHI:    1. 'Intel(R) HD Graphics 530' (Feature Level 11_0)
[2018.04.19-22.15.44:065][  0]LogD3D11RHI:       128/0/8110 MB DedicatedVideo/DedicatedSystem/SharedSystem, Outputs:0, VendorId:0x8086
[2018.04.19-22.15.44:067][  0]LogD3D11RHI:    2. 'Microsoft Basic Render Driver' (Feature Level 11_0)
[2018.04.19-22.15.44:067][  0]LogD3D11RHI:       0/0/8110 MB DedicatedVideo/DedicatedSystem/SharedSystem, Outputs:0, VendorId:0x1414
[2018.04.19-22.15.44:067][  0]LogD3D11RHI: Chosen D3D11 Adapter: 0
[2018.04.19-22.15.44:074][  0]LogD3D11RHI: Creating new Direct3DDevice
[2018.04.19-22.15.44:075][  0]LogD3D11RHI:     GPU DeviceId: 0x139a (for the marketing name, search the web for "GPU Device Id")
[2018.04.19-22.15.44:075][  0]LogWindows: EnumDisplayDevices:
[2018.04.19-22.15.44:075][  0]LogWindows:    0. 'Intel(R) HD Graphics 530' (P:1 D:1)
[2018.04.19-22.15.44:075][  0]LogWindows:    1. 'Intel(R) HD Graphics 530' (P:0 D:0)
[2018.04.19-22.15.44:075][  0]LogWindows:    2. 'Intel(R) HD Graphics 530' (P:0 D:0)
[2018.04.19-22.15.44:075][  0]LogWindows: DebugString: GetVideoDriverDetailsInvalid PrimaryIsNotTheChoosenAdapter GetVideoDriverDetailsInvalid PrimaryIsNotTheChoosenAdapter GetVideoDriverDetailsInvalid PrimaryIsNotTheChoosenAdapter FoundDriverCount:0 
[2018.04.19-22.15.44:075][  0]LogD3D11RHI:     Adapter Name: NVIDIA GeForce GTX 950M
[2018.04.19-22.15.44:075][  0]LogD3D11RHI:   Driver Version: Unknown (internal:Unknown, unified:Unknown)
[2018.04.19-22.15.44:075][  0]LogD3D11RHI:      Driver Date: Unknown
[2018.04.19-22.15.44:075][  0]LogRHI: Texture pool is 2846 MB (70% of 4065 MB)
[2018.04.19-22.15.44:103][  0]LogD3D11RHI: Async texture creation enabled
[2018.04.19-22.15.44:117][  0]LogD3D11RHI: GPU Timing Frequency: 1000.000000 (Debug: 2 1)
[2018.04.19-22.15.44:118][  0]LogShaderCompilers: Guid format shader working directory is -52 characters bigger than the processId version (../../../../../../Users/mhers/Documents/GitHub/whitelightning/WhiteLightning4/WhiteLightning/bkup2/Intermediate/Shaders/WorkingDirectory/4120/).
[2018.04.19-22.15.44:118][  0]LogShaderCompilers: Cleaned the shader compiler working directory 'C:/Users/mhers/AppData/Local/Temp/UnrealShaderWorkingDir/9D955F864A28BA80132EE685FC119B09/'.
[2018.04.19-22.15.44:118][  0]LogShaderCompilers: Display: Using Local Shader Compiler.
[2018.04.19-22.15.44:993][  0]LogTemp: Display: Loaded TP AllDesktopTargetPlatform
[2018.04.19-22.15.45:044][  0]LogTemp: Display: Loaded TP MacClientTargetPlatform
[2018.04.19-22.15.45:095][  0]LogTemp: Display: Loaded TP MacNoEditorTargetPlatform
[2018.04.19-22.15.45:147][  0]LogTemp: Display: Loaded TP MacServerTargetPlatform
[2018.04.19-22.15.45:197][  0]LogTemp: Display: Loaded TP MacTargetPlatform
[2018.04.19-22.15.45:247][  0]LogTemp: Display: Loaded TP WindowsClientTargetPlatform
[2018.04.19-22.15.45:297][  0]LogTemp: Display: Loaded TP WindowsNoEditorTargetPlatform
[2018.04.19-22.15.45:347][  0]LogTemp: Display: Loaded TP WindowsServerTargetPlatform
[2018.04.19-22.15.45:389][  0]LogTemp: Display: Loaded TP WindowsTargetPlatform
[2018.04.19-22.15.45:439][  0]LogTemp: Display: Loaded TP Android_ASTCTargetPlatform
[2018.04.19-22.15.45:489][  0]LogTemp: Display: Loaded TP Android_ATCTargetPlatform
[2018.04.19-22.15.45:538][  0]LogTemp: Display: Loaded TP Android_DXTTargetPlatform
[2018.04.19-22.15.45:586][  0]LogTemp: Display: Loaded TP Android_ETC1TargetPlatform
[2018.04.19-22.15.45:636][  0]LogTemp: Display: Loaded TP Android_ETC2TargetPlatform
[2018.04.19-22.15.45:733][  0]LogTemp: Display: Loaded TP Android_MultiTargetPlatform
[2018.04.19-22.15.45:733][  0]LogTemp: Display: Loaded TP Android_PVRTCTargetPlatform
[2018.04.19-22.15.45:783][  0]LogTemp: Display: Loaded TP AndroidTargetPlatform
[2018.04.19-22.15.45:821][  0]LogTemp: Display: Loaded TP HTML5TargetPlatform
[2018.04.19-22.15.45:908][  0]LogTemp: Display: Loaded TP IOSTargetPlatform
[2018.04.19-22.15.45:936][  0]LogTemp: Display: Loaded TP TVOSTargetPlatform
[2018.04.19-22.15.45:986][  0]LogTemp: Display: Loaded TP LinuxClientTargetPlatform
[2018.04.19-22.15.46:035][  0]LogTemp: Display: Loaded TP LinuxNoEditorTargetPlatform
[2018.04.19-22.15.46:085][  0]LogTemp: Display: Loaded TP LinuxServerTargetPlatform
[2018.04.19-22.15.46:135][  0]LogTemp: Display: Loaded TP LinuxTargetPlatform
[2018.04.19-22.15.46:135][  0]LogTargetPlatformManager: Display: Building Assets For Windows
[2018.04.19-22.15.46:567][  0]LogDerivedDataCache: Display: Max Cache Size: 512 MB
[2018.04.19-22.15.46:637][  0]LogDerivedDataCache: Loaded boot cache 0.07s 78MB C:/Users/mhers/AppData/Local/UnrealEngine/4.18/DerivedDataCache/Boot.ddc.
[2018.04.19-22.15.46:637][  0]LogDerivedDataCache: Display: Loaded Boot cache: C:/Users/mhers/AppData/Local/UnrealEngine/4.18/DerivedDataCache/Boot.ddc
[2018.04.19-22.15.46:637][  0]LogDerivedDataCache: FDerivedDataBackendGraph:  Pak pak cache file ../../../../../../Users/mhers/Documents/GitHub/whitelightning/WhiteLightning4/WhiteLightning/bkup2/DerivedDataCache/DDC.ddp not found, will not use a pak cache.
[2018.04.19-22.15.46:637][  0]LogDerivedDataCache: Unable to find inner node Pak for hierarchical cache Hierarchy.
[2018.04.19-22.15.46:637][  0]LogDerivedDataCache: FDerivedDataBackendGraph:  CompressedPak pak cache file ../../../../../../Users/mhers/Documents/GitHub/whitelightning/WhiteLightning4/WhiteLightning/bkup2/DerivedDataCache/Compressed.ddp not found, will not use a pak cache.
[2018.04.19-22.15.46:637][  0]LogDerivedDataCache: Unable to find inner node CompressedPak for hierarchical cache Hierarchy.
[2018.04.19-22.15.46:654][  0]LogDerivedDataCache: Display: Pak cache opened for reading ../../../Engine/DerivedDataCache/Compressed.ddp.
[2018.04.19-22.15.46:666][  0]LogDerivedDataCache: Using Local data cache path C:/Users/mhers/AppData/Local/UnrealEngine/Common/DerivedDataCache: Writable
[2018.04.19-22.15.46:676][  0]LogMaterial: Verifying Global Shaders for PCD3D_SM5
[2018.04.19-22.15.46:677][  0]LogSlate: Using Freetype 2.6.0
[2018.04.19-22.15.46:677][  0]LogSlate: SlateFontCache - WITH_FREETYPE: 1, WITH_HARFBUZZ: 1
[2018.04.19-22.15.46:677][  0]LogSlate: SlateFontCache - WITH_FREETYPE: 1, WITH_HARFBUZZ: 1
[2018.04.19-22.15.47:031][  0]LogInit: Selected Device Profile: [Windows]
[2018.04.19-22.15.47:359][  0]LogSimplygon: Simplygon DLL not present - disabling.
[2018.04.19-22.15.47:397][  0]LogMeshReduction: Using SimplygonSwarm for distributed automatic mesh merging
[2018.04.19-22.15.47:397][  0]LogMeshReduction: Using QuadricMeshReduction for automatic static mesh reduction
[2018.04.19-22.15.47:397][  0]LogMeshReduction: No automatic skeletal mesh reduction module available
[2018.04.19-22.15.47:397][  0]LogMeshReduction: No automatic mesh merging module available
[2018.04.19-22.15.47:397][  0]LogMeshMerging: No automatic mesh merging module available
[2018.04.19-22.15.47:425][  0]LogNetVersion: WhiteLightning , NetCL: 3709383, EngineNetVer: 2, GameNetVer: 0 (Checksum: 2852152215)
[2018.04.19-22.15.47:591][  0]LogAssetRegistry: FAssetRegistry took 0.0268 seconds to start up
[2018.04.19-22.15.48:114][  0]LogPackageLocalizationCache: Processed 7 localized package path(s) for 2 prioritized culture(s) in 0.081171 seconds
[2018.04.19-22.15.48:119][  0]LogUObjectArray: 35870 objects as part of root set at end of initial load.
[2018.04.19-22.15.48:119][  0]LogUObjectAllocator: 7363704 out of 0 bytes used by permanent object pool.
[2018.04.19-22.15.48:119][  0]LogUObjectArray: CloseDisregardForGC: 0/0 objects in disregard for GC pool
[2018.04.19-22.15.48:167][  0]LogInit: WinSock: version 1.1 (2.2), MaxSocks=32767, MaxUdp=65467
[2018.04.19-22.15.50:789][  0]LogTcpMessaging: Initializing TcpMessaging bridge
[2018.04.19-22.15.50:829][  0]LogUdpMessaging: Initializing bridge on interface 0.0.0.0:0 to multicast group 230.0.0.1:6666.
[2018.04.19-22.15.51:496][  0]LogMaterial: Uniform references updated for custom material expression Custom.
[2018.04.19-22.15.51:924][  0]SourceControl: Source control is disabled
[2018.04.19-22.15.53:082][  0]LogAndroidPermission: UAndroidPermissionCallbackProxy::GetInstance
[2018.04.19-22.15.53:339][  0]LogOcInput: OculusInput pre-init called
[2018.04.19-22.15.53:617][  0]LogEngine: Initializing Engine...
[2018.04.19-22.15.53:620][  0]LogHMD: Failed to initialize OpenVR with code 110
[2018.04.19-22.15.53:872][  0]LogStats: UGameplayTagsManager::ConstructGameplayTagTree: Construct from data asset -  0.000 s
[2018.04.19-22.15.53:872][  0]LogStats: UGameplayTagsManager::ConstructGameplayTagTree: GameplayTagTreeChangedEvent.Broadcast -  0.000 s
[2018.04.19-22.15.53:993][  0]LogAIModule: Creating AISystem for world Untitled
[2018.04.19-22.15.54:007][  0]LogInit: XAudio2 using 'Speaker/HP (Realtek High Definition Audio)' : 2 channels at 48 kHz using 32 bits per sample (channel mask 0x3)
[2018.04.19-22.15.54:024][  0]LogInit: FAudioDevice initialized.
[2018.04.19-22.15.54:120][  0]LogDerivedDataCache: Saved boot cache 0.10s 78MB C:/Users/mhers/AppData/Local/UnrealEngine/4.18/DerivedDataCache/Boot.ddc.
[2018.04.19-22.15.54:137][  0]LogInit: Texture streaming: Enabled
[2018.04.19-22.15.54:233][  0]LogEngineSessionManager: EngineSessionManager initialized
[2018.04.19-22.15.54:366][  0]LogInit: Transaction tracking system initialized
[2018.04.19-22.15.54:670][  0]BlueprintLog: New page: Editor Load
[2018.04.19-22.15.55:530][  0]LocalizationService: Localization service is disabled
[2018.04.19-22.15.56:254][  0]LogConsoleResponse: Display: 
[2018.04.19-22.15.56:435][  0]LogCook: Display: Max memory allowance for cook 16384mb min free memory 0mb
[2018.04.19-22.15.56:436][  0]LogCook: Display: Mobile HDR setting 1
[2018.04.19-22.15.56:436][  0]LogGameplayTags: Display: UGameplayTagsManager::DoneAddingNativeTags. DelegateIsBound: 0
[2018.04.19-22.15.57:150][  0]LogFileCache: Scanning file cache for directory 'C:/Users/mhers/Documents/GitHub/whitelightning/WhiteLightning4/WhiteLightning/bkup2/Content/' took 0.01s
[2018.04.19-22.15.57:627][  0]LightingResults: New page: Lighting Build
[2018.04.19-22.15.57:669][  0]MapCheck: New page: Map Check
[2018.04.19-22.15.57:669][  0]LightingResults: New page: Lighting Build
[2018.04.19-22.15.58:007][  0]LogAIModule: Creating AISystem for world main_menu_lvl
[2018.04.19-22.15.58:010][  0]LogEditorServer: Finished looking for orphan Actors (0.000 secs)
[2018.04.19-22.15.58:021][  0]Cmd: MAP CHECKDEP NOCLEARLOG
[2018.04.19-22.15.58:072][  0]MapCheck: Map check complete: 0 Error(s), 0 Warning(s), took 50.466ms to complete.
[2018.04.19-22.15.58:072][  0]LogFileHelpers: Loading map 'main_menu_lvl' took 0.445
[2018.04.19-22.15.58:139][  0]LogWindowsTextInputMethodSystem: Display: IME system now deactivated.
[2018.04.19-22.15.58:140][  0]LogWindowsTextInputMethodSystem: Display: IME system now deactivated.
[2018.04.19-22.15.58:245][  0]LogCollectionManager: Loaded 0 collections in 0.002039 seconds
[2018.04.19-22.15.58:337][  0]LogFileCache: Scanning file cache for directory 'C:/Users/mhers/Documents/GitHub/whitelightning/WhiteLightning4/WhiteLightning/bkup2/Saved/Collections/' took 0.01s
[2018.04.19-22.15.58:337][  0]LogFileCache: Scanning file cache for directory 'C:/Users/mhers/Documents/GitHub/whitelightning/WhiteLightning4/WhiteLightning/bkup2/Content/Developers/mhers/Collections/' took 0.01s
[2018.04.19-22.15.58:337][  0]LogFileCache: Scanning file cache for directory 'C:/Users/mhers/Documents/GitHub/whitelightning/WhiteLightning4/WhiteLightning/bkup2/Content/Collections/' took 0.01s
[2018.04.19-22.15.58:337][  0]LogCollectionManager: Rebuilt the GUID cache for 0 collections in 0.000000 seconds
[2018.04.19-22.15.58:347][  0]LogContentBrowser: Native class hierarchy populated in 0.0097 seconds. Added 2363 classes and 519 folders.
[2018.04.19-22.15.58:420][  0]LogContentBrowser: Native class hierarchy updated for 'WidgetCarousel' in 0.0003 seconds. Added 0 classes and 0 folders.
[2018.04.19-22.15.58:460][  0]LogContentBrowser: Native class hierarchy updated for 'AddContentDialog' in 0.0002 seconds. Added 0 classes and 0 folders.
[2018.04.19-22.15.58:520][  0]LogContentBrowser: Native class hierarchy updated for 'SceneOutliner' in 0.0004 seconds. Added 1 classes and 2 folders.
[2018.04.19-22.15.58:599][  0]LogSlate: Took 0.000257 seconds to synchronously load lazily loaded font '../../../Engine/Content/Slate/Fonts/Roboto-Regular.ttf' (155K)
[2018.04.19-22.15.58:604][  0]LogSlate: Took 0.000223 seconds to synchronously load lazily loaded font '../../../Engine/Content/Slate/Fonts/Roboto-Bold.ttf' (160K)
[2018.04.19-22.15.58:612][  0]LogSlate: Took 0.000209 seconds to synchronously load lazily loaded font '../../../Engine/Content/Editor/Slate/Fonts/FontAwesome.ttf' (139K)
[2018.04.19-22.15.58:742][  0]LogRenderer: Reallocating scene render targets to support 1208x580 Format 10 NumSamples 1 (Frame:1).
[2018.04.19-22.15.58:921][  0]LogContentBrowser: Native class hierarchy updated for 'HierarchicalLODOutliner' in 0.0003 seconds. Added 1 classes and 2 folders.
[2018.04.19-22.15.58:921][  0]LogLoad: (Engine Initialization) Total time: 17.90 seconds
[2018.04.19-22.15.58:921][  0]LogLoad: (Engine Initialization) Total Blueprint compile time: 0.00 seconds
[2018.04.19-22.15.58:921][  0]LogExternalProfiler: No external profilers were discovered.  External profiling features will not be available.
[2018.04.19-22.15.58:981][  0]LogAssetRegistry: Asset discovery search completed in 11.4124 seconds
[2018.04.19-22.15.58:982][  0]LogCollectionManager: Rebuilt the object cache for 0 collections in 0.000000 seconds (found 0 objects)
[2018.04.19-22.15.58:983][  0]LogCollectionManager: Fixed up redirectors for 0 collections in 0.000085 seconds (updated 0 objects)
[2018.04.19-22.15.58:985][  0]LogContentStreaming: Texture pool size now 1000 MB
[2018.04.19-22.15.59:035][  0]LogSlate: Took 0.000125 seconds to synchronously load lazily loaded font '../../../Engine/Content/Slate/Fonts/Roboto-Light.ttf' (159K)
[2018.04.19-22.15.59:054][  1]LogFileCache: Retrieving MD5 hashes for directory 'C:/Users/mhers/Documents/GitHub/whitelightning/WhiteLightning4/WhiteLightning/bkup2/Content/' took 0.10s
[2018.04.19-22.16.01:624][141]SourceControl: On branch master
[2018.04.19-22.16.01:625][141]SourceControl: Your branch is up to date with 'origin/master'.
[2018.04.19-22.16.01:625][141]SourceControl: Changes to be committed:
[2018.04.19-22.16.01:625][141]SourceControl:   (use "git reset HEAD <file>..." to unstage)
[2018.04.19-22.16.01:625][141]SourceControl: 	new file:   WhiteLightning/Content/WhiteLightning/Levels/End_Level.uasset
[2018.04.19-22.16.01:625][141]SourceControl: 	new file:   WhiteLightning/Content/WhiteLightning/Sprites/End_Platform.uasset
[2018.04.19-22.16.01:625][141]SourceControl: 	new file:   WhiteLightning/Content/WhiteLightning/Sprites/End_Platform_Sprite.uasset
[2018.04.19-22.16.01:625][141]SourceControl: 	new file:   WhiteLightning/Content/WhiteLightning/Sprites/Platform.uasset
[2018.04.19-22.16.01:625][141]SourceControl: 	new file:   WhiteLightning/Content/WhiteLightning/Sprites/Platform_Sprite.uasset
[2018.04.19-22.16.01:625][141]SourceControl: Changes not staged for commit:
[2018.04.19-22.16.01:626][141]SourceControl:   (use "git add/rm <file>..." to update what will be committed)
[2018.04.19-22.16.01:626][141]SourceControl:   (use "git checkout -- <file>..." to discard changes in working directory)
[2018.04.19-22.16.01:626][141]SourceControl: 	modified:   WhiteLightning/Config/DefaultEngine.ini
[2018.04.19-22.16.01:626][141]SourceControl: 	modified:   WhiteLightning/Content/WhiteLightning/Characters/BP_enemy.uasset
[2018.04.19-22.16.01:626][141]SourceControl: 	modified:   WhiteLightning/Content/WhiteLightning/Characters/MainCharacter.uasset
[2018.04.19-22.16.01:626][141]SourceControl: 	deleted:    WhiteLightning/Content/WhiteLightning/GameMode/background_music.uasset
[2018.04.19-22.16.01:626][141]SourceControl: 	deleted:    WhiteLightning/Content/WhiteLightning/GameMode/how_to_play.uasset
[2018.04.19-22.16.01:626][141]SourceControl: 	deleted:    WhiteLightning/Content/WhiteLightning/GameMode/main_menu_game_mode.uasset
[2018.04.19-22.16.01:626][141]SourceControl: 	modified:   WhiteLightning/Content/WhiteLightning/Levels/Bullet1.uasset
[2018.04.19-22.16.01:626][141]SourceControl: 	deleted:    WhiteLightning/Content/WhiteLightning/Levels/End_Level.uasset
[2018.04.19-22.16.01:626][141]SourceControl: 	deleted:    WhiteLightning/Content/WhiteLightning/Levels/First_Test.uasset
[2018.04.19-22.16.01:627][141]SourceControl: 	deleted:    WhiteLightning/Content/WhiteLightning/Levels/Health_Check1.uasset
[2018.04.19-22.16.01:627][141]SourceControl: 	deleted:    WhiteLightning/Content/WhiteLightning/Levels/Health_Check2.uasset
[2018.04.19-22.16.01:627][141]SourceControl: 	deleted:    WhiteLightning/Content/WhiteLightning/Levels/Health_Check3.uasset
[2018.04.19-22.16.01:627][141]SourceControl: 	deleted:    WhiteLightning/Content/WhiteLightning/Levels/Health_Pickup.uasset
[2018.04.19-22.16.01:627][141]SourceControl: 	deleted:    WhiteLightning/Content/WhiteLightning/Levels/Second_Test.uasset
[2018.04.19-22.16.01:627][141]SourceControl: 	modified:   WhiteLightning/Content/WhiteLightning/Levels/Tutorial.umap
[2018.04.19-22.16.01:627][141]SourceControl: 	deleted:    WhiteLightning/Content/WhiteLightning/Levels/main_menu_lvl.umap
[2018.04.19-22.16.01:627][141]SourceControl: 	deleted:    WhiteLightning/Content/WhiteLightning/Sprites/End_Platform.uasset
[2018.04.19-22.16.01:627][141]SourceControl: 	deleted:    WhiteLightning/Content/WhiteLightning/Sprites/End_Platform_Sprite.uasset
[2018.04.19-22.16.01:627][141]SourceControl: 	modified:   WhiteLightning/Content/WhiteLightning/Sprites/MainEnemy1.uasset
[2018.04.19-22.16.01:627][141]SourceControl: 	deleted:    WhiteLightning/Content/WhiteLightning/Sprites/Platform.uasset
[2018.04.19-22.16.01:627][141]SourceControl: 	deleted:    WhiteLightning/Content/WhiteLightning/Sprites/Platform_Sprite.uasset
[2018.04.19-22.16.01:627][141]SourceControl: 	deleted:    WhiteLightning/Content/WhiteLightning/Sprites/health.uasset
[2018.04.19-22.16.01:628][141]SourceControl: 	deleted:    WhiteLightning/Content/WhiteLightning/Sprites/health_Sprite.uasset
[2018.04.19-22.16.01:628][141]SourceControl: 	modified:   WhiteLightning/Content/WhiteLightning/Tests/UserStory1.uasset
[2018.04.19-22.16.01:628][141]SourceControl: 	deleted:    WhiteLightning/Content/WhiteLightning/main_menu_assets/347848__foolboymedia__new-york-jazz-loop.uasset
[2018.04.19-22.16.01:628][141]SourceControl: 	deleted:    WhiteLightning/Content/WhiteLightning/main_menu_assets/PT_Sans-Web-Bold.uasset
[2018.04.19-22.16.01:628][141]SourceControl: 	deleted:    WhiteLightning/Content/WhiteLightning/main_menu_assets/PT_Sans-Web-Regular.uasset
[2018.04.19-22.16.01:628][141]SourceControl: 	deleted:    WhiteLightning/Content/WhiteLightning/main_menu_assets/bensound-badass.mp3
[2018.04.19-22.16.01:628][141]SourceControl: 	deleted:    WhiteLightning/Content/WhiteLightning/main_menu_assets/main_menuCue.uasset
[2018.04.19-22.16.01:628][141]SourceControl: 	deleted:    WhiteLightning/Content/WhiteLightning/main_menu_assets/whitelighting_navigation_background.uasset
[2018.04.19-22.16.01:628][141]SourceControl: 	modified:   WhiteLightning/Intermediate/AssetRegistryCache/c90e3f55.bin
[2018.04.19-22.16.01:628][141]SourceControl: 	modified:   WhiteLightning/Intermediate/CachedAssetRegistry.bin
[2018.04.19-22.16.01:628][141]SourceControl: 	modified:   WhiteLightning/Intermediate/Staging/WhiteLightning.upluginmanifest
[2018.04.19-22.16.01:628][141]SourceControl: 	modified:   WhiteLightning/Saved/AutoScreenshot.png
[2018.04.19-22.16.01:628][141]SourceControl: 	modified:   WhiteLightning/Saved/Autosaves/Game/WhiteLightning/Characters/BP_enemy_Auto1.uasset
[2018.04.19-22.16.01:628][141]SourceControl: 	modified:   WhiteLightning/Saved/Autosaves/Game/WhiteLightning/Characters/BP_enemy_Auto2.uasset
[2018.04.19-22.16.01:628][141]SourceControl: 	modified:   WhiteLightning/Saved/Autosaves/Game/WhiteLightning/Characters/MainCharacter_Auto1.uasset
[2018.04.19-22.16.01:628][141]SourceControl: 	modified:   WhiteLightning/Saved/Autosaves/Game/WhiteLightning/Characters/MainCharacter_Auto3.uasset
[2018.04.19-22.16.01:629][141]SourceControl: 	modified:   WhiteLightning/Saved/Autosaves/Game/WhiteLightning/Characters/MainCharacter_Auto4.uasset
[2018.04.19-22.16.01:629][141]SourceControl: 	modified:   WhiteLightning/Saved/Autosaves/Game/WhiteLightning/Characters/MainCharacter_Auto5.uasset
[2018.04.19-22.16.01:629][141]SourceControl: 	modified:   WhiteLightning/Saved/Autosaves/Game/WhiteLightning/Characters/MainCharacter_Auto6.uasset
[2018.04.19-22.16.01:629][141]SourceControl: 	modified:   WhiteLightning/Saved/Autosaves/Game/WhiteLightning/Levels/Bullet1_Auto4.uasset
[2018.04.19-22.16.01:629][141]SourceControl: 	deleted:    WhiteLightning/Saved/Autosaves/Game/WhiteLightning/Levels/First_Test_Auto2.uasset
[2018.04.19-22.16.01:629][141]SourceControl: 	deleted:    WhiteLightning/Saved/Autosaves/Game/WhiteLightning/Levels/First_Test_Auto3.uasset
[2018.04.19-22.16.01:629][141]SourceControl: 	deleted:    WhiteLightning/Saved/Autosaves/Game/WhiteLightning/Levels/First_Test_Auto4.uasset
[2018.04.19-22.16.01:629][141]SourceControl: 	deleted:    WhiteLightning/Saved/Autosaves/Game/WhiteLightning/Levels/Health_Check2_Auto2.uasset
[2018.04.19-22.16.01:629][141]SourceControl: 	deleted:    WhiteLightning/Saved/Autosaves/Game/WhiteLightning/Levels/Health_Check2_Auto3.uasset
[2018.04.19-22.16.01:629][141]SourceControl: 	deleted:    WhiteLightning/Saved/Autosaves/Game/WhiteLightning/Levels/Health_Pickup_Auto5.uasset
[2018.04.19-22.16.01:629][141]SourceControl: 	deleted:    WhiteLightning/Saved/Autosaves/Game/WhiteLightning/Levels/NewBlueprint_Auto1.uasset
[2018.04.19-22.16.01:629][141]SourceControl: 	modified:   WhiteLightning/Saved/Autosaves/Game/WhiteLightning/Levels/Tutorial_Auto1.umap
[2018.04.19-22.16.01:629][141]SourceControl: 	modified:   WhiteLightning/Saved/Autosaves/Game/WhiteLightning/Levels/Tutorial_Auto2.umap
[2018.04.19-22.16.01:630][141]SourceControl: 	modified:   WhiteLightning/Saved/Autosaves/Game/WhiteLightning/Levels/Tutorial_Auto3.umap
[2018.04.19-22.16.01:630][141]SourceControl: 	modified:   WhiteLightning/Saved/Autosaves/Game/WhiteLightning/Levels/Tutorial_Auto4.umap
[2018.04.19-22.16.01:630][141]SourceControl: 	modified:   WhiteLightning/Saved/Autosaves/Game/WhiteLightning/Levels/Tutorial_Auto6.umap
[2018.04.19-22.16.01:630][141]SourceControl: 	deleted:    WhiteLightning/Saved/Backup/First_Test_2018-04-05-11-01-40.uasset
[2018.04.19-22.16.01:630][141]SourceControl: 	deleted:    WhiteLightning/Saved/Backup/First_Test_2018-04-05-11-07-06.uasset
[2018.04.19-22.16.01:630][141]SourceControl: 	deleted:    WhiteLightning/Saved/Backup/First_Test_2018-04-05-11-38-47.uasset
[2018.04.19-22.16.01:630][141]SourceControl: 	deleted:    WhiteLightning/Saved/Backup/First_Test_2018-04-05-11-49-48.uasset
[2018.04.19-22.16.01:630][141]SourceControl: 	deleted:    WhiteLightning/Saved/Backup/First_Test_2018-04-05-11-59-49.uasset
[2018.04.19-22.16.01:630][141]SourceControl: 	deleted:    WhiteLightning/Saved/Backup/First_Test_2018-04-05-12-09-49.uasset
[2018.04.19-22.16.01:630][141]SourceControl: 	deleted:    WhiteLightning/Saved/Backup/First_Test_2018-04-05-15-03-24.uasset
[2018.04.19-22.16.01:630][141]SourceControl: 	deleted:    WhiteLightning/Saved/Backup/First_Test_2018-04-05-16-55-27.uasset
[2018.04.19-22.16.01:630][141]SourceControl: 	deleted:    WhiteLightning/Saved/Backup/First_Test_2018-04-05-17-00-54.uasset
[2018.04.19-22.16.01:630][141]SourceControl: 	deleted:    WhiteLightning/Saved/Backup/First_Test_2018-04-05-17-11-31.uasset
[2018.04.19-22.16.01:630][141]SourceControl: 	deleted:    WhiteLightning/Saved/Backup/First_Test_2018-04-05-17-44-32.uasset
[2018.04.19-22.16.01:630][141]SourceControl: 	deleted:    WhiteLightning/Saved/Backup/First_Test_2018-04-05-17-51-09.uasset
[2018.04.19-22.16.01:630][141]SourceControl: 	deleted:    WhiteLightning/Saved/Backup/First_Test_2018-04-05-17-58-20.uasset
[2018.04.19-22.16.01:631][141]SourceControl: 	deleted:    WhiteLightning/Saved/Backup/First_Test_2018-04-05-18-04-01.uasset
[2018.04.19-22.16.01:631][141]SourceControl: 	deleted:    WhiteLightning/Saved/Backup/Health_Check1_2018-04-05-20-39-46.uasset
[2018.04.19-22.16.01:631][141]SourceControl: 	deleted:    WhiteLightning/Saved/Backup/Health_Check1_2018-04-05-20-53-07.uasset
[2018.04.19-22.16.01:631][141]SourceControl: 	deleted:    WhiteLightning/Saved/Backup/Health_Check1_2018-04-06-00-03-39.uasset
[2018.04.19-22.16.01:631][141]SourceControl: 	deleted:    WhiteLightning/Saved/Backup/Health_Check2_2018-04-05-20-58-54.uasset
[2018.04.19-22.16.01:631][141]SourceControl: 	deleted:    WhiteLightning/Saved/Backup/Health_Pickup_2018-04-05-21-20-38.uasset
[2018.04.19-22.16.01:631][141]SourceControl: 	deleted:    WhiteLightning/Saved/Backup/Health_Pickup_2018-04-05-21-30-23.uasset
[2018.04.19-22.16.01:631][141]SourceControl: 	deleted:    WhiteLightning/Saved/Backup/Health_Pickup_2018-04-05-23-45-36.uasset
[2018.04.19-22.16.01:631][141]SourceControl: 	deleted:    WhiteLightning/Saved/Backup/Health_Pickup_2018-04-05-23-52-07.uasset
[2018.04.19-22.16.01:631][141]SourceControl: 	deleted:    WhiteLightning/Saved/Backup/Health_Pickup_2018-04-06-00-01-40.uasset
[2018.04.19-22.16.01:631][141]SourceControl: 	deleted:    WhiteLightning/Saved/Backup/MainCharacter_2018-04-05-10-59-02.uasset
[2018.04.19-22.16.01:631][141]SourceControl: 	deleted:    WhiteLightning/Saved/Backup/MainCharacter_2018-04-05-17-43-37.uasset
[2018.04.19-22.16.01:631][141]SourceControl: 	deleted:    WhiteLightning/Saved/Backup/MainCharacter_2018-04-05-21-33-15.uasset
[2018.04.19-22.16.01:631][141]SourceControl: 	deleted:    WhiteLightning/Saved/Backup/MainCharacter_2018-04-05-23-57-13.uasset
[2018.04.19-22.16.01:632][141]SourceControl: 	deleted:    WhiteLightning/Saved/Backup/MainCharacter_2018-04-06-00-08-07.uasset
[2018.04.19-22.16.01:632][141]SourceControl: 	deleted:    WhiteLightning/Saved/Backup/Second_Test_2018-04-05-19-20-53.uasset
[2018.04.19-22.16.01:632][141]SourceControl: 	deleted:    WhiteLightning/Saved/Backup/Second_Test_2018-04-05-19-27-07.uasset
[2018.04.19-22.16.01:632][141]SourceControl: 	deleted:    WhiteLightning/Saved/Backup/Tutorial_2018-04-04-14-16-58.umap
[2018.04.19-22.16.01:632][141]SourceControl: 	deleted:    WhiteLightning/Saved/Backup/Tutorial_2018-04-05-10-43-10.umap
[2018.04.19-22.16.01:632][141]SourceControl: 	deleted:    WhiteLightning/Saved/Backup/Tutorial_2018-04-05-10-50-54.umap
[2018.04.19-22.16.01:632][141]SourceControl: 	deleted:    WhiteLightning/Saved/Backup/Tutorial_2018-04-05-10-59-06.umap
[2018.04.19-22.16.01:632][141]SourceControl: 	deleted:    WhiteLightning/Saved/Backup/Tutorial_2018-04-05-11-06-10.umap
[2018.04.19-22.16.01:632][141]SourceControl: 	deleted:    WhiteLightning/Saved/Backup/Tutorial_2018-04-05-11-34-57.umap
[2018.04.19-22.16.01:632][141]SourceControl: 	deleted:    WhiteLightning/Saved/Backup/Tutorial_2018-04-05-15-03-30.umap
[2018.04.19-22.16.01:632][141]SourceControl: 	deleted:    WhiteLightning/Saved/Backup/Tutorial_2018-04-05-16-56-38.umap
[2018.04.19-22.16.01:632][141]SourceControl: 	deleted:    WhiteLightning/Saved/Backup/Tutorial_2018-04-05-17-12-40.umap
[2018.04.19-22.16.01:632][141]SourceControl: 	deleted:    WhiteLightning/Saved/Backup/Tutorial_2018-04-05-17-41-28.umap
[2018.04.19-22.16.01:632][141]SourceControl: 	deleted:    WhiteLightning/Saved/Backup/Tutorial_2018-04-05-17-49-40.umap
[2018.04.19-22.16.01:632][141]SourceControl: 	deleted:    WhiteLightning/Saved/Backup/Tutorial_2018-04-05-17-57-53.umap
[2018.04.19-22.16.01:632][141]SourceControl: 	deleted:    WhiteLightning/Saved/Backup/Tutorial_2018-04-05-18-03-12.umap
[2018.04.19-22.16.01:633][141]SourceControl: 	deleted:    WhiteLightning/Saved/Backup/Tutorial_2018-04-05-19-20-58.umap
[2018.04.19-22.16.01:633][141]SourceControl: 	deleted:    WhiteLightning/Saved/Backup/Tutorial_2018-04-05-19-27-15.umap
[2018.04.19-22.16.01:633][141]SourceControl: 	deleted:    WhiteLightning/Saved/Backup/Tutorial_2018-04-05-20-39-53.umap
[2018.04.19-22.16.01:633][141]SourceControl: 	deleted:    WhiteLightning/Saved/Backup/Tutorial_2018-04-05-20-50-15.umap
[2018.04.19-22.16.01:633][141]SourceControl: 	deleted:    WhiteLightning/Saved/Backup/Tutorial_2018-04-05-20-59-05.umap
[2018.04.19-22.16.01:633][141]SourceControl: 	deleted:    WhiteLightning/Saved/Backup/Tutorial_2018-04-05-21-15-26.umap
[2018.04.19-22.16.01:633][141]SourceControl: 	deleted:    WhiteLightning/Saved/Backup/Tutorial_2018-04-05-21-20-41.umap
[2018.04.19-22.16.01:633][141]SourceControl: 	deleted:    WhiteLightning/Saved/Backup/Tutorial_2018-04-05-21-30-29.umap
[2018.04.19-22.16.01:633][141]SourceControl: 	deleted:    WhiteLightning/Saved/Backup/Tutorial_2018-04-05-23-46-28.umap
[2018.04.19-22.16.01:633][141]SourceControl: 	deleted:    WhiteLightning/Saved/Backup/Tutorial_2018-04-05-23-52-22.umap
[2018.04.19-22.16.01:633][141]SourceControl: 	deleted:    WhiteLightning/Saved/Backup/Tutorial_2018-04-05-23-59-13.umap
[2018.04.19-22.16.01:633][141]SourceControl: 	deleted:    WhiteLightning/Saved/Backup/Tutorial_2018-04-06-00-12-10.umap
[2018.04.19-22.16.01:633][141]SourceControl: 	deleted:    WhiteLightning/Saved/Backup/Tutorial_2018-04-06-00-54-31.umap
[2018.04.19-22.16.01:633][141]SourceControl: 	deleted:    WhiteLightning/Saved/Backup/UserStory1_2018-04-04-14-07-56.uasset
[2018.04.19-22.16.01:633][141]SourceControl: 	deleted:    WhiteLightning/Saved/Backup/main_menu_lvl_2018-04-04-14-08-02.umap
[2018.04.19-22.16.01:633][141]SourceControl: 	deleted:    WhiteLightning/Saved/Config/CrashReportClient/UE4CC-Windows-61311B4342481187A8FE01848AAF9346/CrashReportClient.ini
[2018.04.19-22.16.01:634][141]SourceControl: 	deleted:    WhiteLightning/Saved/Config/CrashReportClient/UE4CC-Windows-783D58294A892FD1C33012812A506D23/CrashReportClient.ini
[2018.04.19-22.16.01:634][141]SourceControl: 	deleted:    WhiteLightning/Saved/Config/CrashReportClient/UE4CC-Windows-A58881304E26FD44E8A5E4BE139F790D/CrashReportClient.ini
[2018.04.19-22.16.01:634][141]SourceControl: 	deleted:    WhiteLightning/Saved/Config/CrashReportClient/UE4CC-Windows-A9FA6E6A4A2F3C249BD2AEB5063D3616/CrashReportClient.ini
[2018.04.19-22.16.01:634][141]SourceControl: 	deleted:    WhiteLightning/Saved/Config/CrashReportClient/UE4CC-Windows-F0C847E742DB45019243B1A96655AF1C/CrashReportClient.ini
[2018.04.19-22.16.01:634][141]SourceControl: 	deleted:    WhiteLightning/Saved/Config/CrashReportClient/UE4CC-Windows-F908D2624E6704B16BD4F8A9AF8817E9/CrashReportClient.ini
[2018.04.19-22.16.01:634][141]SourceControl: 	modified:   WhiteLightning/Saved/Config/Windows/Editor.ini
[2018.04.19-22.16.01:634][141]SourceControl: 	modified:   WhiteLightning/Saved/Config/Windows/EditorPerProjectUserSettings.ini
[2018.04.19-22.16.01:634][141]SourceControl: 	modified:   WhiteLightning/Saved/Config/Windows/ProfilerSettings.ini
[2018.04.19-22.16.01:634][141]SourceControl: 	modified:   WhiteLightning/Saved/Cooked/WindowsNoEditor/WhiteLightning/CookedIniVersion.txt
[2018.04.19-22.16.01:634][141]SourceControl: 	deleted:    WhiteLightning/Saved/Crashes/UE4CC-Windows-783D58294A892FD1C33012812A506D23_0000/CrashContext.runtime-xml
[2018.04.19-22.16.01:634][141]SourceControl: 	deleted:    WhiteLightning/Saved/Crashes/UE4CC-Windows-783D58294A892FD1C33012812A506D23_0000/CrashReportClient.ini
[2018.04.19-22.16.01:634][141]SourceControl: 	deleted:    WhiteLightning/Saved/Crashes/UE4CC-Windows-783D58294A892FD1C33012812A506D23_0000/UE4Minidump.dmp
[2018.04.19-22.16.01:634][141]SourceControl: 	deleted:    WhiteLightning/Saved/Crashes/UE4CC-Windows-783D58294A892FD1C33012812A506D23_0000/WhiteLightning.log
[2018.04.19-22.16.01:634][141]SourceControl: 	deleted:    WhiteLightning/Saved/Logs/WhiteLightning-backup-2018.04.03-20.18.54.log
[2018.04.19-22.16.01:634][141]SourceControl: 	deleted:    WhiteLightning/Saved/Logs/WhiteLightning-backup-2018.04.04-12.42.16.log
[2018.04.19-22.16.01:634][141]SourceControl: 	deleted:    WhiteLightning/Saved/Logs/WhiteLightning-backup-2018.04.04-14.03.20.log
[2018.04.19-22.16.01:635][141]SourceControl: 	deleted:    WhiteLightning/Saved/Logs/WhiteLightning-backup-2018.04.05-10.32.43.log
[2018.04.19-22.16.01:635][141]SourceControl: 	deleted:    WhiteLightning/Saved/Logs/WhiteLightning-backup-2018.04.05-16.25.54.log
[2018.04.19-22.16.01:635][141]SourceControl: 	deleted:    WhiteLightning/Saved/Logs/WhiteLightning-backup-2018.04.05-18.01.12.log
[2018.04.19-22.16.01:635][141]SourceControl: 	modified:   WhiteLightning/Saved/Logs/WhiteLightning.log
[2018.04.19-22.16.01:635][141]SourceControl: 	modified:   WhiteLightning/Saved/StagedBuilds/WindowsNoEditor/Manifest_NonUFSFiles_Win64.txt
[2018.04.19-22.16.01:635][141]SourceControl: 	modified:   WhiteLightning/Saved/Temp/Win64/Engine/Config/Base.ini
[2018.04.19-22.16.01:635][141]SourceControl: 	modified:   WhiteLightning/Saved/Temp/Win64/Engine/Config/BaseCompat.ini
[2018.04.19-22.16.01:635][141]SourceControl: 	modified:   WhiteLightning/Saved/Temp/Win64/Engine/Config/BaseDeviceProfiles.ini
[2018.04.19-22.16.01:635][141]SourceControl: 	modified:   WhiteLightning/Saved/Temp/Win64/Engine/Config/BaseEditor.ini
[2018.04.19-22.16.01:635][141]SourceControl: 	modified:   WhiteLightning/Saved/Temp/Win64/Engine/Config/BaseEditorKeyBindings.ini
[2018.04.19-22.16.01:635][141]SourceControl: 	modified:   WhiteLightning/Saved/Temp/Win64/Engine/Config/BaseEditorPerProjectUserSettings.ini
[2018.04.19-22.16.01:635][141]SourceControl: 	modified:   WhiteLightning/Saved/Temp/Win64/Engine/Config/BaseEditorSettings.ini
[2018.04.19-22.16.01:635][141]SourceControl: 	modified:   WhiteLightning/Saved/Temp/Win64/Engine/Config/BaseEngine.ini
[2018.04.19-22.16.01:635][141]SourceControl: 	modified:   WhiteLightning/Saved/Temp/Win64/Engine/Config/BaseGame.ini
[2018.04.19-22.16.01:635][141]SourceControl: 	modified:   WhiteLightning/Saved/Temp/Win64/Engine/Config/BaseHardware.ini
[2018.04.19-22.16.01:635][141]SourceControl: 	modified:   WhiteLightning/Saved/Temp/Win64/Engine/Config/BaseInput.ini
[2018.04.19-22.16.01:636][141]SourceControl: 	modified:   WhiteLightning/Saved/Temp/Win64/Engine/Config/BaseLightmass.ini
[2018.04.19-22.16.01:636][141]SourceControl: 	modified:   WhiteLightning/Saved/Temp/Win64/Engine/Config/BaseScalability.ini
[2018.04.19-22.16.01:636][141]SourceControl: 	modified:   WhiteLightning/Saved/Temp/Win64/Engine/Config/ConsoleVariables.ini
[2018.04.19-22.16.01:636][141]SourceControl: 	modified:   WhiteLightning/Saved/Temp/Win64/Engine/Config/Localization/Category.ini
[2018.04.19-22.16.01:636][141]SourceControl: 	modified:   WhiteLightning/Saved/Temp/Win64/Engine/Config/Localization/Editor.ini
[2018.04.19-22.16.01:636][141]SourceControl: 	modified:   WhiteLightning/Saved/Temp/Win64/Engine/Config/Localization/EditorTutorials.ini
[2018.04.19-22.16.01:636][141]SourceControl: 	modified:   WhiteLightning/Saved/Temp/Win64/Engine/Config/Localization/Engine.ini
[2018.04.19-22.16.01:636][141]SourceControl: 	modified:   WhiteLightning/Saved/Temp/Win64/Engine/Config/Localization/Keywords.ini
[2018.04.19-22.16.01:636][141]SourceControl: 	modified:   WhiteLightning/Saved/Temp/Win64/Engine/Config/Localization/PortableObjectExport.ini
[2018.04.19-22.16.01:636][141]SourceControl: 	modified:   WhiteLightning/Saved/Temp/Win64/Engine/Config/Localization/PortableObjectImport.ini
[2018.04.19-22.16.01:636][141]SourceControl: 	modified:   WhiteLightning/Saved/Temp/Win64/Engine/Config/Localization/PropertyNames.ini
[2018.04.19-22.16.01:636][141]SourceControl: 	modified:   WhiteLightning/Saved/Temp/Win64/Engine/Config/Localization/RepairData.ini
[2018.04.19-22.16.01:636][141]SourceControl: 	modified:   WhiteLightning/Saved/Temp/Win64/Engine/Config/Localization/ResourceFileGen.ini
[2018.04.19-22.16.01:636][141]SourceControl: 	modified:   WhiteLightning/Saved/Temp/Win64/Engine/Config/Localization/ToolTips.ini
[2018.04.19-22.16.01:636][141]SourceControl: 	modified:   WhiteLightning/Saved/Temp/Win64/Engine/Config/Localization/WordCount.ini
[2018.04.19-22.16.01:637][141]SourceControl: 	modified:   WhiteLightning/Saved/Temp/Win64/Engine/Config/Windows/WindowsEngine.ini
[2018.04.19-22.16.01:637][141]SourceControl: 	modified:   WhiteLightning/Saved/Temp/Win64/WhiteLightning/Config/DefaultEditor.ini
[2018.04.19-22.16.01:637][141]SourceControl: 	modified:   WhiteLightning/Saved/Temp/Win64/WhiteLightning/Config/DefaultEditorPerProjectUserSettings.ini
[2018.04.19-22.16.01:637][141]SourceControl: 	modified:   WhiteLightning/Saved/Temp/Win64/WhiteLightning/Config/DefaultEngine.ini
[2018.04.19-22.16.01:637][141]SourceControl: 	modified:   WhiteLightning/Saved/Temp/Win64/WhiteLightning/Config/DefaultGame.ini
[2018.04.19-22.16.01:637][141]SourceControl: 	modified:   WhiteLightning/Saved/Temp/Win64/WhiteLightning/Config/DefaultInput.ini
[2018.04.19-22.16.01:637][141]SourceControl: 	modified:   WhiteLightning/Sprites/Thumbs.db
[2018.04.19-22.16.01:637][141]SourceControl: Untracked files:
[2018.04.19-22.16.01:637][141]SourceControl:   (use "git add <file>..." to include in what will be committed)
[2018.04.19-22.16.01:637][141]SourceControl: 	WhiteLightning/Content/2DSideScrollerBP/Blueprints/enemy.uasset
[2018.04.19-22.16.01:637][141]SourceControl: 	WhiteLightning/Content/WhiteLightning/Characters/Enemy.uasset
[2018.04.19-22.16.01:637][141]SourceControl: 	WhiteLightning/Content/WhiteLightning/Characters/EnemyCharacter.uasset
[2018.04.19-22.16.01:637][141]SourceControl: 	WhiteLightning/Content/WhiteLightning/Characters/MainCharacter1.uasset
[2018.04.19-22.16.01:637][141]SourceControl: 	WhiteLightning/Content/WhiteLightning/Characters/MainCharacter2.uasset
[2018.04.19-22.16.01:637][141]SourceControl: 	WhiteLightning/Content/WhiteLightning/Characters/enemy_2.uasset
[2018.04.19-22.16.01:637][141]SourceControl: 	WhiteLightning/Content/WhiteLightning/Characters/theEnemy.uasset
[2018.04.19-22.16.01:637][141]SourceControl: 	WhiteLightning/Content/WhiteLightning/Levels/week3userstory2.uasset
[2018.04.19-22.16.01:638][141]SourceControl: 	WhiteLightning/Content/WhiteLightning/Sprites/MainEnemyShot_flipped.uasset
[2018.04.19-22.16.01:638][141]SourceControl: 	WhiteLightning/Content/WhiteLightning/Sprites/MainEnemyShot_flipped_Sprite_0.uasset
[2018.04.19-22.16.01:638][141]SourceControl: 	WhiteLightning/Content/WhiteLightning/Sprites/MainEnemyShot_flipped_Sprite_1.uasset
[2018.04.19-22.16.01:638][141]SourceControl: 	WhiteLightning/Content/WhiteLightning/Sprites/MainEnemyShot_flipped_Sprite_2.uasset
[2018.04.19-22.16.01:638][141]SourceControl: 	WhiteLightning/Content/WhiteLightning/Sprites/MainEnemyShot_flipped_Sprite_3.uasset
[2018.04.19-22.16.01:638][141]SourceControl: 	WhiteLightning/Content/WhiteLightning/Sprites/MainEnemy_flipped.uasset
[2018.04.19-22.16.01:638][141]SourceControl: 	WhiteLightning/Content/WhiteLightning/Sprites/MainEnemy_flipped_Sprite_0.uasset
[2018.04.19-22.16.01:638][141]SourceControl: 	WhiteLightning/Content/WhiteLightning/Sprites/MainEnemy_flipped_Sprite_1.uasset
[2018.04.19-22.16.01:638][141]SourceControl: 	WhiteLightning/Content/WhiteLightning/Sprites/MainEnemy_flipped_Sprite_2.uasset
[2018.04.19-22.16.01:638][141]SourceControl: 	WhiteLightning/Content/WhiteLightning/Sprites/MainEnemy_flipped_Sprite_3.uasset
[2018.04.19-22.16.01:638][141]SourceControl: 	WhiteLightning/Saved/Autosaves/Game/WhiteLightning/Characters/BP_enemy_Auto3.uasset
[2018.04.19-22.16.01:638][141]SourceControl: 	WhiteLightning/Saved/Autosaves/Game/WhiteLightning/Characters/BP_enemy_Auto4.uasset
[2018.04.19-22.16.01:638][141]SourceControl: 	WhiteLightning/Saved/Autosaves/Game/WhiteLightning/Characters/BP_enemy_Auto5.uasset
[2018.04.19-22.16.01:638][141]SourceControl: 	WhiteLightning/Saved/Autosaves/Game/WhiteLightning/Characters/BP_enemy_Auto6.uasset
[2018.04.19-22.16.01:638][141]SourceControl: 	WhiteLightning/Saved/Autosaves/Game/WhiteLightning/Characters/EnemyCharacter_Auto1.uasset
[2018.04.19-22.16.01:638][141]SourceControl: 	WhiteLightning/Saved/Autosaves/Game/WhiteLightning/Characters/theEnemy_Auto3.uasset
[2018.04.19-22.16.01:639][141]SourceControl: 	WhiteLightning/Saved/Autosaves/Game/WhiteLightning/Characters/theEnemy_Auto4.uasset
[2018.04.19-22.16.01:639][141]SourceControl: 	WhiteLightning/Saved/Autosaves/Game/WhiteLightning/Characters/theEnemy_Auto5.uasset
[2018.04.19-22.16.01:639][141]SourceControl: 	WhiteLightning/Saved/Autosaves/Game/WhiteLightning/Characters/theEnemy_Auto6.uasset
[2018.04.19-22.16.01:639][141]SourceControl: 	WhiteLightning/Saved/Autosaves/Game/WhiteLightning/Levels/Bullet1_Auto5.uasset
[2018.04.19-22.16.01:639][141]SourceControl: 	WhiteLightning/Saved/Autosaves/Game/WhiteLightning/Levels/Bullet1_Auto6.uasset
[2018.04.19-22.16.01:639][141]SourceControl: 	WhiteLightning/Saved/Autosaves/Game/WhiteLightning/Levels/Bullet_Enemy_Auto4.uasset
[2018.04.19-22.16.01:639][141]SourceControl: 	WhiteLightning/Saved/Autosaves/Game/WhiteLightning/Levels/Bullet_Enemy_Auto5.uasset
[2018.04.19-22.16.01:639][141]SourceControl: 	WhiteLightning/Saved/Autosaves/Game/WhiteLightning/Levels/Tutorial_Auto5.umap
[2018.04.19-22.16.01:639][141]SourceControl: 	WhiteLightning/Saved/Autosaves/Game/WhiteLightning/Sprites/MainEnemyIdle1_Auto2.uasset
[2018.04.19-22.16.01:639][141]SourceControl: 	WhiteLightning/Saved/Autosaves/Game/WhiteLightning/Tests/week3userstory2_Auto1.uasset
[2018.04.19-22.16.01:639][141]SourceControl: 	WhiteLightning/Saved/Autosaves/Game/WhiteLightning/Tests/week3userstory2_Auto2.uasset
[2018.04.19-22.16.01:639][141]SourceControl: 	WhiteLightning/Saved/Backup/BP_enemy_2018-04-04-17-56-38.uasset
[2018.04.19-22.16.01:639][141]SourceControl: 	WhiteLightning/Saved/Backup/BP_enemy_2018-04-04-18-03-11.uasset
[2018.04.19-22.16.01:639][141]SourceControl: 	WhiteLightning/Saved/Backup/BP_enemy_2018-04-04-18-13-47.uasset
[2018.04.19-22.16.01:639][141]SourceControl: 	WhiteLightning/Saved/Backup/BP_enemy_2018-04-04-18-24-34.uasset
[2018.04.19-22.16.01:639][141]SourceControl: 	WhiteLightning/Saved/Backup/BP_enemy_2018-04-05-18-20-20.uasset
[2018.04.19-22.16.01:640][141]SourceControl: 	WhiteLightning/Saved/Backup/BP_enemy_2018-04-05-18-32-31.uasset
[2018.04.19-22.16.01:640][141]SourceControl: 	WhiteLightning/Saved/Backup/BP_enemy_2018-04-05-19-13-19.uasset
[2018.04.19-22.16.01:640][141]SourceControl: 	WhiteLightning/Saved/Backup/BP_enemy_2018-04-17-17-36-32.uasset
[2018.04.19-22.16.01:640][141]SourceControl: 	WhiteLightning/Saved/Backup/BP_enemy_2018-04-17-17-46-06.uasset
[2018.04.19-22.16.01:640][141]SourceControl: 	WhiteLightning/Saved/Backup/BP_enemy_2018-04-17-17-58-01.uasset
[2018.04.19-22.16.01:640][141]SourceControl: 	WhiteLightning/Saved/Backup/BP_enemy_2018-04-17-18-08-19.uasset
[2018.04.19-22.16.01:640][141]SourceControl: 	WhiteLightning/Saved/Backup/BP_enemy_2018-04-17-18-21-27.uasset
[2018.04.19-22.16.01:640][141]SourceControl: 	WhiteLightning/Saved/Backup/BP_enemy_2018-04-17-18-29-56.uasset
[2018.04.19-22.16.01:640][141]SourceControl: 	WhiteLightning/Saved/Backup/BP_enemy_2018-04-17-18-36-45.uasset
[2018.04.19-22.16.01:640][141]SourceControl: 	WhiteLightning/Saved/Backup/BP_enemy_2018-04-17-18-47-11.uasset
[2018.04.19-22.16.01:640][141]SourceControl: 	WhiteLightning/Saved/Backup/BP_enemy_2018-04-18-18-24-22.uasset
[2018.04.19-22.16.01:640][141]SourceControl: 	WhiteLightning/Saved/Backup/BP_enemy_2018-04-18-18-34-46.uasset
[2018.04.19-22.16.01:640][141]SourceControl: 	WhiteLightning/Saved/Backup/BP_enemy_2018-04-18-18-48-01.uasset
[2018.04.19-22.16.01:640][141]SourceControl: 	WhiteLightning/Saved/Backup/BP_enemy_2018-04-18-19-00-03.uasset
[2018.04.19-22.16.01:640][141]SourceControl: 	WhiteLightning/Saved/Backup/BP_enemy_2018-04-18-19-11-27.uasset
[2018.04.19-22.16.01:640][141]SourceControl: 	WhiteLightning/Saved/Backup/BP_enemy_2018-04-18-19-28-23.uasset
[2018.04.19-22.16.01:641][141]SourceControl: 	WhiteLightning/Saved/Backup/Bullet1_2018-04-04-18-26-31.uasset
[2018.04.19-22.16.01:641][141]SourceControl: 	WhiteLightning/Saved/Backup/Bullet1_2018-04-05-18-32-31.uasset
[2018.04.19-22.16.01:641][141]SourceControl: 	WhiteLightning/Saved/Backup/Bullet1_2018-04-18-19-00-03.uasset
[2018.04.19-22.16.01:641][141]SourceControl: 	WhiteLightning/Saved/Backup/Bullet1_2018-04-18-19-11-27.uasset
[2018.04.19-22.16.01:641][141]SourceControl: 	WhiteLightning/Saved/Backup/Bullet1_2018-04-18-19-22-01.uasset
[2018.04.19-22.16.01:641][141]SourceControl: 	WhiteLightning/Saved/Backup/Bullet_Enemy_2018-04-18-19-00-03.uasset
[2018.04.19-22.16.01:641][141]SourceControl: 	WhiteLightning/Saved/Backup/Bullet_Enemy_2018-04-18-19-11-27.uasset
[2018.04.19-22.16.01:641][141]SourceControl: 	WhiteLightning/Saved/Backup/EnemyCharacter_2018-04-18-17-47-58.uasset
[2018.04.19-22.16.01:641][141]SourceControl: 	WhiteLightning/Saved/Backup/MainCharacter_2018-04-04-18-16-41.uasset
[2018.04.19-22.16.01:641][141]SourceControl: 	WhiteLightning/Saved/Backup/MainCharacter_2018-04-04-18-26-31.uasset
[2018.04.19-22.16.01:641][141]SourceControl: 	WhiteLightning/Saved/Backup/MainCharacter_2018-04-18-18-48-01.uasset
[2018.04.19-22.16.01:641][141]SourceControl: 	WhiteLightning/Saved/Backup/MainCharacter_2018-04-18-19-00-03.uasset
[2018.04.19-22.16.01:641][141]SourceControl: 	WhiteLightning/Saved/Backup/MainCharacter_2018-04-18-19-11-27.uasset
[2018.04.19-22.16.01:641][141]SourceControl: 	WhiteLightning/Saved/Backup/MainCharacter_2018-04-18-19-22-01.uasset
[2018.04.19-22.16.01:641][141]SourceControl: 	WhiteLightning/Saved/Backup/MainEnemy1_2018-04-18-18-36-04.uasset
[2018.04.19-22.16.01:641][141]SourceControl: 	WhiteLightning/Saved/Backup/MainEnemyIdle1_2018-04-18-18-34-46.uasset
[2018.04.19-22.16.01:641][141]SourceControl: 	WhiteLightning/Saved/Backup/Tutorial_2018-04-05-16-05-12.umap
[2018.04.19-22.16.01:642][141]SourceControl: 	WhiteLightning/Saved/Backup/Tutorial_2018-04-05-16-33-16.umap
[2018.04.19-22.16.01:642][141]SourceControl: 	WhiteLightning/Saved/Backup/Tutorial_2018-04-05-16-38-47.umap
[2018.04.19-22.16.01:642][141]SourceControl: 	WhiteLightning/Saved/Backup/Tutorial_2018-04-05-16-55-06.umap
[2018.04.19-22.16.01:642][141]SourceControl: 	WhiteLightning/Saved/Backup/Tutorial_2018-04-05-18-01-16.umap
[2018.04.19-22.16.01:642][141]SourceControl: 	WhiteLightning/Saved/Backup/Tutorial_2018-04-05-18-09-54.umap
[2018.04.19-22.16.01:642][141]SourceControl: 	WhiteLightning/Saved/Backup/Tutorial_2018-04-05-18-20-18.umap
[2018.04.19-22.16.01:642][141]SourceControl: 	WhiteLightning/Saved/Backup/Tutorial_2018-04-05-18-32-21.umap
[2018.04.19-22.16.01:642][141]SourceControl: 	WhiteLightning/Saved/Backup/Tutorial_2018-04-05-18-38-31.umap
[2018.04.19-22.16.01:642][141]SourceControl: 	WhiteLightning/Saved/Backup/Tutorial_2018-04-05-18-50-08.umap
[2018.04.19-22.16.01:642][141]SourceControl: 	WhiteLightning/Saved/Backup/Tutorial_2018-04-05-18-56-30.umap
[2018.04.19-22.16.01:642][141]SourceControl: 	WhiteLightning/Saved/Backup/Tutorial_2018-04-05-19-02-20.umap
[2018.04.19-22.16.01:642][141]SourceControl: 	WhiteLightning/Saved/Backup/Tutorial_2018-04-05-19-09-12.umap
[2018.04.19-22.16.01:642][141]SourceControl: 	WhiteLightning/Saved/Backup/Tutorial_2018-04-05-19-14-35.umap
[2018.04.19-22.16.01:642][141]SourceControl: 	WhiteLightning/Saved/Backup/Tutorial_2018-04-05-19-20-34.umap
[2018.04.19-22.16.01:642][141]SourceControl: 	WhiteLightning/Saved/Backup/Tutorial_2018-04-05-19-27-00.umap
[2018.04.19-22.16.01:642][141]SourceControl: 	WhiteLightning/Saved/Backup/Tutorial_2018-04-05-19-32-08.umap
[2018.04.19-22.16.01:642][141]SourceControl: 	WhiteLightning/Saved/Backup/Tutorial_2018-04-17-17-36-30.umap
[2018.04.19-22.16.01:643][141]SourceControl: 	WhiteLightning/Saved/Backup/Tutorial_2018-04-17-17-46-54.umap
[2018.04.19-22.16.01:643][141]SourceControl: 	WhiteLightning/Saved/Backup/Tutorial_2018-04-17-17-57-59.umap
[2018.04.19-22.16.01:643][141]SourceControl: 	WhiteLightning/Saved/Backup/Tutorial_2018-04-17-18-08-17.umap
[2018.04.19-22.16.01:643][141]SourceControl: 	WhiteLightning/Saved/Backup/Tutorial_2018-04-17-18-21-26.umap
[2018.04.19-22.16.01:643][141]SourceControl: 	WhiteLightning/Saved/Backup/Tutorial_2018-04-17-18-32-48.umap
[2018.04.19-22.16.01:643][141]SourceControl: 	WhiteLightning/Saved/Backup/Tutorial_2018-04-17-18-38-03.umap
[2018.04.19-22.16.01:643][141]SourceControl: 	WhiteLightning/Saved/Backup/Tutorial_2018-04-17-18-47-15.umap
[2018.04.19-22.16.01:643][141]SourceControl: 	WhiteLightning/Saved/Backup/Tutorial_2018-04-18-17-34-19.umap
[2018.04.19-22.16.01:643][141]SourceControl: 	WhiteLightning/Saved/Backup/Tutorial_2018-04-18-17-47-56.umap
[2018.04.19-22.16.01:643][141]SourceControl: 	WhiteLightning/Saved/Backup/Tutorial_2018-04-18-18-09-36.umap
[2018.04.19-22.16.01:643][141]SourceControl: 	WhiteLightning/Saved/Backup/Tutorial_2018-04-18-18-18-26.umap
[2018.04.19-22.16.01:643][141]SourceControl: 	WhiteLightning/Saved/Backup/Tutorial_2018-04-18-18-34-44.umap
[2018.04.19-22.16.01:643][141]SourceControl: 	WhiteLightning/Saved/Backup/Tutorial_2018-04-18-18-48-00.umap
[2018.04.19-22.16.01:643][141]SourceControl: 	WhiteLightning/Saved/Backup/Tutorial_2018-04-18-19-00-01.umap
[2018.04.19-22.16.01:643][141]SourceControl: 	WhiteLightning/Saved/Backup/Tutorial_2018-04-18-19-11-25.umap
[2018.04.19-22.16.01:643][141]SourceControl: 	WhiteLightning/Saved/Backup/Tutorial_2018-04-18-19-22-00.umap
[2018.04.19-22.16.01:643][141]SourceControl: 	WhiteLightning/Saved/Backup/Tutorial_2018-04-18-19-27-11.umap
[2018.04.19-22.16.01:643][141]SourceControl: 	WhiteLightning/Saved/Backup/Tutorial_2018-04-18-19-39-31.umap
[2018.04.19-22.16.01:643][141]SourceControl: 	WhiteLightning/Saved/Backup/Tutorial_2018-04-18-19-47-38.umap
[2018.04.19-22.16.01:643][141]SourceControl: 	WhiteLightning/Saved/Backup/main_menu_lvl_2018-04-04-18-26-20.umap
[2018.04.19-22.16.01:643][141]SourceControl: 	WhiteLightning/Saved/Backup/main_menu_lvl_2018-04-04-18-34-59.umap
[2018.04.19-22.16.01:643][141]SourceControl: 	WhiteLightning/Saved/Backup/main_menu_lvl_2018-04-05-16-06-00.umap
[2018.04.19-22.16.01:643][141]SourceControl: 	WhiteLightning/Saved/Backup/main_menu_lvl_2018-04-05-16-19-06.umap
[2018.04.19-22.16.01:643][141]SourceControl: 	WhiteLightning/Saved/Backup/main_menu_lvl_2018-04-05-16-33-13.umap
[2018.04.19-22.16.01:643][141]SourceControl: 	WhiteLightning/Saved/Backup/main_menu_lvl_2018-04-05-16-42-08.umap
[2018.04.19-22.16.01:643][141]SourceControl: 	WhiteLightning/Saved/Backup/main_menu_lvl_2018-04-05-17-58-07.umap
[2018.04.19-22.16.01:643][141]SourceControl: 	WhiteLightning/Saved/Backup/theEnemy_2018-04-18-18-48-01.uasset
[2018.04.19-22.16.01:643][141]SourceControl: 	WhiteLightning/Saved/Backup/theEnemy_2018-04-18-19-00-03.uasset
[2018.04.19-22.16.01:643][141]SourceControl: 	WhiteLightning/Saved/Backup/theEnemy_2018-04-18-19-11-27.uasset
[2018.04.19-22.16.01:644][141]SourceControl: 	WhiteLightning/Saved/Backup/theEnemy_2018-04-18-19-22-01.uasset
[2018.04.19-22.16.01:644][141]SourceControl: 	WhiteLightning/Saved/Backup/theEnemy_2018-04-18-19-28-23.uasset
[2018.04.19-22.16.01:644][141]SourceControl: 	WhiteLightning/Saved/Backup/week3userstory2_2018-04-04-18-25-46.uasset
[2018.04.19-22.16.01:644][141]SourceControl: 	WhiteLightning/Saved/Backup/week3userstory2_2018-04-04-18-34-56.uasset
[2018.04.19-22.16.01:644][141]SourceControl: 	WhiteLightning/Saved/Backup/week3userstory2_2018-04-05-16-06-01.uasset
[2018.04.19-22.16.01:644][141]SourceControl: 	WhiteLightning/Saved/Backup/week3userstory2_2018-04-05-16-18-53.uasset
[2018.04.19-22.16.01:644][141]SourceControl: 	WhiteLightning/Saved/Backup/week3userstory2_2018-04-05-16-29-59.uasset
[2018.04.19-22.16.01:644][141]SourceControl: 	WhiteLightning/Saved/Backup/week3userstory2_2018-04-05-16-35-20.uasset
[2018.04.19-22.16.01:644][141]SourceControl: 	WhiteLightning/Saved/Backup/week3userstory2_2018-04-05-16-42-04.uasset
[2018.04.19-22.16.01:644][141]SourceControl: 	WhiteLightning/Saved/Backup/week3userstory2_2018-04-05-16-49-12.uasset
[2018.04.19-22.16.01:644][141]SourceControl: 	WhiteLightning/Saved/Backup/week3userstory2_2018-04-05-16-55-12.uasset
[2018.04.19-22.16.01:644][141]SourceControl: 	WhiteLightning/Saved/Backup/week3userstory2_2018-04-05-17-58-04.uasset
[2018.04.19-22.16.01:644][141]SourceControl: 	WhiteLightning/Saved/Backup/week3userstory2_2018-04-05-18-03-09.uasset
[2018.04.19-22.16.01:644][141]SourceControl: 	WhiteLightning/Saved/Backup/week3userstory2_2018-04-05-18-09-52.uasset
[2018.04.19-22.16.01:644][141]SourceControl: 	WhiteLightning/Saved/Backup/week3userstory2_2018-04-05-18-20-20.uasset
[2018.04.19-22.16.01:644][141]SourceControl: 	WhiteLightning/Saved/Backup/week3userstory2_2018-04-05-18-32-17.uasset
[2018.04.19-22.16.01:644][141]SourceControl: 	WhiteLightning/Saved/Backup/week3userstory2_2018-04-05-18-38-28.uasset
[2018.04.19-22.16.01:644][141]SourceControl: 	WhiteLightning/Saved/Backup/week3userstory2_2018-04-05-18-45-30.uasset
[2018.04.19-22.16.01:644][141]SourceControl: 	WhiteLightning/Saved/Backup/week3userstory2_2018-04-05-18-50-31.uasset
[2018.04.19-22.16.01:644][141]SourceControl: 	WhiteLightning/Saved/Backup/week3userstory2_2018-04-05-19-05-32.uasset
[2018.04.19-22.16.01:644][141]SourceControl: 	WhiteLightning/Saved/Backup/week3userstory2_2018-04-05-19-10-46.uasset
[2018.04.19-22.16.01:644][141]SourceControl: 	WhiteLightning/Saved/Backup/week3userstory2_2018-04-05-19-16-17.uasset
[2018.04.19-22.16.01:644][141]SourceControl: 	WhiteLightning/Saved/Backup/week3userstory2_2018-04-05-19-22-45.uasset
[2018.04.19-22.16.01:644][141]SourceControl: 	WhiteLightning/Saved/Backup/week3userstory2_2018-04-05-19-28-59.uasset
[2018.04.19-22.16.01:644][141]SourceControl: 	WhiteLightning/Saved/Backup/week3userstory2_2018-04-05-19-34-18.uasset
[2018.04.19-22.16.01:644][141]SourceControl: 	WhiteLightning/Saved/Config/CrashReportClient/UE4CC-Windows-26AD707948D04A5286AEED9DD43A4EA2/
[2018.04.19-22.16.01:644][141]SourceControl: 	WhiteLightning/Saved/Config/CrashReportClient/UE4CC-Windows-56F5E50A4488AF929E2F84B30CD12526/
[2018.04.19-22.16.01:644][141]SourceControl: 	WhiteLightning/Saved/Config/CrashReportClient/UE4CC-Windows-913ACC694222C936989710A47F378833/
[2018.04.19-22.16.01:644][141]SourceControl: 	WhiteLightning/Saved/Config/CrashReportClient/UE4CC-Windows-EBC655D5488D5D9C7C970CBEBA5C5229/
[2018.04.19-22.16.01:644][141]SourceControl: 	WhiteLightning/Saved/Crashes/UE4CC-Windows-26AD707948D04A5286AEED9DD43A4EA2_0000/
[2018.04.19-22.16.01:644][141]SourceControl: 	WhiteLightning/Saved/Crashes/UE4CC-Windows-56F5E50A4488AF929E2F84B30CD12526_0000/
[2018.04.19-22.16.01:644][141]SourceControl: 	WhiteLightning/Saved/Crashes/UE4CC-Windows-6F707A79499EE2C65D99ED84AFAB8D7D_0000/
[2018.04.19-22.16.01:644][141]SourceControl: 	WhiteLightning/Saved/Crashes/UE4CC-Windows-913ACC694222C936989710A47F378833_0000/
[2018.04.19-22.16.01:644][141]SourceControl: 	WhiteLightning/Saved/Logs/WhiteLightning-backup-2018.04.17-17.03.25.log
[2018.04.19-22.16.01:644][141]SourceControl: 	WhiteLightning/Saved/Logs/WhiteLightning-backup-2018.04.18-17.25.53.log
[2018.04.19-22.16.01:644][141]SourceControl: 	WhiteLightning/Saved/Logs/WhiteLightning-backup-2018.04.18-17.36.08.log
[2018.04.19-22.16.01:644][141]SourceControl: 	WhiteLightning/Saved/Logs/WhiteLightning-backup-2018.04.19-18.14.48.log
[2018.04.19-22.16.01:644][141]SourceControl: 	WhiteLightning/Sprites/MainEnemy flipped.png
[2018.04.19-22.16.01:644][141]SourceControl: 	WhiteLightning/Sprites/MainEnemyShot flipped.png
[2018.04.19-22.16.01:644][141]SourceControl: 	WhiteLightning/bkup/
[2018.04.19-22.16.01:644][141]SourceControl: 	WhiteLightning/bkup2/
[2018.04.19-22.16.12:726][796]LogSlate: Took 0.000139 seconds to synchronously load lazily loaded font '../../../Engine/Content/Slate/Fonts/Roboto-Light.ttf' (159K)
[2018.04.19-22.16.12:745][796]LightingResults: New page: Lighting Build
[2018.04.19-22.16.12:746][796]LoadErrors: New page: Loading map: main_menu_lvl.umap
[2018.04.19-22.16.12:746][796]MapCheck: New page: Map Check
[2018.04.19-22.16.12:746][796]LightingResults: New page: Lighting Build
[2018.04.19-22.16.12:768][796]LogAIModule: Creating AISystem for world main_menu_lvl
[2018.04.19-22.16.12:822][796]LogEditorServer: Finished looking for orphan Actors (0.000 secs)
[2018.04.19-22.16.12:867][796]Cmd: MAP CHECKDEP NOCLEARLOG
[2018.04.19-22.16.12:920][796]MapCheck: Map check complete: 0 Error(s), 0 Warning(s), took 53.348ms to complete.
[2018.04.19-22.16.12:921][796]LogFileHelpers: Loading map 'main_menu_lvl' took 0.178
[2018.04.19-22.16.17:605][ 75]LightingResults: New page: Lighting Build
[2018.04.19-22.16.17:605][ 75]LoadErrors: New page: Loading map: main_menu_lvl.umap
[2018.04.19-22.16.17:606][ 75]MapCheck: New page: Map Check
[2018.04.19-22.16.17:606][ 75]LightingResults: New page: Lighting Build
[2018.04.19-22.16.17:628][ 75]LogAIModule: Creating AISystem for world main_menu_lvl
[2018.04.19-22.16.17:700][ 75]LogEditorServer: Finished looking for orphan Actors (0.000 secs)
[2018.04.19-22.16.17:744][ 75]Cmd: MAP CHECKDEP NOCLEARLOG
[2018.04.19-22.16.17:795][ 75]MapCheck: Map check complete: 0 Error(s), 0 Warning(s), took 50.282ms to complete.
[2018.04.19-22.16.17:795][ 75]LogFileHelpers: Loading map 'main_menu_lvl' took 0.191
[2018.04.19-22.16.18:529][117]LightingResults: New page: Lighting Build
[2018.04.19-22.16.18:530][117]LoadErrors: New page: Loading map: main_menu_lvl.umap
[2018.04.19-22.16.18:530][117]MapCheck: New page: Map Check
[2018.04.19-22.16.18:530][117]LightingResults: New page: Lighting Build
[2018.04.19-22.16.18:552][117]LogAIModule: Creating AISystem for world main_menu_lvl
[2018.04.19-22.16.18:640][117]LogEditorServer: Finished looking for orphan Actors (0.000 secs)
[2018.04.19-22.16.18:695][117]Cmd: MAP CHECKDEP NOCLEARLOG
[2018.04.19-22.16.18:745][117]MapCheck: Map check complete: 0 Error(s), 0 Warning(s), took 49.829ms to complete.
[2018.04.19-22.16.18:746][117]LogFileHelpers: Loading map 'main_menu_lvl' took 0.218
[2018.04.19-22.16.22:893][361]LightingResults: New page: Lighting Build
[2018.04.19-22.16.22:895][361]LoadErrors: New page: Loading map: main_menu_lvl.umap
[2018.04.19-22.16.22:902][361]MapCheck: New page: Map Check
[2018.04.19-22.16.22:902][361]LightingResults: New page: Lighting Build
[2018.04.19-22.16.22:925][361]LogAIModule: Creating AISystem for world main_menu_lvl
[2018.04.19-22.16.23:029][361]LogEditorServer: Finished looking for orphan Actors (0.000 secs)
[2018.04.19-22.16.23:074][361]Cmd: MAP CHECKDEP NOCLEARLOG
[2018.04.19-22.16.23:124][361]MapCheck: Map check complete: 0 Error(s), 0 Warning(s), took 50.774ms to complete.
[2018.04.19-22.16.23:125][361]LogFileHelpers: Loading map 'main_menu_lvl' took 0.238
[2018.04.19-22.16.38:127][253]LightingResults: New page: Lighting Build
[2018.04.19-22.16.38:128][253]LoadErrors: New page: Loading map: main_menu_lvl.umap
[2018.04.19-22.16.38:128][253]MapCheck: New page: Map Check
[2018.04.19-22.16.38:128][253]LightingResults: New page: Lighting Build
[2018.04.19-22.16.38:151][253]LogAIModule: Creating AISystem for world main_menu_lvl
[2018.04.19-22.16.38:272][253]LogEditorServer: Finished looking for orphan Actors (0.000 secs)
[2018.04.19-22.16.38:330][253]Cmd: MAP CHECKDEP NOCLEARLOG
[2018.04.19-22.16.38:381][253]MapCheck: Map check complete: 0 Error(s), 0 Warning(s), took 51.367ms to complete.
[2018.04.19-22.16.38:382][253]LogFileHelpers: Loading map 'main_menu_lvl' took 0.256
[2018.04.19-22.16.49:217][875]LogContentBrowser: Native class hierarchy updated for 'BlueprintGraph' in 0.0006 seconds. Added 116 classes and 0 folders.
[2018.04.19-22.16.49:941][875]LogSlate: Took 0.000130 seconds to synchronously load lazily loaded font '../../../Engine/Content/Slate/Fonts/Roboto-Regular.ttf' (155K)
[2018.04.19-22.16.50:062][875]LogSlate: Took 0.005742 seconds to synchronously load lazily loaded font '../../../Engine/Content/Editor/Slate/Fonts/Roboto-BoldCondensed.ttf' (158K)
[2018.04.19-22.16.50:199][876]LogSlate: Took 0.005003 seconds to synchronously load lazily loaded font '../../../Engine/Content/Editor/Slate/Fonts/Roboto-Italic.ttf' (157K)
[2018.04.19-22.16.53:470][ 46]LightingResults: New page: Lighting Build
[2018.04.19-22.16.53:471][ 46]LoadErrors: New page: Loading map: main_menu_lvl.umap
[2018.04.19-22.16.53:471][ 46]MapCheck: New page: Map Check
[2018.04.19-22.16.53:471][ 46]LightingResults: New page: Lighting Build
[2018.04.19-22.16.53:500][ 46]LogAIModule: Creating AISystem for world main_menu_lvl
[2018.04.19-22.16.53:665][ 46]LogEditorServer: Finished looking for orphan Actors (0.000 secs)
[2018.04.19-22.16.53:731][ 46]Cmd: MAP CHECKDEP NOCLEARLOG
[2018.04.19-22.16.53:801][ 46]MapCheck: Map check complete: 0 Error(s), 0 Warning(s), took 70.702ms to complete.
[2018.04.19-22.16.53:802][ 46]LogFileHelpers: Loading map 'main_menu_lvl' took 0.334
[2018.04.19-22.17.18:012][761]LogSlate: Took 0.000130 seconds to synchronously load lazily loaded font '../../../Engine/Content/Slate/Fonts/Roboto-Light.ttf' (159K)
[2018.04.19-22.18.35:921][918]BlueprintLog: New page: Compile main_menu
[2018.04.19-22.18.36:802][949]LogSavePackage: Save=53.30ms
[2018.04.19-22.18.36:802][949]LogSavePackage: Moving '../../../../../../Users/mhers/Documents/GitHub/whitelightning/WhiteLightning4/WhiteLightning/bkup2/Saved/main_menu5C553CBC47E17FCD5F0F98BFFF753F08.tmp' to '../../../../../../Users/mhers/Documents/GitHub/whitelightning/WhiteLightning4/WhiteLightning/bkup2/Content/WhiteLightning/GameMode/main_menu.uasset'
[2018.04.19-22.18.36:807][949]LogSavePackage: Display: Finished SavePackage ../../../../../../Users/mhers/Documents/GitHub/whitelightning/WhiteLightning4/WhiteLightning/bkup2/Content/WhiteLightning/GameMode/main_menu.uasset
[2018.04.19-22.18.40:627][162]LogTemp: Repeating last play command: New Editor Window (PIE)
[2018.04.19-22.18.40:688][162]LogBlueprintUserMessages: Early PlayInEditor Detection: Level '/Game/WhiteLightning/Levels/main_menu_lvl.main_menu_lvl:PersistentLevel' has LevelScriptBlueprint '/Game/WhiteLightning/Levels/main_menu_lvl.main_menu_lvl:PersistentLevel.main_menu_lvl' with GeneratedClass '/Game/WhiteLightning/Levels/main_menu_lvl.main_menu_lvl_C' with ClassGeneratedBy '/Game/WhiteLightning/Levels/main_menu_lvl.main_menu_lvl:PersistentLevel.main_menu_lvl'
[2018.04.19-22.18.40:688][162]LogPlayLevel: PlayLevel: No blueprints needed recompiling
[2018.04.19-22.18.40:688][162]PIE: New page: PIE session: main_menu_lvl (Apr 19, 2018, 2:18:40 PM)
[2018.04.19-22.18.40:688][162]LogPlayLevel: Creating play world package: /Game/WhiteLightning/Levels/UEDPIE_0_main_menu_lvl
[2018.04.19-22.18.40:690][162]LogPlayLevel: PIE: StaticDuplicateObject took: (0.001233s)
[2018.04.19-22.18.40:690][162]LogAIModule: Creating AISystem for world main_menu_lvl
[2018.04.19-22.18.40:690][162]LogPlayLevel: PIE: World Init took: (0.000768s)
[2018.04.19-22.18.40:691][162]LogPlayLevel: PIE: Created PIE world by copying editor world from /Game/WhiteLightning/Levels/main_menu_lvl.main_menu_lvl to /Game/WhiteLightning/Levels/UEDPIE_0_main_menu_lvl.main_menu_lvl (0.002298s)
[2018.04.19-22.18.40:713][162]LogInit: XAudio2 using 'Speaker/HP (Realtek High Definition Audio)' : 2 channels at 48 kHz using 32 bits per sample (channel mask 0x3)
[2018.04.19-22.18.40:725][162]LogInit: FAudioDevice initialized.
[2018.04.19-22.18.40:784][162]LogLoad: Game class is 'Tutorial_C'
[2018.04.19-22.18.40:786][162]LogWorld: Bringing World /Game/WhiteLightning/Levels/UEDPIE_0_main_menu_lvl.main_menu_lvl up for play (max tick rate 60) at 2018.04.19-18.18.40
[2018.04.19-22.18.40:787][162]LogWorld: Bringing up level for play took: 0.000915
[2018.04.19-22.18.40:788][162]LogSpawn: Warning: SpawnActor failed because no class was specified
[2018.04.19-22.18.40:830][162]LogContentBrowser: Native class hierarchy updated for 'MovieSceneCapture' in 0.0003 seconds. Added 11 classes and 0 folders.
[2018.04.19-22.18.40:843][162]PIE: Play in editor start time for /Game/WhiteLightning/Levels/UEDPIE_0_main_menu_lvl 0.856
[2018.04.19-22.18.40:843][162]LogBlueprintUserMessages: Late PlayInEditor Detection: Level '/Game/WhiteLightning/Levels/main_menu_lvl.main_menu_lvl:PersistentLevel' has LevelScriptBlueprint '/Game/WhiteLightning/Levels/main_menu_lvl.main_menu_lvl:PersistentLevel.main_menu_lvl' with GeneratedClass '/Game/WhiteLightning/Levels/main_menu_lvl.main_menu_lvl_C' with ClassGeneratedBy '/Game/WhiteLightning/Levels/main_menu_lvl.main_menu_lvl:PersistentLevel.main_menu_lvl'
[2018.04.19-22.18.40:897][162]LogRenderer: Reallocating scene render targets to support 1292x756 Format 10 NumSamples 1 (Frame:1).
[2018.04.19-22.18.50:924][637]LogBlueprintUserMessages: Early EndPlayMap Detection: Level '/Game/WhiteLightning/Levels/main_menu_lvl.main_menu_lvl:PersistentLevel' has LevelScriptBlueprint '/Game/WhiteLightning/Levels/main_menu_lvl.main_menu_lvl:PersistentLevel.main_menu_lvl' with GeneratedClass '/Game/WhiteLightning/Levels/main_menu_lvl.main_menu_lvl_C' with ClassGeneratedBy '/Game/WhiteLightning/Levels/main_menu_lvl.main_menu_lvl:PersistentLevel.main_menu_lvl'
[2018.04.19-22.18.50:995][637]LogBlueprintUserMessages: Late EndPlayMap Detection: Level '/Game/WhiteLightning/Levels/main_menu_lvl.main_menu_lvl:PersistentLevel' has LevelScriptBlueprint '/Game/WhiteLightning/Levels/main_menu_lvl.main_menu_lvl:PersistentLevel.main_menu_lvl' with GeneratedClass '/Game/WhiteLightning/Levels/main_menu_lvl.main_menu_lvl_C' with ClassGeneratedBy '/Game/WhiteLightning/Levels/main_menu_lvl.main_menu_lvl:PersistentLevel.main_menu_lvl'
